
###### Log Begin ######
-------------------------------------------------------------------------------------
Mu online 1.05x (Eng) executed. (1.5.24.0)
2018/12/11 20:13
-------------------------------------------------------------------------------------
<System information>
OS 			: Unknown 6.2 Build 9200 ()
CPU 			: GenuineIntel - Pentium Pro 2594Mhz
RAM 			: 2048MB
-------------------------------------------------------------------------------------
Direct-X 		: Direct-X 9.0
-------------------------------------------------------------------------------------
> To read config.ini.
> gg init success.
-------------------------------------------------------------------------------------
> Screen size = 1024 x 768.
> Start window success.
> OpenGL init success.
-------------------------------------------------------------------------------------
<OpenGL information>
Vendor		: NVIDIA Corporation
Render		: GeForce GTX 950M/PCIe/SSE2
OpenGL version	: 4.6.0 NVIDIA 417.22
Max Texture size	: 16384 x 16384
Max Viewport size	: 16384 x 16384
-------------------------------------------------------------------------------------
<Sound card information>
Sound Card 		: Speakers (Conexant SmartAudio HD)
Sound Card Driver	: {0.0.0.00000000}.{7892ec01-41dc-40b4-b0a4-945059a52122} (33.0.1283.0)
-------------------------------------------------------------------------------------
> gg connect Window Handle.
-------------------------------------------------------------------------------------
<IME information>
IME Name		: 
IME File Name		: 
Keyboard type		: 00000409
-------------------------------------------------------------------------------------
[ResourceGuard] Check Integrity... : data\local\Gameguard.csr
[ResourceGuard] Error: main.exe file is modified.
[ResourceGuard] Error: Data/Local/mix.bmd file is modified.
[ResourceGuard] Error: Data/Local/filter.bmd file is modified.
[ResourceGuard] Error: Data/Local/Eng/QuestWords_eng.bmd file is modified.
[ResourceGuard] Error: Data/Local/Eng/Movereq_eng.bmd file is modified.
[ResourceGuard] Error: Data/Local/Eng/text_eng.bmd file is modified.
[ResourceGuard] Error: Data/Local/Eng/item_eng.bmd file is modified.
[ResourceGuard] Error: Data/Local/Eng/ItemTooltip_eng.bmd file is modified.
[ResourceGuard] Error: cannot open Data/Local/Por/Quest_por.bmd file.
[ResourceGuard] Error: cannot open Data/Local/Por/QuestWords_por.bmd file.
[ResourceGuard] Error: cannot open Data/Local/Por/itemSetOption_por.bmd file.
[ResourceGuard] Error: cannot open Data/Local/Por/Movereq_por.bmd file.
[ResourceGuard] Error: cannot open Data/Local/Por/text_por.bmd file.
[ResourceGuard] Error: cannot open Data/Local/Por/item_por.bmd file.
[ResourceGuard] Error: cannot open Data/Local/Por/Skill_por.bmd file.
[ResourceGuard] Error: cannot open Data/Local/Por/buffeffect_por.bmd file.
[ResourceGuard] Error: cannot open Data/Local/Por/MasterSkillTooltip_por.bmd file.
[ResourceGuard] Error: cannot open Data/Local/Por/ItemTooltip_por.bmd file.
[ResourceGuard] Error: cannot open Data/Local/Por/ArcaBattleScript_por.bmd file.
[ResourceGuard] Error: cannot open Data/Local/Por/PentagramJewelOptionValue_por.bmd file.
[ResourceGuard] Error: cannot open Data/Local/Por/ItemLevelTooltip_por.bmd file.
[ResourceGuard] Error: cannot open Data/Local/Por/MuunOption_por.bmd file.
[ResourceGuard] Error: cannot open Data/Local/Spn/Quest_spn.bmd file.
[ResourceGuard] Error: cannot open Data/Local/Spn/QuestWords_spn.bmd file.
[ResourceGuard] Error: cannot open Data/Local/Spn/itemSetOption_spn.bmd file.
[ResourceGuard] Error: cannot open Data/Local/Spn/Movereq_spn.bmd file.
[ResourceGuard] Error: cannot open Data/Local/Spn/text_spn.bmd file.
[ResourceGuard] Error: cannot open Data/Local/Spn/item_spn.bmd file.
[ResourceGuard] Error: cannot open Data/Local/Spn/Skill_spn.bmd file.
[ResourceGuard] Error: cannot open Data/Local/Spn/buffeffect_spn.bmd file.
[ResourceGuard] Error: cannot open Data/Local/Spn/MasterSkillTooltip_spn.bmd file.
[ResourceGuard] Error: cannot open Data/Local/Spn/ItemTooltip_spn.bmd file.
[ResourceGuard] Error: cannot open Data/Local/Spn/ArcaBattleScript_spn.bmd file.
[ResourceGuard] Error: cannot open Data/Local/Spn/PentagramJewelOptionValue_spn.bmd file.
[ResourceGuard] Error: cannot open Data/Local/Spn/ItemLevelTooltip_spn.bmd file.
[ResourceGuard] Error: cannot open Data/Local/Spn/MuunOption_spn.bmd file.
[ResourceGuard] Stop checking integrity.
인덱스를 공유하거나 Delete없이 사용하였음Data\Effect\Shiny04.jpg(0x00007D76)->Data\Effect\Shiny05.jpg
[ResourceGuard] Check Integrity... : data\local\Gameguard.csr
[ResourceGuard] Error: main.exe file is modified.
[ResourceGuard] Error: Data/Local/mix.bmd file is modified.
[ResourceGuard] Error: Data/Local/filter.bmd file is modified.
[ResourceGuard] Error: Data/Local/Eng/QuestWords_eng.bmd file is modified.
[ResourceGuard] Error: Data/Local/Eng/Movereq_eng.bmd file is modified.
[ResourceGuard] Error: Data/Local/Eng/text_eng.bmd file is modified.
[ResourceGuard] Error: Data/Local/Eng/item_eng.bmd file is modified.
[ResourceGuard] Error: Data/Local/Eng/ItemTooltip_eng.bmd file is modified.
[ResourceGuard] Error: cannot open Data/Local/Por/Quest_por.bmd file.
[ResourceGuard] Error: cannot open Data/Local/Por/QuestWords_por.bmd file.
[ResourceGuard] Error: cannot open Data/Local/Por/itemSetOption_por.bmd file.
[ResourceGuard] Error: cannot open Data/Local/Por/Movereq_por.bmd file.
[ResourceGuard] Error: cannot open Data/Local/Por/text_por.bmd file.
[ResourceGuard] Error: cannot open Data/Local/Por/item_por.bmd file.
[ResourceGuard] Error: cannot open Data/Local/Por/Skill_por.bmd file.
[ResourceGuard] Error: cannot open Data/Local/Por/buffeffect_por.bmd file.
[ResourceGuard] Error: cannot open Data/Local/Por/MasterSkillTooltip_por.bmd file.
[ResourceGuard] Error: cannot open Data/Local/Por/ItemTooltip_por.bmd file.
[ResourceGuard] Error: cannot open Data/Local/Por/ArcaBattleScript_por.bmd file.
[ResourceGuard] Error: cannot open Data/Local/Por/PentagramJewelOptionValue_por.bmd file.
[ResourceGuard] Error: cannot open Data/Local/Por/ItemLevelTooltip_por.bmd file.
[ResourceGuard] Error: cannot open Data/Local/Por/MuunOption_por.bmd file.
[ResourceGuard] Error: cannot open Data/Local/Spn/Quest_spn.bmd file.
[ResourceGuard] Error: cannot open Data/Local/Spn/QuestWords_spn.bmd file.
[ResourceGuard] Error: cannot open Data/Local/Spn/itemSetOption_spn.bmd file.
[ResourceGuard] Error: cannot open Data/Local/Spn/Movereq_spn.bmd file.
[ResourceGuard] Error: cannot open Data/Local/Spn/text_spn.bmd file.
[ResourceGuard] Error: cannot open Data/Local/Spn/item_spn.bmd file.
[ResourceGuard] Error: cannot open Data/Local/Spn/Skill_spn.bmd file.
[ResourceGuard] Error: cannot open Data/Local/Spn/buffeffect_spn.bmd file.
[ResourceGuard] Error: cannot open Data/Local/Spn/MasterSkillTooltip_spn.bmd file.
[ResourceGuard] Error: cannot open Data/Local/Spn/ItemTooltip_spn.bmd file.
[ResourceGuard] Error: cannot open Data/Local/Spn/ArcaBattleScript_spn.bmd file.
[ResourceGuard] Error: cannot open Data/Local/Spn/PentagramJewelOptionValue_spn.bmd file.
[ResourceGuard] Error: cannot open Data/Local/Spn/ItemLevelTooltip_spn.bmd file.
[ResourceGuard] Error: cannot open Data/Local/Spn/MuunOption_spn.bmd file.
[ResourceGuard] Stop checking integrity.
[ResourceGuard] Check Integrity... : data\local\Gameguard.csr
[ResourceGuard] Error: main.exe file is modified.
[ResourceGuard] Error: Data/Local/mix.bmd file is modified.
[ResourceGuard] Error: Data/Local/filter.bmd file is modified.
[ResourceGuard] Error: Data/Local/Eng/QuestWords_eng.bmd file is modified.
[ResourceGuard] Error: Data/Local/Eng/Movereq_eng.bmd file is modified.
[ResourceGuard] Error: Data/Local/Eng/text_eng.bmd file is modified.
[ResourceGuard] Error: Data/Local/Eng/item_eng.bmd file is modified.
[ResourceGuard] Error: Data/Local/Eng/ItemTooltip_eng.bmd file is modified.
[ResourceGuard] Error: cannot open Data/Local/Por/Quest_por.bmd file.
[ResourceGuard] Error: cannot open Data/Local/Por/QuestWords_por.bmd file.
[ResourceGuard] Error: cannot open Data/Local/Por/itemSetOption_por.bmd file.
[ResourceGuard] Error: cannot open Data/Local/Por/Movereq_por.bmd file.
[ResourceGuard] Error: cannot open Data/Local/Por/text_por.bmd file.
[ResourceGuard] Error: cannot open Data/Local/Por/item_por.bmd file.
[ResourceGuard] Error: cannot open Data/Local/Por/Skill_por.bmd file.
[ResourceGuard] Error: cannot open Data/Local/Por/buffeffect_por.bmd file.
[ResourceGuard] Error: cannot open Data/Local/Por/MasterSkillTooltip_por.bmd file.
[ResourceGuard] Error: cannot open Data/Local/Por/ItemTooltip_por.bmd file.
[ResourceGuard] Error: cannot open Data/Local/Por/ArcaBattleScript_por.bmd file.
[ResourceGuard] Error: cannot open Data/Local/Por/PentagramJewelOptionValue_por.bmd file.
[ResourceGuard] Error: cannot open Data/Local/Por/ItemLevelTooltip_por.bmd file.
[ResourceGuard] Error: cannot open Data/Local/Por/MuunOption_por.bmd file.
[ResourceGuard] Error: cannot open Data/Local/Spn/Quest_spn.bmd file.
[ResourceGuard] Error: cannot open Data/Local/Spn/QuestWords_spn.bmd file.
[ResourceGuard] Error: cannot open Data/Local/Spn/itemSetOption_spn.bmd file.
[ResourceGuard] Error: cannot open Data/Local/Spn/Movereq_spn.bmd file.
[ResourceGuard] Error: cannot open Data/Local/Spn/text_spn.bmd file.
[ResourceGuard] Error: cannot open Data/Local/Spn/item_spn.bmd file.
[ResourceGuard] Error: cannot open Data/Local/Spn/Skill_spn.bmd file.
[ResourceGuard] Error: cannot open Data/Local/Spn/buffeffect_spn.bmd file.
[ResourceGuard] Error: cannot open Data/Local/Spn/MasterSkillTooltip_spn.bmd file.
[ResourceGuard] Error: cannot open Data/Local/Spn/ItemTooltip_spn.bmd file.
[ResourceGuard] Error: cannot open Data/Local/Spn/ArcaBattleScript_spn.bmd file.
[ResourceGuard] Error: cannot open Data/Local/Spn/PentagramJewelOptionValue_spn.bmd file.
[ResourceGuard] Error: cannot open Data/Local/Spn/ItemLevelTooltip_spn.bmd file.
[ResourceGuard] Error: cannot open Data/Local/Spn/MuunOption_spn.bmd file.
[ResourceGuard] Stop checking integrity.
인덱스를 공유하거나 Delete없이 사용하였음Data\Interface\newui_msgbox_back.jpg(0x00007A5A)->Data\Interface\newui_item_back01.tga
인덱스를 공유하거나 Delete없이 사용하였음Data\Interface\newui_item_back01.tga(0x00007A5A)->Data\Interface\newui_item_back02-L.tga
인덱스를 공유하거나 Delete없이 사용하였음Data\Interface\newui_item_back02-L.tga(0x00007A5A)->Data\Interface\newui_item_back02-R.tga
인덱스를 공유하거나 Delete없이 사용하였음Data\Interface\newui_item_back02-R.tga(0x00007A5A)->Data\Interface\newui_item_back03.tga
인덱스를 공유하거나 Delete없이 사용하였음Data\Interface\newui_item_back03.tga(0x00007A5A)->Data\Interface\newui_exit_00.tga
인덱스를 공유하거나 Delete없이 사용하였음Data\Interface\newui_exit_00.tga(0x00007A5A)->Data\Interface\newui_msgbox_back.jpg
> Loading ok.
[ShareMemory] 사용자 정보 없음 (ClientID:) 
[Connect to Server] ip address = 79.113.217.137, port = 44405
> Login Scene init success.
Send Request Server List 전송
Success Receive Server List.
Success Receive Server List.
[ReceiveServerConnect][Socket Closed][Clear PacketQueue]
[Connect to Server] ip address = 192.168.0.103, port = 56900
-------------------------------------------------------------------------------------
> Login Request.
> Try to Login ID "alurosu"
> Try to Login (Success)
-------------------------------------------------------------------------------------
> Request Character list
> Character scene init success.
> Character selected <1> "alurosu"
> Main Scene init success. 2018/12/11 20:14
[ResourceGuard] Check Integrity... : data\local\Gameguard.csr
[ResourceGuard] Error: main.exe file is modified.
[ResourceGuard] Error: Data/Local/mix.bmd file is modified.
[ResourceGuard] Error: Data/Local/filter.bmd file is modified.
[ResourceGuard] Error: Data/Local/Eng/QuestWords_eng.bmd file is modified.
[ResourceGuard] Error: Data/Local/Eng/Movereq_eng.bmd file is modified.
[ResourceGuard] Error: Data/Local/Eng/text_eng.bmd file is modified.
[ResourceGuard] Error: Data/Local/Eng/item_eng.bmd file is modified.
[ResourceGuard] Error: Data/Local/Eng/ItemTooltip_eng.bmd file is modified.
[ResourceGuard] Error: cannot open Data/Local/Por/Quest_por.bmd file.
[ResourceGuard] Error: cannot open Data/Local/Por/QuestWords_por.bmd file.
[ResourceGuard] Error: cannot open Data/Local/Por/itemSetOption_por.bmd file.
[ResourceGuard] Error: cannot open Data/Local/Por/Movereq_por.bmd file.
[ResourceGuard] Error: cannot open Data/Local/Por/text_por.bmd file.
[ResourceGuard] Error: cannot open Data/Local/Por/item_por.bmd file.
[ResourceGuard] Error: cannot open Data/Local/Por/Skill_por.bmd file.
[ResourceGuard] Error: cannot open Data/Local/Por/buffeffect_por.bmd file.
[ResourceGuard] Error: cannot open Data/Local/Por/MasterSkillTooltip_por.bmd file.
[ResourceGuard] Error: cannot open Data/Local/Por/ItemTooltip_por.bmd file.
[ResourceGuard] Error: cannot open Data/Local/Por/ArcaBattleScript_por.bmd file.
[ResourceGuard] Error: cannot open Data/Local/Por/PentagramJewelOptionValue_por.bmd file.
[ResourceGuard] Error: cannot open Data/Local/Por/ItemLevelTooltip_por.bmd file.
[ResourceGuard] Error: cannot open Data/Local/Por/MuunOption_por.bmd file.
[ResourceGuard] Error: cannot open Data/Local/Spn/Quest_spn.bmd file.
[ResourceGuard] Error: cannot open Data/Local/Spn/QuestWords_spn.bmd file.
[ResourceGuard] Error: cannot open Data/Local/Spn/itemSetOption_spn.bmd file.
[ResourceGuard] Error: cannot open Data/Local/Spn/Movereq_spn.bmd file.
[ResourceGuard] Error: cannot open Data/Local/Spn/text_spn.bmd file.
[ResourceGuard] Error: cannot open Data/Local/Spn/item_spn.bmd file.
[ResourceGuard] Error: cannot open Data/Local/Spn/Skill_spn.bmd file.
[ResourceGuard] Error: cannot open Data/Local/Spn/buffeffect_spn.bmd file.
[ResourceGuard] Error: cannot open Data/Local/Spn/MasterSkillTooltip_spn.bmd file.
[ResourceGuard] Error: cannot open Data/Local/Spn/ItemTooltip_spn.bmd file.
[ResourceGuard] Error: cannot open Data/Local/Spn/ArcaBattleScript_spn.bmd file.
[ResourceGuard] Error: cannot open Data/Local/Spn/PentagramJewelOptionValue_spn.bmd file.
[ResourceGuard] Error: cannot open Data/Local/Spn/ItemLevelTooltip_spn.bmd file.
[ResourceGuard] Error: cannot open Data/Local/Spn/MuunOption_spn.bmd file.
[ResourceGuard] Stop checking integrity.
인덱스를 공유하거나 Delete없이 사용하였음Data\World1\leaf01.tga(0x00007695)->Data\World1\leaf01.jpg
인덱스를 공유하거나 Delete없이 사용하였음Data\World7\leaf01.tga(0x00007695)->Data\World7\leaf01.jpg
인덱스를 공유하거나 Delete없이 사용하였음Data\World7\leaf01.jpg(0x00007695)->Data\World2\leaf01.tga
인덱스를 공유하거나 Delete없이 사용하였음Data\World7\leaf02.jpg(0x00007696)->Data\World2\leaf02.jpg
인덱스를 공유하거나 Delete없이 사용하였음Data\World3\leaf01.tga(0x00007695)->Data\World3\leaf01.jpg
인덱스를 공유하거나 Delete없이 사용하였음Data\World3\leaf01.jpg(0x00007695)->Data\World92\leaf01.tga
인덱스를 공유하거나 Delete없이 사용하였음Data\World96\leaf01.tga(0x00007695)->Data\World96\leaf01.jpg
인덱스를 공유하거나 Delete없이 사용하였음Data\World3\leaf02.jpg(0x00007696)->Data\World96\leaf02.jpg
인덱스를 공유하거나 Delete없이 사용하였음Data\World1\rain01.tga(0x00007697)->Data\World96\rain01.tga
인덱스를 공유하거나 Delete없이 사용하였음Data\World10\rain03.tga(0x00007693)->Data\World96\rain03.tga
인덱스를 공유하거나 Delete없이 사용하였음Data\World96\leaf01.jpg(0x00007695)->Data\World34\leaf01.tga
인덱스를 공유하거나 Delete없이 사용하였음Data\World34\leaf01.tga(0x00007695)->Data\World34\leaf01.jpg
인덱스를 공유하거나 Delete없이 사용하였음Data\World96\leaf02.jpg(0x00007696)->Data\World34\leaf02.jpg
인덱스를 공유하거나 Delete없이 사용하였음Data\World96\rain01.tga(0x00007697)->Data\World1\rain01.tga
인덱스를 공유하거나 Delete없이 사용하였음Data\World96\rain03.tga(0x00007693)->Data\World10\rain03.tga
인덱스를 공유하거나 Delete없이 사용하였음Data\World1\leaf01.tga(0x00007695)->Data\World1\leaf01.jpg
인덱스를 공유하거나 Delete없이 사용하였음Data\World34\leaf02.jpg(0x00007696)->Data\World1\leaf02.jpg
> Menu - Exit game. 2018/12/11 20:21
서버와의 접속종료.
[Socket Closed][Clear PacketQueue]
> Connection closed. 2018/12/11 20:21
[Socket Closed][Clear PacketQueue]
>>[WinInet: 22] -
>>[WinInet: 22] -
>>[WinInet: 22] -
Destroy
