[15:13:13] SELECT ItemCount FROM GameServerInfo WHERE Number = 0
[15:13:13] SELECT * FROM Guild
[15:13:13] SELECT GensRankingMonth FROM GameServerInfo WHERE Number=0
[15:13:13] SELECT * From IGC_Gens WHERE Influence=1 ORDER By Points DESC
[15:13:13] SELECT * From IGC_Gens WHERE Influence=2 ORDER By Points DESC
[15:13:13] EXEC IGC_DeleteAllPartyMatchingList
[15:13:18] SELECT * FROM DefaultClassType
[15:13:19] EXEC IGC_ArcaBattleWinGuildSelect
[15:13:19] EXEC IGC_ArcaBattleProcSelect
[15:13:42] SELECT * FROM MEMB_INFO WHERE memb___id='alurosu'
[15:13:42] SELECT memb__pwd from MEMB_INFO where memb___id='alurosu'
[15:13:42] SELECT * FROM IGC_MachineID_Banned WHERE HWID = ''
[15:13:42] INSERT INTO ConnectionHistory (AccountID, ServerName, IP, Date, State, HWID) Values('alurosu','Regular','192.168.0.103', GETDATE(), 'Connect', '')
[15:13:42] EXEC WZ_CONNECT_MEMB 'alurosu','Regular','192.168.0.103'
[15:13:42] EXEC VIPSystem_CheckAccount 'alurosu'
[15:13:42] SELECT Id FROM AccountCharacter WHERE Id='alurosu'
[15:13:42] SELECT * FROM AccountCharacter WHERE Id='alurosu'
[15:13:42] SELECT WarehouseExpansion, Summoner, RageFighter, SecCode FROM AccountCharacter WHERE Id='alurosu'
[15:13:42] SELECT cLevel, Class, CtlCode FROM vCharacterPreview WHERE Name='alurosu'
[15:13:42] SELECT Inventory FROM Character WHERE Name='alurosu'
[15:13:42] SELECT RESETS FROM Character WHERE Name='alurosu'
[15:13:42] SELECT G_Status FROM GuildMember WHERE Name='alurosu'
[15:13:44] SELECT * FROM AccountCharacter WHERE Id = 'alurosu'
[15:13:44] SELECT WarehouseExpansion FROM AccountCharacter WHERE Id = 'alurosu'
[15:13:44] SELECT cLevel, mLevel, Class, LevelUpPoint, mlPoint, Experience, mlExperience, mlNextExp, Strength, Dexterity, Vitality, Energy, Money, Life, MaxLife, Mana, MaxMana, MapNumber, MapPosX, MapPosY, MapDir, PkCount, PkLevel, PkTime, CtlCode, Leadership, ChatLimitTime, FruitPoint, RESETS, Married, MarryName, InventoryExpansion, WinDuels, LoseDuels, BlockChatTime, PenaltyMask FROM Character WHERE Name='alurosu' AND AccountID='alurosu'
[15:13:44] SELECT Inventory from Character where Name='alurosu'
[15:13:44] SELECT MagicList from Character where Name='alurosu'
[15:13:44] SELECT Quest from Character where Name='alurosu'
[15:13:44] SELECT AuthorityMask, DATEDIFF(DAY, GETDATE(), Expiry) AS ExpirationTime FROM T_GMSystem WHERE Name='alurosu'
[15:13:44] UPDATE AccountCharacter SET GameIDC='alurosu' WHERE Id='alurosu'
[15:13:44] SELECT * FROM OptionData WHERE Name='alurosu'
[15:13:44] SELECT WCoinP, WCoinC, GoblinPoint FROM T_InGameShop_Point WHERE AccountID = 'alurosu'
[15:13:44] SELECT SkillKey from OptionData where Name='alurosu'
[15:13:44] EXEC IGC_QuestExpUserInfoLoad_Fir 'alurosu'
[15:13:44] SELECT GUID, MemoTotal FROM T_FriendMain where Name = 'alurosu'
[15:13:44] SELECT MuBotData FROM Character WHERE Name = 'alurosu'
[15:13:44] EXEC IGC_QuestExpUserInfoLoad_Sec 'alurosu', 1, ?, ?, ?
[15:13:44] EXEC IGC_SetSelectMuRummy 'alurosu', 'alurosu'
[15:13:44] SELECT FriendGuid, FriendName, Del FROM T_FriendList where GUID = 1
[15:13:44] EXEC IGC_QuestExpUserInfoLoad_Sec 'alurosu', 16, ?, ?, ?
[15:13:44] SELECT FriendName FROM T_WaitFriend where GUID=1
[15:13:44] EXEC IGC_QuestExpUserInfoLoad_Sec 'alurosu', 17, ?, ?, ?
[15:13:44] SELECT * FROM PetWarehouse WHERE Name= 'alurosu'
[15:13:44] SELECT MemoIndex, FriendName, wDate, Subject, bRead FROM T_FriendMail where GUID=1
[15:13:44] SELECT Items from PetWarehouse WHERE Name= 'alurosu'
[15:13:44] EXEC IGC_GetGuildMatchingAcceptNRejectInfo 'alurosu'
[15:13:44] SELECT * FROM T_Event_Inventory WHERE Name = 'alurosu'
[15:13:44] SELECT Inventory FROM T_Event_Inventory WHERE Name = 'alurosu'
[15:13:44] EXEC IGC_GensLoad 'alurosu'
[15:13:44] EXEC IGC_PeriodItemExpiredItemSelectEx 1, 'alurosu'
[15:13:44] EXEC IGC_GensAbuseLoad 'alurosu'
[15:13:44] EXEC IGC_PeriodItemSelectEx 1, 'alurosu'
[15:13:44] EXEC IGC_LuckyItemSelect 'alurosu'
[15:13:44] SELECT G_Name, G_Level, G_Status FROM GuildMember where Name='alurosu'
[15:13:44] EXEC IGC_PeriodBuffSelect 'alurosu'
[15:13:44] EXEC IGC_PentagramInfoSelect 1, 'alurosu', 'alurosu', 0
[15:13:44] EXEC IGC_PentagramInfoSelect 1, 'alurosu', 'alurosu', 1
[15:13:44] EXEC IGC_PShopItemValueInfoLoad 'alurosu', 'alurosu'
[15:13:44] EXEC IGC_MineSystem_Select_UPTUserInfo 'alurosu'
[15:13:44] EXEC IGC_GremoryCase_GetItemList 'alurosu', 'alurosu'
[15:13:44] EXEC IGC_BattleCore_GetUserInfo 'alurosu', 'alurosu', 0, 0
[15:13:47] SELECT WCoinP, WCoinC, GoblinPoint FROM T_InGameShop_Point WHERE AccountID = 'alurosu'
[15:13:47] EXEC WZ_IBS_GetItemsList 'alurosu', 1
[15:23:38] UPDATE Character SET cLevel=400, mLevel=0, Class=18,LevelUpPoint=218, mlPoint=0, Experience=3892250000, mlExperience=0, mlNextExp=35507050, Strength=4000, Dexterity=295, Vitality=300, Energy=300, Money=319968037, Life=1733.000000, MaxLife=1733.000000, Mana=509.000000, MaxMana=509.000000, MapNumber=0, MapPosX=135, MapPosY=138, MapDir=1, PkCount=0, PkLevel=3, PkTime=0, Leadership=0, ChatLimitTime=0, FruitPoint=0, RESETS = 0, Married = 0, MarryName = '', WinDuels=0, LoseDuels=0, BlockChatTime=0, PenaltyMask=0 WHERE Name = 'alurosu'
[15:23:38] EXEC IGC_GensSave 'alurosu', 10, 14
[15:23:38] UPDATE T_Event_Inventory SET Inventory=? WHERE Name = 'alurosu'
[15:23:38] UPDATE PetWarehouse SET Items=? WHERE Name='alurosu'
[15:23:38] DELETE FROM IGC_GensAbuse WHERE Name = 'alurosu'
[15:23:38] UPDATE Character SET Inventory=? WHERE Name='alurosu'
[15:23:38] UPDATE Character SET MagicList=? WHERE Name='alurosu'
[15:23:38] UPDATE Character SET Quest=? WHERE Name='alurosu'
[15:33:39] UPDATE Character SET cLevel=400, mLevel=0, Class=18,LevelUpPoint=218, mlPoint=0, Experience=3892250000, mlExperience=0, mlNextExp=35507050, Strength=4000, Dexterity=295, Vitality=300, Energy=300, Money=319968037, Life=1733.000000, MaxLife=1733.000000, Mana=509.000000, MaxMana=509.000000, MapNumber=0, MapPosX=135, MapPosY=138, MapDir=2, PkCount=0, PkLevel=3, PkTime=0, Leadership=0, ChatLimitTime=0, FruitPoint=0, RESETS = 0, Married = 0, MarryName = '', WinDuels=0, LoseDuels=0, BlockChatTime=0, PenaltyMask=0 WHERE Name = 'alurosu'
[15:33:39] UPDATE Character SET Inventory=? WHERE Name='alurosu'
[15:33:39] EXEC IGC_GensSave 'alurosu', 10, 14
[15:33:39] UPDATE T_Event_Inventory SET Inventory=? WHERE Name = 'alurosu'
[15:33:39] UPDATE Character SET MagicList=? WHERE Name='alurosu'
[15:33:39] UPDATE PetWarehouse SET Items=? WHERE Name='alurosu'
[15:33:39] DELETE FROM IGC_GensAbuse WHERE Name = 'alurosu'
[15:33:39] UPDATE Character SET Quest=? WHERE Name='alurosu'
[15:36:54] SELECT WCoinP, WCoinC, GoblinPoint FROM T_InGameShop_Point WHERE AccountID = 'alurosu'
[15:36:54] EXEC WZ_IBS_GetItemsList 'alurosu', 1
[15:41:44] SELECT WCoinP, WCoinC, GoblinPoint FROM T_InGameShop_Point WHERE AccountID = 'alurosu'
[15:41:44] EXEC WZ_IBS_GetItemsList 'alurosu', 1
[15:43:40] UPDATE Character SET cLevel=400, mLevel=0, Class=18,LevelUpPoint=218, mlPoint=0, Experience=3892250000, mlExperience=0, mlNextExp=35507050, Strength=4000, Dexterity=295, Vitality=300, Energy=300, Money=319968037, Life=1733.000000, MaxLife=1733.000000, Mana=509.000000, MaxMana=509.000000, MapNumber=0, MapPosX=135, MapPosY=138, MapDir=1, PkCount=0, PkLevel=3, PkTime=0, Leadership=0, ChatLimitTime=0, FruitPoint=0, RESETS = 0, Married = 0, MarryName = '', WinDuels=0, LoseDuels=0, BlockChatTime=0, PenaltyMask=0 WHERE Name = 'alurosu'
[15:43:40] EXEC IGC_GensSave 'alurosu', 10, 14
[15:43:40] UPDATE T_Event_Inventory SET Inventory=? WHERE Name = 'alurosu'
[15:43:40] UPDATE Character SET Inventory=? WHERE Name='alurosu'
[15:43:40] UPDATE PetWarehouse SET Items=? WHERE Name='alurosu'
[15:43:40] DELETE FROM IGC_GensAbuse WHERE Name = 'alurosu'
[15:43:40] UPDATE Character SET MagicList=? WHERE Name='alurosu'
[15:43:40] UPDATE Character SET Quest=? WHERE Name='alurosu'
[15:53:41] UPDATE Character SET cLevel=400, mLevel=0, Class=18,LevelUpPoint=218, mlPoint=0, Experience=3892250000, mlExperience=0, mlNextExp=35507050, Strength=4000, Dexterity=295, Vitality=300, Energy=300, Money=319968037, Life=1733.000000, MaxLife=1733.000000, Mana=509.000000, MaxMana=509.000000, MapNumber=0, MapPosX=135, MapPosY=138, MapDir=1, PkCount=0, PkLevel=3, PkTime=0, Leadership=0, ChatLimitTime=0, FruitPoint=0, RESETS = 0, Married = 0, MarryName = '', WinDuels=0, LoseDuels=0, BlockChatTime=0, PenaltyMask=0 WHERE Name = 'alurosu'
[15:53:41] EXEC IGC_GensSave 'alurosu', 10, 14
[15:53:41] UPDATE T_Event_Inventory SET Inventory=? WHERE Name = 'alurosu'
[15:53:41] UPDATE Character SET Inventory=? WHERE Name='alurosu'
[15:53:41] UPDATE PetWarehouse SET Items=? WHERE Name='alurosu'
[15:53:41] DELETE FROM IGC_GensAbuse WHERE Name = 'alurosu'
[15:53:41] UPDATE Character SET MagicList=? WHERE Name='alurosu'
[15:53:41] UPDATE Character SET Quest=? WHERE Name='alurosu'
[15:55:45] SELECT WCoinP, WCoinC, GoblinPoint FROM T_InGameShop_Point WHERE AccountID = 'alurosu'
[15:55:45] EXEC WZ_IBS_GetItemsList 'alurosu', 1
[16:03:42] UPDATE Character SET cLevel=400, mLevel=0, Class=18,LevelUpPoint=218, mlPoint=0, Experience=3892250000, mlExperience=0, mlNextExp=35507050, Strength=4000, Dexterity=295, Vitality=300, Energy=300, Money=319968037, Life=1733.000000, MaxLife=1733.000000, Mana=509.000000, MaxMana=509.000000, MapNumber=0, MapPosX=134, MapPosY=137, MapDir=6, PkCount=0, PkLevel=3, PkTime=0, Leadership=0, ChatLimitTime=0, FruitPoint=0, RESETS = 0, Married = 0, MarryName = '', WinDuels=0, LoseDuels=0, BlockChatTime=0, PenaltyMask=0 WHERE Name = 'alurosu'
[16:03:42] EXEC IGC_GensSave 'alurosu', 10, 14
[16:03:42] UPDATE T_Event_Inventory SET Inventory=? WHERE Name = 'alurosu'
[16:03:42] UPDATE PetWarehouse SET Items=? WHERE Name='alurosu'
[16:03:42] DELETE FROM IGC_GensAbuse WHERE Name = 'alurosu'
[16:03:42] UPDATE Character SET Inventory=? WHERE Name='alurosu'
[16:03:42] UPDATE Character SET MagicList=? WHERE Name='alurosu'
[16:03:42] UPDATE Character SET Quest=? WHERE Name='alurosu'
[16:05:18] SELECT WCoinP, WCoinC, GoblinPoint FROM T_InGameShop_Point WHERE AccountID = 'alurosu'
[16:05:18] EXEC WZ_IBS_GetItemsList 'alurosu', 1
[16:10:53] INSERT INTO ConnectionHistory (AccountID, ServerName, IP, Date, State, HWID) Values('alurosu','Regular','', GETDATE(), 'Disconnect', 'N/A')
[16:10:53] UPDATE Character SET cLevel=400, mLevel=0, Class=18,LevelUpPoint=218, mlPoint=0, Experience=3892250000, mlExperience=0, mlNextExp=35507050, Strength=4000, Dexterity=295, Vitality=300, Energy=300, Money=319968037, Life=1733.000000, MaxLife=1733.000000, Mana=509.000000, MaxMana=509.000000, MapNumber=0, MapPosX=121, MapPosY=142, MapDir=0, PkCount=0, PkLevel=3, PkTime=0, Leadership=0, ChatLimitTime=0, FruitPoint=0, RESETS = 0, Married = 0, MarryName = '', WinDuels=0, LoseDuels=0, BlockChatTime=0, PenaltyMask=0 WHERE Name = 'alurosu'
[16:10:53] EXEC IGC_DeleteWaitPartyMatchingList 'alurosu'
[16:10:53] UPDATE T_Event_Inventory SET Inventory=? WHERE Name = 'alurosu'
[16:10:53] EXEC IGC_GensSave 'alurosu', 10, 14
[16:10:53] UPDATE Character SET Inventory=? WHERE Name='alurosu'
[16:10:53] EXEC WZ_DISCONNECT_MEMB 'alurosu'
[16:10:53] UPDATE PetWarehouse SET Items=? WHERE Name='alurosu'
[16:10:53] DELETE FROM IGC_GensAbuse WHERE Name = 'alurosu'
[16:10:53] UPDATE Character SET MagicList=? WHERE Name='alurosu'
[16:10:53] UPDATE Character SET Quest=? WHERE Name='alurosu'
[16:11:11] SELECT * FROM DefaultClassType
[16:11:12] EXEC IGC_ArcaBattleWinGuildSelect
[16:11:12] EXEC IGC_ArcaBattleProcSelect
[16:11:17] SELECT * FROM MEMB_INFO WHERE memb___id='alurosu'
[16:11:17] SELECT memb__pwd from MEMB_INFO where memb___id='alurosu'
[16:11:17] SELECT * FROM IGC_MachineID_Banned WHERE HWID = ''
[16:11:17] INSERT INTO ConnectionHistory (AccountID, ServerName, IP, Date, State, HWID) Values('alurosu','Regular','192.168.0.103', GETDATE(), 'Connect', '')
[16:11:17] EXEC WZ_CONNECT_MEMB 'alurosu','Regular','192.168.0.103'
[16:11:17] EXEC VIPSystem_CheckAccount 'alurosu'
[16:11:19] SELECT Id FROM AccountCharacter WHERE Id='alurosu'
[16:11:19] SELECT * FROM AccountCharacter WHERE Id='alurosu'
[16:11:19] SELECT WarehouseExpansion, Summoner, RageFighter, SecCode FROM AccountCharacter WHERE Id='alurosu'
[16:11:19] SELECT cLevel, Class, CtlCode FROM vCharacterPreview WHERE Name='alurosu'
[16:11:19] SELECT Inventory FROM Character WHERE Name='alurosu'
[16:11:19] SELECT RESETS FROM Character WHERE Name='alurosu'
[16:11:19] SELECT G_Status FROM GuildMember WHERE Name='alurosu'
[16:11:21] SELECT * FROM AccountCharacter WHERE Id = 'alurosu'
[16:11:21] SELECT WarehouseExpansion FROM AccountCharacter WHERE Id = 'alurosu'
[16:11:21] SELECT cLevel, mLevel, Class, LevelUpPoint, mlPoint, Experience, mlExperience, mlNextExp, Strength, Dexterity, Vitality, Energy, Money, Life, MaxLife, Mana, MaxMana, MapNumber, MapPosX, MapPosY, MapDir, PkCount, PkLevel, PkTime, CtlCode, Leadership, ChatLimitTime, FruitPoint, RESETS, Married, MarryName, InventoryExpansion, WinDuels, LoseDuels, BlockChatTime, PenaltyMask FROM Character WHERE Name='alurosu' AND AccountID='alurosu'
[16:11:21] SELECT Inventory from Character where Name='alurosu'
[16:11:21] SELECT MagicList from Character where Name='alurosu'
[16:11:21] SELECT Quest from Character where Name='alurosu'
[16:11:21] SELECT AuthorityMask, DATEDIFF(DAY, GETDATE(), Expiry) AS ExpirationTime FROM T_GMSystem WHERE Name='alurosu'
[16:11:21] UPDATE AccountCharacter SET GameIDC='alurosu' WHERE Id='alurosu'
[16:11:21] SELECT * FROM OptionData WHERE Name='alurosu'
[16:11:21] SELECT WCoinP, WCoinC, GoblinPoint FROM T_InGameShop_Point WHERE AccountID = 'alurosu'
[16:11:21] EXEC IGC_QuestExpUserInfoLoad_Fir 'alurosu'
[16:11:21] SELECT GUID, MemoTotal FROM T_FriendMain where Name = 'alurosu'
[16:11:21] SELECT SkillKey from OptionData where Name='alurosu'
[16:11:21] EXEC IGC_QuestExpUserInfoLoad_Sec 'alurosu', 1, ?, ?, ?
[16:11:21] SELECT FriendGuid, FriendName, Del FROM T_FriendList where GUID = 1
[16:11:21] SELECT MuBotData FROM Character WHERE Name = 'alurosu'
[16:11:21] EXEC IGC_SetSelectMuRummy 'alurosu', 'alurosu'
[16:11:21] EXEC IGC_QuestExpUserInfoLoad_Sec 'alurosu', 16, ?, ?, ?
[16:11:21] SELECT FriendName FROM T_WaitFriend where GUID=1
[16:11:21] EXEC IGC_QuestExpUserInfoLoad_Sec 'alurosu', 17, ?, ?, ?
[16:11:21] SELECT * FROM PetWarehouse WHERE Name= 'alurosu'
[16:11:21] SELECT MemoIndex, FriendName, wDate, Subject, bRead FROM T_FriendMail where GUID=1
[16:11:21] SELECT Items from PetWarehouse WHERE Name= 'alurosu'
[16:11:21] EXEC IGC_GetGuildMatchingAcceptNRejectInfo 'alurosu'
[16:11:21] SELECT * FROM T_Event_Inventory WHERE Name = 'alurosu'
[16:11:21] SELECT Inventory FROM T_Event_Inventory WHERE Name = 'alurosu'
[16:11:21] EXEC IGC_GensLoad 'alurosu'
[16:11:21] EXEC IGC_PeriodItemExpiredItemSelectEx 1, 'alurosu'
[16:11:21] EXEC IGC_GensAbuseLoad 'alurosu'
[16:11:21] EXEC IGC_PeriodItemSelectEx 1, 'alurosu'
[16:11:21] SELECT G_Name, G_Level, G_Status FROM GuildMember where Name='alurosu'
[16:11:21] EXEC IGC_LuckyItemSelect 'alurosu'
[16:11:21] EXEC IGC_PeriodBuffSelect 'alurosu'
[16:11:21] EXEC IGC_PentagramInfoSelect 1, 'alurosu', 'alurosu', 0
[16:11:21] EXEC IGC_PentagramInfoSelect 1, 'alurosu', 'alurosu', 1
[16:11:21] EXEC IGC_PShopItemValueInfoLoad 'alurosu', 'alurosu'
[16:11:21] EXEC IGC_MineSystem_Select_UPTUserInfo 'alurosu'
[16:11:21] EXEC IGC_GremoryCase_GetItemList 'alurosu', 'alurosu'
[16:11:21] EXEC IGC_BattleCore_GetUserInfo 'alurosu', 'alurosu', 0, 0
[16:11:26] SELECT WCoinP, WCoinC, GoblinPoint FROM T_InGameShop_Point WHERE AccountID = 'alurosu'
[16:11:26] EXEC WZ_IBS_GetItemsList 'alurosu', 1
[16:15:47] SELECT Name FROM OptionData WHERE Name='alurosu'
[16:15:47] UPDATE OptionData SET GameOption=9, Qkey=255, Wkey=255, Ekey=255, ChatWindow=38, Rkey=255, QWERLevel=0, EnableChangeMode=0 WHERE Name='alurosu'
[16:15:47] UPDATE OptionData SET SkillKey=? where Name='alurosu'
[16:15:47] EXEC IGC_DeleteWaitPartyMatchingList 'alurosu'
[16:15:47] UPDATE Character SET cLevel=400, mLevel=0, Class=18,LevelUpPoint=218, mlPoint=0, Experience=3892250000, mlExperience=0, mlNextExp=35507050, Strength=4000, Dexterity=295, Vitality=300, Energy=300, Money=319968037, Life=1733.000000, MaxLife=1733.000000, Mana=509.000000, MaxMana=509.000000, MapNumber=0, MapPosX=121, MapPosY=140, MapDir=1, PkCount=0, PkLevel=3, PkTime=0, Leadership=0, ChatLimitTime=0, FruitPoint=0, RESETS = 0, Married = 0, MarryName = '', WinDuels=0, LoseDuels=0, BlockChatTime=0, PenaltyMask=0 WHERE Name = 'alurosu'
[16:15:47] UPDATE T_Event_Inventory SET Inventory=? WHERE Name = 'alurosu'
[16:15:47] INSERT INTO ConnectionHistory (AccountID, ServerName, IP, Date, State, HWID) Values('alurosu','Regular','', GETDATE(), 'Disconnect', 'N/A')
[16:15:47] EXEC IGC_GensSave 'alurosu', 10, 14
[16:15:47] UPDATE PetWarehouse SET Items=? WHERE Name='alurosu'
[16:15:47] EXEC WZ_DISCONNECT_MEMB 'alurosu'
[16:15:47] UPDATE Character SET Inventory=? WHERE Name='alurosu'
[16:15:47] DELETE FROM IGC_GensAbuse WHERE Name = 'alurosu'
[16:15:47] UPDATE Character SET MagicList=? WHERE Name='alurosu'
[16:15:47] UPDATE Character SET Quest=? WHERE Name='alurosu'
[17:04:34] SELECT * FROM DefaultClassType
[17:04:35] EXEC IGC_ArcaBattleWinGuildSelect
[17:04:35] EXEC IGC_ArcaBattleProcSelect
[17:05:01] SELECT * FROM MEMB_INFO WHERE memb___id='alurosu'
[17:05:01] SELECT memb__pwd from MEMB_INFO where memb___id='alurosu'
[17:05:01] SELECT * FROM IGC_MachineID_Banned WHERE HWID = ''
[17:05:01] INSERT INTO ConnectionHistory (AccountID, ServerName, IP, Date, State, HWID) Values('alurosu','Regular','192.168.0.103', GETDATE(), 'Connect', '')
[17:05:01] EXEC WZ_CONNECT_MEMB 'alurosu','Regular','192.168.0.103'
[17:05:01] EXEC VIPSystem_CheckAccount 'alurosu'
[17:05:01] SELECT Id FROM AccountCharacter WHERE Id='alurosu'
[17:05:01] SELECT * FROM AccountCharacter WHERE Id='alurosu'
[17:05:01] SELECT WarehouseExpansion, Summoner, RageFighter, SecCode FROM AccountCharacter WHERE Id='alurosu'
[17:05:01] SELECT cLevel, Class, CtlCode FROM vCharacterPreview WHERE Name='alurosu'
[17:05:01] SELECT Inventory FROM Character WHERE Name='alurosu'
[17:05:01] SELECT RESETS FROM Character WHERE Name='alurosu'
[17:05:01] SELECT G_Status FROM GuildMember WHERE Name='alurosu'
[17:05:03] SELECT * FROM AccountCharacter WHERE Id = 'alurosu'
[17:05:03] SELECT WarehouseExpansion FROM AccountCharacter WHERE Id = 'alurosu'
[17:05:03] SELECT cLevel, mLevel, Class, LevelUpPoint, mlPoint, Experience, mlExperience, mlNextExp, Strength, Dexterity, Vitality, Energy, Money, Life, MaxLife, Mana, MaxMana, MapNumber, MapPosX, MapPosY, MapDir, PkCount, PkLevel, PkTime, CtlCode, Leadership, ChatLimitTime, FruitPoint, RESETS, Married, MarryName, InventoryExpansion, WinDuels, LoseDuels, BlockChatTime, PenaltyMask FROM Character WHERE Name='alurosu' AND AccountID='alurosu'
[17:05:03] SELECT Inventory from Character where Name='alurosu'
[17:05:03] SELECT MagicList from Character where Name='alurosu'
[17:05:03] SELECT Quest from Character where Name='alurosu'
[17:05:03] SELECT AuthorityMask, DATEDIFF(DAY, GETDATE(), Expiry) AS ExpirationTime FROM T_GMSystem WHERE Name='alurosu'
[17:05:03] UPDATE AccountCharacter SET GameIDC='alurosu' WHERE Id='alurosu'
[17:05:03] SELECT * FROM OptionData WHERE Name='alurosu'
[17:05:03] SELECT GUID, MemoTotal FROM T_FriendMain where Name = 'alurosu'
[17:05:03] SELECT WCoinP, WCoinC, GoblinPoint FROM T_InGameShop_Point WHERE AccountID = 'alurosu'
[17:05:03] SELECT SkillKey from OptionData where Name='alurosu'
[17:05:03] EXEC IGC_QuestExpUserInfoLoad_Fir 'alurosu'
[17:05:03] SELECT FriendGuid, FriendName, Del FROM T_FriendList where GUID = 1
[17:05:03] SELECT MuBotData FROM Character WHERE Name = 'alurosu'
[17:05:03] EXEC IGC_SetSelectMuRummy 'alurosu', 'alurosu'
[17:05:03] EXEC IGC_QuestExpUserInfoLoad_Sec 'alurosu', 1, ?, ?, ?
[17:05:03] SELECT FriendName FROM T_WaitFriend where GUID=1
[17:05:03] SELECT MemoIndex, FriendName, wDate, Subject, bRead FROM T_FriendMail where GUID=1
[17:05:03] EXEC IGC_QuestExpUserInfoLoad_Sec 'alurosu', 16, ?, ?, ?
[17:05:03] SELECT * FROM PetWarehouse WHERE Name= 'alurosu'
[17:05:03] EXEC IGC_QuestExpUserInfoLoad_Sec 'alurosu', 17, ?, ?, ?
[17:05:03] EXEC IGC_GetGuildMatchingAcceptNRejectInfo 'alurosu'
[17:05:03] SELECT Items from PetWarehouse WHERE Name= 'alurosu'
[17:05:03] EXEC IGC_GensLoad 'alurosu'
[17:05:03] SELECT * FROM T_Event_Inventory WHERE Name = 'alurosu'
[17:05:03] SELECT Inventory FROM T_Event_Inventory WHERE Name = 'alurosu'
[17:05:03] EXEC IGC_GensAbuseLoad 'alurosu'
[17:05:03] EXEC IGC_PeriodItemExpiredItemSelectEx 1, 'alurosu'
[17:05:03] EXEC IGC_PeriodItemSelectEx 1, 'alurosu'
[17:05:03] SELECT G_Name, G_Level, G_Status FROM GuildMember where Name='alurosu'
[17:05:03] EXEC IGC_LuckyItemSelect 'alurosu'
[17:05:03] EXEC IGC_PeriodBuffSelect 'alurosu'
[17:05:03] EXEC IGC_PentagramInfoSelect 1, 'alurosu', 'alurosu', 0
[17:05:03] EXEC IGC_PentagramInfoSelect 1, 'alurosu', 'alurosu', 1
[17:05:03] EXEC IGC_PShopItemValueInfoLoad 'alurosu', 'alurosu'
[17:05:03] EXEC IGC_MineSystem_Select_UPTUserInfo 'alurosu'
[17:05:03] EXEC IGC_GremoryCase_GetItemList 'alurosu', 'alurosu'
[17:05:03] EXEC IGC_BattleCore_GetUserInfo 'alurosu', 'alurosu', 0, 0
[17:05:05] SELECT WCoinP, WCoinC, GoblinPoint FROM T_InGameShop_Point WHERE AccountID = 'alurosu'
[17:05:05] EXEC WZ_IBS_GetItemsList 'alurosu', 1
[17:05:10] SELECT WCoinC AS Result FROM T_InGameShop_Point WHERE AccountID = 'alurosu'
[17:05:10] EXEC WZ_IBS_AddItem 'alurosu', 673, 894, 1095, 1
[17:05:10] UPDATE T_InGameShop_Point SET WCoinC = 9950 WHERE AccountID = 'alurosu'
[17:05:10] SELECT WCoinP, WCoinC, GoblinPoint FROM T_InGameShop_Point WHERE AccountID = 'alurosu'
[17:05:10] EXEC WZ_IBS_GetItemsList 'alurosu', 1
[17:05:10] SELECT WCoinP, WCoinC, GoblinPoint FROM T_InGameShop_Point WHERE AccountID = 'alurosu'
[17:05:10] EXEC WZ_IBS_GetItemsList 'alurosu', 1
[17:05:15] EXEC WZ_IBS_GetItemToUse 'alurosu', 1, 1112692537
[17:05:15] SELECT WCoinP, WCoinC, GoblinPoint FROM T_InGameShop_Point WHERE AccountID = 'alurosu'
[17:05:15] WZ_GetItemSerial2 '3000'
[17:05:15] EXEC WZ_IBS_DeleteItem 'alurosu', 1, 1112692537
[17:05:15] UPDATE Character SET cLevel=400, mLevel=0, Class=18,LevelUpPoint=218, mlPoint=0, Experience=3892250000, mlExperience=0, mlNextExp=35507050, Strength=4000, Dexterity=295, Vitality=300, Energy=300, Money=319968037, Life=1733.000000, MaxLife=1733.000000, Mana=509.000000, MaxMana=509.000000, MapNumber=0, MapPosX=121, MapPosY=140, MapDir=2, PkCount=0, PkLevel=3, PkTime=0, Leadership=0, ChatLimitTime=0, FruitPoint=0, RESETS = 0, Married = 0, MarryName = '', WinDuels=0, LoseDuels=0, BlockChatTime=0, PenaltyMask=0 WHERE Name = 'alurosu'
[17:05:15] EXEC IGC_GensSave 'alurosu', 10, 14
[17:05:15] DELETE FROM IGC_GensAbuse WHERE Name = 'alurosu'
[17:05:15] UPDATE Character SET Inventory=? WHERE Name='alurosu'
[17:05:15] UPDATE T_Event_Inventory SET Inventory=? WHERE Name = 'alurosu'
[17:05:15] UPDATE Character SET MagicList=? WHERE Name='alurosu'
[17:05:15] UPDATE Character SET Quest=? WHERE Name='alurosu'
[17:05:15] UPDATE PetWarehouse SET Items=? WHERE Name='alurosu'
[17:05:15] EXEC WZ_IBS_GetItemsList 'alurosu', 1
[17:05:23] SELECT WCoinP, WCoinC, GoblinPoint FROM T_InGameShop_Point WHERE AccountID = 'alurosu'
[17:05:23] EXEC WZ_IBS_GetItemsList 'alurosu', 1
[17:05:39] SELECT Name FROM OptionData WHERE Name='alurosu'
[17:05:39] UPDATE OptionData SET GameOption=9, Qkey=255, Wkey=255, Ekey=255, ChatWindow=38, Rkey=255, QWERLevel=0, EnableChangeMode=0 WHERE Name='alurosu'
[17:05:39] UPDATE OptionData SET SkillKey=? where Name='alurosu'
[17:05:40] EXEC IGC_DeleteWaitPartyMatchingList 'alurosu'
[17:05:40] UPDATE Character SET cLevel=400, mLevel=0, Class=18,LevelUpPoint=218, mlPoint=0, Experience=3892250000, mlExperience=0, mlNextExp=35507050, Strength=4000, Dexterity=295, Vitality=300, Energy=300, Money=319968037, Life=1733.000000, MaxLife=1733.000000, Mana=509.000000, MaxMana=509.000000, MapNumber=0, MapPosX=123, MapPosY=141, MapDir=4, PkCount=0, PkLevel=3, PkTime=0, Leadership=0, ChatLimitTime=0, FruitPoint=0, RESETS = 0, Married = 0, MarryName = '', WinDuels=0, LoseDuels=0, BlockChatTime=0, PenaltyMask=0 WHERE Name = 'alurosu'
[17:05:40] INSERT INTO ConnectionHistory (AccountID, ServerName, IP, Date, State, HWID) Values('alurosu','Regular','', GETDATE(), 'Disconnect', 'N/A')
[17:05:40] EXEC IGC_GensSave 'alurosu', 10, 14
[17:05:40] UPDATE T_Event_Inventory SET Inventory=? WHERE Name = 'alurosu'
[17:05:40] UPDATE Character SET Inventory=? WHERE Name='alurosu'
[17:05:40] UPDATE PetWarehouse SET Items=? WHERE Name='alurosu'
[17:05:40] EXEC WZ_DISCONNECT_MEMB 'alurosu'
[17:05:40] UPDATE Character SET MagicList=? WHERE Name='alurosu'
[17:05:40] DELETE FROM IGC_GensAbuse WHERE Name = 'alurosu'
[17:05:40] UPDATE Character SET Quest=? WHERE Name='alurosu'
[17:11:42] SELECT * FROM MEMB_INFO WHERE memb___id='alurosu'
[17:11:42] SELECT memb__pwd from MEMB_INFO where memb___id='alurosu'
[17:11:42] SELECT * FROM IGC_MachineID_Banned WHERE HWID = ''
[17:11:42] INSERT INTO ConnectionHistory (AccountID, ServerName, IP, Date, State, HWID) Values('alurosu','Regular','192.168.0.103', GETDATE(), 'Connect', '')
[17:11:42] EXEC WZ_CONNECT_MEMB 'alurosu','Regular','192.168.0.103'
[17:11:42] EXEC VIPSystem_CheckAccount 'alurosu'
[17:11:42] SELECT Id FROM AccountCharacter WHERE Id='alurosu'
[17:11:42] SELECT * FROM AccountCharacter WHERE Id='alurosu'
[17:11:42] SELECT WarehouseExpansion, Summoner, RageFighter, SecCode FROM AccountCharacter WHERE Id='alurosu'
[17:11:42] SELECT cLevel, Class, CtlCode FROM vCharacterPreview WHERE Name='alurosu'
[17:11:42] SELECT Inventory FROM Character WHERE Name='alurosu'
[17:11:42] SELECT RESETS FROM Character WHERE Name='alurosu'
[17:11:42] SELECT G_Status FROM GuildMember WHERE Name='alurosu'
[17:11:44] SELECT * FROM AccountCharacter WHERE Id = 'alurosu'
[17:11:44] SELECT WarehouseExpansion FROM AccountCharacter WHERE Id = 'alurosu'
[17:11:44] SELECT cLevel, mLevel, Class, LevelUpPoint, mlPoint, Experience, mlExperience, mlNextExp, Strength, Dexterity, Vitality, Energy, Money, Life, MaxLife, Mana, MaxMana, MapNumber, MapPosX, MapPosY, MapDir, PkCount, PkLevel, PkTime, CtlCode, Leadership, ChatLimitTime, FruitPoint, RESETS, Married, MarryName, InventoryExpansion, WinDuels, LoseDuels, BlockChatTime, PenaltyMask FROM Character WHERE Name='alurosu' AND AccountID='alurosu'
[17:11:44] SELECT Inventory from Character where Name='alurosu'
[17:11:44] SELECT MagicList from Character where Name='alurosu'
[17:11:44] SELECT Quest from Character where Name='alurosu'
[17:11:44] SELECT AuthorityMask, DATEDIFF(DAY, GETDATE(), Expiry) AS ExpirationTime FROM T_GMSystem WHERE Name='alurosu'
[17:11:44] UPDATE AccountCharacter SET GameIDC='alurosu' WHERE Id='alurosu'
[17:11:44] SELECT * FROM OptionData WHERE Name='alurosu'
[17:11:44] SELECT SkillKey from OptionData where Name='alurosu'
[17:11:44] EXEC IGC_QuestExpUserInfoLoad_Fir 'alurosu'
[17:11:44] SELECT WCoinP, WCoinC, GoblinPoint FROM T_InGameShop_Point WHERE AccountID = 'alurosu'
[17:11:44] SELECT GUID, MemoTotal FROM T_FriendMain where Name = 'alurosu'
[17:11:44] SELECT MuBotData FROM Character WHERE Name = 'alurosu'
[17:11:44] EXEC IGC_QuestExpUserInfoLoad_Sec 'alurosu', 1, ?, ?, ?
[17:11:44] SELECT FriendGuid, FriendName, Del FROM T_FriendList where GUID = 1
[17:11:44] EXEC IGC_SetSelectMuRummy 'alurosu', 'alurosu'
[17:11:44] EXEC IGC_QuestExpUserInfoLoad_Sec 'alurosu', 16, ?, ?, ?
[17:11:44] SELECT FriendName FROM T_WaitFriend where GUID=1
[17:11:44] EXEC IGC_QuestExpUserInfoLoad_Sec 'alurosu', 17, ?, ?, ?
[17:11:44] SELECT * FROM PetWarehouse WHERE Name= 'alurosu'
[17:11:44] SELECT MemoIndex, FriendName, wDate, Subject, bRead FROM T_FriendMail where GUID=1
[17:11:44] SELECT Items from PetWarehouse WHERE Name= 'alurosu'
[17:11:44] EXEC IGC_GetGuildMatchingAcceptNRejectInfo 'alurosu'
[17:11:44] SELECT * FROM T_Event_Inventory WHERE Name = 'alurosu'
[17:11:44] SELECT Inventory FROM T_Event_Inventory WHERE Name = 'alurosu'
[17:11:44] EXEC IGC_GensLoad 'alurosu'
[17:11:44] EXEC IGC_PeriodItemExpiredItemSelectEx 1, 'alurosu'
[17:11:44] EXEC IGC_GensAbuseLoad 'alurosu'
[17:11:44] EXEC IGC_PeriodItemSelectEx 1, 'alurosu'
[17:11:44] SELECT G_Name, G_Level, G_Status FROM GuildMember where Name='alurosu'
[17:11:44] EXEC IGC_LuckyItemSelect 'alurosu'
[17:11:44] EXEC IGC_PeriodBuffSelect 'alurosu'
[17:11:44] EXEC IGC_PentagramInfoSelect 1, 'alurosu', 'alurosu', 0
[17:11:44] EXEC IGC_PentagramInfoSelect 1, 'alurosu', 'alurosu', 1
[17:11:44] EXEC IGC_PShopItemValueInfoLoad 'alurosu', 'alurosu'
[17:11:44] EXEC IGC_MineSystem_Select_UPTUserInfo 'alurosu'
[17:11:44] EXEC IGC_GremoryCase_GetItemList 'alurosu', 'alurosu'
[17:11:44] EXEC IGC_BattleCore_GetUserInfo 'alurosu', 'alurosu', 0, 0
[17:11:46] SELECT WCoinP, WCoinC, GoblinPoint FROM T_InGameShop_Point WHERE AccountID = 'alurosu'
[17:11:46] EXEC WZ_IBS_GetItemsList 'alurosu', 1
[17:12:05] SELECT WCoinP, WCoinC, GoblinPoint FROM T_InGameShop_Point WHERE AccountID = 'alurosu'
[17:12:05] EXEC WZ_IBS_GetItemsList 'alurosu', 1
[17:13:07] SELECT WCoinP, WCoinC, GoblinPoint FROM T_InGameShop_Point WHERE AccountID = 'alurosu'
[17:13:07] EXEC WZ_IBS_GetItemsList 'alurosu', 1
[17:13:15] SELECT WCoinC AS Result FROM T_InGameShop_Point WHERE AccountID = 'alurosu'
[17:13:15] EXEC WZ_IBS_AddItem 'alurosu', 673, 894, 1095, 1
[17:13:15] UPDATE T_InGameShop_Point SET WCoinC = 9900 WHERE AccountID = 'alurosu'
[17:13:15] SELECT WCoinP, WCoinC, GoblinPoint FROM T_InGameShop_Point WHERE AccountID = 'alurosu'
[17:13:15] EXEC WZ_IBS_GetItemsList 'alurosu', 1
[17:13:15] SELECT WCoinP, WCoinC, GoblinPoint FROM T_InGameShop_Point WHERE AccountID = 'alurosu'
[17:13:15] EXEC WZ_IBS_GetItemsList 'alurosu', 1
[17:13:18] EXEC WZ_IBS_GetItemToUse 'alurosu', 2, 883445623
[17:13:18] SELECT WCoinP, WCoinC, GoblinPoint FROM T_InGameShop_Point WHERE AccountID = 'alurosu'
[17:13:18] UPDATE Character SET cLevel=400, mLevel=0, Class=18,LevelUpPoint=218, mlPoint=0, Experience=3892250000, mlExperience=0, mlNextExp=35507050, Strength=4000, Dexterity=295, Vitality=300, Energy=300, Money=319968037, Life=1733.000000, MaxLife=1733.000000, Mana=509.000000, MaxMana=509.000000, MapNumber=0, MapPosX=123, MapPosY=141, MapDir=2, PkCount=0, PkLevel=3, PkTime=0, Leadership=0, ChatLimitTime=0, FruitPoint=0, RESETS = 0, Married = 0, MarryName = '', WinDuels=0, LoseDuels=0, BlockChatTime=0, PenaltyMask=0 WHERE Name = 'alurosu'
[17:13:18] EXEC WZ_IBS_DeleteItem 'alurosu', 2, 883445623
[17:13:18] EXEC IGC_GensSave 'alurosu', 10, 14
[17:13:18] DELETE FROM IGC_GensAbuse WHERE Name = 'alurosu'
[17:13:18] UPDATE Character SET Inventory=? WHERE Name='alurosu'
[17:13:18] UPDATE Character SET MagicList=? WHERE Name='alurosu'
[17:13:18] UPDATE T_Event_Inventory SET Inventory=? WHERE Name = 'alurosu'
[17:13:18] UPDATE Character SET Quest=? WHERE Name='alurosu'
[17:13:18] UPDATE PetWarehouse SET Items=? WHERE Name='alurosu'
[17:13:18] EXEC WZ_IBS_GetItemsList 'alurosu', 1
[17:13:23] EXEC IGC_GensLoad 'alurosu'
[17:14:37] SELECT Name FROM OptionData WHERE Name='alurosu'
[17:14:37] UPDATE OptionData SET GameOption=9, Qkey=255, Wkey=255, Ekey=255, ChatWindow=38, Rkey=255, QWERLevel=0, EnableChangeMode=0 WHERE Name='alurosu'
[17:14:37] UPDATE OptionData SET SkillKey=? where Name='alurosu'
[17:14:38] EXEC IGC_DeleteWaitPartyMatchingList 'alurosu'
[17:14:38] UPDATE Character SET cLevel=400, mLevel=0, Class=18,LevelUpPoint=218, mlPoint=0, Experience=3892250000, mlExperience=0, mlNextExp=35507050, Strength=4000, Dexterity=295, Vitality=300, Energy=300, Money=319968037, Life=1733.000000, MaxLife=1733.000000, Mana=509.000000, MaxMana=509.000000, MapNumber=0, MapPosX=127, MapPosY=133, MapDir=2, PkCount=0, PkLevel=3, PkTime=0, Leadership=0, ChatLimitTime=0, FruitPoint=0, RESETS = 0, Married = 0, MarryName = '', WinDuels=0, LoseDuels=0, BlockChatTime=0, PenaltyMask=0 WHERE Name = 'alurosu'
[17:14:38] INSERT INTO ConnectionHistory (AccountID, ServerName, IP, Date, State, HWID) Values('alurosu','Regular','', GETDATE(), 'Disconnect', 'N/A')
[17:14:38] EXEC WZ_DISCONNECT_MEMB 'alurosu'
[17:14:38] UPDATE T_Event_Inventory SET Inventory=? WHERE Name = 'alurosu'
[17:14:38] EXEC IGC_GensSave 'alurosu', 10, 14
[17:14:38] UPDATE Character SET Inventory=? WHERE Name='alurosu'
[17:14:38] UPDATE Character SET MagicList=? WHERE Name='alurosu'
[17:14:38] UPDATE PetWarehouse SET Items=? WHERE Name='alurosu'
[17:14:38] DELETE FROM IGC_GensAbuse WHERE Name = 'alurosu'
[17:14:38] UPDATE Character SET Quest=? WHERE Name='alurosu'
[17:22:00] SELECT * FROM MEMB_INFO WHERE memb___id='alurosu'
[17:22:00] SELECT memb__pwd from MEMB_INFO where memb___id='alurosu'
[17:22:00] SELECT * FROM IGC_MachineID_Banned WHERE HWID = ''
[17:22:00] INSERT INTO ConnectionHistory (AccountID, ServerName, IP, Date, State, HWID) Values('alurosu','Regular','192.168.0.103', GETDATE(), 'Connect', '')
[17:22:00] EXEC WZ_CONNECT_MEMB 'alurosu','Regular','192.168.0.103'
[17:22:00] EXEC VIPSystem_CheckAccount 'alurosu'
[17:22:00] SELECT Id FROM AccountCharacter WHERE Id='alurosu'
[17:22:00] SELECT * FROM AccountCharacter WHERE Id='alurosu'
[17:22:00] SELECT WarehouseExpansion, Summoner, RageFighter, SecCode FROM AccountCharacter WHERE Id='alurosu'
[17:22:00] SELECT cLevel, Class, CtlCode FROM vCharacterPreview WHERE Name='alurosu'
[17:22:00] SELECT Inventory FROM Character WHERE Name='alurosu'
[17:22:00] SELECT RESETS FROM Character WHERE Name='alurosu'
[17:22:00] SELECT G_Status FROM GuildMember WHERE Name='alurosu'
[17:22:01] SELECT * FROM AccountCharacter WHERE Id = 'alurosu'
[17:22:01] SELECT WarehouseExpansion FROM AccountCharacter WHERE Id = 'alurosu'
[17:22:01] SELECT cLevel, mLevel, Class, LevelUpPoint, mlPoint, Experience, mlExperience, mlNextExp, Strength, Dexterity, Vitality, Energy, Money, Life, MaxLife, Mana, MaxMana, MapNumber, MapPosX, MapPosY, MapDir, PkCount, PkLevel, PkTime, CtlCode, Leadership, ChatLimitTime, FruitPoint, RESETS, Married, MarryName, InventoryExpansion, WinDuels, LoseDuels, BlockChatTime, PenaltyMask FROM Character WHERE Name='alurosu' AND AccountID='alurosu'
[17:22:01] SELECT Inventory from Character where Name='alurosu'
[17:22:01] SELECT MagicList from Character where Name='alurosu'
[17:22:01] SELECT Quest from Character where Name='alurosu'
[17:22:01] SELECT AuthorityMask, DATEDIFF(DAY, GETDATE(), Expiry) AS ExpirationTime FROM T_GMSystem WHERE Name='alurosu'
[17:22:01] UPDATE AccountCharacter SET GameIDC='alurosu' WHERE Id='alurosu'
[17:22:01] SELECT * FROM OptionData WHERE Name='alurosu'
[17:22:01] EXEC IGC_QuestExpUserInfoLoad_Fir 'alurosu'
[17:22:01] SELECT WCoinP, WCoinC, GoblinPoint FROM T_InGameShop_Point WHERE AccountID = 'alurosu'
[17:22:01] SELECT GUID, MemoTotal FROM T_FriendMain where Name = 'alurosu'
[17:22:01] SELECT SkillKey from OptionData where Name='alurosu'
[17:22:01] EXEC IGC_QuestExpUserInfoLoad_Sec 'alurosu', 1, ?, ?, ?
[17:22:01] SELECT MuBotData FROM Character WHERE Name = 'alurosu'
[17:22:01] EXEC IGC_SetSelectMuRummy 'alurosu', 'alurosu'
[17:22:01] SELECT FriendGuid, FriendName, Del FROM T_FriendList where GUID = 1
[17:22:01] EXEC IGC_QuestExpUserInfoLoad_Sec 'alurosu', 16, ?, ?, ?
[17:22:01] EXEC IGC_QuestExpUserInfoLoad_Sec 'alurosu', 17, ?, ?, ?
[17:22:01] SELECT FriendName FROM T_WaitFriend where GUID=1
[17:22:02] SELECT * FROM PetWarehouse WHERE Name= 'alurosu'
[17:22:02] SELECT Items from PetWarehouse WHERE Name= 'alurosu'
[17:22:02] SELECT MemoIndex, FriendName, wDate, Subject, bRead FROM T_FriendMail where GUID=1
[17:22:02] EXEC IGC_GetGuildMatchingAcceptNRejectInfo 'alurosu'
[17:22:02] SELECT * FROM T_Event_Inventory WHERE Name = 'alurosu'
[17:22:02] SELECT Inventory FROM T_Event_Inventory WHERE Name = 'alurosu'
[17:22:02] EXEC IGC_GensLoad 'alurosu'
[17:22:02] EXEC IGC_PeriodItemExpiredItemSelectEx 1, 'alurosu'
[17:22:02] EXEC IGC_GensAbuseLoad 'alurosu'
[17:22:02] EXEC IGC_PeriodItemSelectEx 1, 'alurosu'
[17:22:02] SELECT G_Name, G_Level, G_Status FROM GuildMember where Name='alurosu'
[17:22:02] EXEC IGC_LuckyItemSelect 'alurosu'
[17:22:02] EXEC IGC_PeriodBuffSelect 'alurosu'
[17:22:02] EXEC IGC_PentagramInfoSelect 1, 'alurosu', 'alurosu', 0
[17:22:02] EXEC IGC_PentagramInfoSelect 1, 'alurosu', 'alurosu', 1
[17:22:02] EXEC IGC_PShopItemValueInfoLoad 'alurosu', 'alurosu'
[17:22:02] EXEC IGC_MineSystem_Select_UPTUserInfo 'alurosu'
[17:22:02] EXEC IGC_GremoryCase_GetItemList 'alurosu', 'alurosu'
[17:22:02] EXEC IGC_BattleCore_GetUserInfo 'alurosu', 'alurosu', 0, 0
[17:22:05] SELECT WCoinP, WCoinC, GoblinPoint FROM T_InGameShop_Point WHERE AccountID = 'alurosu'
[17:22:05] EXEC WZ_IBS_GetItemsList 'alurosu', 1
[17:23:13] SELECT WCoinP, WCoinC, GoblinPoint FROM T_InGameShop_Point WHERE AccountID = 'alurosu'
[17:23:13] EXEC WZ_IBS_GetItemsList 'alurosu', 1
[17:23:42] EXEC WZ_IBS_GetItemsList 'alurosu', 2
[17:23:43] EXEC WZ_IBS_GetItemsList 'alurosu', 1
[17:24:24] UPDATE Character SET cLevel=400, mLevel=0, Class=18,LevelUpPoint=218, mlPoint=0, Experience=3892250000, mlExperience=0, mlNextExp=35507050, Strength=4000, Dexterity=295, Vitality=300, Energy=300, Money=319968037, Life=1733.000000, MaxLife=1733.000000, Mana=509.000000, MaxMana=509.000000, MapNumber=0, MapPosX=139, MapPosY=137, MapDir=5, PkCount=0, PkLevel=3, PkTime=0, Leadership=0, ChatLimitTime=0, FruitPoint=0, RESETS = 0, Married = 0, MarryName = '', WinDuels=0, LoseDuels=0, BlockChatTime=0, PenaltyMask=0 WHERE Name = 'alurosu'
[17:24:24] EXEC IGC_DeleteWaitPartyMatchingList 'alurosu'
[17:24:24] INSERT INTO ConnectionHistory (AccountID, ServerName, IP, Date, State, HWID) Values('alurosu','Regular','', GETDATE(), 'Disconnect', 'N/A')
[17:24:24] UPDATE T_Event_Inventory SET Inventory=? WHERE Name = 'alurosu'
[17:24:24] EXEC IGC_GensSave 'alurosu', 10, 14
[17:24:24] UPDATE PetWarehouse SET Items=? WHERE Name='alurosu'
[17:24:24] UPDATE Character SET Inventory=? WHERE Name='alurosu'
[17:24:24] DELETE FROM IGC_GensAbuse WHERE Name = 'alurosu'
[17:24:24] EXEC WZ_DISCONNECT_MEMB 'alurosu'
[17:24:24] UPDATE Character SET MagicList=? WHERE Name='alurosu'
[17:24:24] UPDATE Character SET Quest=? WHERE Name='alurosu'
