[12:38:56] SELECT ItemCount FROM GameServerInfo WHERE Number = 0
[12:38:56] SELECT * FROM Guild
[12:38:56] SELECT GensRankingMonth FROM GameServerInfo WHERE Number=0
[12:38:56] SELECT * From IGC_Gens WHERE Influence=1 ORDER By Points DESC
[12:38:56] SELECT * From IGC_Gens WHERE Influence=2 ORDER By Points DESC
[12:38:56] EXEC IGC_DeleteAllPartyMatchingList
[12:39:01] SELECT * FROM DefaultClassType
[12:39:02] EXEC IGC_ArcaBattleWinGuildSelect
[12:39:02] EXEC IGC_ArcaBattleProcSelect
[12:39:19] SELECT * FROM MEMB_INFO WHERE memb___id='alurosu'
[12:39:20] SELECT memb__pwd from MEMB_INFO where memb___id='alurosu'
[12:39:20] SELECT * FROM IGC_MachineID_Banned WHERE HWID = ''
[12:39:20] INSERT INTO ConnectionHistory (AccountID, ServerName, IP, Date, State, HWID) Values('alurosu','Regular','192.168.0.103', GETDATE(), 'Connect', '')
[12:39:20] EXEC WZ_CONNECT_MEMB 'alurosu','Regular','192.168.0.103'
[12:39:20] EXEC VIPSystem_CheckAccount 'alurosu'
[12:39:21] SELECT Id FROM AccountCharacter WHERE Id='alurosu'
[12:39:21] SELECT * FROM AccountCharacter WHERE Id='alurosu'
[12:39:22] SELECT WarehouseExpansion, Summoner, RageFighter, SecCode FROM AccountCharacter WHERE Id='alurosu'
[12:39:22] SELECT cLevel, Class, CtlCode FROM vCharacterPreview WHERE Name='alurosu'
[12:39:22] SELECT Inventory FROM Character WHERE Name='alurosu'
[12:39:22] SELECT RESETS FROM Character WHERE Name='alurosu'
[12:39:22] SELECT G_Status FROM GuildMember WHERE Name='alurosu'
[12:39:22] SELECT cLevel, Class, CtlCode FROM vCharacterPreview WHERE Name='lenuta'
[12:39:22] SELECT Inventory FROM Character WHERE Name='lenuta'
[12:39:22] SELECT RESETS FROM Character WHERE Name='lenuta'
[12:39:22] SELECT G_Status FROM GuildMember WHERE Name='lenuta'
[12:39:23] SELECT * FROM AccountCharacter WHERE Id = 'alurosu'
[12:39:23] SELECT WarehouseExpansion FROM AccountCharacter WHERE Id = 'alurosu'
[12:39:23] SELECT cLevel, mLevel, Class, LevelUpPoint, mlPoint, Experience, mlExperience, mlNextExp, Strength, Dexterity, Vitality, Energy, Money, Life, MaxLife, Mana, MaxMana, MapNumber, MapPosX, MapPosY, MapDir, PkCount, PkLevel, PkTime, CtlCode, Leadership, ChatLimitTime, FruitPoint, RESETS, Married, MarryName, InventoryExpansion, WinDuels, LoseDuels, BlockChatTime, PenaltyMask FROM Character WHERE Name='alurosu' AND AccountID='alurosu'
[12:39:24] SELECT Inventory from Character where Name='alurosu'
[12:39:24] SELECT MagicList from Character where Name='alurosu'
[12:39:24] SELECT Quest from Character where Name='alurosu'
[12:39:24] SELECT AuthorityMask, DATEDIFF(DAY, GETDATE(), Expiry) AS ExpirationTime FROM T_GMSystem WHERE Name='alurosu'
[12:39:24] UPDATE AccountCharacter SET GameIDC='alurosu' WHERE Id='alurosu'
[12:39:24] SELECT * FROM OptionData WHERE Name='alurosu'
[12:39:24] SELECT WCoinP, WCoinC, GoblinPoint FROM T_InGameShop_Point WHERE AccountID = 'alurosu'
[12:39:24] EXEC IGC_QuestExpUserInfoLoad_Fir 'alurosu'
[12:39:24] SELECT SkillKey from OptionData where Name='alurosu'
[12:39:24] EXEC IGC_SetSelectMuRummy 'alurosu', 'alurosu'
[12:39:24] EXEC IGC_QuestExpUserInfoLoad_Sec 'alurosu', 1, ?, ?, ?
[12:39:24] SELECT MuBotData FROM Character WHERE Name = 'alurosu'
[12:39:24] SELECT * FROM PetWarehouse WHERE Name= 'alurosu'
[12:39:24] EXEC IGC_QuestExpUserInfoLoad_Sec 'alurosu', 16, ?, ?, ?
[12:39:24] SELECT GUID, MemoTotal FROM T_FriendMain where Name = 'alurosu'
[12:39:24] SELECT Items from PetWarehouse WHERE Name= 'alurosu'
[12:39:24] EXEC IGC_QuestExpUserInfoLoad_Sec 'alurosu', 17, ?, ?, ?
[12:39:24] SELECT FriendGuid, FriendName, Del FROM T_FriendList where GUID = 1
[12:39:24] SELECT * FROM T_Event_Inventory WHERE Name = 'alurosu'
[12:39:24] SELECT Inventory FROM T_Event_Inventory WHERE Name = 'alurosu'
[12:39:24] SELECT FriendName FROM T_WaitFriend where GUID=1
[12:39:24] EXEC IGC_PeriodItemExpiredItemSelectEx 1, 'alurosu'
[12:39:24] EXEC IGC_PeriodItemSelectEx 1, 'alurosu'
[12:39:24] SELECT MemoIndex, FriendName, wDate, Subject, bRead FROM T_FriendMail where GUID=1
[12:39:24] EXEC IGC_LuckyItemSelect 'alurosu'
[12:39:24] EXEC IGC_GetGuildMatchingAcceptNRejectInfo 'alurosu'
[12:39:24] EXEC IGC_PeriodBuffSelect 'alurosu'
[12:39:24] EXEC IGC_GensLoad 'alurosu'
[12:39:24] EXEC IGC_PentagramInfoSelect 1, 'alurosu', 'alurosu', 0
[12:39:24] EXEC IGC_GensAbuseLoad 'alurosu'
[12:39:24] EXEC IGC_PentagramInfoSelect 1, 'alurosu', 'alurosu', 1
[12:39:24] EXEC IGC_PShopItemValueInfoLoad 'alurosu', 'alurosu'
[12:39:24] SELECT G_Name, G_Level, G_Status FROM GuildMember where Name='alurosu'
[12:39:24] EXEC IGC_MineSystem_Select_UPTUserInfo 'alurosu'
[12:39:24] EXEC IGC_GremoryCase_GetItemList 'alurosu', 'alurosu'
[12:39:24] EXEC IGC_BattleCore_GetUserInfo 'alurosu', 'alurosu', 0, 0
[12:40:18] WZ_GetItemSerial2 '3000'
[12:46:45] SELECT * FROM DefaultClassType
[12:46:46] EXEC IGC_ArcaBattleWinGuildSelect
[12:46:46] EXEC IGC_ArcaBattleProcSelect
[12:46:48] SELECT * FROM MEMB_INFO WHERE memb___id='alurosu'
[12:46:48] SELECT memb__pwd from MEMB_INFO where memb___id='alurosu'
[12:46:48] SELECT * FROM IGC_MachineID_Banned WHERE HWID = ''
[12:46:48] INSERT INTO ConnectionHistory (AccountID, ServerName, IP, Date, State, HWID) Values('alurosu','Regular','192.168.0.103', GETDATE(), 'Connect', '')
[12:46:48] EXEC WZ_CONNECT_MEMB 'alurosu','Regular','192.168.0.103'
[12:46:48] EXEC VIPSystem_CheckAccount 'alurosu'
[12:46:50] SELECT Id FROM AccountCharacter WHERE Id='alurosu'
[12:46:50] SELECT * FROM AccountCharacter WHERE Id='alurosu'
[12:46:50] SELECT WarehouseExpansion, Summoner, RageFighter, SecCode FROM AccountCharacter WHERE Id='alurosu'
[12:46:50] SELECT cLevel, Class, CtlCode FROM vCharacterPreview WHERE Name='alurosu'
[12:46:50] SELECT Inventory FROM Character WHERE Name='alurosu'
[12:46:50] SELECT RESETS FROM Character WHERE Name='alurosu'
[12:46:50] SELECT G_Status FROM GuildMember WHERE Name='alurosu'
[12:46:50] SELECT cLevel, Class, CtlCode FROM vCharacterPreview WHERE Name='lenuta'
[12:46:50] SELECT Inventory FROM Character WHERE Name='lenuta'
[12:46:50] SELECT RESETS FROM Character WHERE Name='lenuta'
[12:46:50] SELECT G_Status FROM GuildMember WHERE Name='lenuta'
[12:46:52] SELECT * FROM AccountCharacter WHERE Id = 'alurosu'
[12:46:52] SELECT WarehouseExpansion FROM AccountCharacter WHERE Id = 'alurosu'
[12:46:52] SELECT cLevel, mLevel, Class, LevelUpPoint, mlPoint, Experience, mlExperience, mlNextExp, Strength, Dexterity, Vitality, Energy, Money, Life, MaxLife, Mana, MaxMana, MapNumber, MapPosX, MapPosY, MapDir, PkCount, PkLevel, PkTime, CtlCode, Leadership, ChatLimitTime, FruitPoint, RESETS, Married, MarryName, InventoryExpansion, WinDuels, LoseDuels, BlockChatTime, PenaltyMask FROM Character WHERE Name='alurosu' AND AccountID='alurosu'
[12:46:52] SELECT Inventory from Character where Name='alurosu'
[12:46:52] SELECT MagicList from Character where Name='alurosu'
[12:46:52] SELECT Quest from Character where Name='alurosu'
[12:46:52] SELECT AuthorityMask, DATEDIFF(DAY, GETDATE(), Expiry) AS ExpirationTime FROM T_GMSystem WHERE Name='alurosu'
[12:46:52] UPDATE AccountCharacter SET GameIDC='alurosu' WHERE Id='alurosu'
[12:46:52] SELECT * FROM OptionData WHERE Name='alurosu'
[12:46:52] SELECT WCoinP, WCoinC, GoblinPoint FROM T_InGameShop_Point WHERE AccountID = 'alurosu'
[12:46:52] EXEC IGC_QuestExpUserInfoLoad_Fir 'alurosu'
[12:46:52] SELECT GUID, MemoTotal FROM T_FriendMain where Name = 'alurosu'
[12:46:52] EXEC IGC_SetSelectMuRummy 'alurosu', 'alurosu'
[12:46:52] EXEC IGC_QuestExpUserInfoLoad_Sec 'alurosu', 1, ?, ?, ?
[12:46:52] SELECT FriendGuid, FriendName, Del FROM T_FriendList where GUID = 1
[12:46:52] SELECT * FROM PetWarehouse WHERE Name= 'alurosu'
[12:46:52] EXEC IGC_QuestExpUserInfoLoad_Sec 'alurosu', 16, ?, ?, ?
[12:46:52] SELECT SkillKey from OptionData where Name='alurosu'
[12:46:52] SELECT Items from PetWarehouse WHERE Name= 'alurosu'
[12:46:52] SELECT FriendName FROM T_WaitFriend where GUID=1
[12:46:52] SELECT MuBotData FROM Character WHERE Name = 'alurosu'
[12:46:52] SELECT * FROM T_Event_Inventory WHERE Name = 'alurosu'
[12:46:52] EXEC IGC_QuestExpUserInfoLoad_Sec 'alurosu', 17, ?, ?, ?
[12:46:52] SELECT Inventory FROM T_Event_Inventory WHERE Name = 'alurosu'
[12:46:52] SELECT MemoIndex, FriendName, wDate, Subject, bRead FROM T_FriendMail where GUID=1
[12:46:52] EXEC IGC_PeriodItemExpiredItemSelectEx 1, 'alurosu'
[12:46:52] EXEC IGC_GetGuildMatchingAcceptNRejectInfo 'alurosu'
[12:46:52] EXEC IGC_PeriodItemSelectEx 1, 'alurosu'
[12:46:52] EXEC IGC_GensLoad 'alurosu'
[12:46:52] EXEC IGC_LuckyItemSelect 'alurosu'
[12:46:52] EXEC IGC_GensAbuseLoad 'alurosu'
[12:46:52] EXEC IGC_PeriodBuffSelect 'alurosu'
[12:46:52] EXEC IGC_PentagramInfoSelect 1, 'alurosu', 'alurosu', 0
[12:46:52] SELECT G_Name, G_Level, G_Status FROM GuildMember where Name='alurosu'
[12:46:52] EXEC IGC_PentagramInfoSelect 1, 'alurosu', 'alurosu', 1
[12:46:52] EXEC IGC_PShopItemValueInfoLoad 'alurosu', 'alurosu'
[12:46:52] EXEC IGC_MineSystem_Select_UPTUserInfo 'alurosu'
[12:46:52] EXEC IGC_GremoryCase_GetItemList 'alurosu', 'alurosu'
[12:46:52] EXEC IGC_BattleCore_GetUserInfo 'alurosu', 'alurosu', 0, 0
[12:47:42] SELECT Name FROM OptionData WHERE Name='alurosu'
[12:47:42] UPDATE OptionData SET GameOption=9, Qkey=255, Wkey=255, Ekey=255, ChatWindow=38, Rkey=255, QWERLevel=0, EnableChangeMode=0 WHERE Name='alurosu'
[12:47:42] UPDATE OptionData SET SkillKey=? where Name='alurosu'
[12:47:43] EXEC IGC_DeleteWaitPartyMatchingList 'alurosu'
[12:47:43] UPDATE Character SET cLevel=300, mLevel=0, Class=18,LevelUpPoint=218, mlPoint=0, Experience=387450000, mlExperience=0, mlNextExp=35507050, Strength=10000, Dexterity=10000, Vitality=10000, Energy=10000, Money=325009037, Life=25151.000000, MaxLife=30633.000000, Mana=10159.000000, MaxMana=10159.000000, MapNumber=91, MapPosX=59, MapPosY=194, MapDir=1, PkCount=0, PkLevel=3, PkTime=0, Leadership=0, ChatLimitTime=0, FruitPoint=0, RESETS = 0, Married = 0, MarryName = '', WinDuels=0, LoseDuels=0, BlockChatTime=0, PenaltyMask=0 WHERE Name = 'alurosu'
[12:47:43] UPDATE Character SET Inventory=? WHERE Name='alurosu'
[12:47:43] EXEC IGC_GensSave 'alurosu', 10, 14
[12:47:43] UPDATE T_Event_Inventory SET Inventory=? WHERE Name = 'alurosu'
[12:47:43] UPDATE Character SET MagicList=? WHERE Name='alurosu'
[12:47:43] INSERT INTO ConnectionHistory (AccountID, ServerName, IP, Date, State, HWID) Values('alurosu','Regular','', GETDATE(), 'Disconnect', 'N/A')
[12:47:43] DELETE FROM IGC_GensAbuse WHERE Name = 'alurosu'
[12:47:43] UPDATE Character SET Quest=? WHERE Name='alurosu'
[12:47:43] UPDATE PetWarehouse SET Items=? WHERE Name='alurosu'
[12:47:43] EXEC WZ_DISCONNECT_MEMB 'alurosu'
[12:48:10] SELECT * FROM MEMB_INFO WHERE memb___id='alurosu'
[12:48:10] SELECT memb__pwd from MEMB_INFO where memb___id='alurosu'
[12:48:10] SELECT * FROM IGC_MachineID_Banned WHERE HWID = ''
[12:48:10] INSERT INTO ConnectionHistory (AccountID, ServerName, IP, Date, State, HWID) Values('alurosu','Regular','192.168.0.103', GETDATE(), 'Connect', '')
[12:48:10] EXEC WZ_CONNECT_MEMB 'alurosu','Regular','192.168.0.103'
[12:48:10] EXEC VIPSystem_CheckAccount 'alurosu'
[12:48:10] SELECT Id FROM AccountCharacter WHERE Id='alurosu'
[12:48:10] SELECT * FROM AccountCharacter WHERE Id='alurosu'
[12:48:10] SELECT WarehouseExpansion, Summoner, RageFighter, SecCode FROM AccountCharacter WHERE Id='alurosu'
[12:48:10] SELECT cLevel, Class, CtlCode FROM vCharacterPreview WHERE Name='alurosu'
[12:48:10] SELECT Inventory FROM Character WHERE Name='alurosu'
[12:48:10] SELECT RESETS FROM Character WHERE Name='alurosu'
[12:48:10] SELECT G_Status FROM GuildMember WHERE Name='alurosu'
[12:48:10] SELECT cLevel, Class, CtlCode FROM vCharacterPreview WHERE Name='lenuta'
[12:48:10] SELECT Inventory FROM Character WHERE Name='lenuta'
[12:48:10] SELECT RESETS FROM Character WHERE Name='lenuta'
[12:48:10] SELECT G_Status FROM GuildMember WHERE Name='lenuta'
[12:48:12] SELECT * FROM AccountCharacter WHERE Id = 'alurosu'
[12:48:12] SELECT WarehouseExpansion FROM AccountCharacter WHERE Id = 'alurosu'
[12:48:12] SELECT cLevel, mLevel, Class, LevelUpPoint, mlPoint, Experience, mlExperience, mlNextExp, Strength, Dexterity, Vitality, Energy, Money, Life, MaxLife, Mana, MaxMana, MapNumber, MapPosX, MapPosY, MapDir, PkCount, PkLevel, PkTime, CtlCode, Leadership, ChatLimitTime, FruitPoint, RESETS, Married, MarryName, InventoryExpansion, WinDuels, LoseDuels, BlockChatTime, PenaltyMask FROM Character WHERE Name='alurosu' AND AccountID='alurosu'
[12:48:12] SELECT Inventory from Character where Name='alurosu'
[12:48:12] SELECT MagicList from Character where Name='alurosu'
[12:48:12] SELECT Quest from Character where Name='alurosu'
[12:48:12] SELECT AuthorityMask, DATEDIFF(DAY, GETDATE(), Expiry) AS ExpirationTime FROM T_GMSystem WHERE Name='alurosu'
[12:48:12] UPDATE AccountCharacter SET GameIDC='alurosu' WHERE Id='alurosu'
[12:48:12] SELECT * FROM OptionData WHERE Name='alurosu'
[12:48:12] SELECT WCoinP, WCoinC, GoblinPoint FROM T_InGameShop_Point WHERE AccountID = 'alurosu'
[12:48:12] EXEC IGC_QuestExpUserInfoLoad_Fir 'alurosu'
[12:48:12] SELECT SkillKey from OptionData where Name='alurosu'
[12:48:12] EXEC IGC_SetSelectMuRummy 'alurosu', 'alurosu'
[12:48:12] EXEC IGC_QuestExpUserInfoLoad_Sec 'alurosu', 1, ?, ?, ?
[12:48:12] SELECT MuBotData FROM Character WHERE Name = 'alurosu'
[12:48:12] SELECT * FROM PetWarehouse WHERE Name= 'alurosu'
[12:48:12] EXEC IGC_QuestExpUserInfoLoad_Sec 'alurosu', 16, ?, ?, ?
[12:48:12] SELECT GUID, MemoTotal FROM T_FriendMain where Name = 'alurosu'
[12:48:12] SELECT Items from PetWarehouse WHERE Name= 'alurosu'
[12:48:12] EXEC IGC_QuestExpUserInfoLoad_Sec 'alurosu', 17, ?, ?, ?
[12:48:12] SELECT FriendGuid, FriendName, Del FROM T_FriendList where GUID = 1
[12:48:12] SELECT * FROM T_Event_Inventory WHERE Name = 'alurosu'
[12:48:12] SELECT Inventory FROM T_Event_Inventory WHERE Name = 'alurosu'
[12:48:12] SELECT FriendName FROM T_WaitFriend where GUID=1
[12:48:12] EXEC IGC_PeriodItemExpiredItemSelectEx 1, 'alurosu'
[12:48:12] EXEC IGC_PeriodItemSelectEx 1, 'alurosu'
[12:48:12] SELECT MemoIndex, FriendName, wDate, Subject, bRead FROM T_FriendMail where GUID=1
[12:48:12] EXEC IGC_LuckyItemSelect 'alurosu'
[12:48:12] EXEC IGC_GetGuildMatchingAcceptNRejectInfo 'alurosu'
[12:48:12] EXEC IGC_PeriodBuffSelect 'alurosu'
[12:48:12] EXEC IGC_GensLoad 'alurosu'
[12:48:12] EXEC IGC_PentagramInfoSelect 1, 'alurosu', 'alurosu', 0
[12:48:12] EXEC IGC_GensAbuseLoad 'alurosu'
[12:48:12] EXEC IGC_PentagramInfoSelect 1, 'alurosu', 'alurosu', 1
[12:48:12] EXEC IGC_PShopItemValueInfoLoad 'alurosu', 'alurosu'
[12:48:12] SELECT G_Name, G_Level, G_Status FROM GuildMember where Name='alurosu'
[12:48:12] EXEC IGC_MineSystem_Select_UPTUserInfo 'alurosu'
[12:48:12] EXEC IGC_GremoryCase_GetItemList 'alurosu', 'alurosu'
[12:48:12] EXEC IGC_BattleCore_GetUserInfo 'alurosu', 'alurosu', 0, 0
