[12:26:07] SELECT ItemCount FROM GameServerInfo WHERE Number = 0
[12:26:07] SELECT * FROM Guild
[12:26:07] SELECT GensRankingMonth FROM GameServerInfo WHERE Number=0
[12:26:07] SELECT * From IGC_Gens WHERE Influence=1 ORDER By Points DESC
[12:26:07] SELECT * From IGC_Gens WHERE Influence=2 ORDER By Points DESC
[12:26:07] UPDATE IGC_Gens SET Class=14 WHERE Name = 'lenuta'
[12:26:07] UPDATE IGC_Gens SET Rank=1 WHERE Name = 'lenuta'
[12:26:07] EXEC IGC_DeleteAllPartyMatchingList
[12:26:12] SELECT * FROM DefaultClassType
[12:26:13] EXEC IGC_ArcaBattleWinGuildSelect
[12:26:13] EXEC IGC_ArcaBattleProcSelect
[12:26:30] SELECT * FROM MEMB_INFO WHERE memb___id='alurosu'
[12:26:30] SELECT memb__pwd from MEMB_INFO where memb___id='alurosu'
[12:26:30] SELECT * FROM IGC_MachineID_Banned WHERE HWID = ''
[12:26:30] INSERT INTO ConnectionHistory (AccountID, ServerName, IP, Date, State, HWID) Values('alurosu','Regular','192.168.0.103', GETDATE(), 'Connect', '')
[12:26:31] EXEC WZ_CONNECT_MEMB 'alurosu','Regular','192.168.0.103'
[12:26:31] EXEC VIPSystem_CheckAccount 'alurosu'
[12:26:32] SELECT Id FROM AccountCharacter WHERE Id='alurosu'
[12:26:32] SELECT * FROM AccountCharacter WHERE Id='alurosu'
[12:26:32] SELECT WarehouseExpansion, Summoner, RageFighter, SecCode FROM AccountCharacter WHERE Id='alurosu'
[12:26:32] SELECT cLevel, Class, CtlCode FROM vCharacterPreview WHERE Name='alurosu'
[12:26:33] SELECT Inventory FROM Character WHERE Name='alurosu'
[12:26:33] SELECT RESETS FROM Character WHERE Name='alurosu'
[12:26:33] SELECT G_Status FROM GuildMember WHERE Name='alurosu'
[12:26:33] SELECT cLevel, Class, CtlCode FROM vCharacterPreview WHERE Name='lenuta'
[12:26:33] SELECT Inventory FROM Character WHERE Name='lenuta'
[12:26:33] SELECT RESETS FROM Character WHERE Name='lenuta'
[12:26:33] SELECT G_Status FROM GuildMember WHERE Name='lenuta'
[12:26:34] SELECT * FROM AccountCharacter WHERE Id = 'alurosu'
[12:26:34] SELECT WarehouseExpansion FROM AccountCharacter WHERE Id = 'alurosu'
[12:26:34] SELECT cLevel, mLevel, Class, LevelUpPoint, mlPoint, Experience, mlExperience, mlNextExp, Strength, Dexterity, Vitality, Energy, Money, Life, MaxLife, Mana, MaxMana, MapNumber, MapPosX, MapPosY, MapDir, PkCount, PkLevel, PkTime, CtlCode, Leadership, ChatLimitTime, FruitPoint, RESETS, Married, MarryName, InventoryExpansion, WinDuels, LoseDuels, BlockChatTime, PenaltyMask FROM Character WHERE Name='lenuta' AND AccountID='alurosu'
[12:26:34] SELECT Inventory from Character where Name='lenuta'
[12:26:34] SELECT MagicList from Character where Name='lenuta'
[12:26:34] SELECT Quest from Character where Name='lenuta'
[12:26:34] SELECT AuthorityMask, DATEDIFF(DAY, GETDATE(), Expiry) AS ExpirationTime FROM T_GMSystem WHERE Name='lenuta'
[12:26:34] UPDATE AccountCharacter SET GameIDC='lenuta' WHERE Id='alurosu'
[12:26:35] SELECT * FROM OptionData WHERE Name='lenuta'
[12:26:35] SELECT WCoinP, WCoinC, GoblinPoint FROM T_InGameShop_Point WHERE AccountID = 'alurosu'
[12:26:35] EXEC IGC_QuestExpUserInfoLoad_Fir 'lenuta'
[12:26:35] SELECT GUID, MemoTotal FROM T_FriendMain where Name = 'lenuta'
[12:26:35] EXEC IGC_SetSelectMuRummy 'alurosu', 'lenuta'
[12:26:35] SELECT SkillKey from OptionData where Name='lenuta'
[12:26:35] SELECT FriendGuid, FriendName, Del FROM T_FriendList where GUID = 1002
[12:26:35] SELECT * FROM PetWarehouse WHERE Name= 'lenuta'
[12:26:35] SELECT MuBotData FROM Character WHERE Name = 'lenuta'
[12:26:35] SELECT Items from PetWarehouse WHERE Name= 'lenuta'
[12:26:35] SELECT FriendName FROM T_WaitFriend where GUID=1002
[12:26:35] SELECT * FROM T_Event_Inventory WHERE Name = 'lenuta'
[12:26:35] SELECT Inventory FROM T_Event_Inventory WHERE Name = 'lenuta'
[12:26:35] SELECT MemoIndex, FriendName, wDate, Subject, bRead FROM T_FriendMail where GUID=1002
[12:26:35] EXEC IGC_PeriodItemExpiredItemSelectEx 1, 'lenuta'
[12:26:35] EXEC IGC_GetGuildMatchingAcceptNRejectInfo 'lenuta'
[12:26:35] EXEC IGC_PeriodItemSelectEx 1, 'lenuta'
[12:26:35] EXEC IGC_GensLoad 'lenuta'
[12:26:35] EXEC IGC_LuckyItemSelect 'lenuta'
[12:26:35] EXEC IGC_PeriodBuffSelect 'lenuta'
[12:26:35] EXEC IGC_GensAbuseLoad 'lenuta'
[12:26:35] EXEC IGC_PentagramInfoSelect 1, 'alurosu', 'lenuta', 0
[12:26:35] EXEC IGC_PentagramInfoSelect 1, 'alurosu', 'lenuta', 1
[12:26:35] SELECT G_Name, G_Level, G_Status FROM GuildMember where Name='lenuta'
[12:26:35] EXEC IGC_PShopItemValueInfoLoad 'alurosu', 'lenuta'
[12:26:35] EXEC IGC_MineSystem_Select_UPTUserInfo 'lenuta'
[12:26:35] EXEC IGC_GremoryCase_GetItemList 'alurosu', 'lenuta'
[12:26:35] EXEC IGC_BattleCore_GetUserInfo 'alurosu', 'lenuta', 0, 0
