[11:08:01] SELECT ItemCount FROM GameServerInfo WHERE Number = 0
[11:08:01] SELECT * FROM Guild
[11:08:01] SELECT GensRankingMonth FROM GameServerInfo WHERE Number=0
[11:08:01] SELECT * From IGC_Gens WHERE Influence=1 ORDER By Points DESC
[11:08:01] SELECT * From IGC_Gens WHERE Influence=2 ORDER By Points DESC
[11:08:01] EXEC IGC_DeleteAllPartyMatchingList
[11:08:06] SELECT * FROM DefaultClassType
[11:08:07] EXEC IGC_ArcaBattleWinGuildSelect
[11:08:07] EXEC IGC_ArcaBattleProcSelect
[11:08:12] SELECT * FROM MEMB_INFO WHERE memb___id='alurosu'
[11:08:12] SELECT memb__pwd from MEMB_INFO where memb___id='alurosu'
[11:08:12] SELECT * FROM IGC_MachineID_Banned WHERE HWID = ''
[11:08:12] INSERT INTO ConnectionHistory (AccountID, ServerName, IP, Date, State, HWID) Values('alurosu','Regular','192.168.0.103', GETDATE(), 'Connect', '')
[11:08:12] EXEC WZ_CONNECT_MEMB 'alurosu','Regular','192.168.0.103'
[11:08:12] EXEC VIPSystem_CheckAccount 'alurosu'
[11:08:14] SELECT Id FROM AccountCharacter WHERE Id='alurosu'
[11:08:14] SELECT * FROM AccountCharacter WHERE Id='alurosu'
[11:08:14] SELECT WarehouseExpansion, Summoner, RageFighter, SecCode FROM AccountCharacter WHERE Id='alurosu'
[11:08:14] SELECT cLevel, Class, CtlCode FROM vCharacterPreview WHERE Name='alurosu'
[11:08:14] SELECT Inventory FROM Character WHERE Name='alurosu'
[11:08:14] SELECT RESETS FROM Character WHERE Name='alurosu'
[11:08:14] SELECT G_Status FROM GuildMember WHERE Name='alurosu'
[11:08:16] SELECT * FROM AccountCharacter WHERE Id = 'alurosu'
[11:08:16] SELECT WarehouseExpansion FROM AccountCharacter WHERE Id = 'alurosu'
[11:08:16] SELECT cLevel, mLevel, Class, LevelUpPoint, mlPoint, Experience, mlExperience, mlNextExp, Strength, Dexterity, Vitality, Energy, Money, Life, MaxLife, Mana, MaxMana, MapNumber, MapPosX, MapPosY, MapDir, PkCount, PkLevel, PkTime, CtlCode, Leadership, ChatLimitTime, FruitPoint, RESETS, Married, MarryName, InventoryExpansion, WinDuels, LoseDuels, BlockChatTime, PenaltyMask FROM Character WHERE Name='alurosu' AND AccountID='alurosu'
[11:08:16] SELECT Inventory from Character where Name='alurosu'
[11:08:16] SELECT MagicList from Character where Name='alurosu'
[11:08:16] SELECT Quest from Character where Name='alurosu'
[11:08:16] SELECT AuthorityMask, DATEDIFF(DAY, GETDATE(), Expiry) AS ExpirationTime FROM T_GMSystem WHERE Name='alurosu'
[11:08:16] UPDATE AccountCharacter SET GameIDC='alurosu' WHERE Id='alurosu'
[11:08:16] SELECT * FROM OptionData WHERE Name='alurosu'
[11:08:16] SELECT WCoinP, WCoinC, GoblinPoint FROM T_InGameShop_Point WHERE AccountID = 'alurosu'
[11:08:16] EXEC IGC_QuestExpUserInfoLoad_Fir 'alurosu'
[11:08:16] SELECT GUID, MemoTotal FROM T_FriendMain where Name = 'alurosu'
[11:08:16] EXEC IGC_SetSelectMuRummy 'alurosu', 'alurosu'
[11:08:16] EXEC IGC_QuestExpUserInfoLoad_Sec 'alurosu', 1, ?, ?, ?
[11:08:16] SELECT FriendGuid, FriendName, Del FROM T_FriendList where GUID = 1
[11:08:16] SELECT * FROM PetWarehouse WHERE Name= 'alurosu'
[11:08:16] EXEC IGC_QuestExpUserInfoLoad_Sec 'alurosu', 16, ?, ?, ?
[11:08:16] SELECT SkillKey from OptionData where Name='alurosu'
[11:08:16] SELECT Items from PetWarehouse WHERE Name= 'alurosu'
[11:08:16] SELECT FriendName FROM T_WaitFriend where GUID=1
[11:08:16] SELECT MuBotData FROM Character WHERE Name = 'alurosu'
[11:08:16] SELECT * FROM T_Event_Inventory WHERE Name = 'alurosu'
[11:08:16] EXEC IGC_QuestExpUserInfoLoad_Sec 'alurosu', 17, ?, ?, ?
[11:08:16] SELECT MemoIndex, FriendName, wDate, Subject, bRead FROM T_FriendMail where GUID=1
[11:08:16] SELECT Inventory FROM T_Event_Inventory WHERE Name = 'alurosu'
[11:08:16] EXEC IGC_GetGuildMatchingAcceptNRejectInfo 'alurosu'
[11:08:16] EXEC IGC_PeriodItemExpiredItemSelectEx 1, 'alurosu'
[11:08:16] EXEC IGC_GensLoad 'alurosu'
[11:08:16] EXEC IGC_PeriodItemSelectEx 1, 'alurosu'
[11:08:16] EXEC IGC_GensAbuseLoad 'alurosu'
[11:08:16] EXEC IGC_LuckyItemSelect 'alurosu'
[11:08:16] EXEC IGC_PeriodBuffSelect 'alurosu'
[11:08:16] SELECT G_Name, G_Level, G_Status FROM GuildMember where Name='alurosu'
[11:08:16] EXEC IGC_PentagramInfoSelect 1, 'alurosu', 'alurosu', 0
[11:08:16] EXEC IGC_PentagramInfoSelect 1, 'alurosu', 'alurosu', 1
[11:08:16] EXEC IGC_PShopItemValueInfoLoad 'alurosu', 'alurosu'
[11:08:16] EXEC IGC_MineSystem_Select_UPTUserInfo 'alurosu'
[11:08:16] EXEC IGC_GremoryCase_GetItemList 'alurosu', 'alurosu'
[11:08:16] EXEC IGC_BattleCore_GetUserInfo 'alurosu', 'alurosu', 0, 0
[11:08:20] SELECT WCoinP, WCoinC, GoblinPoint FROM T_InGameShop_Point WHERE AccountID = 'alurosu'
[11:08:20] EXEC WZ_IBS_GetItemsList 'alurosu', 1
[11:18:12] UPDATE Character SET cLevel=400, mLevel=0, Class=18,LevelUpPoint=218, mlPoint=0, Experience=3892250000, mlExperience=0, mlNextExp=35507050, Strength=4000, Dexterity=295, Vitality=300, Energy=300, Money=325148037, Life=1733.000000, MaxLife=1733.000000, Mana=509.000000, MaxMana=509.000000, MapNumber=51, MapPosX=193, MapPosY=153, MapDir=1, PkCount=0, PkLevel=3, PkTime=0, Leadership=0, ChatLimitTime=0, FruitPoint=0, RESETS = 0, Married = 0, MarryName = '', WinDuels=0, LoseDuels=0, BlockChatTime=0, PenaltyMask=0 WHERE Name = 'alurosu'
[11:18:12] UPDATE Character SET Inventory=? WHERE Name='alurosu'
[11:18:12] UPDATE Character SET MagicList=? WHERE Name='alurosu'
[11:18:12] EXEC IGC_GensSave 'alurosu', 10, 14
[11:18:12] UPDATE T_Event_Inventory SET Inventory=? WHERE Name = 'alurosu'
[11:18:12] UPDATE Character SET Quest=? WHERE Name='alurosu'
[11:18:12] UPDATE PetWarehouse SET Items=? WHERE Name='alurosu'
[11:18:12] DELETE FROM IGC_GensAbuse WHERE Name = 'alurosu'
[11:28:13] UPDATE Character SET cLevel=400, mLevel=0, Class=18,LevelUpPoint=218, mlPoint=0, Experience=3892250000, mlExperience=0, mlNextExp=35507050, Strength=4000, Dexterity=295, Vitality=300, Energy=300, Money=325133037, Life=1733.000000, MaxLife=1733.000000, Mana=509.000000, MaxMana=509.000000, MapNumber=37, MapPosX=71, MapPosY=179, MapDir=1, PkCount=0, PkLevel=3, PkTime=0, Leadership=0, ChatLimitTime=0, FruitPoint=0, RESETS = 0, Married = 0, MarryName = '', WinDuels=0, LoseDuels=0, BlockChatTime=0, PenaltyMask=0 WHERE Name = 'alurosu'
[11:28:13] EXEC IGC_GensSave 'alurosu', 10, 14
[11:28:13] UPDATE T_Event_Inventory SET Inventory=? WHERE Name = 'alurosu'
[11:28:13] UPDATE Character SET Inventory=? WHERE Name='alurosu'
[11:28:13] UPDATE PetWarehouse SET Items=? WHERE Name='alurosu'
[11:28:13] DELETE FROM IGC_GensAbuse WHERE Name = 'alurosu'
[11:28:13] UPDATE Character SET MagicList=? WHERE Name='alurosu'
[11:28:13] UPDATE Character SET Quest=? WHERE Name='alurosu'
[11:30:17] SELECT * FROM DefaultClassType
[11:30:18] EXEC IGC_ArcaBattleWinGuildSelect
[11:30:18] EXEC IGC_ArcaBattleProcSelect
[11:30:20] SELECT * FROM MEMB_INFO WHERE memb___id='alurosu'
[11:30:20] SELECT memb__pwd from MEMB_INFO where memb___id='alurosu'
[11:30:20] SELECT * FROM IGC_MachineID_Banned WHERE HWID = ''
[11:30:21] INSERT INTO ConnectionHistory (AccountID, ServerName, IP, Date, State, HWID) Values('alurosu','Regular','192.168.0.103', GETDATE(), 'Connect', '')
[11:30:21] EXEC WZ_CONNECT_MEMB 'alurosu','Regular','192.168.0.103'
[11:30:21] EXEC VIPSystem_CheckAccount 'alurosu'
[11:30:22] SELECT Id FROM AccountCharacter WHERE Id='alurosu'
[11:30:22] SELECT * FROM AccountCharacter WHERE Id='alurosu'
[11:30:22] SELECT WarehouseExpansion, Summoner, RageFighter, SecCode FROM AccountCharacter WHERE Id='alurosu'
[11:30:22] SELECT cLevel, Class, CtlCode FROM vCharacterPreview WHERE Name='alurosu'
[11:30:23] SELECT Inventory FROM Character WHERE Name='alurosu'
[11:30:23] SELECT RESETS FROM Character WHERE Name='alurosu'
[11:30:23] SELECT G_Status FROM GuildMember WHERE Name='alurosu'
[11:30:24] SELECT * FROM AccountCharacter WHERE Id = 'alurosu'
[11:30:24] SELECT WarehouseExpansion FROM AccountCharacter WHERE Id = 'alurosu'
[11:30:24] SELECT cLevel, mLevel, Class, LevelUpPoint, mlPoint, Experience, mlExperience, mlNextExp, Strength, Dexterity, Vitality, Energy, Money, Life, MaxLife, Mana, MaxMana, MapNumber, MapPosX, MapPosY, MapDir, PkCount, PkLevel, PkTime, CtlCode, Leadership, ChatLimitTime, FruitPoint, RESETS, Married, MarryName, InventoryExpansion, WinDuels, LoseDuels, BlockChatTime, PenaltyMask FROM Character WHERE Name='alurosu' AND AccountID='alurosu'
[11:30:24] SELECT Inventory from Character where Name='alurosu'
[11:30:24] SELECT MagicList from Character where Name='alurosu'
[11:30:25] SELECT Quest from Character where Name='alurosu'
[11:30:25] SELECT AuthorityMask, DATEDIFF(DAY, GETDATE(), Expiry) AS ExpirationTime FROM T_GMSystem WHERE Name='alurosu'
[11:30:25] UPDATE AccountCharacter SET GameIDC='alurosu' WHERE Id='alurosu'
[11:30:25] SELECT * FROM OptionData WHERE Name='alurosu'
[11:30:25] EXEC IGC_QuestExpUserInfoLoad_Fir 'alurosu'
[11:30:25] SELECT WCoinP, WCoinC, GoblinPoint FROM T_InGameShop_Point WHERE AccountID = 'alurosu'
[11:30:25] SELECT SkillKey from OptionData where Name='alurosu'
[11:30:25] EXEC IGC_QuestExpUserInfoLoad_Sec 'alurosu', 1, ?, ?, ?
[11:30:25] EXEC IGC_SetSelectMuRummy 'alurosu', 'alurosu'
[11:30:25] SELECT MuBotData FROM Character WHERE Name = 'alurosu'
[11:30:25] EXEC IGC_QuestExpUserInfoLoad_Sec 'alurosu', 16, ?, ?, ?
[11:30:25] SELECT * FROM PetWarehouse WHERE Name= 'alurosu'
[11:30:25] SELECT GUID, MemoTotal FROM T_FriendMain where Name = 'alurosu'
[11:30:25] EXEC IGC_QuestExpUserInfoLoad_Sec 'alurosu', 17, ?, ?, ?
[11:30:25] SELECT Items from PetWarehouse WHERE Name= 'alurosu'
[11:30:25] SELECT FriendGuid, FriendName, Del FROM T_FriendList where GUID = 1
[11:30:25] SELECT * FROM T_Event_Inventory WHERE Name = 'alurosu'
[11:30:25] SELECT Inventory FROM T_Event_Inventory WHERE Name = 'alurosu'
[11:30:25] SELECT FriendName FROM T_WaitFriend where GUID=1
[11:30:25] EXEC IGC_PeriodItemExpiredItemSelectEx 1, 'alurosu'
[11:30:25] EXEC IGC_PeriodItemSelectEx 1, 'alurosu'
[11:30:25] SELECT MemoIndex, FriendName, wDate, Subject, bRead FROM T_FriendMail where GUID=1
[11:30:25] EXEC IGC_LuckyItemSelect 'alurosu'
[11:30:25] EXEC IGC_GetGuildMatchingAcceptNRejectInfo 'alurosu'
[11:30:25] EXEC IGC_PeriodBuffSelect 'alurosu'
[11:30:25] EXEC IGC_GensLoad 'alurosu'
[11:30:25] EXEC IGC_PentagramInfoSelect 1, 'alurosu', 'alurosu', 0
[11:30:25] EXEC IGC_GensAbuseLoad 'alurosu'
[11:30:25] EXEC IGC_PentagramInfoSelect 1, 'alurosu', 'alurosu', 1
[11:30:25] EXEC IGC_PShopItemValueInfoLoad 'alurosu', 'alurosu'
[11:30:25] SELECT G_Name, G_Level, G_Status FROM GuildMember where Name='alurosu'
[11:30:25] EXEC IGC_MineSystem_Select_UPTUserInfo 'alurosu'
[11:30:25] EXEC IGC_GremoryCase_GetItemList 'alurosu', 'alurosu'
[11:30:25] EXEC IGC_BattleCore_GetUserInfo 'alurosu', 'alurosu', 0, 0
[11:36:28] EXEC IGC_DeleteWaitPartyMatchingList 'alurosu'
[11:36:28] UPDATE Character SET cLevel=400, mLevel=0, Class=18,LevelUpPoint=218, mlPoint=0, Experience=3892250000, mlExperience=0, mlNextExp=35507050, Strength=4000, Dexterity=295, Vitality=300, Energy=300, Money=325131037, Life=1733.000000, MaxLife=1733.000000, Mana=509.000000, MaxMana=509.000000, MapNumber=2, MapPosX=217, MapPosY=47, MapDir=1, PkCount=0, PkLevel=3, PkTime=0, Leadership=0, ChatLimitTime=0, FruitPoint=0, RESETS = 0, Married = 0, MarryName = '', WinDuels=0, LoseDuels=0, BlockChatTime=0, PenaltyMask=0 WHERE Name = 'alurosu'
[11:36:28] UPDATE Character SET Inventory=? WHERE Name='alurosu'
[11:36:28] UPDATE Character SET MagicList=? WHERE Name='alurosu'
[11:36:28] EXEC IGC_GensSave 'alurosu', 10, 14
[11:36:28] UPDATE T_Event_Inventory SET Inventory=? WHERE Name = 'alurosu'
[11:36:28] UPDATE Character SET Quest=? WHERE Name='alurosu'
[11:36:28] INSERT INTO ConnectionHistory (AccountID, ServerName, IP, Date, State, HWID) Values('alurosu','Regular','', GETDATE(), 'Disconnect', 'N/A')
[11:36:28] UPDATE PetWarehouse SET Items=? WHERE Name='alurosu'
[11:36:28] DELETE FROM IGC_GensAbuse WHERE Name = 'alurosu'
[11:36:28] EXEC WZ_DISCONNECT_MEMB 'alurosu'
[11:36:55] SELECT * FROM MEMB_INFO WHERE memb___id='alurosu'
[11:36:55] SELECT memb__pwd from MEMB_INFO where memb___id='alurosu'
[11:36:55] SELECT * FROM IGC_MachineID_Banned WHERE HWID = ''
[11:36:55] INSERT INTO ConnectionHistory (AccountID, ServerName, IP, Date, State, HWID) Values('alurosu','Regular','192.168.0.103', GETDATE(), 'Connect', '')
[11:36:55] EXEC WZ_CONNECT_MEMB 'alurosu','Regular','192.168.0.103'
[11:36:55] EXEC VIPSystem_CheckAccount 'alurosu'
[11:36:55] SELECT Id FROM AccountCharacter WHERE Id='alurosu'
[11:36:55] SELECT * FROM AccountCharacter WHERE Id='alurosu'
[11:36:55] SELECT WarehouseExpansion, Summoner, RageFighter, SecCode FROM AccountCharacter WHERE Id='alurosu'
[11:36:55] SELECT cLevel, Class, CtlCode FROM vCharacterPreview WHERE Name='alurosu'
[11:36:55] SELECT Inventory FROM Character WHERE Name='alurosu'
[11:36:55] SELECT RESETS FROM Character WHERE Name='alurosu'
[11:36:55] SELECT G_Status FROM GuildMember WHERE Name='alurosu'
[11:36:57] SELECT * FROM AccountCharacter WHERE Id = 'alurosu'
[11:36:57] SELECT WarehouseExpansion FROM AccountCharacter WHERE Id = 'alurosu'
[11:36:57] SELECT cLevel, mLevel, Class, LevelUpPoint, mlPoint, Experience, mlExperience, mlNextExp, Strength, Dexterity, Vitality, Energy, Money, Life, MaxLife, Mana, MaxMana, MapNumber, MapPosX, MapPosY, MapDir, PkCount, PkLevel, PkTime, CtlCode, Leadership, ChatLimitTime, FruitPoint, RESETS, Married, MarryName, InventoryExpansion, WinDuels, LoseDuels, BlockChatTime, PenaltyMask FROM Character WHERE Name='alurosu' AND AccountID='alurosu'
[11:36:57] SELECT Inventory from Character where Name='alurosu'
[11:36:57] SELECT MagicList from Character where Name='alurosu'
[11:36:57] SELECT Quest from Character where Name='alurosu'
[11:36:57] SELECT AuthorityMask, DATEDIFF(DAY, GETDATE(), Expiry) AS ExpirationTime FROM T_GMSystem WHERE Name='alurosu'
[11:36:57] UPDATE AccountCharacter SET GameIDC='alurosu' WHERE Id='alurosu'
[11:36:57] SELECT * FROM OptionData WHERE Name='alurosu'
[11:36:57] EXEC IGC_QuestExpUserInfoLoad_Fir 'alurosu'
[11:36:57] SELECT WCoinP, WCoinC, GoblinPoint FROM T_InGameShop_Point WHERE AccountID = 'alurosu'
[11:36:57] SELECT SkillKey from OptionData where Name='alurosu'
[11:36:57] EXEC IGC_QuestExpUserInfoLoad_Sec 'alurosu', 1, ?, ?, ?
[11:36:57] EXEC IGC_SetSelectMuRummy 'alurosu', 'alurosu'
[11:36:57] SELECT MuBotData FROM Character WHERE Name = 'alurosu'
[11:36:57] EXEC IGC_QuestExpUserInfoLoad_Sec 'alurosu', 16, ?, ?, ?
[11:36:57] SELECT * FROM PetWarehouse WHERE Name= 'alurosu'
[11:36:57] SELECT GUID, MemoTotal FROM T_FriendMain where Name = 'alurosu'
[11:36:57] EXEC IGC_QuestExpUserInfoLoad_Sec 'alurosu', 17, ?, ?, ?
[11:36:57] SELECT Items from PetWarehouse WHERE Name= 'alurosu'
[11:36:57] SELECT FriendGuid, FriendName, Del FROM T_FriendList where GUID = 1
[11:36:57] SELECT * FROM T_Event_Inventory WHERE Name = 'alurosu'
[11:36:57] SELECT Inventory FROM T_Event_Inventory WHERE Name = 'alurosu'
[11:36:57] SELECT FriendName FROM T_WaitFriend where GUID=1
[11:36:57] EXEC IGC_PeriodItemExpiredItemSelectEx 1, 'alurosu'
[11:36:57] EXEC IGC_PeriodItemSelectEx 1, 'alurosu'
[11:36:57] SELECT MemoIndex, FriendName, wDate, Subject, bRead FROM T_FriendMail where GUID=1
[11:36:57] EXEC IGC_LuckyItemSelect 'alurosu'
[11:36:57] EXEC IGC_GetGuildMatchingAcceptNRejectInfo 'alurosu'
[11:36:57] EXEC IGC_PeriodBuffSelect 'alurosu'
[11:36:57] EXEC IGC_GensLoad 'alurosu'
[11:36:57] EXEC IGC_PentagramInfoSelect 1, 'alurosu', 'alurosu', 0
[11:36:57] EXEC IGC_GensAbuseLoad 'alurosu'
[11:36:57] EXEC IGC_PentagramInfoSelect 1, 'alurosu', 'alurosu', 1
[11:36:57] EXEC IGC_PShopItemValueInfoLoad 'alurosu', 'alurosu'
[11:36:57] SELECT G_Name, G_Level, G_Status FROM GuildMember where Name='alurosu'
[11:36:57] EXEC IGC_MineSystem_Select_UPTUserInfo 'alurosu'
[11:36:57] EXEC IGC_GremoryCase_GetItemList 'alurosu', 'alurosu'
[11:36:57] EXEC IGC_BattleCore_GetUserInfo 'alurosu', 'alurosu', 0, 0
[11:46:50] UPDATE Character SET cLevel=400, mLevel=0, Class=18,LevelUpPoint=218, mlPoint=0, Experience=3892250000, mlExperience=0, mlNextExp=35507050, Strength=4000, Dexterity=295, Vitality=300, Energy=300, Money=325090037, Life=1733.000000, MaxLife=1733.000000, Mana=509.000000, MaxMana=509.000000, MapNumber=37, MapPosX=27, MapPosY=210, MapDir=0, PkCount=0, PkLevel=3, PkTime=0, Leadership=0, ChatLimitTime=0, FruitPoint=0, RESETS = 0, Married = 0, MarryName = '', WinDuels=0, LoseDuels=0, BlockChatTime=0, PenaltyMask=0 WHERE Name = 'alurosu'
[11:46:50] UPDATE Character SET Inventory=? WHERE Name='alurosu'
[11:46:50] UPDATE Character SET MagicList=? WHERE Name='alurosu'
[11:46:50] EXEC IGC_GensSave 'alurosu', 10, 14
[11:46:50] UPDATE T_Event_Inventory SET Inventory=? WHERE Name = 'alurosu'
[11:46:50] UPDATE Character SET Quest=? WHERE Name='alurosu'
[11:46:50] UPDATE PetWarehouse SET Items=? WHERE Name='alurosu'
[11:46:50] DELETE FROM IGC_GensAbuse WHERE Name = 'alurosu'
[11:56:51] UPDATE Character SET cLevel=400, mLevel=0, Class=18,LevelUpPoint=218, mlPoint=0, Experience=3892250000, mlExperience=0, mlNextExp=35507050, Strength=4000, Dexterity=295, Vitality=300, Energy=300, Money=325058037, Life=1733.000000, MaxLife=1733.000000, Mana=509.000000, MaxMana=509.000000, MapNumber=2, MapPosX=217, MapPosY=45, MapDir=1, PkCount=0, PkLevel=3, PkTime=0, Leadership=0, ChatLimitTime=0, FruitPoint=0, RESETS = 0, Married = 0, MarryName = '', WinDuels=0, LoseDuels=0, BlockChatTime=0, PenaltyMask=0 WHERE Name = 'alurosu'
[11:56:51] UPDATE Character SET Inventory=? WHERE Name='alurosu'
[11:56:51] UPDATE Character SET MagicList=? WHERE Name='alurosu'
[11:56:51] UPDATE Character SET Quest=? WHERE Name='alurosu'
[11:56:51] EXEC IGC_GensSave 'alurosu', 10, 14
[11:56:51] UPDATE T_Event_Inventory SET Inventory=? WHERE Name = 'alurosu'
[11:56:51] UPDATE PetWarehouse SET Items=? WHERE Name='alurosu'
[11:56:51] DELETE FROM IGC_GensAbuse WHERE Name = 'alurosu'
[12:06:52] UPDATE Character SET cLevel=400, mLevel=0, Class=18,LevelUpPoint=218, mlPoint=0, Experience=3892250000, mlExperience=0, mlNextExp=35507050, Strength=4000, Dexterity=295, Vitality=300, Energy=300, Money=325058037, Life=1733.000000, MaxLife=1733.000000, Mana=509.000000, MaxMana=509.000000, MapNumber=2, MapPosX=217, MapPosY=45, MapDir=1, PkCount=0, PkLevel=3, PkTime=0, Leadership=0, ChatLimitTime=0, FruitPoint=0, RESETS = 0, Married = 0, MarryName = '', WinDuels=0, LoseDuels=0, BlockChatTime=0, PenaltyMask=0 WHERE Name = 'alurosu'
[12:06:52] UPDATE Character SET Inventory=? WHERE Name='alurosu'
[12:06:52] UPDATE Character SET MagicList=? WHERE Name='alurosu'
[12:06:52] EXEC IGC_GensSave 'alurosu', 10, 14
[12:06:52] UPDATE T_Event_Inventory SET Inventory=? WHERE Name = 'alurosu'
[12:06:52] UPDATE Character SET Quest=? WHERE Name='alurosu'
[12:06:52] UPDATE PetWarehouse SET Items=? WHERE Name='alurosu'
[12:06:52] DELETE FROM IGC_GensAbuse WHERE Name = 'alurosu'
[12:10:48] SELECT * FROM DefaultClassType
[12:10:49] EXEC IGC_ArcaBattleWinGuildSelect
[12:10:49] EXEC IGC_ArcaBattleProcSelect
[12:10:49] SELECT * FROM MEMB_INFO WHERE memb___id='alurosu'
[12:10:49] SELECT memb__pwd from MEMB_INFO where memb___id='alurosu'
[12:10:49] SELECT * FROM IGC_MachineID_Banned WHERE HWID = ''
[12:10:49] INSERT INTO ConnectionHistory (AccountID, ServerName, IP, Date, State, HWID) Values('alurosu','Regular','192.168.0.103', GETDATE(), 'Connect', '')
[12:10:49] EXEC WZ_CONNECT_MEMB 'alurosu','Regular','192.168.0.103'
[12:10:49] EXEC VIPSystem_CheckAccount 'alurosu'
[12:10:51] SELECT Id FROM AccountCharacter WHERE Id='alurosu'
[12:10:51] SELECT * FROM AccountCharacter WHERE Id='alurosu'
[12:10:51] SELECT WarehouseExpansion, Summoner, RageFighter, SecCode FROM AccountCharacter WHERE Id='alurosu'
[12:10:51] SELECT cLevel, Class, CtlCode FROM vCharacterPreview WHERE Name='alurosu'
[12:10:51] SELECT Inventory FROM Character WHERE Name='alurosu'
[12:10:51] SELECT RESETS FROM Character WHERE Name='alurosu'
[12:10:51] SELECT G_Status FROM GuildMember WHERE Name='alurosu'
[12:10:53] SELECT * FROM AccountCharacter WHERE Id = 'alurosu'
[12:10:53] SELECT WarehouseExpansion FROM AccountCharacter WHERE Id = 'alurosu'
[12:10:53] SELECT cLevel, mLevel, Class, LevelUpPoint, mlPoint, Experience, mlExperience, mlNextExp, Strength, Dexterity, Vitality, Energy, Money, Life, MaxLife, Mana, MaxMana, MapNumber, MapPosX, MapPosY, MapDir, PkCount, PkLevel, PkTime, CtlCode, Leadership, ChatLimitTime, FruitPoint, RESETS, Married, MarryName, InventoryExpansion, WinDuels, LoseDuels, BlockChatTime, PenaltyMask FROM Character WHERE Name='alurosu' AND AccountID='alurosu'
[12:10:53] SELECT Inventory from Character where Name='alurosu'
[12:10:53] SELECT MagicList from Character where Name='alurosu'
[12:10:53] SELECT Quest from Character where Name='alurosu'
[12:10:53] SELECT AuthorityMask, DATEDIFF(DAY, GETDATE(), Expiry) AS ExpirationTime FROM T_GMSystem WHERE Name='alurosu'
[12:10:53] UPDATE AccountCharacter SET GameIDC='alurosu' WHERE Id='alurosu'
[12:10:53] SELECT * FROM OptionData WHERE Name='alurosu'
[12:10:53] EXEC IGC_QuestExpUserInfoLoad_Fir 'alurosu'
[12:10:53] SELECT WCoinP, WCoinC, GoblinPoint FROM T_InGameShop_Point WHERE AccountID = 'alurosu'
[12:10:53] SELECT SkillKey from OptionData where Name='alurosu'
[12:10:53] EXEC IGC_QuestExpUserInfoLoad_Sec 'alurosu', 1, ?, ?, ?
[12:10:53] EXEC IGC_SetSelectMuRummy 'alurosu', 'alurosu'
[12:10:53] SELECT MuBotData FROM Character WHERE Name = 'alurosu'
[12:10:53] EXEC IGC_QuestExpUserInfoLoad_Sec 'alurosu', 16, ?, ?, ?
[12:10:53] SELECT * FROM PetWarehouse WHERE Name= 'alurosu'
[12:10:53] SELECT GUID, MemoTotal FROM T_FriendMain where Name = 'alurosu'
[12:10:53] EXEC IGC_QuestExpUserInfoLoad_Sec 'alurosu', 17, ?, ?, ?
[12:10:53] SELECT Items from PetWarehouse WHERE Name= 'alurosu'
[12:10:53] SELECT FriendGuid, FriendName, Del FROM T_FriendList where GUID = 1
[12:10:53] SELECT * FROM T_Event_Inventory WHERE Name = 'alurosu'
[12:10:53] SELECT Inventory FROM T_Event_Inventory WHERE Name = 'alurosu'
[12:10:53] SELECT FriendName FROM T_WaitFriend where GUID=1
[12:10:53] EXEC IGC_PeriodItemExpiredItemSelectEx 1, 'alurosu'
[12:10:53] EXEC IGC_PeriodItemSelectEx 1, 'alurosu'
[12:10:53] SELECT MemoIndex, FriendName, wDate, Subject, bRead FROM T_FriendMail where GUID=1
[12:10:53] EXEC IGC_LuckyItemSelect 'alurosu'
[12:10:53] EXEC IGC_GetGuildMatchingAcceptNRejectInfo 'alurosu'
[12:10:53] EXEC IGC_PeriodBuffSelect 'alurosu'
[12:10:53] EXEC IGC_GensLoad 'alurosu'
[12:10:53] EXEC IGC_PentagramInfoSelect 1, 'alurosu', 'alurosu', 0
[12:10:53] EXEC IGC_GensAbuseLoad 'alurosu'
[12:10:53] EXEC IGC_PentagramInfoSelect 1, 'alurosu', 'alurosu', 1
[12:10:53] EXEC IGC_PShopItemValueInfoLoad 'alurosu', 'alurosu'
[12:10:53] SELECT G_Name, G_Level, G_Status FROM GuildMember where Name='alurosu'
[12:10:53] EXEC IGC_MineSystem_Select_UPTUserInfo 'alurosu'
[12:10:53] EXEC IGC_GremoryCase_GetItemList 'alurosu', 'alurosu'
[12:10:53] EXEC IGC_BattleCore_GetUserInfo 'alurosu', 'alurosu', 0, 0
[12:11:49] SELECT Name FROM OptionData WHERE Name='alurosu'
[12:11:49] UPDATE OptionData SET GameOption=9, Qkey=255, Wkey=255, Ekey=255, ChatWindow=38, Rkey=255, QWERLevel=0, EnableChangeMode=0 WHERE Name='alurosu'
[12:11:49] UPDATE OptionData SET SkillKey=? where Name='alurosu'
[12:11:50] EXEC IGC_DeleteWaitPartyMatchingList 'alurosu'
[12:11:50] UPDATE Character SET cLevel=400, mLevel=0, Class=18,LevelUpPoint=218, mlPoint=0, Experience=3892250000, mlExperience=0, mlNextExp=35507050, Strength=4000, Dexterity=295, Vitality=300, Energy=300, Money=325026037, Life=1733.000000, MaxLife=1733.000000, Mana=509.000000, MaxMana=509.000000, MapNumber=91, MapPosX=58, MapPosY=193, MapDir=2, PkCount=0, PkLevel=3, PkTime=0, Leadership=0, ChatLimitTime=0, FruitPoint=0, RESETS = 0, Married = 0, MarryName = '', WinDuels=0, LoseDuels=0, BlockChatTime=0, PenaltyMask=0 WHERE Name = 'alurosu'
[12:11:50] UPDATE Character SET Inventory=? WHERE Name='alurosu'
[12:11:50] UPDATE Character SET MagicList=? WHERE Name='alurosu'
[12:11:50] EXEC IGC_GensSave 'alurosu', 10, 14
[12:11:50] INSERT INTO ConnectionHistory (AccountID, ServerName, IP, Date, State, HWID) Values('alurosu','Regular','', GETDATE(), 'Disconnect', 'N/A')
[12:11:50] UPDATE Character SET Quest=? WHERE Name='alurosu'
[12:11:50] UPDATE T_Event_Inventory SET Inventory=? WHERE Name = 'alurosu'
[12:11:50] DELETE FROM IGC_GensAbuse WHERE Name = 'alurosu'
[12:11:50] UPDATE PetWarehouse SET Items=? WHERE Name='alurosu'
[12:11:50] EXEC WZ_DISCONNECT_MEMB 'alurosu'
[12:13:37] SELECT * FROM MEMB_INFO WHERE memb___id='alurosu'
[12:13:37] SELECT memb__pwd from MEMB_INFO where memb___id='alurosu'
[12:13:37] SELECT * FROM IGC_MachineID_Banned WHERE HWID = ''
[12:13:37] INSERT INTO ConnectionHistory (AccountID, ServerName, IP, Date, State, HWID) Values('alurosu','Regular','192.168.0.103', GETDATE(), 'Connect', '')
[12:13:37] EXEC WZ_CONNECT_MEMB 'alurosu','Regular','192.168.0.103'
[12:13:37] EXEC VIPSystem_CheckAccount 'alurosu'
[12:13:37] SELECT Id FROM AccountCharacter WHERE Id='alurosu'
[12:13:37] SELECT * FROM AccountCharacter WHERE Id='alurosu'
[12:13:37] SELECT WarehouseExpansion, Summoner, RageFighter, SecCode FROM AccountCharacter WHERE Id='alurosu'
[12:13:37] SELECT cLevel, Class, CtlCode FROM vCharacterPreview WHERE Name='alurosu'
[12:13:37] SELECT Inventory FROM Character WHERE Name='alurosu'
[12:13:37] SELECT RESETS FROM Character WHERE Name='alurosu'
[12:13:37] SELECT G_Status FROM GuildMember WHERE Name='alurosu'
[12:13:39] SELECT * FROM AccountCharacter WHERE Id = 'alurosu'
[12:13:39] SELECT WarehouseExpansion FROM AccountCharacter WHERE Id = 'alurosu'
[12:13:39] SELECT cLevel, mLevel, Class, LevelUpPoint, mlPoint, Experience, mlExperience, mlNextExp, Strength, Dexterity, Vitality, Energy, Money, Life, MaxLife, Mana, MaxMana, MapNumber, MapPosX, MapPosY, MapDir, PkCount, PkLevel, PkTime, CtlCode, Leadership, ChatLimitTime, FruitPoint, RESETS, Married, MarryName, InventoryExpansion, WinDuels, LoseDuels, BlockChatTime, PenaltyMask FROM Character WHERE Name='alurosu' AND AccountID='alurosu'
[12:13:39] SELECT Inventory from Character where Name='alurosu'
[12:13:39] SELECT MagicList from Character where Name='alurosu'
[12:13:39] SELECT Quest from Character where Name='alurosu'
[12:13:39] SELECT AuthorityMask, DATEDIFF(DAY, GETDATE(), Expiry) AS ExpirationTime FROM T_GMSystem WHERE Name='alurosu'
[12:13:39] UPDATE AccountCharacter SET GameIDC='alurosu' WHERE Id='alurosu'
[12:13:39] SELECT * FROM OptionData WHERE Name='alurosu'
[12:13:39] SELECT WCoinP, WCoinC, GoblinPoint FROM T_InGameShop_Point WHERE AccountID = 'alurosu'
[12:13:39] EXEC IGC_QuestExpUserInfoLoad_Fir 'alurosu'
[12:13:39] SELECT SkillKey from OptionData where Name='alurosu'
[12:13:39] EXEC IGC_SetSelectMuRummy 'alurosu', 'alurosu'
[12:13:39] EXEC IGC_QuestExpUserInfoLoad_Sec 'alurosu', 1, ?, ?, ?
[12:13:39] SELECT MuBotData FROM Character WHERE Name = 'alurosu'
[12:13:39] SELECT * FROM PetWarehouse WHERE Name= 'alurosu'
[12:13:39] EXEC IGC_QuestExpUserInfoLoad_Sec 'alurosu', 16, ?, ?, ?
[12:13:39] SELECT GUID, MemoTotal FROM T_FriendMain where Name = 'alurosu'
[12:13:39] SELECT Items from PetWarehouse WHERE Name= 'alurosu'
[12:13:39] EXEC IGC_QuestExpUserInfoLoad_Sec 'alurosu', 17, ?, ?, ?
[12:13:39] SELECT FriendGuid, FriendName, Del FROM T_FriendList where GUID = 1
[12:13:39] SELECT * FROM T_Event_Inventory WHERE Name = 'alurosu'
[12:13:39] SELECT Inventory FROM T_Event_Inventory WHERE Name = 'alurosu'
[12:13:39] SELECT FriendName FROM T_WaitFriend where GUID=1
[12:13:39] EXEC IGC_PeriodItemExpiredItemSelectEx 1, 'alurosu'
[12:13:39] EXEC IGC_PeriodItemSelectEx 1, 'alurosu'
[12:13:39] SELECT MemoIndex, FriendName, wDate, Subject, bRead FROM T_FriendMail where GUID=1
[12:13:39] EXEC IGC_LuckyItemSelect 'alurosu'
[12:13:39] EXEC IGC_GetGuildMatchingAcceptNRejectInfo 'alurosu'
[12:13:39] EXEC IGC_PeriodBuffSelect 'alurosu'
[12:13:39] EXEC IGC_GensLoad 'alurosu'
[12:13:39] EXEC IGC_PentagramInfoSelect 1, 'alurosu', 'alurosu', 0
[12:13:39] EXEC IGC_GensAbuseLoad 'alurosu'
[12:13:39] EXEC IGC_PentagramInfoSelect 1, 'alurosu', 'alurosu', 1
[12:13:39] EXEC IGC_PShopItemValueInfoLoad 'alurosu', 'alurosu'
[12:13:39] SELECT G_Name, G_Level, G_Status FROM GuildMember where Name='alurosu'
[12:13:39] EXEC IGC_MineSystem_Select_UPTUserInfo 'alurosu'
[12:13:39] EXEC IGC_GremoryCase_GetItemList 'alurosu', 'alurosu'
[12:13:39] EXEC IGC_BattleCore_GetUserInfo 'alurosu', 'alurosu', 0, 0
[12:13:48] SELECT Name FROM OptionData WHERE Name='alurosu'
[12:13:48] UPDATE OptionData SET GameOption=9, Qkey=255, Wkey=255, Ekey=255, ChatWindow=38, Rkey=255, QWERLevel=0, EnableChangeMode=0 WHERE Name='alurosu'
[12:13:48] UPDATE OptionData SET SkillKey=? where Name='alurosu'
[12:13:48] EXEC IGC_DeleteWaitPartyMatchingList 'alurosu'
[12:13:48] UPDATE Character SET cLevel=400, mLevel=0, Class=18,LevelUpPoint=218, mlPoint=0, Experience=3892250000, mlExperience=0, mlNextExp=35507050, Strength=4000, Dexterity=295, Vitality=300, Energy=300, Money=325026037, Life=1733.000000, MaxLife=1733.000000, Mana=509.000000, MaxMana=509.000000, MapNumber=91, MapPosX=58, MapPosY=192, MapDir=2, PkCount=0, PkLevel=3, PkTime=0, Leadership=0, ChatLimitTime=0, FruitPoint=0, RESETS = 0, Married = 0, MarryName = '', WinDuels=0, LoseDuels=0, BlockChatTime=0, PenaltyMask=0 WHERE Name = 'alurosu'
[12:13:48] UPDATE Character SET Inventory=? WHERE Name='alurosu'
[12:13:48] UPDATE Character SET MagicList=? WHERE Name='alurosu'
[12:13:48] DELETE FROM IGC_GensAbuse WHERE Name = 'alurosu'
[12:13:48] UPDATE T_Event_Inventory SET Inventory=? WHERE Name = 'alurosu'
[12:13:48] UPDATE Character SET Quest=? WHERE Name='alurosu'
[12:13:48] UPDATE PetWarehouse SET Items=? WHERE Name='alurosu'
[12:13:48] SELECT Id FROM AccountCharacter WHERE Id='alurosu'
[12:13:48] SELECT * FROM AccountCharacter WHERE Id='alurosu'
[12:13:48] SELECT WarehouseExpansion, Summoner, RageFighter, SecCode FROM AccountCharacter WHERE Id='alurosu'
[12:13:48] SELECT cLevel, Class, CtlCode FROM vCharacterPreview WHERE Name='alurosu'
[12:13:48] SELECT Inventory FROM Character WHERE Name='alurosu'
[12:13:48] SELECT RESETS FROM Character WHERE Name='alurosu'
[12:13:48] SELECT G_Status FROM GuildMember WHERE Name='alurosu'
[12:14:01] SELECT * FROM AccountCharacter WHERE Id='alurosu'
[12:14:01] WZ_CreateCharacter 'alurosu', 'test', '80'
[12:14:13] SELECT * FROM AccountCharacter WHERE Id='alurosu'
[12:14:13] WZ_CreateCharacter 'alurosu', 'lenuta', '80'
[12:14:13] UPDATE AccountCharacter SET GameID2='lenuta' WHERE Id='alurosu'
[12:14:13] SELECT cLevel FROM vCharacterPreview WHERE Name='lenuta'
[12:14:16] SELECT * FROM AccountCharacter WHERE Id = 'alurosu'
[12:14:16] SELECT WarehouseExpansion FROM AccountCharacter WHERE Id = 'alurosu'
[12:14:16] SELECT cLevel, mLevel, Class, LevelUpPoint, mlPoint, Experience, mlExperience, mlNextExp, Strength, Dexterity, Vitality, Energy, Money, Life, MaxLife, Mana, MaxMana, MapNumber, MapPosX, MapPosY, MapDir, PkCount, PkLevel, PkTime, CtlCode, Leadership, ChatLimitTime, FruitPoint, RESETS, Married, MarryName, InventoryExpansion, WinDuels, LoseDuels, BlockChatTime, PenaltyMask FROM Character WHERE Name='lenuta' AND AccountID='alurosu'
[12:14:16] SELECT Inventory from Character where Name='lenuta'
[12:14:16] SELECT MagicList from Character where Name='lenuta'
[12:14:16] SELECT Quest from Character where Name='lenuta'
[12:14:16] SELECT AuthorityMask, DATEDIFF(DAY, GETDATE(), Expiry) AS ExpirationTime FROM T_GMSystem WHERE Name='lenuta'
[12:14:16] UPDATE AccountCharacter SET GameIDC='lenuta' WHERE Id='alurosu'
[12:14:16] SELECT * FROM OptionData WHERE Name='lenuta'
[12:14:16] EXEC IGC_QuestExpUserInfoLoad_Fir 'lenuta'
[12:14:16] SELECT WCoinP, WCoinC, GoblinPoint FROM T_InGameShop_Point WHERE AccountID = 'alurosu'
[12:14:16] SELECT MuBotData FROM Character WHERE Name = 'lenuta'
[12:14:16] SELECT GUID, MemoTotal FROM T_FriendMain where Name = 'lenuta'
[12:14:16] EXEC IGC_SetSelectMuRummy 'alurosu', 'lenuta'
[12:14:16] EXEC WZ_UserGuidCreate 'lenuta'
[12:14:16] SELECT * FROM PetWarehouse WHERE Name= 'lenuta'
[12:14:16] SELECT GUID, MemoTotal FROM T_FriendMain where Name = 'lenuta'
[12:14:16] INSERT INTO PetWarehouse (AccountID,Name,DbVersion,SubEquip) VALUES ('alurosu', 'lenuta','3','0')
[12:14:16] SELECT FriendGuid, FriendName, Del FROM T_FriendList where GUID = 1002
[12:14:16] UPDATE PetWarehouse SET Items=? WHERE Name='lenuta'
[12:14:16] SELECT * FROM T_Event_Inventory WHERE Name = 'lenuta'
[12:14:16] SELECT FriendName FROM T_WaitFriend where GUID=1002
[12:14:16] INSERT INTO T_Event_Inventory (AccountID, Name) VALUES ('alurosu', 'lenuta')
[12:14:16] UPDATE T_Event_Inventory SET Inventory=? WHERE Name = 'lenuta'
[12:14:16] SELECT MemoIndex, FriendName, wDate, Subject, bRead FROM T_FriendMail where GUID=1002
[12:14:16] EXEC IGC_PeriodItemExpiredItemSelectEx 1, 'lenuta'
[12:14:16] EXEC IGC_GetGuildMatchingAcceptNRejectInfo 'lenuta'
[12:14:16] EXEC IGC_PeriodItemSelectEx 1, 'lenuta'
[12:14:16] EXEC IGC_GensLoad 'lenuta'
[12:14:16] EXEC IGC_LuckyItemSelect 'lenuta'
[12:14:16] EXEC IGC_GensAbuseLoad 'lenuta'
[12:14:16] EXEC IGC_PeriodBuffSelect 'lenuta'
[12:14:16] EXEC IGC_PentagramInfoSelect 1, 'alurosu', 'lenuta', 0
[12:14:16] SELECT G_Name, G_Level, G_Status FROM GuildMember where Name='lenuta'
[12:14:16] EXEC IGC_PentagramInfoSelect 1, 'alurosu', 'lenuta', 1
[12:14:16] EXEC IGC_PShopItemValueInfoLoad 'alurosu', 'lenuta'
[12:14:16] EXEC IGC_MineSystem_Select_UPTUserInfo 'lenuta'
[12:14:16] EXEC IGC_GremoryCase_GetItemList 'alurosu', 'lenuta'
[12:14:16] EXEC IGC_BattleCore_GetUserInfo 'alurosu', 'lenuta', 0, 0
[12:14:21] SELECT Name FROM OptionData WHERE Name='lenuta'
[12:14:21] INSERT INTO OptionData (Name, GameOption, Qkey, Wkey, Ekey, ChatWindow, Rkey, QWERLevel, EnableChangeMode) VALUES ('lenuta', 9, 255, 255, 255, 38, 255, 0, 0)
[12:14:21] UPDATE OptionData SET SkillKey=? where Name='lenuta'
[12:14:21] UPDATE Character SET cLevel=1, mLevel=0, Class=80,LevelUpPoint=5000, mlPoint=0, Experience=0, mlExperience=0, mlNextExp=35507050, Strength=21, Dexterity=21, Vitality=18, Energy=23, Money=500000000, Life=70.000000, MaxLife=70.000000, Mana=40.000000, MaxMana=40.000000, MapNumber=51, MapPosX=51, MapPosY=226, MapDir=3, PkCount=0, PkLevel=3, PkTime=0, Leadership=0, ChatLimitTime=0, FruitPoint=0, RESETS = 0, Married = 0, MarryName = '', WinDuels=0, LoseDuels=0, BlockChatTime=0, PenaltyMask=0 WHERE Name = 'lenuta'
[12:14:21] EXEC IGC_DeleteWaitPartyMatchingList 'lenuta'
[12:14:21] UPDATE Character SET Inventory=? WHERE Name='lenuta'
[12:14:21] INSERT INTO ConnectionHistory (AccountID, ServerName, IP, Date, State, HWID) Values('alurosu','Regular','', GETDATE(), 'Disconnect', 'N/A')
[12:14:21] UPDATE T_Event_Inventory SET Inventory=? WHERE Name = 'lenuta'
[12:14:21] UPDATE Character SET MagicList=? WHERE Name='lenuta'
[12:14:21] EXEC WZ_DISCONNECT_MEMB 'alurosu'
[12:14:21] UPDATE PetWarehouse SET Items=? WHERE Name='lenuta'
[12:14:21] UPDATE Character SET Quest=? WHERE Name='lenuta'
[12:16:17] SELECT * FROM MEMB_INFO WHERE memb___id='alurosu'
[12:16:17] SELECT memb__pwd from MEMB_INFO where memb___id='alurosu'
[12:16:17] SELECT * FROM IGC_MachineID_Banned WHERE HWID = ''
[12:16:17] INSERT INTO ConnectionHistory (AccountID, ServerName, IP, Date, State, HWID) Values('alurosu','Regular','192.168.0.103', GETDATE(), 'Connect', '')
[12:16:17] EXEC WZ_CONNECT_MEMB 'alurosu','Regular','192.168.0.103'
[12:16:17] EXEC VIPSystem_CheckAccount 'alurosu'
[12:16:17] SELECT Id FROM AccountCharacter WHERE Id='alurosu'
[12:16:17] SELECT * FROM AccountCharacter WHERE Id='alurosu'
[12:16:17] SELECT WarehouseExpansion, Summoner, RageFighter, SecCode FROM AccountCharacter WHERE Id='alurosu'
[12:16:17] SELECT cLevel, Class, CtlCode FROM vCharacterPreview WHERE Name='alurosu'
[12:16:17] SELECT Inventory FROM Character WHERE Name='alurosu'
[12:16:17] SELECT RESETS FROM Character WHERE Name='alurosu'
[12:16:17] SELECT G_Status FROM GuildMember WHERE Name='alurosu'
[12:16:17] SELECT cLevel, Class, CtlCode FROM vCharacterPreview WHERE Name='lenuta'
[12:16:17] SELECT Inventory FROM Character WHERE Name='lenuta'
[12:16:17] SELECT RESETS FROM Character WHERE Name='lenuta'
[12:16:17] SELECT G_Status FROM GuildMember WHERE Name='lenuta'
[12:16:19] SELECT * FROM AccountCharacter WHERE Id = 'alurosu'
[12:16:19] SELECT WarehouseExpansion FROM AccountCharacter WHERE Id = 'alurosu'
[12:16:19] SELECT cLevel, mLevel, Class, LevelUpPoint, mlPoint, Experience, mlExperience, mlNextExp, Strength, Dexterity, Vitality, Energy, Money, Life, MaxLife, Mana, MaxMana, MapNumber, MapPosX, MapPosY, MapDir, PkCount, PkLevel, PkTime, CtlCode, Leadership, ChatLimitTime, FruitPoint, RESETS, Married, MarryName, InventoryExpansion, WinDuels, LoseDuels, BlockChatTime, PenaltyMask FROM Character WHERE Name='lenuta' AND AccountID='alurosu'
[12:16:19] SELECT Inventory from Character where Name='lenuta'
[12:16:19] SELECT MagicList from Character where Name='lenuta'
[12:16:19] SELECT Quest from Character where Name='lenuta'
[12:16:19] SELECT AuthorityMask, DATEDIFF(DAY, GETDATE(), Expiry) AS ExpirationTime FROM T_GMSystem WHERE Name='lenuta'
[12:16:19] UPDATE AccountCharacter SET GameIDC='lenuta' WHERE Id='alurosu'
[12:16:19] SELECT * FROM OptionData WHERE Name='lenuta'
[12:16:19] SELECT WCoinP, WCoinC, GoblinPoint FROM T_InGameShop_Point WHERE AccountID = 'alurosu'
[12:16:19] EXEC IGC_QuestExpUserInfoLoad_Fir 'lenuta'
[12:16:19] SELECT GUID, MemoTotal FROM T_FriendMain where Name = 'lenuta'
[12:16:19] EXEC IGC_SetSelectMuRummy 'alurosu', 'lenuta'
[12:16:19] SELECT SkillKey from OptionData where Name='lenuta'
[12:16:19] SELECT FriendGuid, FriendName, Del FROM T_FriendList where GUID = 1002
[12:16:19] SELECT * FROM PetWarehouse WHERE Name= 'lenuta'
[12:16:19] SELECT MuBotData FROM Character WHERE Name = 'lenuta'
[12:16:19] SELECT Items from PetWarehouse WHERE Name= 'lenuta'
[12:16:19] SELECT FriendName FROM T_WaitFriend where GUID=1002
[12:16:19] SELECT * FROM T_Event_Inventory WHERE Name = 'lenuta'
[12:16:19] SELECT Inventory FROM T_Event_Inventory WHERE Name = 'lenuta'
[12:16:19] SELECT MemoIndex, FriendName, wDate, Subject, bRead FROM T_FriendMail where GUID=1002
[12:16:19] EXEC IGC_PeriodItemExpiredItemSelectEx 1, 'lenuta'
[12:16:19] EXEC IGC_GetGuildMatchingAcceptNRejectInfo 'lenuta'
[12:16:19] EXEC IGC_PeriodItemSelectEx 1, 'lenuta'
[12:16:19] EXEC IGC_GensLoad 'lenuta'
[12:16:19] EXEC IGC_LuckyItemSelect 'lenuta'
[12:16:19] EXEC IGC_GensAbuseLoad 'lenuta'
[12:16:19] EXEC IGC_PeriodBuffSelect 'lenuta'
[12:16:19] EXEC IGC_PentagramInfoSelect 1, 'alurosu', 'lenuta', 0
[12:16:19] SELECT G_Name, G_Level, G_Status FROM GuildMember where Name='lenuta'
[12:16:19] EXEC IGC_PentagramInfoSelect 1, 'alurosu', 'lenuta', 1
[12:16:19] EXEC IGC_PShopItemValueInfoLoad 'alurosu', 'lenuta'
[12:16:19] EXEC IGC_MineSystem_Select_UPTUserInfo 'lenuta'
[12:16:19] EXEC IGC_GremoryCase_GetItemList 'alurosu', 'lenuta'
[12:16:19] EXEC IGC_BattleCore_GetUserInfo 'alurosu', 'lenuta', 0, 0
[12:16:27] SELECT AccountID FROM warehouse WHERE AccountID='alurosu'
[12:16:27] UPDATE warehouse set WHOpen = 1 WHERE AccountID='alurosu'
[12:16:27] SELECT Money, pw FROM warehouse WHERE AccountID='alurosu'
[12:16:27] SELECT Items FROM warehouse WHERE AccountID='alurosu'
[12:16:28] UPDATE Character SET Inventory=? WHERE Name='lenuta'
[12:16:28] UPDATE warehouse SET Money=0, pw=0 WHERE AccountID='alurosu'
[12:16:28] UPDATE warehouse SET Items=? WHERE AccountID='alurosu'
[12:16:28] UPDATE warehouse set WHOpen = 0 WHERE AccountID='alurosu'
[12:16:43] SELECT Name FROM OptionData WHERE Name='lenuta'
[12:16:43] UPDATE OptionData SET GameOption=9, Qkey=255, Wkey=255, Ekey=255, ChatWindow=38, Rkey=255, QWERLevel=0, EnableChangeMode=0 WHERE Name='lenuta'
[12:16:43] UPDATE OptionData SET SkillKey=? where Name='lenuta'
[12:16:43] EXEC IGC_DeleteWaitPartyMatchingList 'lenuta'
[12:16:43] UPDATE Character SET cLevel=1, mLevel=0, Class=80,LevelUpPoint=5000, mlPoint=0, Experience=0, mlExperience=0, mlNextExp=35507050, Strength=21, Dexterity=21, Vitality=18, Energy=23, Money=499997000, Life=70.000000, MaxLife=70.000000, Mana=40.000000, MaxMana=40.000000, MapNumber=51, MapPosX=46, MapPosY=226, MapDir=2, PkCount=0, PkLevel=3, PkTime=0, Leadership=0, ChatLimitTime=0, FruitPoint=0, RESETS = 0, Married = 0, MarryName = '', WinDuels=0, LoseDuels=0, BlockChatTime=0, PenaltyMask=0 WHERE Name = 'lenuta'
[12:16:43] UPDATE T_Event_Inventory SET Inventory=? WHERE Name = 'lenuta'
[12:16:43] UPDATE Character SET Inventory=? WHERE Name='lenuta'
[12:16:43] UPDATE PetWarehouse SET Items=? WHERE Name='lenuta'
[12:16:43] UPDATE Character SET MagicList=? WHERE Name='lenuta'
[12:16:43] UPDATE Character SET Quest=? WHERE Name='lenuta'
[12:16:43] SELECT Id FROM AccountCharacter WHERE Id='alurosu'
[12:16:43] SELECT * FROM AccountCharacter WHERE Id='alurosu'
[12:16:43] SELECT WarehouseExpansion, Summoner, RageFighter, SecCode FROM AccountCharacter WHERE Id='alurosu'
[12:16:43] SELECT cLevel, Class, CtlCode FROM vCharacterPreview WHERE Name='alurosu'
[12:16:43] SELECT Inventory FROM Character WHERE Name='alurosu'
[12:16:43] SELECT RESETS FROM Character WHERE Name='alurosu'
[12:16:43] SELECT G_Status FROM GuildMember WHERE Name='alurosu'
[12:16:43] SELECT cLevel, Class, CtlCode FROM vCharacterPreview WHERE Name='lenuta'
[12:16:43] SELECT Inventory FROM Character WHERE Name='lenuta'
[12:16:43] SELECT RESETS FROM Character WHERE Name='lenuta'
[12:16:43] SELECT G_Status FROM GuildMember WHERE Name='lenuta'
[12:16:45] SELECT * FROM AccountCharacter WHERE Id = 'alurosu'
[12:16:45] SELECT WarehouseExpansion FROM AccountCharacter WHERE Id = 'alurosu'
[12:16:45] SELECT cLevel, mLevel, Class, LevelUpPoint, mlPoint, Experience, mlExperience, mlNextExp, Strength, Dexterity, Vitality, Energy, Money, Life, MaxLife, Mana, MaxMana, MapNumber, MapPosX, MapPosY, MapDir, PkCount, PkLevel, PkTime, CtlCode, Leadership, ChatLimitTime, FruitPoint, RESETS, Married, MarryName, InventoryExpansion, WinDuels, LoseDuels, BlockChatTime, PenaltyMask FROM Character WHERE Name='lenuta' AND AccountID='alurosu'
[12:16:45] SELECT Inventory from Character where Name='lenuta'
[12:16:45] SELECT MagicList from Character where Name='lenuta'
[12:16:45] SELECT Quest from Character where Name='lenuta'
[12:16:45] SELECT AuthorityMask, DATEDIFF(DAY, GETDATE(), Expiry) AS ExpirationTime FROM T_GMSystem WHERE Name='lenuta'
[12:16:45] UPDATE AccountCharacter SET GameIDC='lenuta' WHERE Id='alurosu'
[12:16:45] SELECT * FROM OptionData WHERE Name='lenuta'
[12:16:45] SELECT WCoinP, WCoinC, GoblinPoint FROM T_InGameShop_Point WHERE AccountID = 'alurosu'
[12:16:45] EXEC IGC_QuestExpUserInfoLoad_Fir 'lenuta'
[12:16:45] SELECT GUID, MemoTotal FROM T_FriendMain where Name = 'lenuta'
[12:16:45] EXEC IGC_SetSelectMuRummy 'alurosu', 'lenuta'
[12:16:45] SELECT SkillKey from OptionData where Name='lenuta'
[12:16:45] SELECT FriendGuid, FriendName, Del FROM T_FriendList where GUID = 1002
[12:16:45] SELECT * FROM PetWarehouse WHERE Name= 'lenuta'
[12:16:45] SELECT MuBotData FROM Character WHERE Name = 'lenuta'
[12:16:45] SELECT Items from PetWarehouse WHERE Name= 'lenuta'
[12:16:45] SELECT FriendName FROM T_WaitFriend where GUID=1002
[12:16:45] SELECT * FROM T_Event_Inventory WHERE Name = 'lenuta'
[12:16:45] SELECT Inventory FROM T_Event_Inventory WHERE Name = 'lenuta'
[12:16:45] SELECT MemoIndex, FriendName, wDate, Subject, bRead FROM T_FriendMail where GUID=1002
[12:16:45] EXEC IGC_PeriodItemExpiredItemSelectEx 1, 'lenuta'
[12:16:45] EXEC IGC_GetGuildMatchingAcceptNRejectInfo 'lenuta'
[12:16:45] EXEC IGC_PeriodItemSelectEx 1, 'lenuta'
[12:16:45] EXEC IGC_GensLoad 'lenuta'
[12:16:45] EXEC IGC_LuckyItemSelect 'lenuta'
[12:16:45] EXEC IGC_GensAbuseLoad 'lenuta'
[12:16:45] EXEC IGC_PeriodBuffSelect 'lenuta'
[12:16:45] EXEC IGC_PentagramInfoSelect 1, 'alurosu', 'lenuta', 0
[12:16:45] SELECT G_Name, G_Level, G_Status FROM GuildMember where Name='lenuta'
[12:16:45] EXEC IGC_PentagramInfoSelect 1, 'alurosu', 'lenuta', 1
[12:16:45] EXEC IGC_PShopItemValueInfoLoad 'alurosu', 'lenuta'
[12:16:45] EXEC IGC_MineSystem_Select_UPTUserInfo 'lenuta'
[12:16:45] EXEC IGC_GremoryCase_GetItemList 'alurosu', 'lenuta'
[12:16:45] EXEC IGC_BattleCore_GetUserInfo 'alurosu', 'lenuta', 0, 0
[12:16:49] SELECT Name FROM OptionData WHERE Name='lenuta'
[12:16:49] UPDATE OptionData SET GameOption=9, Qkey=255, Wkey=255, Ekey=255, ChatWindow=38, Rkey=255, QWERLevel=0, EnableChangeMode=0 WHERE Name='lenuta'
[12:16:49] UPDATE OptionData SET SkillKey=? where Name='lenuta'
[12:16:49] EXEC IGC_DeleteWaitPartyMatchingList 'lenuta'
[12:16:49] UPDATE Character SET cLevel=1, mLevel=0, Class=80,LevelUpPoint=5000, mlPoint=0, Experience=0, mlExperience=0, mlNextExp=35507050, Strength=21, Dexterity=21, Vitality=18, Energy=23, Money=499997000, Life=70.000000, MaxLife=70.000000, Mana=40.000000, MaxMana=40.000000, MapNumber=51, MapPosX=52, MapPosY=226, MapDir=2, PkCount=0, PkLevel=3, PkTime=0, Leadership=0, ChatLimitTime=0, FruitPoint=0, RESETS = 0, Married = 0, MarryName = '', WinDuels=0, LoseDuels=0, BlockChatTime=0, PenaltyMask=0 WHERE Name = 'lenuta'
[12:16:49] UPDATE Character SET Inventory=? WHERE Name='lenuta'
[12:16:49] INSERT INTO ConnectionHistory (AccountID, ServerName, IP, Date, State, HWID) Values('alurosu','Regular','', GETDATE(), 'Disconnect', 'N/A')
[12:16:49] UPDATE Character SET MagicList=? WHERE Name='lenuta'
[12:16:49] UPDATE T_Event_Inventory SET Inventory=? WHERE Name = 'lenuta'
[12:16:49] UPDATE Character SET Quest=? WHERE Name='lenuta'
[12:16:49] UPDATE PetWarehouse SET Items=? WHERE Name='lenuta'
[12:16:49] EXEC WZ_DISCONNECT_MEMB 'alurosu'
[12:17:56] SELECT * FROM MEMB_INFO WHERE memb___id='alurosu'
[12:17:56] SELECT memb__pwd from MEMB_INFO where memb___id='alurosu'
[12:17:56] SELECT * FROM IGC_MachineID_Banned WHERE HWID = ''
[12:17:56] INSERT INTO ConnectionHistory (AccountID, ServerName, IP, Date, State, HWID) Values('alurosu','Regular','192.168.0.103', GETDATE(), 'Connect', '')
[12:17:56] EXEC WZ_CONNECT_MEMB 'alurosu','Regular','192.168.0.103'
[12:17:56] EXEC VIPSystem_CheckAccount 'alurosu'
[12:17:56] SELECT Id FROM AccountCharacter WHERE Id='alurosu'
[12:17:56] SELECT * FROM AccountCharacter WHERE Id='alurosu'
[12:17:56] SELECT WarehouseExpansion, Summoner, RageFighter, SecCode FROM AccountCharacter WHERE Id='alurosu'
[12:17:56] SELECT cLevel, Class, CtlCode FROM vCharacterPreview WHERE Name='alurosu'
[12:17:56] SELECT Inventory FROM Character WHERE Name='alurosu'
[12:17:56] SELECT RESETS FROM Character WHERE Name='alurosu'
[12:17:56] SELECT G_Status FROM GuildMember WHERE Name='alurosu'
[12:17:56] SELECT cLevel, Class, CtlCode FROM vCharacterPreview WHERE Name='lenuta'
[12:17:56] SELECT Inventory FROM Character WHERE Name='lenuta'
[12:17:56] SELECT RESETS FROM Character WHERE Name='lenuta'
[12:17:56] SELECT G_Status FROM GuildMember WHERE Name='lenuta'
[12:17:59] SELECT * FROM AccountCharacter WHERE Id = 'alurosu'
[12:17:59] SELECT WarehouseExpansion FROM AccountCharacter WHERE Id = 'alurosu'
[12:17:59] SELECT cLevel, mLevel, Class, LevelUpPoint, mlPoint, Experience, mlExperience, mlNextExp, Strength, Dexterity, Vitality, Energy, Money, Life, MaxLife, Mana, MaxMana, MapNumber, MapPosX, MapPosY, MapDir, PkCount, PkLevel, PkTime, CtlCode, Leadership, ChatLimitTime, FruitPoint, RESETS, Married, MarryName, InventoryExpansion, WinDuels, LoseDuels, BlockChatTime, PenaltyMask FROM Character WHERE Name='lenuta' AND AccountID='alurosu'
[12:17:59] SELECT Inventory from Character where Name='lenuta'
[12:17:59] SELECT MagicList from Character where Name='lenuta'
[12:17:59] SELECT Quest from Character where Name='lenuta'
[12:17:59] SELECT AuthorityMask, DATEDIFF(DAY, GETDATE(), Expiry) AS ExpirationTime FROM T_GMSystem WHERE Name='lenuta'
[12:17:59] UPDATE AccountCharacter SET GameIDC='lenuta' WHERE Id='alurosu'
[12:17:59] SELECT * FROM OptionData WHERE Name='lenuta'
[12:17:59] EXEC IGC_QuestExpUserInfoLoad_Fir 'lenuta'
[12:17:59] SELECT WCoinP, WCoinC, GoblinPoint FROM T_InGameShop_Point WHERE AccountID = 'alurosu'
[12:17:59] SELECT SkillKey from OptionData where Name='lenuta'
[12:17:59] SELECT GUID, MemoTotal FROM T_FriendMain where Name = 'lenuta'
[12:17:59] EXEC IGC_SetSelectMuRummy 'alurosu', 'lenuta'
[12:17:59] SELECT MuBotData FROM Character WHERE Name = 'lenuta'
[12:17:59] SELECT FriendGuid, FriendName, Del FROM T_FriendList where GUID = 1002
[12:17:59] SELECT * FROM PetWarehouse WHERE Name= 'lenuta'
[12:17:59] SELECT Items from PetWarehouse WHERE Name= 'lenuta'
[12:17:59] SELECT FriendName FROM T_WaitFriend where GUID=1002
[12:17:59] SELECT * FROM T_Event_Inventory WHERE Name = 'lenuta'
[12:17:59] SELECT Inventory FROM T_Event_Inventory WHERE Name = 'lenuta'
[12:17:59] SELECT MemoIndex, FriendName, wDate, Subject, bRead FROM T_FriendMail where GUID=1002
[12:17:59] EXEC IGC_PeriodItemExpiredItemSelectEx 1, 'lenuta'
[12:17:59] EXEC IGC_GetGuildMatchingAcceptNRejectInfo 'lenuta'
[12:17:59] EXEC IGC_PeriodItemSelectEx 1, 'lenuta'
[12:17:59] EXEC IGC_GensLoad 'lenuta'
[12:17:59] EXEC IGC_LuckyItemSelect 'lenuta'
[12:17:59] EXEC IGC_GensAbuseLoad 'lenuta'
[12:17:59] EXEC IGC_PeriodBuffSelect 'lenuta'
[12:17:59] EXEC IGC_PentagramInfoSelect 1, 'alurosu', 'lenuta', 0
[12:17:59] SELECT G_Name, G_Level, G_Status FROM GuildMember where Name='lenuta'
[12:17:59] EXEC IGC_PentagramInfoSelect 1, 'alurosu', 'lenuta', 1
[12:17:59] EXEC IGC_PShopItemValueInfoLoad 'alurosu', 'lenuta'
[12:17:59] EXEC IGC_MineSystem_Select_UPTUserInfo 'lenuta'
[12:17:59] EXEC IGC_GremoryCase_GetItemList 'alurosu', 'lenuta'
[12:17:59] EXEC IGC_BattleCore_GetUserInfo 'alurosu', 'lenuta', 0, 0
[12:18:35] EXEC IGC_GensAdd 'lenuta', 2, 0
[12:18:35] EXEC IGC_GensSave 'lenuta', 10, 0
[12:18:35] EXEC IGC_GensLoad 'lenuta'
[12:19:20] SELECT * FROM DefaultClassType
[12:19:21] EXEC IGC_ArcaBattleWinGuildSelect
[12:19:21] EXEC IGC_ArcaBattleProcSelect
[12:19:22] SELECT * FROM MEMB_INFO WHERE memb___id='alurosu'
[12:19:22] SELECT memb__pwd from MEMB_INFO where memb___id='alurosu'
[12:19:22] SELECT * FROM IGC_MachineID_Banned WHERE HWID = ''
[12:19:22] INSERT INTO ConnectionHistory (AccountID, ServerName, IP, Date, State, HWID) Values('alurosu','Regular','192.168.0.103', GETDATE(), 'Connect', '')
[12:19:22] EXEC WZ_CONNECT_MEMB 'alurosu','Regular','192.168.0.103'
[12:19:22] EXEC VIPSystem_CheckAccount 'alurosu'
[12:19:24] SELECT Id FROM AccountCharacter WHERE Id='alurosu'
[12:19:24] SELECT * FROM AccountCharacter WHERE Id='alurosu'
[12:19:24] SELECT WarehouseExpansion, Summoner, RageFighter, SecCode FROM AccountCharacter WHERE Id='alurosu'
[12:19:24] SELECT cLevel, Class, CtlCode FROM vCharacterPreview WHERE Name='alurosu'
[12:19:24] SELECT Inventory FROM Character WHERE Name='alurosu'
[12:19:24] SELECT RESETS FROM Character WHERE Name='alurosu'
[12:19:24] SELECT G_Status FROM GuildMember WHERE Name='alurosu'
[12:19:24] SELECT cLevel, Class, CtlCode FROM vCharacterPreview WHERE Name='lenuta'
[12:19:24] SELECT Inventory FROM Character WHERE Name='lenuta'
[12:19:24] SELECT RESETS FROM Character WHERE Name='lenuta'
[12:19:24] SELECT G_Status FROM GuildMember WHERE Name='lenuta'
[12:19:26] SELECT * FROM AccountCharacter WHERE Id = 'alurosu'
[12:19:26] SELECT WarehouseExpansion FROM AccountCharacter WHERE Id = 'alurosu'
[12:19:26] SELECT cLevel, mLevel, Class, LevelUpPoint, mlPoint, Experience, mlExperience, mlNextExp, Strength, Dexterity, Vitality, Energy, Money, Life, MaxLife, Mana, MaxMana, MapNumber, MapPosX, MapPosY, MapDir, PkCount, PkLevel, PkTime, CtlCode, Leadership, ChatLimitTime, FruitPoint, RESETS, Married, MarryName, InventoryExpansion, WinDuels, LoseDuels, BlockChatTime, PenaltyMask FROM Character WHERE Name='lenuta' AND AccountID='alurosu'
[12:19:26] SELECT Inventory from Character where Name='lenuta'
[12:19:26] SELECT MagicList from Character where Name='lenuta'
[12:19:26] SELECT Quest from Character where Name='lenuta'
[12:19:26] SELECT AuthorityMask, DATEDIFF(DAY, GETDATE(), Expiry) AS ExpirationTime FROM T_GMSystem WHERE Name='lenuta'
[12:19:26] UPDATE AccountCharacter SET GameIDC='lenuta' WHERE Id='alurosu'
[12:19:26] SELECT * FROM OptionData WHERE Name='lenuta'
[12:19:26] EXEC IGC_QuestExpUserInfoLoad_Fir 'lenuta'
[12:19:26] SELECT WCoinP, WCoinC, GoblinPoint FROM T_InGameShop_Point WHERE AccountID = 'alurosu'
[12:19:26] SELECT GUID, MemoTotal FROM T_FriendMain where Name = 'lenuta'
[12:19:26] SELECT SkillKey from OptionData where Name='lenuta'
[12:19:26] EXEC IGC_SetSelectMuRummy 'alurosu', 'lenuta'
[12:19:26] SELECT FriendGuid, FriendName, Del FROM T_FriendList where GUID = 1002
[12:19:26] SELECT MuBotData FROM Character WHERE Name = 'lenuta'
[12:19:26] SELECT * FROM PetWarehouse WHERE Name= 'lenuta'
[12:19:26] SELECT Items from PetWarehouse WHERE Name= 'lenuta'
[12:19:26] SELECT FriendName FROM T_WaitFriend where GUID=1002
[12:19:26] SELECT * FROM T_Event_Inventory WHERE Name = 'lenuta'
[12:19:26] SELECT Inventory FROM T_Event_Inventory WHERE Name = 'lenuta'
[12:19:26] SELECT MemoIndex, FriendName, wDate, Subject, bRead FROM T_FriendMail where GUID=1002
[12:19:26] EXEC IGC_PeriodItemExpiredItemSelectEx 1, 'lenuta'
[12:19:26] EXEC IGC_GetGuildMatchingAcceptNRejectInfo 'lenuta'
[12:19:26] EXEC IGC_PeriodItemSelectEx 1, 'lenuta'
[12:19:26] EXEC IGC_GensLoad 'lenuta'
[12:19:26] EXEC IGC_LuckyItemSelect 'lenuta'
[12:19:26] EXEC IGC_PeriodBuffSelect 'lenuta'
[12:19:26] EXEC IGC_GensAbuseLoad 'lenuta'
[12:19:26] EXEC IGC_PentagramInfoSelect 1, 'alurosu', 'lenuta', 0
[12:19:26] EXEC IGC_PentagramInfoSelect 1, 'alurosu', 'lenuta', 1
[12:19:26] SELECT G_Name, G_Level, G_Status FROM GuildMember where Name='lenuta'
[12:19:26] EXEC IGC_PShopItemValueInfoLoad 'alurosu', 'lenuta'
[12:19:26] EXEC IGC_MineSystem_Select_UPTUserInfo 'lenuta'
[12:19:26] EXEC IGC_GremoryCase_GetItemList 'alurosu', 'lenuta'
[12:19:26] EXEC IGC_BattleCore_GetUserInfo 'alurosu', 'lenuta', 0, 0
