[16:08:23] SELECT ItemCount FROM GameServerInfo WHERE Number = 0
[16:08:23] SELECT * FROM Guild
[16:08:23] SELECT GensRankingMonth FROM GameServerInfo WHERE Number=0
[16:08:23] SELECT * From IGC_Gens WHERE Influence=1 ORDER By Points DESC
[16:08:23] SELECT * From IGC_Gens WHERE Influence=2 ORDER By Points DESC
[16:08:23] EXEC IGC_DeleteAllPartyMatchingList
[16:08:28] SELECT * FROM DefaultClassType
[16:08:29] EXEC IGC_ArcaBattleWinGuildSelect
[16:08:29] EXEC IGC_ArcaBattleProcSelect
[16:08:58] SELECT * FROM MEMB_INFO WHERE memb___id='alurosu'
[16:08:58] SELECT memb__pwd from MEMB_INFO where memb___id='alurosu'
[16:08:58] SELECT * FROM IGC_MachineID_Banned WHERE HWID = ''
[16:08:58] INSERT INTO ConnectionHistory (AccountID, ServerName, IP, Date, State, HWID) Values('alurosu','Regular','192.168.0.103', GETDATE(), 'Connect', '')
[16:08:58] EXEC WZ_CONNECT_MEMB 'alurosu','Regular','192.168.0.103'
[16:08:58] EXEC VIPSystem_CheckAccount 'alurosu'
[16:08:58] SELECT Id FROM AccountCharacter WHERE Id='alurosu'
[16:08:58] SELECT * FROM AccountCharacter WHERE Id='alurosu'
[16:08:58] SELECT WarehouseExpansion, Summoner, RageFighter, SecCode FROM AccountCharacter WHERE Id='alurosu'
[16:08:58] SELECT cLevel, Class, CtlCode FROM vCharacterPreview WHERE Name='alurosu'
[16:08:58] SELECT Inventory FROM Character WHERE Name='alurosu'
[16:08:58] SELECT RESETS FROM Character WHERE Name='alurosu'
[16:08:58] SELECT G_Status FROM GuildMember WHERE Name='alurosu'
[16:09:00] SELECT * FROM AccountCharacter WHERE Id = 'alurosu'
[16:09:00] SELECT WarehouseExpansion FROM AccountCharacter WHERE Id = 'alurosu'
[16:09:00] SELECT cLevel, mLevel, Class, LevelUpPoint, mlPoint, Experience, mlExperience, mlNextExp, Strength, Dexterity, Vitality, Energy, Money, Life, MaxLife, Mana, MaxMana, MapNumber, MapPosX, MapPosY, MapDir, PkCount, PkLevel, PkTime, CtlCode, Leadership, ChatLimitTime, FruitPoint, RESETS, Married, MarryName, InventoryExpansion, WinDuels, LoseDuels, BlockChatTime, PenaltyMask FROM Character WHERE Name='alurosu' AND AccountID='alurosu'
[16:09:00] SELECT Inventory from Character where Name='alurosu'
[16:09:00] SELECT MagicList from Character where Name='alurosu'
[16:09:00] SELECT Quest from Character where Name='alurosu'
[16:09:00] SELECT AuthorityMask, DATEDIFF(DAY, GETDATE(), Expiry) AS ExpirationTime FROM T_GMSystem WHERE Name='alurosu'
[16:09:00] UPDATE AccountCharacter SET GameIDC='alurosu' WHERE Id='alurosu'
[16:09:00] SELECT * FROM OptionData WHERE Name='alurosu'
[16:09:00] SELECT WCoinP, WCoinC, GoblinPoint FROM T_InGameShop_Point WHERE AccountID = 'alurosu'
[16:09:00] EXEC IGC_QuestExpUserInfoLoad_Fir 'alurosu'
[16:09:00] SELECT GUID, MemoTotal FROM T_FriendMain where Name = 'alurosu'
[16:09:00] SELECT SkillKey from OptionData where Name='alurosu'
[16:09:00] EXEC IGC_QuestExpUserInfoLoad_Sec 'alurosu', 1, ?, ?, ?
[16:09:00] EXEC IGC_SetSelectMuRummy 'alurosu', 'alurosu'
[16:09:00] SELECT MuBotData FROM Character WHERE Name = 'alurosu'
[16:09:00] SELECT FriendGuid, FriendName, Del FROM T_FriendList where GUID = 1
[16:09:00] SELECT * FROM PetWarehouse WHERE Name= 'alurosu'
[16:09:00] SELECT FriendName FROM T_WaitFriend where GUID=1
[16:09:00] SELECT Items from PetWarehouse WHERE Name= 'alurosu'
[16:09:00] SELECT MemoIndex, FriendName, wDate, Subject, bRead FROM T_FriendMail where GUID=1
[16:09:00] SELECT * FROM T_Event_Inventory WHERE Name = 'alurosu'
[16:09:00] EXEC IGC_GetGuildMatchingAcceptNRejectInfo 'alurosu'
[16:09:00] SELECT Inventory FROM T_Event_Inventory WHERE Name = 'alurosu'
[16:09:00] EXEC IGC_PeriodItemExpiredItemSelectEx 1, 'alurosu'
[16:09:00] EXEC IGC_GensLoad 'alurosu'
[16:09:00] EXEC IGC_GensAbuseLoad 'alurosu'
[16:09:00] EXEC IGC_PeriodItemSelectEx 1, 'alurosu'
[16:09:00] EXEC IGC_LuckyItemSelect 'alurosu'
[16:09:00] SELECT G_Name, G_Level, G_Status FROM GuildMember where Name='alurosu'
[16:09:00] EXEC IGC_PeriodBuffSelect 'alurosu'
[16:09:00] EXEC IGC_PentagramInfoSelect 1, 'alurosu', 'alurosu', 0
[16:09:00] EXEC IGC_PentagramInfoSelect 1, 'alurosu', 'alurosu', 1
[16:09:00] EXEC IGC_PShopItemValueInfoLoad 'alurosu', 'alurosu'
[16:09:00] EXEC IGC_MineSystem_Select_UPTUserInfo 'alurosu'
[16:09:00] EXEC IGC_GremoryCase_GetItemList 'alurosu', 'alurosu'
[16:09:00] EXEC IGC_BattleCore_GetUserInfo 'alurosu', 'alurosu', 0, 0
[16:09:36] SELECT AccountID FROM warehouse WHERE AccountID='alurosu'
[16:09:36] INSERT INTO warehouse (AccountID, Money, EndUseDate, WHOpen) VALUES ('alurosu',0, getdate(),1)
[16:09:37] UPDATE Character SET Inventory=? WHERE Name='alurosu'
[16:09:37] UPDATE warehouse SET Money=0, pw=0 WHERE AccountID='alurosu'
[16:09:37] UPDATE warehouse SET Items=? WHERE AccountID='alurosu'
[16:09:37] UPDATE warehouse set WHOpen = 0 WHERE AccountID='alurosu'
[16:10:19] WZ_GetItemSerial2 '3000'
[16:11:58] SELECT Name FROM OptionData WHERE Name='alurosu'
[16:11:58] UPDATE OptionData SET GameOption=9, Qkey=255, Wkey=255, Ekey=255, ChatWindow=38, Rkey=255, QWERLevel=0, EnableChangeMode=0 WHERE Name='alurosu'
[16:11:58] UPDATE OptionData SET SkillKey=? where Name='alurosu'
[16:11:59] UPDATE Character SET cLevel=400, mLevel=0, Class=18,LevelUpPoint=218, mlPoint=0, Experience=3892250000, mlExperience=0, mlNextExp=35507050, Strength=4000, Dexterity=295, Vitality=300, Energy=300, Money=480071600, Life=1733.000000, MaxLife=1733.000000, Mana=509.000000, MaxMana=509.000000, MapNumber=51, MapPosX=53, MapPosY=224, MapDir=2, PkCount=0, PkLevel=3, PkTime=0, Leadership=0, ChatLimitTime=0, FruitPoint=0, RESETS = 0, Married = 0, MarryName = '', WinDuels=0, LoseDuels=0, BlockChatTime=0, PenaltyMask=0 WHERE Name = 'alurosu'
[16:11:59] EXEC IGC_DeleteWaitPartyMatchingList 'alurosu'
[16:11:59] INSERT INTO ConnectionHistory (AccountID, ServerName, IP, Date, State, HWID) Values('alurosu','Regular','', GETDATE(), 'Disconnect', 'N/A')
[16:11:59] UPDATE T_Event_Inventory SET Inventory=? WHERE Name = 'alurosu'
[16:11:59] EXEC WZ_DISCONNECT_MEMB 'alurosu'
[16:11:59] UPDATE PetWarehouse SET Items=? WHERE Name='alurosu'
[16:11:59] UPDATE Character SET Inventory=? WHERE Name='alurosu'
[16:11:59] UPDATE Character SET MagicList=? WHERE Name='alurosu'
[16:11:59] UPDATE Character SET Quest=? WHERE Name='alurosu'
[16:12:54] SELECT * FROM MEMB_INFO WHERE memb___id='alurosu'
[16:12:54] SELECT memb__pwd from MEMB_INFO where memb___id='alurosu'
[16:12:54] SELECT * FROM IGC_MachineID_Banned WHERE HWID = ''
[16:12:54] INSERT INTO ConnectionHistory (AccountID, ServerName, IP, Date, State, HWID) Values('alurosu','Regular','192.168.0.103', GETDATE(), 'Connect', '')
[16:12:54] EXEC WZ_CONNECT_MEMB 'alurosu','Regular','192.168.0.103'
[16:12:54] EXEC VIPSystem_CheckAccount 'alurosu'
[16:12:54] SELECT Id FROM AccountCharacter WHERE Id='alurosu'
[16:12:54] SELECT * FROM AccountCharacter WHERE Id='alurosu'
[16:12:54] SELECT WarehouseExpansion, Summoner, RageFighter, SecCode FROM AccountCharacter WHERE Id='alurosu'
[16:12:54] SELECT cLevel, Class, CtlCode FROM vCharacterPreview WHERE Name='alurosu'
[16:12:54] SELECT Inventory FROM Character WHERE Name='alurosu'
[16:12:54] SELECT RESETS FROM Character WHERE Name='alurosu'
[16:12:54] SELECT G_Status FROM GuildMember WHERE Name='alurosu'
[16:12:56] SELECT * FROM AccountCharacter WHERE Id = 'alurosu'
[16:12:56] SELECT WarehouseExpansion FROM AccountCharacter WHERE Id = 'alurosu'
[16:12:56] SELECT cLevel, mLevel, Class, LevelUpPoint, mlPoint, Experience, mlExperience, mlNextExp, Strength, Dexterity, Vitality, Energy, Money, Life, MaxLife, Mana, MaxMana, MapNumber, MapPosX, MapPosY, MapDir, PkCount, PkLevel, PkTime, CtlCode, Leadership, ChatLimitTime, FruitPoint, RESETS, Married, MarryName, InventoryExpansion, WinDuels, LoseDuels, BlockChatTime, PenaltyMask FROM Character WHERE Name='alurosu' AND AccountID='alurosu'
[16:12:56] SELECT Inventory from Character where Name='alurosu'
[16:12:56] SELECT MagicList from Character where Name='alurosu'
[16:12:56] SELECT Quest from Character where Name='alurosu'
[16:12:56] SELECT AuthorityMask, DATEDIFF(DAY, GETDATE(), Expiry) AS ExpirationTime FROM T_GMSystem WHERE Name='alurosu'
[16:12:56] UPDATE AccountCharacter SET GameIDC='alurosu' WHERE Id='alurosu'
[16:12:56] SELECT * FROM OptionData WHERE Name='alurosu'
[16:12:56] EXEC IGC_QuestExpUserInfoLoad_Fir 'alurosu'
[16:12:56] SELECT GUID, MemoTotal FROM T_FriendMain where Name = 'alurosu'
[16:12:56] SELECT WCoinP, WCoinC, GoblinPoint FROM T_InGameShop_Point WHERE AccountID = 'alurosu'
[16:12:56] SELECT SkillKey from OptionData where Name='alurosu'
[16:12:56] EXEC IGC_QuestExpUserInfoLoad_Sec 'alurosu', 1, ?, ?, ?
[16:12:56] SELECT FriendGuid, FriendName, Del FROM T_FriendList where GUID = 1
[16:12:56] SELECT MuBotData FROM Character WHERE Name = 'alurosu'
[16:12:56] EXEC IGC_SetSelectMuRummy 'alurosu', 'alurosu'
[16:12:56] SELECT FriendName FROM T_WaitFriend where GUID=1
[16:12:56] SELECT MemoIndex, FriendName, wDate, Subject, bRead FROM T_FriendMail where GUID=1
[16:12:56] SELECT * FROM PetWarehouse WHERE Name= 'alurosu'
[16:12:56] SELECT Items from PetWarehouse WHERE Name= 'alurosu'
[16:12:56] EXEC IGC_GetGuildMatchingAcceptNRejectInfo 'alurosu'
[16:12:56] SELECT * FROM T_Event_Inventory WHERE Name = 'alurosu'
[16:12:56] EXEC IGC_GensLoad 'alurosu'
[16:12:56] SELECT Inventory FROM T_Event_Inventory WHERE Name = 'alurosu'
[16:12:56] EXEC IGC_PeriodItemExpiredItemSelectEx 1, 'alurosu'
[16:12:56] EXEC IGC_GensAbuseLoad 'alurosu'
[16:12:56] EXEC IGC_PeriodItemSelectEx 1, 'alurosu'
[16:12:56] SELECT G_Name, G_Level, G_Status FROM GuildMember where Name='alurosu'
[16:12:56] EXEC IGC_LuckyItemSelect 'alurosu'
[16:12:56] EXEC IGC_PeriodBuffSelect 'alurosu'
[16:12:56] EXEC IGC_PentagramInfoSelect 1, 'alurosu', 'alurosu', 0
[16:12:56] EXEC IGC_PentagramInfoSelect 1, 'alurosu', 'alurosu', 1
[16:12:56] EXEC IGC_PShopItemValueInfoLoad 'alurosu', 'alurosu'
[16:12:56] EXEC IGC_MineSystem_Select_UPTUserInfo 'alurosu'
[16:12:56] EXEC IGC_GremoryCase_GetItemList 'alurosu', 'alurosu'
[16:12:56] EXEC IGC_BattleCore_GetUserInfo 'alurosu', 'alurosu', 0, 0
[16:13:26] SELECT AccountID FROM warehouse WHERE AccountID='alurosu'
[16:13:26] UPDATE warehouse set WHOpen = 1 WHERE AccountID='alurosu'
[16:13:26] SELECT Money, pw FROM warehouse WHERE AccountID='alurosu'
[16:13:26] SELECT Items FROM warehouse WHERE AccountID='alurosu'
[16:13:27] UPDATE Character SET Inventory=? WHERE Name='alurosu'
[16:13:27] UPDATE warehouse SET Money=0, pw=0 WHERE AccountID='alurosu'
[16:13:27] UPDATE warehouse SET Items=? WHERE AccountID='alurosu'
[16:13:27] UPDATE warehouse set WHOpen = 0 WHERE AccountID='alurosu'
[16:14:36] SELECT WCoinP, WCoinC, GoblinPoint FROM T_InGameShop_Point WHERE AccountID = 'alurosu'
[16:14:36] EXEC WZ_IBS_GetItemsList 'alurosu', 1
[16:15:06] EXEC IGC_GensAdd 'alurosu', 1, 0
[16:15:06] EXEC IGC_GensSave 'alurosu', 10, 0
[16:15:06] EXEC IGC_GensLoad 'alurosu'
[16:15:20] SELECT AccountID FROM warehouse WHERE AccountID='alurosu'
[16:15:20] UPDATE warehouse set WHOpen = 1 WHERE AccountID='alurosu'
[16:15:20] SELECT Money, pw FROM warehouse WHERE AccountID='alurosu'
[16:15:20] SELECT Items FROM warehouse WHERE AccountID='alurosu'
[16:15:21] UPDATE Character SET Inventory=? WHERE Name='alurosu'
[16:15:21] UPDATE warehouse SET Money=0, pw=0 WHERE AccountID='alurosu'
[16:15:21] UPDATE warehouse SET Items=? WHERE AccountID='alurosu'
[16:15:21] UPDATE warehouse set WHOpen = 0 WHERE AccountID='alurosu'
[16:15:51] SELECT * FROM DefaultClassType
[16:15:52] EXEC IGC_ArcaBattleWinGuildSelect
[16:15:52] EXEC IGC_ArcaBattleProcSelect
[16:15:52] EXEC WZ_CS_GetCastleTotalInfo 1, 14
[16:15:52] EXEC WZ_CS_GetCastleNpcInfo 1
[16:15:52] EXEC WZ_CW_InfoLoad 1
[16:15:52] DELETE FROM MuCastle_NPC WHERE MAP_SVR_GROUP = 1
[16:15:52] EXEC WZ_CS_ReqNpcBuy 1, 283, 1, 0, 0, 1500000, 1500000, 94, 227, 1
[16:15:52] EXEC WZ_CS_ReqNpcBuy 1, 283, 2, 0, 0, 1500000, 1500000, 94, 182, 1
[16:15:52] EXEC WZ_CS_ReqNpcBuy 1, 283, 3, 0, 0, 1500000, 1500000, 82, 130, 1
[16:15:52] EXEC WZ_CS_ReqNpcBuy 1, 283, 4, 0, 0, 1500000, 1500000, 107, 130, 1
[16:15:52] EXEC WZ_CS_ReqNpcBuy 1, 277, 1, 0, 0, 1900000, 1900000, 93, 204, 1
[16:15:52] EXEC WZ_CS_ReqNpcBuy 1, 277, 2, 0, 0, 1900000, 1900000, 81, 161, 1
[16:15:52] EXEC WZ_CS_ReqNpcBuy 1, 277, 3, 0, 0, 1900000, 1900000, 107, 161, 1
[16:15:52] EXEC WZ_CS_ReqNpcBuy 1, 277, 4, 0, 0, 1900000, 1900000, 67, 114, 1
[16:15:52] EXEC WZ_CS_ReqNpcBuy 1, 277, 5, 0, 0, 1900000, 1900000, 93, 114, 1
[16:15:52] EXEC WZ_CS_ReqNpcBuy 1, 277, 6, 0, 0, 1900000, 1900000, 119, 114, 1
[16:15:52] EXEC WZ_CS_ResetCastleSiege 1
[16:15:56] UPDATE Character SET cLevel=400, mLevel=0, Class=18,LevelUpPoint=218, mlPoint=0, Experience=3892250000, mlExperience=0, mlNextExp=35507050, Strength=4000, Dexterity=295, Vitality=300, Energy=300, Money=480046600, Life=1070.000000, MaxLife=1733.000000, Mana=509.000000, MaxMana=509.000000, MapNumber=0, MapPosX=147, MapPosY=138, MapDir=1, PkCount=0, PkLevel=3, PkTime=0, Leadership=0, ChatLimitTime=0, FruitPoint=0, RESETS = 0, Married = 0, MarryName = '', WinDuels=0, LoseDuels=0, BlockChatTime=0, PenaltyMask=0 WHERE Name = 'alurosu'
[16:15:56] EXEC IGC_GensSave 'alurosu', 10, 0
[16:15:56] UPDATE T_Event_Inventory SET Inventory=? WHERE Name = 'alurosu'
[16:15:56] UPDATE Character SET Inventory=? WHERE Name='alurosu'
[16:15:56] DELETE FROM IGC_GensAbuse WHERE Name = 'alurosu'
[16:15:56] UPDATE Character SET MagicList=? WHERE Name='alurosu'
[16:15:56] UPDATE PetWarehouse SET Items=? WHERE Name='alurosu'
[16:15:56] UPDATE Character SET Quest=? WHERE Name='alurosu'
[16:15:56] EXEC IGC_DeleteWaitPartyMatchingList 'alurosu'
[16:16:02] SELECT * FROM MEMB_INFO WHERE memb___id='alurosu'
[16:16:02] SELECT * FROM AccountCharacter WHERE Id = 'alurosu'
[16:16:02] EXEC VIPSystem_CheckAccount 'alurosu'
[16:16:02] SELECT WarehouseExpansion FROM AccountCharacter WHERE Id = 'alurosu'
[16:16:02] SELECT cLevel, mLevel, Class, LevelUpPoint, mlPoint, Experience, mlExperience, mlNextExp, Strength, Dexterity, Vitality, Energy, Money, Life, MaxLife, Mana, MaxMana, MapNumber, MapPosX, MapPosY, MapDir, PkCount, PkLevel, PkTime, CtlCode, Leadership, ChatLimitTime, FruitPoint, RESETS, Married, MarryName, InventoryExpansion, WinDuels, LoseDuels, BlockChatTime, PenaltyMask FROM Character WHERE Name='alurosu' AND AccountID='alurosu'
[16:16:02] SELECT Inventory from Character where Name='alurosu'
[16:16:02] SELECT MagicList from Character where Name='alurosu'
[16:16:02] SELECT Quest from Character where Name='alurosu'
[16:16:02] SELECT AuthorityMask, DATEDIFF(DAY, GETDATE(), Expiry) AS ExpirationTime FROM T_GMSystem WHERE Name='alurosu'
[16:16:02] UPDATE AccountCharacter SET GameIDC='alurosu' WHERE Id='alurosu'
[16:16:02] SELECT * FROM OptionData WHERE Name='alurosu'
[16:16:02] SELECT WCoinP, WCoinC, GoblinPoint FROM T_InGameShop_Point WHERE AccountID = 'alurosu'
[16:16:02] SELECT GUID, MemoTotal FROM T_FriendMain where Name = 'alurosu'
[16:16:02] EXEC IGC_QuestExpUserInfoLoad_Fir 'alurosu'
[16:16:02] SELECT SkillKey from OptionData where Name='alurosu'
[16:16:02] SELECT FriendGuid, FriendName, Del FROM T_FriendList where GUID = 1
[16:16:02] EXEC IGC_QuestExpUserInfoLoad_Sec 'alurosu', 1, ?, ?, ?
[16:16:02] SELECT MuBotData FROM Character WHERE Name = 'alurosu'
[16:16:02] EXEC IGC_SetSelectMuRummy 'alurosu', 'alurosu'
[16:16:02] SELECT FriendName FROM T_WaitFriend where GUID=1
[16:16:02] SELECT MemoIndex, FriendName, wDate, Subject, bRead FROM T_FriendMail where GUID=1
[16:16:02] SELECT * FROM PetWarehouse WHERE Name= 'alurosu'
[16:16:02] EXEC IGC_GetGuildMatchingAcceptNRejectInfo 'alurosu'
[16:16:02] SELECT Items from PetWarehouse WHERE Name= 'alurosu'
[16:16:02] SELECT * FROM T_Event_Inventory WHERE Name = 'alurosu'
[16:16:02] EXEC IGC_GensLoad 'alurosu'
[16:16:02] SELECT Inventory FROM T_Event_Inventory WHERE Name = 'alurosu'
[16:16:02] EXEC IGC_PeriodItemExpiredItemSelectEx 1, 'alurosu'
[16:16:02] EXEC IGC_GensAbuseLoad 'alurosu'
[16:16:02] EXEC IGC_PeriodItemSelectEx 1, 'alurosu'
[16:16:02] SELECT G_Name, G_Level, G_Status FROM GuildMember where Name='alurosu'
[16:16:02] EXEC IGC_LuckyItemSelect 'alurosu'
[16:16:02] EXEC IGC_PeriodBuffSelect 'alurosu'
[16:16:02] EXEC IGC_PentagramInfoSelect 1, 'alurosu', 'alurosu', 0
[16:16:02] EXEC IGC_PentagramInfoSelect 1, 'alurosu', 'alurosu', 1
[16:16:02] EXEC IGC_PShopItemValueInfoLoad 'alurosu', 'alurosu'
[16:16:02] EXEC IGC_MineSystem_Select_UPTUserInfo 'alurosu'
[16:16:02] EXEC IGC_GremoryCase_GetItemList 'alurosu', 'alurosu'
[16:16:02] EXEC IGC_BattleCore_GetUserInfo 'alurosu', 'alurosu', 0, 0
[16:16:17] SELECT Name FROM OptionData WHERE Name='alurosu'
[16:16:17] UPDATE OptionData SET GameOption=9, Qkey=255, Wkey=255, Ekey=255, ChatWindow=38, Rkey=255, QWERLevel=4868, EnableChangeMode=0 WHERE Name='alurosu'
[16:16:17] UPDATE OptionData SET SkillKey=? where Name='alurosu'
[16:16:24] SELECT Name FROM OptionData WHERE Name='alurosu'
[16:16:24] UPDATE OptionData SET GameOption=9, Qkey=255, Wkey=255, Ekey=255, ChatWindow=38, Rkey=255, QWERLevel=4868, EnableChangeMode=0 WHERE Name='alurosu'
[16:16:24] UPDATE OptionData SET SkillKey=? where Name='alurosu'
[16:16:41] SELECT Name FROM OptionData WHERE Name='alurosu'
[16:16:41] UPDATE OptionData SET GameOption=9, Qkey=255, Wkey=255, Ekey=255, ChatWindow=38, Rkey=255, QWERLevel=0, EnableChangeMode=0 WHERE Name='alurosu'
[16:16:41] EXEC IGC_GensSave 'alurosu', 10, 0
[16:16:41] UPDATE T_Event_Inventory SET Inventory=? WHERE Name = 'alurosu'
[16:16:41] UPDATE OptionData SET SkillKey=? where Name='alurosu'
[16:16:41] UPDATE PetWarehouse SET Items=? WHERE Name='alurosu'
[16:16:41] DELETE FROM IGC_GensAbuse WHERE Name = 'alurosu'
[16:16:41] UPDATE Character SET cLevel=400, mLevel=0, Class=18,LevelUpPoint=218, mlPoint=0, Experience=3892250000, mlExperience=0, mlNextExp=35507050, Strength=4000, Dexterity=295, Vitality=300, Energy=300, Money=480030600, Life=1070.000000, MaxLife=1733.000000, Mana=509.000000, MaxMana=509.000000, MapNumber=30, MapPosX=135, MapPosY=39, MapDir=0, PkCount=0, PkLevel=3, PkTime=0, Leadership=0, ChatLimitTime=0, FruitPoint=0, RESETS = 0, Married = 0, MarryName = '', WinDuels=0, LoseDuels=0, BlockChatTime=0, PenaltyMask=0 WHERE Name = 'alurosu'
[16:16:41] UPDATE Character SET Inventory=? WHERE Name='alurosu'
[16:16:41] UPDATE Character SET MagicList=? WHERE Name='alurosu'
[16:16:41] UPDATE Character SET Quest=? WHERE Name='alurosu'
[16:16:41] EXEC IGC_DeleteWaitPartyMatchingList 'alurosu'
[16:16:46] SELECT * FROM MEMB_INFO WHERE memb___id='alurosu'
[16:16:46] SELECT * FROM AccountCharacter WHERE Id = 'alurosu'
[16:16:46] EXEC VIPSystem_CheckAccount 'alurosu'
[16:16:46] SELECT WarehouseExpansion FROM AccountCharacter WHERE Id = 'alurosu'
[16:16:46] SELECT cLevel, mLevel, Class, LevelUpPoint, mlPoint, Experience, mlExperience, mlNextExp, Strength, Dexterity, Vitality, Energy, Money, Life, MaxLife, Mana, MaxMana, MapNumber, MapPosX, MapPosY, MapDir, PkCount, PkLevel, PkTime, CtlCode, Leadership, ChatLimitTime, FruitPoint, RESETS, Married, MarryName, InventoryExpansion, WinDuels, LoseDuels, BlockChatTime, PenaltyMask FROM Character WHERE Name='alurosu' AND AccountID='alurosu'
[16:16:46] SELECT Inventory from Character where Name='alurosu'
[16:16:46] SELECT MagicList from Character where Name='alurosu'
[16:16:46] SELECT Quest from Character where Name='alurosu'
[16:16:46] SELECT AuthorityMask, DATEDIFF(DAY, GETDATE(), Expiry) AS ExpirationTime FROM T_GMSystem WHERE Name='alurosu'
[16:16:46] UPDATE AccountCharacter SET GameIDC='alurosu' WHERE Id='alurosu'
[16:16:46] SELECT * FROM OptionData WHERE Name='alurosu'
[16:16:46] SELECT WCoinP, WCoinC, GoblinPoint FROM T_InGameShop_Point WHERE AccountID = 'alurosu'
[16:16:46] SELECT GUID, MemoTotal FROM T_FriendMain where Name = 'alurosu'
[16:16:46] EXEC IGC_QuestExpUserInfoLoad_Fir 'alurosu'
[16:16:46] SELECT SkillKey from OptionData where Name='alurosu'
[16:16:46] SELECT FriendGuid, FriendName, Del FROM T_FriendList where GUID = 1
[16:16:46] EXEC IGC_QuestExpUserInfoLoad_Sec 'alurosu', 1, ?, ?, ?
[16:16:46] SELECT MuBotData FROM Character WHERE Name = 'alurosu'
[16:16:46] EXEC IGC_SetSelectMuRummy 'alurosu', 'alurosu'
[16:16:46] SELECT FriendName FROM T_WaitFriend where GUID=1
[16:16:46] SELECT * FROM PetWarehouse WHERE Name= 'alurosu'
[16:16:46] SELECT MemoIndex, FriendName, wDate, Subject, bRead FROM T_FriendMail where GUID=1
[16:16:46] SELECT Items from PetWarehouse WHERE Name= 'alurosu'
[16:16:46] EXEC IGC_GetGuildMatchingAcceptNRejectInfo 'alurosu'
[16:16:46] SELECT * FROM T_Event_Inventory WHERE Name = 'alurosu'
[16:16:46] SELECT Inventory FROM T_Event_Inventory WHERE Name = 'alurosu'
[16:16:46] EXEC IGC_GensLoad 'alurosu'
[16:16:46] EXEC IGC_PeriodItemExpiredItemSelectEx 1, 'alurosu'
[16:16:46] EXEC IGC_GensAbuseLoad 'alurosu'
[16:16:46] EXEC IGC_PeriodItemSelectEx 1, 'alurosu'
[16:16:46] SELECT G_Name, G_Level, G_Status FROM GuildMember where Name='alurosu'
[16:16:46] EXEC IGC_LuckyItemSelect 'alurosu'
[16:16:46] EXEC IGC_PeriodBuffSelect 'alurosu'
[16:16:46] EXEC IGC_PentagramInfoSelect 1, 'alurosu', 'alurosu', 0
[16:16:46] EXEC IGC_PentagramInfoSelect 1, 'alurosu', 'alurosu', 1
[16:16:46] EXEC IGC_PShopItemValueInfoLoad 'alurosu', 'alurosu'
[16:16:46] EXEC IGC_MineSystem_Select_UPTUserInfo 'alurosu'
[16:16:46] EXEC IGC_GremoryCase_GetItemList 'alurosu', 'alurosu'
[16:16:46] EXEC IGC_BattleCore_GetUserInfo 'alurosu', 'alurosu', 0, 0
[16:17:19] SELECT Name FROM OptionData WHERE Name='alurosu'
[16:17:19] UPDATE OptionData SET GameOption=9, Qkey=255, Wkey=255, Ekey=255, ChatWindow=38, Rkey=255, QWERLevel=5124, EnableChangeMode=0 WHERE Name='alurosu'
[16:17:19] UPDATE OptionData SET SkillKey=? where Name='alurosu'
[16:17:20] UPDATE Character SET cLevel=400, mLevel=0, Class=18,LevelUpPoint=218, mlPoint=0, Experience=3892250000, mlExperience=0, mlNextExp=35507050, Strength=4000, Dexterity=295, Vitality=300, Energy=300, Money=460829376, Life=1733.000000, MaxLife=1733.000000, Mana=509.000000, MaxMana=509.000000, MapNumber=80, MapPosX=135, MapPosY=125, MapDir=3, PkCount=0, PkLevel=3, PkTime=0, Leadership=0, ChatLimitTime=0, FruitPoint=0, RESETS = 0, Married = 0, MarryName = '', WinDuels=0, LoseDuels=0, BlockChatTime=0, PenaltyMask=0 WHERE Name = 'alurosu'
[16:17:20] EXEC IGC_DeleteWaitPartyMatchingList 'alurosu'
[16:17:20] INSERT INTO ConnectionHistory (AccountID, ServerName, IP, Date, State, HWID) Values('alurosu','Regular','', GETDATE(), 'Disconnect', 'N/A')
[16:17:20] UPDATE T_Event_Inventory SET Inventory=? WHERE Name = 'alurosu'
[16:17:20] EXEC IGC_GensSave 'alurosu', 10, 0
[16:17:20] EXEC WZ_DISCONNECT_MEMB 'alurosu'
[16:17:20] UPDATE PetWarehouse SET Items=? WHERE Name='alurosu'
[16:17:20] UPDATE Character SET Inventory=? WHERE Name='alurosu'
[16:17:20] DELETE FROM IGC_GensAbuse WHERE Name = 'alurosu'
[16:17:20] UPDATE Character SET MagicList=? WHERE Name='alurosu'
[16:17:20] UPDATE Character SET Quest=? WHERE Name='alurosu'
