[10:49:51] SELECT ItemCount FROM GameServerInfo WHERE Number = 0
[10:49:51] SELECT * FROM Guild
[10:49:51] SELECT GensRankingMonth FROM GameServerInfo WHERE Number=0
[10:49:51] SELECT * From IGC_Gens WHERE Influence=1 ORDER By Points DESC
[10:49:51] SELECT * From IGC_Gens WHERE Influence=2 ORDER By Points DESC
[10:49:51] EXEC IGC_DeleteAllPartyMatchingList
[10:49:56] SELECT * FROM DefaultClassType
[10:49:57] EXEC IGC_ArcaBattleWinGuildSelect
[10:49:57] EXEC IGC_ArcaBattleProcSelect
[10:50:29] SELECT * FROM MEMB_INFO WHERE memb___id='alurosu'
[10:50:29] SELECT memb__pwd from MEMB_INFO where memb___id='alurosu'
[10:50:29] SELECT * FROM IGC_MachineID_Banned WHERE HWID = ''
[10:50:29] INSERT INTO ConnectionHistory (AccountID, ServerName, IP, Date, State, HWID) Values('alurosu','Regular','192.168.0.103', GETDATE(), 'Connect', '')
[10:50:29] EXEC WZ_CONNECT_MEMB 'alurosu','Regular','192.168.0.103'
[10:50:29] EXEC VIPSystem_CheckAccount 'alurosu'
[10:50:29] SELECT Id FROM AccountCharacter WHERE Id='alurosu'
[10:50:29] INSERT INTO AccountCharacter (Id) VALUES ('alurosu')
[10:50:29] SELECT * FROM AccountCharacter WHERE Id='alurosu'
[10:50:29] SELECT WarehouseExpansion, Summoner, RageFighter, SecCode FROM AccountCharacter WHERE Id='alurosu'
[10:50:38] SELECT * FROM AccountCharacter WHERE Id='alurosu'
[10:50:38] WZ_CreateCharacter 'alurosu', 'alurosu', '16'
[10:50:38] UPDATE AccountCharacter SET GameID1='alurosu' WHERE Id='alurosu'
[10:50:38] SELECT cLevel FROM vCharacterPreview WHERE Name='alurosu'
[10:50:41] SELECT * FROM AccountCharacter WHERE Id = 'alurosu'
[10:50:41] SELECT WarehouseExpansion FROM AccountCharacter WHERE Id = 'alurosu'
[10:50:41] SELECT cLevel, mLevel, Class, LevelUpPoint, mlPoint, Experience, mlExperience, mlNextExp, Strength, Dexterity, Vitality, Energy, Money, Life, MaxLife, Mana, MaxMana, MapNumber, MapPosX, MapPosY, MapDir, PkCount, PkLevel, PkTime, CtlCode, Leadership, ChatLimitTime, FruitPoint, RESETS, Married, MarryName, InventoryExpansion, WinDuels, LoseDuels, BlockChatTime, PenaltyMask FROM Character WHERE Name='alurosu' AND AccountID='alurosu'
[10:50:41] SELECT Inventory from Character where Name='alurosu'
[10:50:41] SELECT MagicList from Character where Name='alurosu'
[10:50:41] SELECT Quest from Character where Name='alurosu'
[10:50:41] SELECT AuthorityMask, DATEDIFF(DAY, GETDATE(), Expiry) AS ExpirationTime FROM T_GMSystem WHERE Name='alurosu'
[10:50:41] UPDATE AccountCharacter SET GameIDC='alurosu' WHERE Id='alurosu'
[10:50:41] SELECT * FROM OptionData WHERE Name='alurosu'
[10:50:41] SELECT WCoinP, WCoinC, GoblinPoint FROM T_InGameShop_Point WHERE AccountID = 'alurosu'
[10:50:41] SELECT GUID, MemoTotal FROM T_FriendMain where Name = 'alurosu'
[10:50:41] SELECT MuBotData FROM Character WHERE Name = 'alurosu'
[10:50:41] EXEC IGC_QuestExpUserInfoLoad_Fir 'alurosu'
[10:50:41] EXEC WZ_UserGuidCreate 'alurosu'
[10:50:41] EXEC IGC_SetSelectMuRummy 'alurosu', 'alurosu'
[10:50:41] SELECT GUID, MemoTotal FROM T_FriendMain where Name = 'alurosu'
[10:50:41] SELECT FriendGuid, FriendName, Del FROM T_FriendList where GUID = 1
[10:50:41] SELECT * FROM PetWarehouse WHERE Name= 'alurosu'
[10:50:41] SELECT FriendName FROM T_WaitFriend where GUID=1
[10:50:41] INSERT INTO PetWarehouse (AccountID,Name,DbVersion,SubEquip) VALUES ('alurosu', 'alurosu','3','0')
[10:50:41] UPDATE PetWarehouse SET Items=? WHERE Name='alurosu'
[10:50:41] SELECT MemoIndex, FriendName, wDate, Subject, bRead FROM T_FriendMail where GUID=1
[10:50:41] EXEC IGC_GetGuildMatchingAcceptNRejectInfo 'alurosu'
[10:50:41] SELECT * FROM T_Event_Inventory WHERE Name = 'alurosu'
[10:50:41] INSERT INTO T_Event_Inventory (AccountID, Name) VALUES ('alurosu', 'alurosu')
[10:50:41] EXEC IGC_GensLoad 'alurosu'
[10:50:41] UPDATE T_Event_Inventory SET Inventory=? WHERE Name = 'alurosu'
[10:50:41] EXEC IGC_GensAbuseLoad 'alurosu'
[10:50:41] EXEC IGC_PeriodItemExpiredItemSelectEx 1, 'alurosu'
[10:50:41] EXEC IGC_PeriodItemSelectEx 1, 'alurosu'
[10:50:41] SELECT G_Name, G_Level, G_Status FROM GuildMember where Name='alurosu'
[10:50:41] EXEC IGC_LuckyItemSelect 'alurosu'
[10:50:41] EXEC IGC_PeriodBuffSelect 'alurosu'
[10:50:41] EXEC IGC_PentagramInfoSelect 1, 'alurosu', 'alurosu', 0
[10:50:41] EXEC IGC_PentagramInfoSelect 1, 'alurosu', 'alurosu', 1
[10:50:41] EXEC IGC_PShopItemValueInfoLoad 'alurosu', 'alurosu'
[10:50:41] EXEC IGC_MineSystem_Select_UPTUserInfo 'alurosu'
[10:50:41] EXEC IGC_GremoryCase_GetItemList 'alurosu', 'alurosu'
[10:50:41] EXEC IGC_BattleCore_GetUserInfo 'alurosu', 'alurosu', 0, 0
[10:51:38] SELECT Name FROM OptionData WHERE Name='alurosu'
[10:51:38] INSERT INTO OptionData (Name, GameOption, Qkey, Wkey, Ekey, ChatWindow, Rkey, QWERLevel, EnableChangeMode) VALUES ('alurosu', 29, 255, 255, 255, 22, 255, 0, 0)
[10:51:38] UPDATE OptionData SET SkillKey=? where Name='alurosu'
[10:51:38] WZ_GetItemSerial2 '3000'
[10:51:38] EXEC IGC_DeleteWaitPartyMatchingList 'alurosu'
[10:51:38] UPDATE Character SET cLevel=2, mLevel=0, Class=16,LevelUpPoint=5005, mlPoint=0, Experience=100, mlExperience=0, mlNextExp=35507050, Strength=28, Dexterity=20, Vitality=25, Energy=10, Money=500000000, Life=112.000000, MaxLife=112.000000, Mana=20.000000, MaxMana=20.000000, MapNumber=0, MapPosX=189, MapPosY=129, MapDir=2, PkCount=0, PkLevel=3, PkTime=0, Leadership=0, ChatLimitTime=0, FruitPoint=0, RESETS = 0, Married = 0, MarryName = '', WinDuels=0, LoseDuels=0, BlockChatTime=0, PenaltyMask=0 WHERE Name = 'alurosu'
[10:51:38] UPDATE T_Event_Inventory SET Inventory=? WHERE Name = 'alurosu'
[10:51:38] INSERT INTO ConnectionHistory (AccountID, ServerName, IP, Date, State, HWID) Values('alurosu','Regular','', GETDATE(), 'Disconnect', 'N/A')
[10:51:38] EXEC WZ_DISCONNECT_MEMB 'alurosu'
[10:51:38] UPDATE Character SET Inventory=? WHERE Name='alurosu'
[10:51:38] UPDATE PetWarehouse SET Items=? WHERE Name='alurosu'
[10:51:38] UPDATE Character SET MagicList=? WHERE Name='alurosu'
[10:51:38] UPDATE Character SET Quest=? WHERE Name='alurosu'
