[10:54:19] SELECT ItemCount FROM GameServerInfo WHERE Number = 0
[10:54:19] SELECT * FROM Guild
[10:54:19] SELECT GensRankingMonth FROM GameServerInfo WHERE Number=0
[10:54:19] SELECT * From IGC_Gens WHERE Influence=1 ORDER By Points DESC
[10:54:19] SELECT * From IGC_Gens WHERE Influence=2 ORDER By Points DESC
[10:54:19] EXEC IGC_DeleteAllPartyMatchingList
[10:54:24] SELECT * FROM DefaultClassType
[10:54:25] EXEC IGC_ArcaBattleWinGuildSelect
[10:54:25] EXEC IGC_ArcaBattleProcSelect
[10:54:48] SELECT * FROM MEMB_INFO WHERE memb___id='alurosu'
[10:54:48] SELECT memb__pwd from MEMB_INFO where memb___id='alurosu'
[10:54:48] SELECT * FROM IGC_MachineID_Banned WHERE HWID = ''
[10:54:48] INSERT INTO ConnectionHistory (AccountID, ServerName, IP, Date, State, HWID) Values('alurosu','Regular','192.168.0.103', GETDATE(), 'Connect', '')
[10:54:48] EXEC WZ_CONNECT_MEMB 'alurosu','Regular','192.168.0.103'
[10:54:48] EXEC VIPSystem_CheckAccount 'alurosu'
[10:54:48] SELECT Id FROM AccountCharacter WHERE Id='alurosu'
[10:54:48] SELECT * FROM AccountCharacter WHERE Id='alurosu'
[10:54:48] SELECT WarehouseExpansion, Summoner, RageFighter, SecCode FROM AccountCharacter WHERE Id='alurosu'
[10:54:48] SELECT cLevel, Class, CtlCode FROM vCharacterPreview WHERE Name='alurosu'
[10:54:48] SELECT Inventory FROM Character WHERE Name='alurosu'
[10:54:48] SELECT RESETS FROM Character WHERE Name='alurosu'
[10:54:48] SELECT G_Status FROM GuildMember WHERE Name='alurosu'
[10:54:50] SELECT * FROM AccountCharacter WHERE Id = 'alurosu'
[10:54:50] SELECT WarehouseExpansion FROM AccountCharacter WHERE Id = 'alurosu'
[10:54:50] SELECT cLevel, mLevel, Class, LevelUpPoint, mlPoint, Experience, mlExperience, mlNextExp, Strength, Dexterity, Vitality, Energy, Money, Life, MaxLife, Mana, MaxMana, MapNumber, MapPosX, MapPosY, MapDir, PkCount, PkLevel, PkTime, CtlCode, Leadership, ChatLimitTime, FruitPoint, RESETS, Married, MarryName, InventoryExpansion, WinDuels, LoseDuels, BlockChatTime, PenaltyMask FROM Character WHERE Name='alurosu' AND AccountID='alurosu'
[10:54:50] SELECT Inventory from Character where Name='alurosu'
[10:54:50] SELECT MagicList from Character where Name='alurosu'
[10:54:50] SELECT Quest from Character where Name='alurosu'
[10:54:50] SELECT AuthorityMask, DATEDIFF(DAY, GETDATE(), Expiry) AS ExpirationTime FROM T_GMSystem WHERE Name='alurosu'
[10:54:50] UPDATE AccountCharacter SET GameIDC='alurosu' WHERE Id='alurosu'
[10:54:50] SELECT * FROM OptionData WHERE Name='alurosu'
[10:54:50] SELECT SkillKey from OptionData where Name='alurosu'
[10:54:50] SELECT WCoinP, WCoinC, GoblinPoint FROM T_InGameShop_Point WHERE AccountID = 'alurosu'
[10:54:50] EXEC IGC_QuestExpUserInfoLoad_Fir 'alurosu'
[10:54:50] SELECT MuBotData FROM Character WHERE Name = 'alurosu'
[10:54:50] SELECT GUID, MemoTotal FROM T_FriendMain where Name = 'alurosu'
[10:54:50] EXEC IGC_SetSelectMuRummy 'alurosu', 'alurosu'
[10:54:50] SELECT FriendGuid, FriendName, Del FROM T_FriendList where GUID = 1
[10:54:50] SELECT * FROM PetWarehouse WHERE Name= 'alurosu'
[10:54:50] SELECT FriendName FROM T_WaitFriend where GUID=1
[10:54:50] SELECT Items from PetWarehouse WHERE Name= 'alurosu'
[10:54:50] SELECT MemoIndex, FriendName, wDate, Subject, bRead FROM T_FriendMail where GUID=1
[10:54:50] EXEC IGC_GetGuildMatchingAcceptNRejectInfo 'alurosu'
[10:54:50] SELECT * FROM T_Event_Inventory WHERE Name = 'alurosu'
[10:54:50] SELECT Inventory FROM T_Event_Inventory WHERE Name = 'alurosu'
[10:54:50] EXEC IGC_GensLoad 'alurosu'
[10:54:50] EXEC IGC_PeriodItemExpiredItemSelectEx 1, 'alurosu'
[10:54:50] EXEC IGC_PeriodItemSelectEx 1, 'alurosu'
[10:54:50] EXEC IGC_GensAbuseLoad 'alurosu'
[10:54:50] EXEC IGC_LuckyItemSelect 'alurosu'
[10:54:50] EXEC IGC_PeriodBuffSelect 'alurosu'
[10:54:50] SELECT G_Name, G_Level, G_Status FROM GuildMember where Name='alurosu'
[10:54:50] EXEC IGC_PentagramInfoSelect 1, 'alurosu', 'alurosu', 0
[10:54:50] EXEC IGC_PentagramInfoSelect 1, 'alurosu', 'alurosu', 1
[10:54:50] EXEC IGC_PShopItemValueInfoLoad 'alurosu', 'alurosu'
[10:54:50] EXEC IGC_MineSystem_Select_UPTUserInfo 'alurosu'
[10:54:50] EXEC IGC_GremoryCase_GetItemList 'alurosu', 'alurosu'
[10:54:50] EXEC IGC_BattleCore_GetUserInfo 'alurosu', 'alurosu', 0, 0
[10:54:57] SELECT WCoinP, WCoinC, GoblinPoint FROM T_InGameShop_Point WHERE AccountID = 'alurosu'
[10:54:57] EXEC WZ_IBS_GetItemsList 'alurosu', 1
[10:55:01] SELECT WCoinP, WCoinC, GoblinPoint FROM T_InGameShop_Point WHERE AccountID = 'alurosu'
[10:55:01] EXEC WZ_IBS_GetItemsList 'alurosu', 1
[10:56:07] SELECT Name FROM OptionData WHERE Name='alurosu'
[10:56:07] UPDATE OptionData SET GameOption=29, Qkey=255, Wkey=255, Ekey=255, ChatWindow=22, Rkey=255, QWERLevel=0, EnableChangeMode=0 WHERE Name='alurosu'
[10:56:07] UPDATE OptionData SET SkillKey=? where Name='alurosu'
[10:56:08] EXEC IGC_DeleteWaitPartyMatchingList 'alurosu'
[10:56:08] UPDATE Character SET cLevel=2, mLevel=0, Class=16,LevelUpPoint=5005, mlPoint=0, Experience=100, mlExperience=0, mlNextExp=35507050, Strength=28, Dexterity=20, Vitality=25, Energy=10, Money=500000000, Life=65.000000, MaxLife=112.000000, Mana=20.000000, MaxMana=20.000000, MapNumber=0, MapPosX=134, MapPosY=92, MapDir=3, PkCount=0, PkLevel=3, PkTime=0, Leadership=0, ChatLimitTime=0, FruitPoint=0, RESETS = 0, Married = 0, MarryName = '', WinDuels=0, LoseDuels=0, BlockChatTime=0, PenaltyMask=0 WHERE Name = 'alurosu'
[10:56:08] INSERT INTO ConnectionHistory (AccountID, ServerName, IP, Date, State, HWID) Values('alurosu','Regular','', GETDATE(), 'Disconnect', 'N/A')
[10:56:08] EXEC WZ_DISCONNECT_MEMB 'alurosu'
[10:56:08] UPDATE T_Event_Inventory SET Inventory=? WHERE Name = 'alurosu'
[10:56:08] UPDATE Character SET Inventory=? WHERE Name='alurosu'
[10:56:08] UPDATE Character SET MagicList=? WHERE Name='alurosu'
[10:56:08] UPDATE PetWarehouse SET Items=? WHERE Name='alurosu'
[10:56:08] UPDATE Character SET Quest=? WHERE Name='alurosu'
[10:57:20] SELECT * FROM MEMB_INFO WHERE memb___id='alurosu'
[10:57:20] SELECT memb__pwd from MEMB_INFO where memb___id='alurosu'
[10:57:20] SELECT * FROM IGC_MachineID_Banned WHERE HWID = ''
[10:57:20] INSERT INTO ConnectionHistory (AccountID, ServerName, IP, Date, State, HWID) Values('alurosu','Regular','192.168.0.103', GETDATE(), 'Connect', '')
[10:57:20] EXEC WZ_CONNECT_MEMB 'alurosu','Regular','192.168.0.103'
[10:57:20] EXEC VIPSystem_CheckAccount 'alurosu'
[10:57:20] SELECT Id FROM AccountCharacter WHERE Id='alurosu'
[10:57:20] SELECT * FROM AccountCharacter WHERE Id='alurosu'
[10:57:20] SELECT WarehouseExpansion, Summoner, RageFighter, SecCode FROM AccountCharacter WHERE Id='alurosu'
[10:57:20] SELECT cLevel, Class, CtlCode FROM vCharacterPreview WHERE Name='alurosu'
[10:57:20] SELECT Inventory FROM Character WHERE Name='alurosu'
[10:57:20] SELECT RESETS FROM Character WHERE Name='alurosu'
[10:57:20] SELECT G_Status FROM GuildMember WHERE Name='alurosu'
[10:57:21] SELECT * FROM AccountCharacter WHERE Id = 'alurosu'
[10:57:21] SELECT WarehouseExpansion FROM AccountCharacter WHERE Id = 'alurosu'
[10:57:21] SELECT cLevel, mLevel, Class, LevelUpPoint, mlPoint, Experience, mlExperience, mlNextExp, Strength, Dexterity, Vitality, Energy, Money, Life, MaxLife, Mana, MaxMana, MapNumber, MapPosX, MapPosY, MapDir, PkCount, PkLevel, PkTime, CtlCode, Leadership, ChatLimitTime, FruitPoint, RESETS, Married, MarryName, InventoryExpansion, WinDuels, LoseDuels, BlockChatTime, PenaltyMask FROM Character WHERE Name='alurosu' AND AccountID='alurosu'
[10:57:21] SELECT Inventory from Character where Name='alurosu'
[10:57:21] SELECT MagicList from Character where Name='alurosu'
[10:57:21] SELECT Quest from Character where Name='alurosu'
[10:57:21] SELECT AuthorityMask, DATEDIFF(DAY, GETDATE(), Expiry) AS ExpirationTime FROM T_GMSystem WHERE Name='alurosu'
[10:57:21] UPDATE AccountCharacter SET GameIDC='alurosu' WHERE Id='alurosu'
[10:57:21] SELECT * FROM OptionData WHERE Name='alurosu'
[10:57:21] SELECT SkillKey from OptionData where Name='alurosu'
[10:57:21] SELECT MuBotData FROM Character WHERE Name = 'alurosu'
[10:57:21] SELECT GUID, MemoTotal FROM T_FriendMain where Name = 'alurosu'
[10:57:21] EXEC IGC_QuestExpUserInfoLoad_Fir 'alurosu'
[10:57:21] SELECT WCoinP, WCoinC, GoblinPoint FROM T_InGameShop_Point WHERE AccountID = 'alurosu'
[10:57:21] SELECT FriendGuid, FriendName, Del FROM T_FriendList where GUID = 1
[10:57:21] SELECT FriendName FROM T_WaitFriend where GUID=1
[10:57:21] EXEC IGC_SetSelectMuRummy 'alurosu', 'alurosu'
[10:57:21] SELECT MemoIndex, FriendName, wDate, Subject, bRead FROM T_FriendMail where GUID=1
[10:57:21] SELECT * FROM PetWarehouse WHERE Name= 'alurosu'
[10:57:21] EXEC IGC_GetGuildMatchingAcceptNRejectInfo 'alurosu'
[10:57:21] SELECT Items from PetWarehouse WHERE Name= 'alurosu'
[10:57:21] EXEC IGC_GensLoad 'alurosu'
[10:57:21] SELECT * FROM T_Event_Inventory WHERE Name = 'alurosu'
[10:57:21] SELECT Inventory FROM T_Event_Inventory WHERE Name = 'alurosu'
[10:57:21] EXEC IGC_GensAbuseLoad 'alurosu'
[10:57:21] EXEC IGC_PeriodItemExpiredItemSelectEx 1, 'alurosu'
[10:57:21] EXEC IGC_PeriodItemSelectEx 1, 'alurosu'
[10:57:21] EXEC IGC_LuckyItemSelect 'alurosu'
[10:57:21] SELECT G_Name, G_Level, G_Status FROM GuildMember where Name='alurosu'
[10:57:21] EXEC IGC_PeriodBuffSelect 'alurosu'
[10:57:21] EXEC IGC_PentagramInfoSelect 1, 'alurosu', 'alurosu', 0
[10:57:21] EXEC IGC_PentagramInfoSelect 1, 'alurosu', 'alurosu', 1
[10:57:21] EXEC IGC_PShopItemValueInfoLoad 'alurosu', 'alurosu'
[10:57:21] EXEC IGC_MineSystem_Select_UPTUserInfo 'alurosu'
[10:57:21] EXEC IGC_GremoryCase_GetItemList 'alurosu', 'alurosu'
[10:57:21] EXEC IGC_BattleCore_GetUserInfo 'alurosu', 'alurosu', 0, 0
[11:00:22] SELECT Name FROM OptionData WHERE Name='alurosu'
[11:00:22] UPDATE OptionData SET GameOption=29, Qkey=255, Wkey=255, Ekey=255, ChatWindow=22, Rkey=255, QWERLevel=0, EnableChangeMode=0 WHERE Name='alurosu'
[11:00:22] UPDATE OptionData SET SkillKey=? where Name='alurosu'
[11:00:23] EXEC IGC_DeleteWaitPartyMatchingList 'alurosu'
[11:00:23] UPDATE Character SET cLevel=2, mLevel=0, Class=16,LevelUpPoint=5005, mlPoint=0, Experience=100, mlExperience=0, mlNextExp=35507050, Strength=28, Dexterity=20, Vitality=25, Energy=10, Money=500000000, Life=112.000000, MaxLife=112.000000, Mana=20.000000, MaxMana=20.000000, MapNumber=0, MapPosX=123, MapPosY=133, MapDir=2, PkCount=0, PkLevel=3, PkTime=0, Leadership=0, ChatLimitTime=0, FruitPoint=0, RESETS = 0, Married = 0, MarryName = '', WinDuels=0, LoseDuels=0, BlockChatTime=0, PenaltyMask=0 WHERE Name = 'alurosu'
[11:00:23] INSERT INTO ConnectionHistory (AccountID, ServerName, IP, Date, State, HWID) Values('alurosu','Regular','', GETDATE(), 'Disconnect', 'N/A')
[11:00:23] UPDATE Character SET Inventory=? WHERE Name='alurosu'
[11:00:23] EXEC WZ_DISCONNECT_MEMB 'alurosu'
[11:00:23] UPDATE Character SET MagicList=? WHERE Name='alurosu'
[11:00:23] UPDATE T_Event_Inventory SET Inventory=? WHERE Name = 'alurosu'
[11:00:23] UPDATE Character SET Quest=? WHERE Name='alurosu'
[11:00:23] UPDATE PetWarehouse SET Items=? WHERE Name='alurosu'
