[09:12:01] SELECT ItemCount FROM GameServerInfo WHERE Number = 0
[09:12:01] SELECT * FROM Guild
[09:12:01] SELECT GensRankingMonth FROM GameServerInfo WHERE Number=0
[09:12:01] SELECT * From IGC_Gens WHERE Influence=1 ORDER By Points DESC
[09:12:01] UPDATE IGC_Gens SET Class=14 WHERE Name = 'alurosu'
[09:12:01] UPDATE IGC_Gens SET Rank=1 WHERE Name = 'alurosu'
[09:12:01] SELECT * From IGC_Gens WHERE Influence=2 ORDER By Points DESC
[09:12:01] EXEC IGC_DeleteAllPartyMatchingList
[09:12:05] SELECT * FROM DefaultClassType
[09:12:06] EXEC IGC_ArcaBattleWinGuildSelect
[09:12:06] EXEC IGC_ArcaBattleProcSelect
[09:12:37] SELECT * FROM MEMB_INFO WHERE memb___id='alurosu'
[09:12:37] SELECT memb__pwd from MEMB_INFO where memb___id='alurosu'
[09:12:37] SELECT * FROM IGC_MachineID_Banned WHERE HWID = ''
[09:12:37] INSERT INTO ConnectionHistory (AccountID, ServerName, IP, Date, State, HWID) Values('alurosu','Regular','192.168.0.103', GETDATE(), 'Connect', '')
[09:12:37] EXEC WZ_CONNECT_MEMB 'alurosu','Regular','192.168.0.103'
[09:12:37] EXEC VIPSystem_CheckAccount 'alurosu'
[09:12:37] SELECT Id FROM AccountCharacter WHERE Id='alurosu'
[09:12:37] SELECT * FROM AccountCharacter WHERE Id='alurosu'
[09:12:37] SELECT WarehouseExpansion, Summoner, RageFighter, SecCode FROM AccountCharacter WHERE Id='alurosu'
[09:12:37] SELECT cLevel, Class, CtlCode FROM vCharacterPreview WHERE Name='alurosu'
[09:12:37] SELECT Inventory FROM Character WHERE Name='alurosu'
[09:12:37] SELECT RESETS FROM Character WHERE Name='alurosu'
[09:12:37] SELECT G_Status FROM GuildMember WHERE Name='alurosu'
[09:12:39] SELECT * FROM AccountCharacter WHERE Id = 'alurosu'
[09:12:39] SELECT WarehouseExpansion FROM AccountCharacter WHERE Id = 'alurosu'
[09:12:39] SELECT cLevel, mLevel, Class, LevelUpPoint, mlPoint, Experience, mlExperience, mlNextExp, Strength, Dexterity, Vitality, Energy, Money, Life, MaxLife, Mana, MaxMana, MapNumber, MapPosX, MapPosY, MapDir, PkCount, PkLevel, PkTime, CtlCode, Leadership, ChatLimitTime, FruitPoint, RESETS, Married, MarryName, InventoryExpansion, WinDuels, LoseDuels, BlockChatTime, PenaltyMask FROM Character WHERE Name='alurosu' AND AccountID='alurosu'
[09:12:39] SELECT Inventory from Character where Name='alurosu'
[09:12:39] SELECT MagicList from Character where Name='alurosu'
[09:12:39] SELECT Quest from Character where Name='alurosu'
[09:12:39] SELECT AuthorityMask, DATEDIFF(DAY, GETDATE(), Expiry) AS ExpirationTime FROM T_GMSystem WHERE Name='alurosu'
[09:12:39] UPDATE AccountCharacter SET GameIDC='alurosu' WHERE Id='alurosu'
[09:12:39] SELECT * FROM OptionData WHERE Name='alurosu'
[09:12:39] SELECT WCoinP, WCoinC, GoblinPoint FROM T_InGameShop_Point WHERE AccountID = 'alurosu'
[09:12:39] SELECT GUID, MemoTotal FROM T_FriendMain where Name = 'alurosu'
[09:12:39] EXEC IGC_QuestExpUserInfoLoad_Fir 'alurosu'
[09:12:39] SELECT SkillKey from OptionData where Name='alurosu'
[09:12:39] SELECT MuBotData FROM Character WHERE Name = 'alurosu'
[09:12:39] SELECT FriendGuid, FriendName, Del FROM T_FriendList where GUID = 1
[09:12:39] EXEC IGC_SetSelectMuRummy 'alurosu', 'alurosu'
[09:12:39] EXEC IGC_QuestExpUserInfoLoad_Sec 'alurosu', 1, ?, ?, ?
[09:12:39] SELECT FriendName FROM T_WaitFriend where GUID=1
[09:12:39] SELECT * FROM PetWarehouse WHERE Name= 'alurosu'
[09:12:39] SELECT MemoIndex, FriendName, wDate, Subject, bRead FROM T_FriendMail where GUID=1
[09:12:39] SELECT Items from PetWarehouse WHERE Name= 'alurosu'
[09:12:39] EXEC IGC_GetGuildMatchingAcceptNRejectInfo 'alurosu'
[09:12:39] SELECT * FROM T_Event_Inventory WHERE Name = 'alurosu'
[09:12:39] SELECT Inventory FROM T_Event_Inventory WHERE Name = 'alurosu'
[09:12:39] EXEC IGC_GensLoad 'alurosu'
[09:12:39] EXEC IGC_PeriodItemExpiredItemSelectEx 1, 'alurosu'
[09:12:39] EXEC IGC_GensAbuseLoad 'alurosu'
[09:12:39] EXEC IGC_PeriodItemSelectEx 1, 'alurosu'
[09:12:39] SELECT G_Name, G_Level, G_Status FROM GuildMember where Name='alurosu'
[09:12:39] EXEC IGC_LuckyItemSelect 'alurosu'
[09:12:39] EXEC IGC_PeriodBuffSelect 'alurosu'
[09:12:39] EXEC IGC_PentagramInfoSelect 1, 'alurosu', 'alurosu', 0
[09:12:39] EXEC IGC_PentagramInfoSelect 1, 'alurosu', 'alurosu', 1
[09:12:39] EXEC IGC_PShopItemValueInfoLoad 'alurosu', 'alurosu'
[09:12:39] EXEC IGC_MineSystem_Select_UPTUserInfo 'alurosu'
[09:12:39] EXEC IGC_GremoryCase_GetItemList 'alurosu', 'alurosu'
[09:12:39] EXEC IGC_BattleCore_GetUserInfo 'alurosu', 'alurosu', 0, 0
[09:12:55] SELECT AccountID FROM warehouse WHERE AccountID='alurosu'
[09:12:55] UPDATE warehouse set WHOpen = 1 WHERE AccountID='alurosu'
[09:12:55] SELECT Money, pw FROM warehouse WHERE AccountID='alurosu'
[09:12:55] SELECT Items FROM warehouse WHERE AccountID='alurosu'
[09:12:57] UPDATE Character SET Inventory=? WHERE Name='alurosu'
[09:12:57] UPDATE warehouse SET Money=0, pw=0 WHERE AccountID='alurosu'
[09:12:57] UPDATE warehouse SET Items=? WHERE AccountID='alurosu'
[09:12:57] UPDATE warehouse set WHOpen = 0 WHERE AccountID='alurosu'
[09:22:31] UPDATE Character SET cLevel=400, mLevel=0, Class=18,LevelUpPoint=218, mlPoint=0, Experience=3892250000, mlExperience=0, mlNextExp=35507050, Strength=4000, Dexterity=295, Vitality=300, Energy=300, Money=460829376, Life=983.000000, MaxLife=1733.000000, Mana=509.000000, MaxMana=509.000000, MapNumber=80, MapPosX=137, MapPosY=134, MapDir=4, PkCount=0, PkLevel=3, PkTime=0, Leadership=0, ChatLimitTime=0, FruitPoint=0, RESETS = 0, Married = 0, MarryName = '', WinDuels=0, LoseDuels=0, BlockChatTime=0, PenaltyMask=0 WHERE Name = 'alurosu'
[09:22:31] EXEC IGC_GensSave 'alurosu', 10, 14
[09:22:31] UPDATE T_Event_Inventory SET Inventory=? WHERE Name = 'alurosu'
[09:22:31] UPDATE Character SET Inventory=? WHERE Name='alurosu'
[09:22:31] UPDATE PetWarehouse SET Items=? WHERE Name='alurosu'
[09:22:31] UPDATE Character SET MagicList=? WHERE Name='alurosu'
[09:22:31] DELETE FROM IGC_GensAbuse WHERE Name = 'alurosu'
[09:22:31] UPDATE Character SET Quest=? WHERE Name='alurosu'
[09:30:22] SELECT * FROM MEMB_INFO WHERE memb___id='test'
[09:30:22] SELECT memb__pwd from MEMB_INFO where memb___id='test'
[09:30:22] SELECT * FROM IGC_MachineID_Banned WHERE HWID = ''
[09:30:22] INSERT INTO ConnectionHistory (AccountID, ServerName, IP, Date, State, HWID) Values('test','Regular','192.168.0.103', GETDATE(), 'Connect', '')
[09:30:22] EXEC WZ_CONNECT_MEMB 'test','Regular','192.168.0.103'
[09:30:22] EXEC VIPSystem_CheckAccount 'test'
[09:30:22] SELECT Id FROM AccountCharacter WHERE Id='test'
[09:30:22] INSERT INTO AccountCharacter (Id) VALUES ('test')
[09:30:22] SELECT * FROM AccountCharacter WHERE Id='test'
[09:30:22] SELECT WarehouseExpansion, Summoner, RageFighter, SecCode FROM AccountCharacter WHERE Id='test'
[09:30:26] SELECT * FROM AccountCharacter WHERE Id='test'
[09:30:26] WZ_CreateCharacter 'test', 'test', '16'
[09:30:26] UPDATE AccountCharacter SET GameID1='test' WHERE Id='test'
[09:30:26] SELECT cLevel FROM vCharacterPreview WHERE Name='test'
[09:30:28] SELECT * FROM AccountCharacter WHERE Id = 'test'
[09:30:28] SELECT WarehouseExpansion FROM AccountCharacter WHERE Id = 'test'
[09:30:28] SELECT cLevel, mLevel, Class, LevelUpPoint, mlPoint, Experience, mlExperience, mlNextExp, Strength, Dexterity, Vitality, Energy, Money, Life, MaxLife, Mana, MaxMana, MapNumber, MapPosX, MapPosY, MapDir, PkCount, PkLevel, PkTime, CtlCode, Leadership, ChatLimitTime, FruitPoint, RESETS, Married, MarryName, InventoryExpansion, WinDuels, LoseDuels, BlockChatTime, PenaltyMask FROM Character WHERE Name='test' AND AccountID='test'
[09:30:28] SELECT Inventory from Character where Name='test'
[09:30:28] SELECT MagicList from Character where Name='test'
[09:30:28] SELECT Quest from Character where Name='test'
[09:30:28] SELECT AuthorityMask, DATEDIFF(DAY, GETDATE(), Expiry) AS ExpirationTime FROM T_GMSystem WHERE Name='test'
[09:30:28] UPDATE AccountCharacter SET GameIDC='test' WHERE Id='test'
[09:30:28] SELECT * FROM OptionData WHERE Name='test'
[09:30:28] SELECT WCoinP, WCoinC, GoblinPoint FROM T_InGameShop_Point WHERE AccountID = 'test'
[09:30:28] EXEC IGC_QuestExpUserInfoLoad_Fir 'test'
[09:30:28] SELECT GUID, MemoTotal FROM T_FriendMain where Name = 'test'
[09:30:28] SELECT MuBotData FROM Character WHERE Name = 'test'
[09:30:28] EXEC IGC_SetSelectMuRummy 'test', 'test'
[09:30:28] EXEC WZ_UserGuidCreate 'test'
[09:30:28] SELECT * FROM PetWarehouse WHERE Name= 'test'
[09:30:28] INSERT INTO PetWarehouse (AccountID,Name,DbVersion,SubEquip) VALUES ('test', 'test','3','0')
[09:30:28] SELECT GUID, MemoTotal FROM T_FriendMain where Name = 'test'
[09:30:28] SELECT FriendGuid, FriendName, Del FROM T_FriendList where GUID = 2
[09:30:28] UPDATE PetWarehouse SET Items=? WHERE Name='test'
[09:30:28] SELECT FriendName FROM T_WaitFriend where GUID=2
[09:30:28] SELECT * FROM T_Event_Inventory WHERE Name = 'test'
[09:30:28] SELECT MemoIndex, FriendName, wDate, Subject, bRead FROM T_FriendMail where GUID=2
[09:30:28] INSERT INTO T_Event_Inventory (AccountID, Name) VALUES ('test', 'test')
[09:30:28] EXEC IGC_GetGuildMatchingAcceptNRejectInfo 'test'
[09:30:28] UPDATE T_Event_Inventory SET Inventory=? WHERE Name = 'test'
[09:30:28] EXEC IGC_PeriodItemExpiredItemSelectEx 2, 'test'
[09:30:28] EXEC IGC_GensLoad 'test'
[09:30:28] EXEC IGC_GensAbuseLoad 'test'
[09:30:28] EXEC IGC_PeriodItemSelectEx 2, 'test'
[09:30:28] EXEC IGC_LuckyItemSelect 'test'
[09:30:28] SELECT G_Name, G_Level, G_Status FROM GuildMember where Name='test'
[09:30:28] EXEC IGC_PeriodBuffSelect 'test'
[09:30:28] EXEC IGC_PentagramInfoSelect 2, 'test', 'test', 0
[09:30:28] EXEC IGC_PentagramInfoSelect 2, 'test', 'test', 1
[09:30:28] EXEC IGC_PShopItemValueInfoLoad 'test', 'test'
[09:30:28] EXEC IGC_MineSystem_Select_UPTUserInfo 'test'
[09:30:28] EXEC IGC_GremoryCase_GetItemList 'test', 'test'
[09:30:28] EXEC IGC_BattleCore_GetUserInfo 'test', 'test', 0, 0
[09:30:52] SELECT Name FROM OptionData WHERE Name='test'
[09:30:52] INSERT INTO OptionData (Name, GameOption, Qkey, Wkey, Ekey, ChatWindow, Rkey, QWERLevel, EnableChangeMode) VALUES ('test', 29, 255, 255, 255, 22, 255, 0, 0)
[09:30:52] UPDATE OptionData SET SkillKey=? where Name='test'
[09:30:53] EXEC IGC_DeleteWaitPartyMatchingList 'test'
[09:30:53] UPDATE Character SET cLevel=1, mLevel=0, Class=16,LevelUpPoint=5000, mlPoint=0, Experience=0, mlExperience=0, mlNextExp=35507050, Strength=28, Dexterity=20, Vitality=25, Energy=10, Money=500000000, Life=110.000000, MaxLife=110.000000, Mana=20.000000, MaxMana=20.000000, MapNumber=0, MapPosX=140, MapPosY=119, MapDir=2, PkCount=0, PkLevel=3, PkTime=0, Leadership=0, ChatLimitTime=0, FruitPoint=0, RESETS = 0, Married = 0, MarryName = '', WinDuels=0, LoseDuels=0, BlockChatTime=0, PenaltyMask=0 WHERE Name = 'test'
[09:30:53] INSERT INTO ConnectionHistory (AccountID, ServerName, IP, Date, State, HWID) Values('test','Regular','', GETDATE(), 'Disconnect', 'N/A')
[09:30:53] UPDATE T_Event_Inventory SET Inventory=? WHERE Name = 'test'
[09:30:53] UPDATE Character SET Inventory=? WHERE Name='test'
[09:30:53] EXEC WZ_DISCONNECT_MEMB 'test'
[09:30:53] UPDATE PetWarehouse SET Items=? WHERE Name='test'
[09:30:53] UPDATE Character SET MagicList=? WHERE Name='test'
[09:30:53] UPDATE Character SET Quest=? WHERE Name='test'
[09:31:35] SELECT * FROM MEMB_INFO WHERE memb___id='test'
[09:31:35] SELECT memb__pwd from MEMB_INFO where memb___id='test'
[09:31:35] SELECT * FROM IGC_MachineID_Banned WHERE HWID = ''
[09:31:35] INSERT INTO ConnectionHistory (AccountID, ServerName, IP, Date, State, HWID) Values('test','Regular','192.168.0.103', GETDATE(), 'Connect', '')
[09:31:35] EXEC WZ_CONNECT_MEMB 'test','Regular','192.168.0.103'
[09:31:35] EXEC VIPSystem_CheckAccount 'test'
[09:31:35] SELECT Id FROM AccountCharacter WHERE Id='test'
[09:31:35] SELECT * FROM AccountCharacter WHERE Id='test'
[09:31:35] SELECT WarehouseExpansion, Summoner, RageFighter, SecCode FROM AccountCharacter WHERE Id='test'
[09:31:35] SELECT cLevel, Class, CtlCode FROM vCharacterPreview WHERE Name='test'
[09:31:35] SELECT Inventory FROM Character WHERE Name='test'
[09:31:35] SELECT RESETS FROM Character WHERE Name='test'
[09:31:35] SELECT G_Status FROM GuildMember WHERE Name='test'
[09:31:40] INSERT INTO ConnectionHistory (AccountID, ServerName, IP, Date, State, HWID) Values('test','Regular','', GETDATE(), 'Disconnect', 'N/A')
[09:31:40] EXEC WZ_DISCONNECT_MEMB 'test'
[09:32:32] UPDATE Character SET cLevel=400, mLevel=0, Class=18,LevelUpPoint=218, mlPoint=0, Experience=3892250000, mlExperience=0, mlNextExp=35507050, Strength=4000, Dexterity=295, Vitality=300, Energy=300, Money=460827376, Life=983.000000, MaxLife=1733.000000, Mana=509.000000, MaxMana=509.000000, MapNumber=0, MapPosX=141, MapPosY=119, MapDir=1, PkCount=0, PkLevel=3, PkTime=0, Leadership=0, ChatLimitTime=0, FruitPoint=0, RESETS = 0, Married = 0, MarryName = '', WinDuels=0, LoseDuels=0, BlockChatTime=0, PenaltyMask=0 WHERE Name = 'alurosu'
[09:32:32] EXEC IGC_GensSave 'alurosu', 10, 14
[09:32:32] UPDATE T_Event_Inventory SET Inventory=? WHERE Name = 'alurosu'
[09:32:32] UPDATE Character SET Inventory=? WHERE Name='alurosu'
[09:32:32] DELETE FROM IGC_GensAbuse WHERE Name = 'alurosu'
[09:32:32] UPDATE PetWarehouse SET Items=? WHERE Name='alurosu'
[09:32:32] UPDATE Character SET MagicList=? WHERE Name='alurosu'
[09:32:32] UPDATE Character SET Quest=? WHERE Name='alurosu'
[09:32:37] SELECT * FROM MEMB_INFO WHERE memb___id='test'
[09:32:37] SELECT memb__pwd from MEMB_INFO where memb___id='test'
[09:32:37] SELECT * FROM IGC_MachineID_Banned WHERE HWID = ''
[09:32:37] INSERT INTO ConnectionHistory (AccountID, ServerName, IP, Date, State, HWID) Values('test','Regular','192.168.0.103', GETDATE(), 'Connect', '')
[09:32:37] EXEC WZ_CONNECT_MEMB 'test','Regular','192.168.0.103'
[09:32:37] EXEC VIPSystem_CheckAccount 'test'
[09:32:37] SELECT Id FROM AccountCharacter WHERE Id='test'
[09:32:37] SELECT * FROM AccountCharacter WHERE Id='test'
[09:32:37] SELECT WarehouseExpansion, Summoner, RageFighter, SecCode FROM AccountCharacter WHERE Id='test'
[09:32:37] SELECT cLevel, Class, CtlCode FROM vCharacterPreview WHERE Name='test'
[09:32:37] SELECT Inventory FROM Character WHERE Name='test'
[09:32:37] SELECT RESETS FROM Character WHERE Name='test'
[09:32:37] SELECT G_Status FROM GuildMember WHERE Name='test'
[09:32:39] SELECT * FROM AccountCharacter WHERE Id = 'test'
[09:32:39] SELECT WarehouseExpansion FROM AccountCharacter WHERE Id = 'test'
[09:32:39] SELECT cLevel, mLevel, Class, LevelUpPoint, mlPoint, Experience, mlExperience, mlNextExp, Strength, Dexterity, Vitality, Energy, Money, Life, MaxLife, Mana, MaxMana, MapNumber, MapPosX, MapPosY, MapDir, PkCount, PkLevel, PkTime, CtlCode, Leadership, ChatLimitTime, FruitPoint, RESETS, Married, MarryName, InventoryExpansion, WinDuels, LoseDuels, BlockChatTime, PenaltyMask FROM Character WHERE Name='test' AND AccountID='test'
[09:32:39] SELECT Inventory from Character where Name='test'
[09:32:39] SELECT MagicList from Character where Name='test'
[09:32:39] SELECT Quest from Character where Name='test'
[09:32:39] SELECT AuthorityMask, DATEDIFF(DAY, GETDATE(), Expiry) AS ExpirationTime FROM T_GMSystem WHERE Name='test'
[09:32:39] UPDATE AccountCharacter SET GameIDC='test' WHERE Id='test'
[09:32:39] SELECT * FROM OptionData WHERE Name='test'
[09:32:39] SELECT WCoinP, WCoinC, GoblinPoint FROM T_InGameShop_Point WHERE AccountID = 'test'
[09:32:39] EXEC IGC_QuestExpUserInfoLoad_Fir 'test'
[09:32:39] SELECT GUID, MemoTotal FROM T_FriendMain where Name = 'test'
[09:32:39] SELECT SkillKey from OptionData where Name='test'
[09:32:39] SELECT MuBotData FROM Character WHERE Name = 'test'
[09:32:39] SELECT FriendGuid, FriendName, Del FROM T_FriendList where GUID = 2
[09:32:39] EXEC IGC_SetSelectMuRummy 'test', 'test'
[09:32:39] SELECT FriendName FROM T_WaitFriend where GUID=2
[09:32:39] SELECT * FROM PetWarehouse WHERE Name= 'test'
[09:32:39] SELECT MemoIndex, FriendName, wDate, Subject, bRead FROM T_FriendMail where GUID=2
[09:32:39] SELECT Items from PetWarehouse WHERE Name= 'test'
[09:32:39] EXEC IGC_GetGuildMatchingAcceptNRejectInfo 'test'
[09:32:39] SELECT * FROM T_Event_Inventory WHERE Name = 'test'
[09:32:39] SELECT Inventory FROM T_Event_Inventory WHERE Name = 'test'
[09:32:39] EXEC IGC_GensLoad 'test'
[09:32:39] EXEC IGC_PeriodItemExpiredItemSelectEx 2, 'test'
[09:32:39] EXEC IGC_GensAbuseLoad 'test'
[09:32:39] EXEC IGC_PeriodItemSelectEx 2, 'test'
[09:32:39] SELECT G_Name, G_Level, G_Status FROM GuildMember where Name='test'
[09:32:39] EXEC IGC_LuckyItemSelect 'test'
[09:32:39] EXEC IGC_PeriodBuffSelect 'test'
[09:32:39] EXEC IGC_PentagramInfoSelect 2, 'test', 'test', 0
[09:32:39] EXEC IGC_PentagramInfoSelect 2, 'test', 'test', 1
[09:32:39] EXEC IGC_PShopItemValueInfoLoad 'test', 'test'
[09:32:39] EXEC IGC_MineSystem_Select_UPTUserInfo 'test'
[09:32:39] EXEC IGC_GremoryCase_GetItemList 'test', 'test'
[09:32:39] EXEC IGC_BattleCore_GetUserInfo 'test', 'test', 0, 0
[09:32:57] SELECT Name FROM OptionData WHERE Name='test'
[09:32:57] UPDATE OptionData SET GameOption=29, Qkey=255, Wkey=255, Ekey=255, ChatWindow=22, Rkey=255, QWERLevel=0, EnableChangeMode=0 WHERE Name='test'
[09:32:57] UPDATE OptionData SET SkillKey=? where Name='test'
[09:32:58] EXEC IGC_DeleteWaitPartyMatchingList 'test'
[09:32:58] UPDATE Character SET cLevel=1, mLevel=0, Class=16,LevelUpPoint=5000, mlPoint=0, Experience=0, mlExperience=0, mlNextExp=35507050, Strength=28, Dexterity=20, Vitality=25, Energy=10, Money=500000000, Life=110.000000, MaxLife=110.000000, Mana=20.000000, MaxMana=20.000000, MapNumber=0, MapPosX=142, MapPosY=121, MapDir=2, PkCount=0, PkLevel=3, PkTime=0, Leadership=0, ChatLimitTime=0, FruitPoint=0, RESETS = 0, Married = 0, MarryName = '', WinDuels=0, LoseDuels=0, BlockChatTime=0, PenaltyMask=0 WHERE Name = 'test'
[09:32:58] UPDATE T_Event_Inventory SET Inventory=? WHERE Name = 'test'
[09:32:58] UPDATE Character SET Inventory=? WHERE Name='test'
[09:32:58] UPDATE PetWarehouse SET Items=? WHERE Name='test'
[09:32:58] UPDATE Character SET MagicList=? WHERE Name='test'
[09:32:58] UPDATE Character SET Quest=? WHERE Name='test'
[09:32:58] SELECT Id FROM AccountCharacter WHERE Id='test'
[09:32:58] SELECT * FROM AccountCharacter WHERE Id='test'
[09:32:58] SELECT WarehouseExpansion, Summoner, RageFighter, SecCode FROM AccountCharacter WHERE Id='test'
[09:32:58] SELECT cLevel, Class, CtlCode FROM vCharacterPreview WHERE Name='test'
[09:32:58] SELECT Inventory FROM Character WHERE Name='test'
[09:32:58] SELECT RESETS FROM Character WHERE Name='test'
[09:32:58] SELECT G_Status FROM GuildMember WHERE Name='test'
[09:33:01] INSERT INTO ConnectionHistory (AccountID, ServerName, IP, Date, State, HWID) Values('test','Regular','', GETDATE(), 'Disconnect', 'N/A')
[09:33:01] EXEC WZ_DISCONNECT_MEMB 'test'
[09:34:14] SELECT * FROM MEMB_INFO WHERE memb___id='test'
[09:34:14] SELECT memb__pwd from MEMB_INFO where memb___id='test'
[09:34:14] SELECT * FROM IGC_MachineID_Banned WHERE HWID = ''
[09:34:14] INSERT INTO ConnectionHistory (AccountID, ServerName, IP, Date, State, HWID) Values('test','Regular','192.168.0.103', GETDATE(), 'Connect', '')
[09:34:14] EXEC WZ_CONNECT_MEMB 'test','Regular','192.168.0.103'
[09:34:14] EXEC VIPSystem_CheckAccount 'test'
[09:34:14] SELECT Id FROM AccountCharacter WHERE Id='test'
[09:34:14] SELECT * FROM AccountCharacter WHERE Id='test'
[09:34:14] SELECT WarehouseExpansion, Summoner, RageFighter, SecCode FROM AccountCharacter WHERE Id='test'
[09:34:14] SELECT cLevel, Class, CtlCode FROM vCharacterPreview WHERE Name='test'
[09:34:14] SELECT Inventory FROM Character WHERE Name='test'
[09:34:14] SELECT RESETS FROM Character WHERE Name='test'
[09:34:14] SELECT G_Status FROM GuildMember WHERE Name='test'
[09:34:17] SELECT * FROM AccountCharacter WHERE Id = 'test'
[09:34:17] SELECT WarehouseExpansion FROM AccountCharacter WHERE Id = 'test'
[09:34:17] SELECT cLevel, mLevel, Class, LevelUpPoint, mlPoint, Experience, mlExperience, mlNextExp, Strength, Dexterity, Vitality, Energy, Money, Life, MaxLife, Mana, MaxMana, MapNumber, MapPosX, MapPosY, MapDir, PkCount, PkLevel, PkTime, CtlCode, Leadership, ChatLimitTime, FruitPoint, RESETS, Married, MarryName, InventoryExpansion, WinDuels, LoseDuels, BlockChatTime, PenaltyMask FROM Character WHERE Name='test' AND AccountID='test'
[09:34:17] SELECT Inventory from Character where Name='test'
[09:34:17] SELECT MagicList from Character where Name='test'
[09:34:17] SELECT Quest from Character where Name='test'
[09:34:17] SELECT AuthorityMask, DATEDIFF(DAY, GETDATE(), Expiry) AS ExpirationTime FROM T_GMSystem WHERE Name='test'
[09:34:17] UPDATE AccountCharacter SET GameIDC='test' WHERE Id='test'
[09:34:17] SELECT * FROM OptionData WHERE Name='test'
[09:34:17] SELECT WCoinP, WCoinC, GoblinPoint FROM T_InGameShop_Point WHERE AccountID = 'test'
[09:34:17] SELECT SkillKey from OptionData where Name='test'
[09:34:17] SELECT GUID, MemoTotal FROM T_FriendMain where Name = 'test'
[09:34:17] EXEC IGC_QuestExpUserInfoLoad_Fir 'test'
[09:34:17] SELECT MuBotData FROM Character WHERE Name = 'test'
[09:34:17] SELECT FriendGuid, FriendName, Del FROM T_FriendList where GUID = 2
[09:34:17] EXEC IGC_SetSelectMuRummy 'test', 'test'
[09:34:17] SELECT FriendName FROM T_WaitFriend where GUID=2
[09:34:17] SELECT * FROM PetWarehouse WHERE Name= 'test'
[09:34:17] SELECT MemoIndex, FriendName, wDate, Subject, bRead FROM T_FriendMail where GUID=2
[09:34:17] SELECT Items from PetWarehouse WHERE Name= 'test'
[09:34:17] EXEC IGC_GetGuildMatchingAcceptNRejectInfo 'test'
[09:34:17] SELECT * FROM T_Event_Inventory WHERE Name = 'test'
[09:34:17] SELECT Inventory FROM T_Event_Inventory WHERE Name = 'test'
[09:34:17] EXEC IGC_GensLoad 'test'
[09:34:17] EXEC IGC_PeriodItemExpiredItemSelectEx 2, 'test'
[09:34:17] EXEC IGC_GensAbuseLoad 'test'
[09:34:17] EXEC IGC_PeriodItemSelectEx 2, 'test'
[09:34:17] SELECT G_Name, G_Level, G_Status FROM GuildMember where Name='test'
[09:34:17] EXEC IGC_LuckyItemSelect 'test'
[09:34:17] EXEC IGC_PeriodBuffSelect 'test'
[09:34:17] EXEC IGC_PentagramInfoSelect 2, 'test', 'test', 0
[09:34:17] EXEC IGC_PentagramInfoSelect 2, 'test', 'test', 1
[09:34:17] EXEC IGC_PShopItemValueInfoLoad 'test', 'test'
[09:34:17] EXEC IGC_MineSystem_Select_UPTUserInfo 'test'
[09:34:17] EXEC IGC_GremoryCase_GetItemList 'test', 'test'
[09:34:17] EXEC IGC_BattleCore_GetUserInfo 'test', 'test', 0, 0
[09:34:28] EXEC IGC_GensAdd 'test', 1, 0
[09:34:28] EXEC IGC_GensSave 'test', 10, 0
[09:34:28] EXEC IGC_GensLoad 'test'
[09:35:10] EXEC IGC_DeleteWaitPartyMatchingList 'test'
[09:35:10] UPDATE Character SET cLevel=200, mLevel=0, Class=16,LevelUpPoint=5000, mlPoint=0, Experience=0, mlExperience=0, mlNextExp=35507050, Strength=28, Dexterity=20, Vitality=25, Energy=10, Money=500000000, Life=110.000000, MaxLife=508.000000, Mana=95.000000, MaxMana=119.000000, MapNumber=0, MapPosX=141, MapPosY=120, MapDir=4, PkCount=0, PkLevel=3, PkTime=0, Leadership=0, ChatLimitTime=0, FruitPoint=0, RESETS = 0, Married = 0, MarryName = '', WinDuels=0, LoseDuels=0, BlockChatTime=0, PenaltyMask=0 WHERE Name = 'test'
[09:35:10] UPDATE T_Event_Inventory SET Inventory=? WHERE Name = 'test'
[09:35:10] INSERT INTO ConnectionHistory (AccountID, ServerName, IP, Date, State, HWID) Values('test','Regular','', GETDATE(), 'Disconnect', 'N/A')
[09:35:10] EXEC IGC_GensSave 'test', 10, 0
[09:35:10] EXEC WZ_DISCONNECT_MEMB 'test'
[09:35:10] UPDATE PetWarehouse SET Items=? WHERE Name='test'
[09:35:10] UPDATE Character SET Inventory=? WHERE Name='test'
[09:35:10] DELETE FROM IGC_GensAbuse WHERE Name = 'test'
[09:35:10] UPDATE Character SET MagicList=? WHERE Name='test'
[09:35:10] UPDATE Character SET Quest=? WHERE Name='test'
[09:35:14] EXEC IGC_DeleteWaitPartyMatchingList 'alurosu'
[09:35:14] UPDATE Character SET cLevel=400, mLevel=0, Class=18,LevelUpPoint=218, mlPoint=0, Experience=3892250000, mlExperience=0, mlNextExp=35507050, Strength=4000, Dexterity=295, Vitality=300, Energy=300, Money=460827376, Life=983.000000, MaxLife=1733.000000, Mana=509.000000, MaxMana=509.000000, MapNumber=0, MapPosX=141, MapPosY=119, MapDir=5, PkCount=0, PkLevel=3, PkTime=0, Leadership=0, ChatLimitTime=0, FruitPoint=0, RESETS = 0, Married = 0, MarryName = '', WinDuels=0, LoseDuels=0, BlockChatTime=0, PenaltyMask=0 WHERE Name = 'alurosu'
[09:35:14] INSERT INTO ConnectionHistory (AccountID, ServerName, IP, Date, State, HWID) Values('alurosu','Regular','', GETDATE(), 'Disconnect', 'N/A')
[09:35:14] EXEC IGC_GensSave 'alurosu', 10, 14
[09:35:14] UPDATE T_Event_Inventory SET Inventory=? WHERE Name = 'alurosu'
[09:35:14] DELETE FROM IGC_GensAbuse WHERE Name = 'alurosu'
[09:35:14] UPDATE Character SET Inventory=? WHERE Name='alurosu'
[09:35:14] UPDATE PetWarehouse SET Items=? WHERE Name='alurosu'
[09:35:14] UPDATE Character SET MagicList=? WHERE Name='alurosu'
[09:35:14] UPDATE Character SET Quest=? WHERE Name='alurosu'
[09:35:14] EXEC WZ_DISCONNECT_MEMB 'alurosu'
