[21:43:26] SELECT ItemCount FROM GameServerInfo WHERE Number = 0
[21:43:26] SELECT * FROM Guild
[21:43:26] SELECT GensRankingMonth FROM GameServerInfo WHERE Number=0
[21:43:26] SELECT * From IGC_Gens WHERE Influence=1 ORDER By Points DESC
[21:43:26] SELECT * From IGC_Gens WHERE Influence=2 ORDER By Points DESC
[21:43:26] EXEC IGC_DeleteAllPartyMatchingList
[21:43:30] SELECT * FROM DefaultClassType
[21:43:31] EXEC IGC_ArcaBattleWinGuildSelect
[21:43:31] EXEC IGC_ArcaBattleProcSelect
[21:43:56] SELECT * FROM MEMB_INFO WHERE memb___id='alurosu'
[21:43:56] SELECT memb__pwd from MEMB_INFO where memb___id='alurosu'
[21:43:56] SELECT * FROM IGC_MachineID_Banned WHERE HWID = ''
[21:43:56] INSERT INTO ConnectionHistory (AccountID, ServerName, IP, Date, State, HWID) Values('alurosu','Regular','192.168.0.103', GETDATE(), 'Connect', '')
[21:43:56] EXEC WZ_CONNECT_MEMB 'alurosu','Regular','192.168.0.103'
[21:43:56] EXEC VIPSystem_CheckAccount 'alurosu'
[21:43:56] SELECT Id FROM AccountCharacter WHERE Id='alurosu'
[21:43:56] SELECT * FROM AccountCharacter WHERE Id='alurosu'
[21:43:56] SELECT WarehouseExpansion, Summoner, RageFighter, SecCode FROM AccountCharacter WHERE Id='alurosu'
[21:43:56] SELECT cLevel, Class, CtlCode FROM vCharacterPreview WHERE Name='alurosu'
[21:43:56] SELECT Inventory FROM Character WHERE Name='alurosu'
[21:43:56] SELECT RESETS FROM Character WHERE Name='alurosu'
[21:43:56] SELECT G_Status FROM GuildMember WHERE Name='alurosu'
[21:43:58] SELECT * FROM AccountCharacter WHERE Id = 'alurosu'
[21:43:58] SELECT WarehouseExpansion FROM AccountCharacter WHERE Id = 'alurosu'
[21:43:58] SELECT cLevel, mLevel, Class, LevelUpPoint, mlPoint, Experience, mlExperience, mlNextExp, Strength, Dexterity, Vitality, Energy, Money, Life, MaxLife, Mana, MaxMana, MapNumber, MapPosX, MapPosY, MapDir, PkCount, PkLevel, PkTime, CtlCode, Leadership, ChatLimitTime, FruitPoint, RESETS, Married, MarryName, InventoryExpansion, WinDuels, LoseDuels, BlockChatTime, PenaltyMask FROM Character WHERE Name='alurosu' AND AccountID='alurosu'
[21:43:58] SELECT Inventory from Character where Name='alurosu'
[21:43:58] SELECT MagicList from Character where Name='alurosu'
[21:43:58] SELECT Quest from Character where Name='alurosu'
[21:43:58] SELECT AuthorityMask, DATEDIFF(DAY, GETDATE(), Expiry) AS ExpirationTime FROM T_GMSystem WHERE Name='alurosu'
[21:43:58] UPDATE AccountCharacter SET GameIDC='alurosu' WHERE Id='alurosu'
[21:43:58] SELECT * FROM OptionData WHERE Name='alurosu'
[21:43:58] SELECT WCoinP, WCoinC, GoblinPoint FROM T_InGameShop_Point WHERE AccountID = 'alurosu'
[21:43:58] EXEC IGC_QuestExpUserInfoLoad_Fir 'alurosu'
[21:43:58] SELECT SkillKey from OptionData where Name='alurosu'
[21:43:58] SELECT GUID, MemoTotal FROM T_FriendMain where Name = 'alurosu'
[21:43:58] EXEC IGC_QuestExpUserInfoLoad_Sec 'alurosu', 1, ?, ?, ?
[21:43:58] SELECT FriendGuid, FriendName, Del FROM T_FriendList where GUID = 1
[21:43:58] SELECT MuBotData FROM Character WHERE Name = 'alurosu'
[21:43:58] EXEC IGC_SetSelectMuRummy 'alurosu', 'alurosu'
[21:43:58] SELECT FriendName FROM T_WaitFriend where GUID=1
[21:43:58] SELECT * FROM PetWarehouse WHERE Name= 'alurosu'
[21:43:58] SELECT MemoIndex, FriendName, wDate, Subject, bRead FROM T_FriendMail where GUID=1
[21:43:58] SELECT Items from PetWarehouse WHERE Name= 'alurosu'
[21:43:58] EXEC IGC_GetGuildMatchingAcceptNRejectInfo 'alurosu'
[21:43:58] SELECT * FROM T_Event_Inventory WHERE Name = 'alurosu'
[21:43:58] SELECT Inventory FROM T_Event_Inventory WHERE Name = 'alurosu'
[21:43:58] EXEC IGC_GensLoad 'alurosu'
[21:43:58] EXEC IGC_PeriodItemExpiredItemSelectEx 1, 'alurosu'
[21:43:58] EXEC IGC_GensAbuseLoad 'alurosu'
[21:43:58] EXEC IGC_PeriodItemSelectEx 1, 'alurosu'
[21:43:58] SELECT G_Name, G_Level, G_Status FROM GuildMember where Name='alurosu'
[21:43:58] EXEC IGC_LuckyItemSelect 'alurosu'
[21:43:58] EXEC IGC_PeriodBuffSelect 'alurosu'
[21:43:58] EXEC IGC_PentagramInfoSelect 1, 'alurosu', 'alurosu', 0
[21:43:58] EXEC IGC_PentagramInfoSelect 1, 'alurosu', 'alurosu', 1
[21:43:58] EXEC IGC_PShopItemValueInfoLoad 'alurosu', 'alurosu'
[21:43:58] EXEC IGC_MineSystem_Select_UPTUserInfo 'alurosu'
[21:43:58] EXEC IGC_GremoryCase_GetItemList 'alurosu', 'alurosu'
[21:43:58] EXEC IGC_BattleCore_GetUserInfo 'alurosu', 'alurosu', 0, 0
[21:48:22] EXEC IGC_DeleteWaitPartyMatchingList 'alurosu'
[21:48:22] UPDATE Character SET cLevel=400, mLevel=0, Class=18,LevelUpPoint=218, mlPoint=0, Experience=3892250000, mlExperience=0, mlNextExp=35507050, Strength=4000, Dexterity=295, Vitality=300, Energy=300, Money=460816015, Life=1074.000000, MaxLife=1733.000000, Mana=509.000000, MaxMana=509.000000, MapNumber=7, MapPosX=19, MapPosY=24, MapDir=0, PkCount=0, PkLevel=3, PkTime=0, Leadership=0, ChatLimitTime=0, FruitPoint=0, RESETS = 0, Married = 0, MarryName = '', WinDuels=0, LoseDuels=0, BlockChatTime=0, PenaltyMask=0 WHERE Name = 'alurosu'
[21:48:22] UPDATE Character SET Inventory=? WHERE Name='alurosu'
[21:48:22] EXEC IGC_GensSave 'alurosu', 10, 14
[21:48:22] INSERT INTO ConnectionHistory (AccountID, ServerName, IP, Date, State, HWID) Values('alurosu','Regular','', GETDATE(), 'Disconnect', 'N/A')
[21:48:22] UPDATE Character SET MagicList=? WHERE Name='alurosu'
[21:48:22] UPDATE T_Event_Inventory SET Inventory=? WHERE Name = 'alurosu'
[21:48:22] UPDATE Character SET Quest=? WHERE Name='alurosu'
[21:48:22] EXEC WZ_DISCONNECT_MEMB 'alurosu'
[21:48:22] UPDATE PetWarehouse SET Items=? WHERE Name='alurosu'
[21:48:22] DELETE FROM IGC_GensAbuse WHERE Name = 'alurosu'
[21:48:52] SELECT * FROM DefaultClassType
[21:48:53] EXEC IGC_ArcaBattleWinGuildSelect
[21:48:53] EXEC IGC_ArcaBattleProcSelect
[21:49:06] SELECT * FROM MEMB_INFO WHERE memb___id='alurosu'
[21:49:06] SELECT memb__pwd from MEMB_INFO where memb___id='alurosu'
[21:49:06] SELECT * FROM IGC_MachineID_Banned WHERE HWID = ''
[21:49:06] INSERT INTO ConnectionHistory (AccountID, ServerName, IP, Date, State, HWID) Values('alurosu','Regular','192.168.0.103', GETDATE(), 'Connect', '')
[21:49:06] EXEC WZ_CONNECT_MEMB 'alurosu','Regular','192.168.0.103'
[21:49:06] EXEC VIPSystem_CheckAccount 'alurosu'
[21:49:08] SELECT Id FROM AccountCharacter WHERE Id='alurosu'
[21:49:08] SELECT * FROM AccountCharacter WHERE Id='alurosu'
[21:49:08] SELECT WarehouseExpansion, Summoner, RageFighter, SecCode FROM AccountCharacter WHERE Id='alurosu'
[21:49:08] SELECT cLevel, Class, CtlCode FROM vCharacterPreview WHERE Name='alurosu'
[21:49:08] SELECT Inventory FROM Character WHERE Name='alurosu'
[21:49:08] SELECT RESETS FROM Character WHERE Name='alurosu'
[21:49:08] SELECT G_Status FROM GuildMember WHERE Name='alurosu'
[21:49:10] SELECT * FROM AccountCharacter WHERE Id = 'alurosu'
[21:49:10] SELECT WarehouseExpansion FROM AccountCharacter WHERE Id = 'alurosu'
[21:49:10] SELECT cLevel, mLevel, Class, LevelUpPoint, mlPoint, Experience, mlExperience, mlNextExp, Strength, Dexterity, Vitality, Energy, Money, Life, MaxLife, Mana, MaxMana, MapNumber, MapPosX, MapPosY, MapDir, PkCount, PkLevel, PkTime, CtlCode, Leadership, ChatLimitTime, FruitPoint, RESETS, Married, MarryName, InventoryExpansion, WinDuels, LoseDuels, BlockChatTime, PenaltyMask FROM Character WHERE Name='alurosu' AND AccountID='alurosu'
[21:49:10] SELECT Inventory from Character where Name='alurosu'
[21:49:10] SELECT MagicList from Character where Name='alurosu'
[21:49:10] SELECT Quest from Character where Name='alurosu'
[21:49:10] SELECT AuthorityMask, DATEDIFF(DAY, GETDATE(), Expiry) AS ExpirationTime FROM T_GMSystem WHERE Name='alurosu'
[21:49:10] UPDATE AccountCharacter SET GameIDC='alurosu' WHERE Id='alurosu'
[21:49:10] SELECT * FROM OptionData WHERE Name='alurosu'
[21:49:10] EXEC IGC_QuestExpUserInfoLoad_Fir 'alurosu'
[21:49:10] SELECT WCoinP, WCoinC, GoblinPoint FROM T_InGameShop_Point WHERE AccountID = 'alurosu'
[21:49:10] SELECT SkillKey from OptionData where Name='alurosu'
[21:49:10] SELECT GUID, MemoTotal FROM T_FriendMain where Name = 'alurosu'
[21:49:10] EXEC IGC_QuestExpUserInfoLoad_Sec 'alurosu', 1, ?, ?, ?
[21:49:10] SELECT MuBotData FROM Character WHERE Name = 'alurosu'
[21:49:10] EXEC IGC_SetSelectMuRummy 'alurosu', 'alurosu'
[21:49:10] SELECT FriendGuid, FriendName, Del FROM T_FriendList where GUID = 1
[21:49:10] SELECT * FROM PetWarehouse WHERE Name= 'alurosu'
[21:49:10] SELECT FriendName FROM T_WaitFriend where GUID=1
[21:49:10] SELECT Items from PetWarehouse WHERE Name= 'alurosu'
[21:49:10] SELECT MemoIndex, FriendName, wDate, Subject, bRead FROM T_FriendMail where GUID=1
[21:49:10] SELECT * FROM T_Event_Inventory WHERE Name = 'alurosu'
[21:49:10] EXEC IGC_GetGuildMatchingAcceptNRejectInfo 'alurosu'
[21:49:10] SELECT Inventory FROM T_Event_Inventory WHERE Name = 'alurosu'
[21:49:10] EXEC IGC_PeriodItemExpiredItemSelectEx 1, 'alurosu'
[21:49:10] EXEC IGC_GensLoad 'alurosu'
[21:49:10] EXEC IGC_PeriodItemSelectEx 1, 'alurosu'
[21:49:10] EXEC IGC_GensAbuseLoad 'alurosu'
[21:49:10] EXEC IGC_LuckyItemSelect 'alurosu'
[21:49:10] SELECT G_Name, G_Level, G_Status FROM GuildMember where Name='alurosu'
[21:49:10] EXEC IGC_PeriodBuffSelect 'alurosu'
[21:49:10] EXEC IGC_PentagramInfoSelect 1, 'alurosu', 'alurosu', 0
[21:49:10] EXEC IGC_PentagramInfoSelect 1, 'alurosu', 'alurosu', 1
[21:49:10] EXEC IGC_PShopItemValueInfoLoad 'alurosu', 'alurosu'
[21:49:10] EXEC IGC_MineSystem_Select_UPTUserInfo 'alurosu'
[21:49:10] EXEC IGC_GremoryCase_GetItemList 'alurosu', 'alurosu'
[21:49:10] EXEC IGC_BattleCore_GetUserInfo 'alurosu', 'alurosu', 0, 0
[21:52:22] WZ_GetItemSerial2 '3000'
[21:59:05] UPDATE Character SET cLevel=400, mLevel=0, Class=18,LevelUpPoint=218, mlPoint=0, Experience=3892250000, mlExperience=0, mlNextExp=35507050, Strength=4000, Dexterity=295, Vitality=300, Energy=300, Money=442383375, Life=1733.000000, MaxLife=1733.000000, Mana=509.000000, MaxMana=509.000000, MapNumber=7, MapPosX=27, MapPosY=15, MapDir=7, PkCount=0, PkLevel=3, PkTime=0, Leadership=0, ChatLimitTime=0, FruitPoint=0, RESETS = 0, Married = 0, MarryName = '', WinDuels=0, LoseDuels=0, BlockChatTime=0, PenaltyMask=0 WHERE Name = 'alurosu'
[21:59:05] EXEC IGC_GensSave 'alurosu', 10, 14
[21:59:05] UPDATE T_Event_Inventory SET Inventory=? WHERE Name = 'alurosu'
[21:59:05] UPDATE Character SET Inventory=? WHERE Name='alurosu'
[21:59:05] UPDATE PetWarehouse SET Items=? WHERE Name='alurosu'
[21:59:05] DELETE FROM IGC_GensAbuse WHERE Name = 'alurosu'
[21:59:05] UPDATE Character SET MagicList=? WHERE Name='alurosu'
[21:59:05] UPDATE Character SET Quest=? WHERE Name='alurosu'
[22:00:03] SELECT WCoinP, WCoinC, GoblinPoint FROM T_InGameShop_Point WHERE AccountID = 'alurosu'
[22:00:03] EXEC WZ_IBS_GetItemsList 'alurosu', 1
[22:00:20] EXEC IGC_DeleteWaitPartyMatchingList 'alurosu'
[22:00:20] UPDATE Character SET cLevel=400, mLevel=0, Class=18,LevelUpPoint=218, mlPoint=0, Experience=3892250000, mlExperience=0, mlNextExp=35507050, Strength=4000, Dexterity=295, Vitality=300, Energy=300, Money=442383375, Life=1733.000000, MaxLife=1733.000000, Mana=509.000000, MaxMana=509.000000, MapNumber=7, MapPosX=27, MapPosY=15, MapDir=3, PkCount=0, PkLevel=3, PkTime=0, Leadership=0, ChatLimitTime=0, FruitPoint=0, RESETS = 0, Married = 0, MarryName = '', WinDuels=0, LoseDuels=0, BlockChatTime=0, PenaltyMask=0 WHERE Name = 'alurosu'
[22:00:20] INSERT INTO ConnectionHistory (AccountID, ServerName, IP, Date, State, HWID) Values('alurosu','Regular','', GETDATE(), 'Disconnect', 'N/A')
[22:00:20] UPDATE T_Event_Inventory SET Inventory=? WHERE Name = 'alurosu'
[22:00:20] EXEC IGC_GensSave 'alurosu', 10, 14
[22:00:20] EXEC WZ_DISCONNECT_MEMB 'alurosu'
[22:00:20] UPDATE PetWarehouse SET Items=? WHERE Name='alurosu'
[22:00:20] DELETE FROM IGC_GensAbuse WHERE Name = 'alurosu'
[22:00:20] UPDATE Character SET Inventory=? WHERE Name='alurosu'
[22:00:20] UPDATE Character SET MagicList=? WHERE Name='alurosu'
[22:00:20] UPDATE Character SET Quest=? WHERE Name='alurosu'
