[19:24:03] [alurosu][alurosu] SI[0,Helical Sword,9,0,1,7]serial:[0] dur:[95] Ex:[1,1,1,1,1,1,0] Set[0] 380:[0] HO:[0,0] E:[0]
[19:24:03] [alurosu][alurosu] SI[7,Small Wing of Curse,0,0,0,0]serial:[24024] dur:[255] Ex:[0,0,0,0,0,0,0] Set[0] 380:[0] HO:[0,0] E:[0]
[19:24:03] [alurosu][alurosu] SI[8,Imp,0,0,0,0]serial:[24019] dur:[255] Ex:[0,0,0,0,0,0,0] Set[0] 380:[0] HO:[0,0] E:[0]
[19:24:03] [alurosu][alurosu] SI[10,Ring of Earth,0,0,0,0]serial:[24010] dur:[65] Ex:[0,0,0,0,0,1,0] Set[0] 380:[0] HO:[0,0] E:[0]
[19:24:03] [alurosu][alurosu] SI[12,Small Wings of Elf,0,0,0,0]serial:[24020] dur:[255] Ex:[0,0,0,0,0,0,0] Set[0] 380:[0] HO:[0,0] E:[0]
[19:24:03] [alurosu][alurosu] SI[15,Small Wings of Satan,0,0,0,0]serial:[24021] dur:[255] Ex:[0,0,0,0,0,0,0] Set[0] 380:[0] HO:[0,0] E:[0]
[19:24:03] [alurosu][alurosu] SI[18,Violent Wind Boots,0,0,1,1]serial:[24026] dur:[51] Ex:[0,0,0,0,1,0,0] Set[0] 380:[0] HO:[0,0] E:[0]
[19:24:03] [alurosu][alurosu] SI[28,Light Plate Armor,0,0,1,1]serial:[24028] dur:[57] Ex:[0,0,0,0,1,0,0] Set[0] 380:[0] HO:[0,0] E:[0]
[19:24:03] [alurosu][alurosu] SI[30,Box of Luck,12,0,0,0]serial:[24029] dur:[255] Ex:[0,0,0,0,0,0,0] Set[0] 380:[0] HO:[0,0] E:[0]
[19:24:03] [alurosu][alurosu] SI[33,Small Wings of Heaven,0,0,0,0]serial:[24008] dur:[255] Ex:[0,0,0,0,0,0,0] Set[0] 380:[0] HO:[0,0] E:[0]
[19:24:03] [alurosu][alurosu] CharInfoSave : Class=18 Level=400 LVPoint=218 Exp=-402717296 Str=4000 Dex=295 Vit=300 Energy=300 Leadership:0 Map=3 Pk=3
[19:25:05] [alurosu][alurosu] Skill Save Complete 0 44
[19:25:05] [alurosu][alurosu] Skill Save Complete 1 67
[19:25:05] [alurosu][alurosu] Skill Save Complete 2 68
[19:25:05] [alurosu][alurosu] Skill Save Complete 3 69
[19:25:05] [alurosu][alurosu] Skill Save Complete 4 70
[19:25:05] [alurosu][alurosu] Skill Save Complete 5 71
[19:25:05] [alurosu][alurosu] Skill Save Complete 6 72
[19:25:05] [alurosu][alurosu] Skill Save Complete 7 48
[19:25:05] [alurosu][alurosu] SI[0,Helical Sword,9,0,1,7]serial:[0] dur:[95] Ex:[1,1,1,1,1,1,0] Set[0] 380:[0] HO:[0,0] E:[0]
[19:25:05] [alurosu][alurosu] SI[7,Small Wing of Curse,0,0,0,0]serial:[24024] dur:[255] Ex:[0,0,0,0,0,0,0] Set[0] 380:[0] HO:[0,0] E:[0]
[19:25:05] [alurosu][alurosu] SI[8,Imp,0,0,0,0]serial:[24019] dur:[255] Ex:[0,0,0,0,0,0,0] Set[0] 380:[0] HO:[0,0] E:[0]
[19:25:05] [alurosu][alurosu] SI[10,Ring of Earth,0,0,0,0]serial:[24010] dur:[65] Ex:[0,0,0,0,0,1,0] Set[0] 380:[0] HO:[0,0] E:[0]
[19:25:05] [alurosu][alurosu] CharInfoSave : Class=18 Level=400 LVPoint=218 Exp=-402717296 Str=4000 Dex=295 Vit=300 Energy=300 Leadership:0 Map=3 Pk=3
