[18:40:00] [alurosu][alurosu] SI[0,Helical Sword,9,0,1,7]serial:[0] dur:[95] Ex:[1,1,1,1,1,1,0] Set[0] 380:[0] HO:[0,0] E:[0]
[18:40:00] [alurosu][alurosu] SI[12,Box of Luck,8,0,0,0]serial:[24003] dur:[255] Ex:[0,0,0,0,0,0,0] Set[0] 380:[0] HO:[0,0] E:[0]
[18:40:00] [alurosu][alurosu] CharInfoSave : Class=18 Level=400 LVPoint=218 Exp=-402717296 Str=4000 Dex=295 Vit=300 Energy=300 Leadership:0 Map=0 Pk=3
[18:40:05] [alurosu][alurosu] SI[0,Helical Sword,9,0,1,7]serial:[0] dur:[95] Ex:[1,1,1,1,1,1,0] Set[0] 380:[0] HO:[0,0] E:[0]
[18:40:05] [alurosu][alurosu] SI[12,Box of Luck,8,0,0,0]serial:[24003] dur:[255] Ex:[0,0,0,0,0,0,0] Set[0] 380:[0] HO:[0,0] E:[0]
[18:40:05] [alurosu][alurosu] SI[13,Box of Luck,10,0,0,0]serial:[24004] dur:[255] Ex:[0,0,0,0,0,0,0] Set[0] 380:[0] HO:[0,0] E:[0]
[18:40:05] [alurosu][alurosu] CharInfoSave : Class=18 Level=400 LVPoint=218 Exp=-402717296 Str=4000 Dex=295 Vit=300 Energy=300 Leadership:0 Map=0 Pk=3
[18:40:09] [alurosu][alurosu] SI[0,Helical Sword,9,0,1,7]serial:[0] dur:[95] Ex:[1,1,1,1,1,1,0] Set[0] 380:[0] HO:[0,0] E:[0]
[18:40:09] [alurosu][alurosu] SI[12,Box of Luck,8,0,0,0]serial:[24003] dur:[255] Ex:[0,0,0,0,0,0,0] Set[0] 380:[0] HO:[0,0] E:[0]
[18:40:09] [alurosu][alurosu] SI[13,Box of Luck,10,0,0,0]serial:[24004] dur:[255] Ex:[0,0,0,0,0,0,0] Set[0] 380:[0] HO:[0,0] E:[0]
[18:40:09] [alurosu][alurosu] SI[14,Box of Luck,11,0,0,0]serial:[24005] dur:[255] Ex:[0,0,0,0,0,0,0] Set[0] 380:[0] HO:[0,0] E:[0]
[18:40:09] [alurosu][alurosu] CharInfoSave : Class=18 Level=400 LVPoint=218 Exp=-402717296 Str=4000 Dex=295 Vit=300 Energy=300 Leadership:0 Map=0 Pk=3
[18:40:13] [alurosu][alurosu] SI[0,Helical Sword,9,0,1,7]serial:[0] dur:[95] Ex:[1,1,1,1,1,1,0] Set[0] 380:[0] HO:[0,0] E:[0]
[18:40:13] [alurosu][alurosu] SI[12,Box of Luck,8,0,0,0]serial:[24003] dur:[255] Ex:[0,0,0,0,0,0,0] Set[0] 380:[0] HO:[0,0] E:[0]
[18:40:13] [alurosu][alurosu] SI[13,Box of Luck,10,0,0,0]serial:[24004] dur:[255] Ex:[0,0,0,0,0,0,0] Set[0] 380:[0] HO:[0,0] E:[0]
[18:40:13] [alurosu][alurosu] SI[14,Box of Luck,11,0,0,0]serial:[24005] dur:[255] Ex:[0,0,0,0,0,0,0] Set[0] 380:[0] HO:[0,0] E:[0]
[18:40:13] [alurosu][alurosu] SI[15,Box of Luck,12,0,0,0]serial:[24006] dur:[255] Ex:[0,0,0,0,0,0,0] Set[0] 380:[0] HO:[0,0] E:[0]
[18:40:13] [alurosu][alurosu] CharInfoSave : Class=18 Level=400 LVPoint=218 Exp=-402717296 Str=4000 Dex=295 Vit=300 Energy=300 Leadership:0 Map=0 Pk=3
[18:40:16] [alurosu][alurosu] SI[0,Helical Sword,9,0,1,7]serial:[0] dur:[95] Ex:[1,1,1,1,1,1,0] Set[0] 380:[0] HO:[0,0] E:[0]
[18:40:16] [alurosu][alurosu] SI[12,Box of Luck,8,0,0,0]serial:[24003] dur:[255] Ex:[0,0,0,0,0,0,0] Set[0] 380:[0] HO:[0,0] E:[0]
[18:40:16] [alurosu][alurosu] SI[13,Box of Luck,10,0,0,0]serial:[24004] dur:[255] Ex:[0,0,0,0,0,0,0] Set[0] 380:[0] HO:[0,0] E:[0]
[18:40:16] [alurosu][alurosu] SI[14,Box of Luck,11,0,0,0]serial:[24005] dur:[255] Ex:[0,0,0,0,0,0,0] Set[0] 380:[0] HO:[0,0] E:[0]
[18:40:16] [alurosu][alurosu] SI[15,Box of Luck,12,0,0,0]serial:[24006] dur:[255] Ex:[0,0,0,0,0,0,0] Set[0] 380:[0] HO:[0,0] E:[0]
[18:40:16] [alurosu][alurosu] SI[16,Box of Luck,9,0,0,0]serial:[24007] dur:[255] Ex:[0,0,0,0,0,0,0] Set[0] 380:[0] HO:[0,0] E:[0]
[18:40:16] [alurosu][alurosu] CharInfoSave : Class=18 Level=400 LVPoint=218 Exp=-402717296 Str=4000 Dex=295 Vit=300 Energy=300 Leadership:0 Map=0 Pk=3
[18:40:23] [alurosu][alurosu] SI[0,Helical Sword,9,0,1,7]serial:[0] dur:[95] Ex:[1,1,1,1,1,1,0] Set[0] 380:[0] HO:[0,0] E:[0]
[18:40:23] [alurosu][alurosu] SI[12,Box of Luck,8,0,0,0]serial:[24003] dur:[255] Ex:[0,0,0,0,0,0,0] Set[0] 380:[0] HO:[0,0] E:[0]
[18:40:23] [alurosu][alurosu] SI[13,Box of Luck,10,0,0,0]serial:[24004] dur:[255] Ex:[0,0,0,0,0,0,0] Set[0] 380:[0] HO:[0,0] E:[0]
[18:40:23] [alurosu][alurosu] SI[14,Box of Luck,11,0,0,0]serial:[24005] dur:[255] Ex:[0,0,0,0,0,0,0] Set[0] 380:[0] HO:[0,0] E:[0]
[18:40:23] [alurosu][alurosu] SI[15,Box of Luck,12,0,0,0]serial:[24006] dur:[255] Ex:[0,0,0,0,0,0,0] Set[0] 380:[0] HO:[0,0] E:[0]
[18:40:23] [alurosu][alurosu] SI[16,Box of Luck,9,0,0,0]serial:[24007] dur:[255] Ex:[0,0,0,0,0,0,0] Set[0] 380:[0] HO:[0,0] E:[0]
[18:40:23] [alurosu][alurosu] SI[17,Small Wings of Heaven,0,0,0,0]serial:[24008] dur:[255] Ex:[0,0,0,0,0,0,0] Set[0] 380:[0] HO:[0,0] E:[0]
[18:40:23] [alurosu][alurosu] CharInfoSave : Class=18 Level=400 LVPoint=218 Exp=-402717296 Str=4000 Dex=295 Vit=300 Energy=300 Leadership:0 Map=0 Pk=3
[18:41:13] [alurosu][alurosu] SI[0,Helical Sword,9,0,1,7]serial:[0] dur:[95] Ex:[1,1,1,1,1,1,0] Set[0] 380:[0] HO:[0,0] E:[0]
[18:41:13] [alurosu][alurosu] SI[10,Ring of Earth,0,0,0,0]serial:[24010] dur:[65] Ex:[0,0,0,0,0,1,0] Set[0] 380:[0] HO:[0,0] E:[0]
[18:41:13] [alurosu][alurosu] SI[12,Scroll of Evil Spirit,0,0,0,0]serial:[24014] dur:[255] Ex:[0,0,0,0,0,0,0] Set[0] 380:[0] HO:[0,0] E:[0]
[18:41:13] [alurosu][alurosu] SI[17,Small Wings of Heaven,0,0,0,0]serial:[24008] dur:[255] Ex:[0,0,0,0,0,0,0] Set[0] 380:[0] HO:[0,0] E:[0]
[18:41:13] [alurosu][alurosu] CharInfoSave : Class=18 Level=400 LVPoint=218 Exp=-402717296 Str=4000 Dex=295 Vit=300 Energy=300 Leadership:0 Map=0 Pk=3
[18:41:26] [alurosu][alurosu] SI[0,Helical Sword,9,0,1,7]serial:[0] dur:[95] Ex:[1,1,1,1,1,1,0] Set[0] 380:[0] HO:[0,0] E:[0]
[18:41:26] [alurosu][alurosu] SI[10,Ring of Earth,0,0,0,0]serial:[24010] dur:[65] Ex:[0,0,0,0,0,1,0] Set[0] 380:[0] HO:[0,0] E:[0]
[18:41:26] [alurosu][alurosu] SI[12,Scroll of Evil Spirit,0,0,0,0]serial:[24014] dur:[255] Ex:[0,0,0,0,0,0,0] Set[0] 380:[0] HO:[0,0] E:[0]
[18:41:26] [alurosu][alurosu] SI[13,Splinter of Armor,0,0,0,0]serial:[24015] dur:[255] Ex:[0,0,0,0,0,0,0] Set[0] 380:[0] HO:[0,0] E:[0]
[18:41:26] [alurosu][alurosu] SI[17,Small Wings of Heaven,0,0,0,0]serial:[24008] dur:[255] Ex:[0,0,0,0,0,0,0] Set[0] 380:[0] HO:[0,0] E:[0]
[18:41:26] [alurosu][alurosu] CharInfoSave : Class=18 Level=400 LVPoint=218 Exp=-402717296 Str=4000 Dex=295 Vit=300 Energy=300 Leadership:0 Map=0 Pk=3
[18:41:47] [alurosu][alurosu] SI[0,Helical Sword,9,0,1,7]serial:[0] dur:[95] Ex:[1,1,1,1,1,1,0] Set[0] 380:[0] HO:[0,0] E:[0]
[18:41:47] [alurosu][alurosu] SI[10,Ring of Earth,0,0,0,0]serial:[24010] dur:[65] Ex:[0,0,0,0,0,1,0] Set[0] 380:[0] HO:[0,0] E:[0]
[18:41:47] [alurosu][alurosu] SI[12,Scroll of Evil Spirit,0,0,0,0]serial:[24014] dur:[255] Ex:[0,0,0,0,0,0,0] Set[0] 380:[0] HO:[0,0] E:[0]
[18:41:47] [alurosu][alurosu] SI[13,Splinter of Armor,0,0,0,0]serial:[24015] dur:[255] Ex:[0,0,0,0,0,0,0] Set[0] 380:[0] HO:[0,0] E:[0]
[18:41:47] [alurosu][alurosu] SI[17,Small Wings of Heaven,0,0,0,0]serial:[24008] dur:[255] Ex:[0,0,0,0,0,0,0] Set[0] 380:[0] HO:[0,0] E:[0]
[18:42:25] [alurosu][alurosu] SI[0,Helical Sword,9,0,1,7]serial:[0] dur:[95] Ex:[1,1,1,1,1,1,0] Set[0] 380:[0] HO:[0,0] E:[0]
[18:42:25] [alurosu][alurosu] SI[10,Ring of Earth,0,0,0,0]serial:[24010] dur:[65] Ex:[0,0,0,0,0,1,0] Set[0] 380:[0] HO:[0,0] E:[0]
[18:42:25] [alurosu][alurosu] SI[12,Scroll of Evil Spirit,0,0,0,0]serial:[24014] dur:[255] Ex:[0,0,0,0,0,0,0] Set[0] 380:[0] HO:[0,0] E:[0]
[18:42:25] [alurosu][alurosu] SI[13,Splinter of Armor,0,0,0,0]serial:[24015] dur:[255] Ex:[0,0,0,0,0,0,0] Set[0] 380:[0] HO:[0,0] E:[0]
[18:42:25] [alurosu][alurosu] SI[14,Spirit,0,0,0,0]serial:[24016] dur:[255] Ex:[0,0,0,0,0,0,0] Set[0] 380:[0] HO:[0,0] E:[0]
[18:42:25] [alurosu][alurosu] SI[17,Small Wings of Heaven,0,0,0,0]serial:[24008] dur:[255] Ex:[0,0,0,0,0,0,0] Set[0] 380:[0] HO:[0,0] E:[0]
[18:42:25] [alurosu][alurosu] CharInfoSave : Class=18 Level=400 LVPoint=218 Exp=-402717296 Str=4000 Dex=295 Vit=300 Energy=300 Leadership:0 Map=3 Pk=3
[18:42:28] [alurosu][alurosu] SI[0,Helical Sword,9,0,1,7]serial:[0] dur:[95] Ex:[1,1,1,1,1,1,0] Set[0] 380:[0] HO:[0,0] E:[0]
[18:42:28] [alurosu][alurosu] SI[10,Ring of Earth,0,0,0,0]serial:[24010] dur:[65] Ex:[0,0,0,0,0,1,0] Set[0] 380:[0] HO:[0,0] E:[0]
[18:42:28] [alurosu][alurosu] SI[12,Scroll of Evil Spirit,0,0,0,0]serial:[24014] dur:[255] Ex:[0,0,0,0,0,0,0] Set[0] 380:[0] HO:[0,0] E:[0]
[18:42:28] [alurosu][alurosu] SI[13,Splinter of Armor,0,0,0,0]serial:[24015] dur:[255] Ex:[0,0,0,0,0,0,0] Set[0] 380:[0] HO:[0,0] E:[0]
[18:42:28] [alurosu][alurosu] SI[14,Spirit,0,0,0,0]serial:[24016] dur:[255] Ex:[0,0,0,0,0,0,0] Set[0] 380:[0] HO:[0,0] E:[0]
[18:42:28] [alurosu][alurosu] SI[15,Bless of Guardian,0,0,0,0]serial:[24017] dur:[255] Ex:[0,0,0,0,0,0,0] Set[0] 380:[0] HO:[0,0] E:[0]
[18:42:28] [alurosu][alurosu] SI[17,Small Wings of Heaven,0,0,0,0]serial:[24008] dur:[255] Ex:[0,0,0,0,0,0,0] Set[0] 380:[0] HO:[0,0] E:[0]
[18:42:28] [alurosu][alurosu] CharInfoSave : Class=18 Level=400 LVPoint=218 Exp=-402717296 Str=4000 Dex=295 Vit=300 Energy=300 Leadership:0 Map=3 Pk=3
[18:42:31] [alurosu][alurosu] SI[0,Helical Sword,9,0,1,7]serial:[0] dur:[95] Ex:[1,1,1,1,1,1,0] Set[0] 380:[0] HO:[0,0] E:[0]
[18:42:31] [alurosu][alurosu] SI[10,Ring of Earth,0,0,0,0]serial:[24010] dur:[65] Ex:[0,0,0,0,0,1,0] Set[0] 380:[0] HO:[0,0] E:[0]
[18:42:31] [alurosu][alurosu] SI[12,Scroll of Evil Spirit,0,0,0,0]serial:[24014] dur:[255] Ex:[0,0,0,0,0,0,0] Set[0] 380:[0] HO:[0,0] E:[0]
[18:42:31] [alurosu][alurosu] SI[13,Splinter of Armor,0,0,0,0]serial:[24015] dur:[255] Ex:[0,0,0,0,0,0,0] Set[0] 380:[0] HO:[0,0] E:[0]
[18:42:31] [alurosu][alurosu] SI[14,Spirit,0,0,0,0]serial:[24016] dur:[255] Ex:[0,0,0,0,0,0,0] Set[0] 380:[0] HO:[0,0] E:[0]
[18:42:31] [alurosu][alurosu] SI[15,Bless of Guardian,0,0,0,0]serial:[24017] dur:[255] Ex:[0,0,0,0,0,0,0] Set[0] 380:[0] HO:[0,0] E:[0]
[18:42:31] [alurosu][alurosu] SI[16,Claw of Beast,0,0,0,0]serial:[24018] dur:[255] Ex:[0,0,0,0,0,0,0] Set[0] 380:[0] HO:[0,0] E:[0]
[18:42:31] [alurosu][alurosu] SI[17,Small Wings of Heaven,0,0,0,0]serial:[24008] dur:[255] Ex:[0,0,0,0,0,0,0] Set[0] 380:[0] HO:[0,0] E:[0]
[18:42:31] [alurosu][alurosu] CharInfoSave : Class=18 Level=400 LVPoint=218 Exp=-402717296 Str=4000 Dex=295 Vit=300 Energy=300 Leadership:0 Map=3 Pk=3
[18:42:37] [alurosu][alurosu] SI[0,Helical Sword,9,0,1,7]serial:[0] dur:[95] Ex:[1,1,1,1,1,1,0] Set[0] 380:[0] HO:[0,0] E:[0]
[18:42:37] [alurosu][alurosu] SI[10,Ring of Earth,0,0,0,0]serial:[24010] dur:[65] Ex:[0,0,0,0,0,1,0] Set[0] 380:[0] HO:[0,0] E:[0]
[18:42:37] [alurosu][alurosu] SI[12,Scroll of Evil Spirit,0,0,0,0]serial:[24014] dur:[255] Ex:[0,0,0,0,0,0,0] Set[0] 380:[0] HO:[0,0] E:[0]
[18:42:37] [alurosu][alurosu] SI[13,Splinter of Armor,0,0,0,0]serial:[24015] dur:[255] Ex:[0,0,0,0,0,0,0] Set[0] 380:[0] HO:[0,0] E:[0]
[18:42:37] [alurosu][alurosu] SI[14,Spirit,0,0,0,0]serial:[24016] dur:[255] Ex:[0,0,0,0,0,0,0] Set[0] 380:[0] HO:[0,0] E:[0]
[18:42:37] [alurosu][alurosu] SI[15,Bless of Guardian,0,0,0,0]serial:[24017] dur:[255] Ex:[0,0,0,0,0,0,0] Set[0] 380:[0] HO:[0,0] E:[0]
[18:42:37] [alurosu][alurosu] SI[16,Claw of Beast,0,0,0,0]serial:[24018] dur:[255] Ex:[0,0,0,0,0,0,0] Set[0] 380:[0] HO:[0,0] E:[0]
[18:42:37] [alurosu][alurosu] SI[17,Small Wings of Heaven,0,0,0,0]serial:[24008] dur:[255] Ex:[0,0,0,0,0,0,0] Set[0] 380:[0] HO:[0,0] E:[0]
[18:42:37] [alurosu][alurosu] SI[21,Imp,0,0,0,0]serial:[24019] dur:[255] Ex:[0,0,0,0,0,0,0] Set[0] 380:[0] HO:[0,0] E:[0]
[18:42:37] [alurosu][alurosu] CharInfoSave : Class=18 Level=400 LVPoint=218 Exp=-402717296 Str=4000 Dex=295 Vit=300 Energy=300 Leadership:0 Map=3 Pk=3
[18:42:50] [alurosu][alurosu] SI[0,Helical Sword,9,0,1,7]serial:[0] dur:[95] Ex:[1,1,1,1,1,1,0] Set[0] 380:[0] HO:[0,0] E:[0]
[18:42:50] [alurosu][alurosu] SI[8,Imp,0,0,0,0]serial:[24019] dur:[255] Ex:[0,0,0,0,0,0,0] Set[0] 380:[0] HO:[0,0] E:[0]
[18:42:50] [alurosu][alurosu] SI[10,Ring of Earth,0,0,0,0]serial:[24010] dur:[65] Ex:[0,0,0,0,0,1,0] Set[0] 380:[0] HO:[0,0] E:[0]
[18:42:50] [alurosu][alurosu] SI[12,Scroll of Evil Spirit,0,0,0,0]serial:[24014] dur:[255] Ex:[0,0,0,0,0,0,0] Set[0] 380:[0] HO:[0,0] E:[0]
[18:42:50] [alurosu][alurosu] SI[13,Splinter of Armor,0,0,0,0]serial:[24015] dur:[255] Ex:[0,0,0,0,0,0,0] Set[0] 380:[0] HO:[0,0] E:[0]
[18:42:50] [alurosu][alurosu] SI[14,Spirit,0,0,0,0]serial:[24016] dur:[255] Ex:[0,0,0,0,0,0,0] Set[0] 380:[0] HO:[0,0] E:[0]
[18:42:50] [alurosu][alurosu] SI[15,Bless of Guardian,0,0,0,0]serial:[24017] dur:[255] Ex:[0,0,0,0,0,0,0] Set[0] 380:[0] HO:[0,0] E:[0]
[18:42:50] [alurosu][alurosu] SI[16,Claw of Beast,0,0,0,0]serial:[24018] dur:[255] Ex:[0,0,0,0,0,0,0] Set[0] 380:[0] HO:[0,0] E:[0]
[18:42:50] [alurosu][alurosu] SI[17,Small Wings of Heaven,0,0,0,0]serial:[24008] dur:[255] Ex:[0,0,0,0,0,0,0] Set[0] 380:[0] HO:[0,0] E:[0]
[18:43:37] [alurosu][alurosu] Skill Save Complete 0 44
[18:43:37] [alurosu][alurosu] Skill Save Complete 1 67
[18:43:37] [alurosu][alurosu] Skill Save Complete 2 68
[18:43:37] [alurosu][alurosu] Skill Save Complete 3 69
[18:43:37] [alurosu][alurosu] Skill Save Complete 4 70
[18:43:37] [alurosu][alurosu] Skill Save Complete 5 71
[18:43:37] [alurosu][alurosu] Skill Save Complete 6 72
[18:43:37] [alurosu][alurosu] Skill Save Complete 7 48
[18:43:37] [alurosu][alurosu] SI[0,Helical Sword,9,0,1,7]serial:[0] dur:[95] Ex:[1,1,1,1,1,1,0] Set[0] 380:[0] HO:[0,0] E:[0]
[18:43:37] [alurosu][alurosu] SI[8,Imp,0,0,0,0]serial:[24019] dur:[255] Ex:[0,0,0,0,0,0,0] Set[0] 380:[0] HO:[0,0] E:[0]
[18:43:37] [alurosu][alurosu] SI[10,Ring of Earth,0,0,0,0]serial:[24010] dur:[65] Ex:[0,0,0,0,0,1,0] Set[0] 380:[0] HO:[0,0] E:[0]
[18:43:37] [alurosu][alurosu] SI[17,Small Wings of Heaven,0,0,0,0]serial:[24008] dur:[255] Ex:[0,0,0,0,0,0,0] Set[0] 380:[0] HO:[0,0] E:[0]
[18:43:37] [alurosu][alurosu] CharInfoSave : Class=18 Level=400 LVPoint=218 Exp=-402717296 Str=4000 Dex=295 Vit=300 Energy=300 Leadership:0 Map=3 Pk=3
[18:55:52] [alurosu][alurosu] SI[0,Helical Sword,9,0,1,7]serial:[0] dur:[95] Ex:[1,1,1,1,1,1,0] Set[0] 380:[0] HO:[0,0] E:[0]
[18:55:52] [alurosu][alurosu] SI[7,Small Wings of Heaven,0,0,0,0]serial:[24008] dur:[255] Ex:[0,0,0,0,0,0,0] Set[0] 380:[0] HO:[0,0] E:[0]
[18:55:52] [alurosu][alurosu] SI[8,Imp,0,0,0,0]serial:[24019] dur:[255] Ex:[0,0,0,0,0,0,0] Set[0] 380:[0] HO:[0,0] E:[0]
[18:55:52] [alurosu][alurosu] SI[10,Ring of Earth,0,0,0,0]serial:[24010] dur:[65] Ex:[0,0,0,0,0,1,0] Set[0] 380:[0] HO:[0,0] E:[0]
[18:55:52] [alurosu][alurosu] SI[12,Small Wings of Elf,0,0,0,0]serial:[24020] dur:[255] Ex:[0,0,0,0,0,0,0] Set[0] 380:[0] HO:[0,0] E:[0]
[18:55:52] [alurosu][alurosu] CharInfoSave : Class=18 Level=400 LVPoint=218 Exp=-402717296 Str=4000 Dex=295 Vit=300 Energy=300 Leadership:0 Map=3 Pk=3
[18:55:56] [alurosu][alurosu] SI[0,Helical Sword,9,0,1,7]serial:[0] dur:[95] Ex:[1,1,1,1,1,1,0] Set[0] 380:[0] HO:[0,0] E:[0]
[18:55:56] [alurosu][alurosu] SI[7,Small Wings of Heaven,0,0,0,0]serial:[24008] dur:[255] Ex:[0,0,0,0,0,0,0] Set[0] 380:[0] HO:[0,0] E:[0]
[18:55:56] [alurosu][alurosu] SI[8,Imp,0,0,0,0]serial:[24019] dur:[255] Ex:[0,0,0,0,0,0,0] Set[0] 380:[0] HO:[0,0] E:[0]
[18:55:56] [alurosu][alurosu] SI[10,Ring of Earth,0,0,0,0]serial:[24010] dur:[65] Ex:[0,0,0,0,0,1,0] Set[0] 380:[0] HO:[0,0] E:[0]
[18:55:56] [alurosu][alurosu] SI[12,Small Wings of Elf,0,0,0,0]serial:[24020] dur:[255] Ex:[0,0,0,0,0,0,0] Set[0] 380:[0] HO:[0,0] E:[0]
[18:55:56] [alurosu][alurosu] SI[15,Small Wings of Satan,0,0,0,0]serial:[24021] dur:[255] Ex:[0,0,0,0,0,0,0] Set[0] 380:[0] HO:[0,0] E:[0]
[18:55:56] [alurosu][alurosu] CharInfoSave : Class=18 Level=400 LVPoint=218 Exp=-402717296 Str=4000 Dex=295 Vit=300 Energy=300 Leadership:0 Map=3 Pk=3
[18:55:59] [alurosu][alurosu] SI[0,Helical Sword,9,0,1,7]serial:[0] dur:[95] Ex:[1,1,1,1,1,1,0] Set[0] 380:[0] HO:[0,0] E:[0]
[18:55:59] [alurosu][alurosu] SI[7,Small Wings of Heaven,0,0,0,0]serial:[24008] dur:[255] Ex:[0,0,0,0,0,0,0] Set[0] 380:[0] HO:[0,0] E:[0]
[18:55:59] [alurosu][alurosu] SI[8,Imp,0,0,0,0]serial:[24019] dur:[255] Ex:[0,0,0,0,0,0,0] Set[0] 380:[0] HO:[0,0] E:[0]
[18:55:59] [alurosu][alurosu] SI[10,Ring of Earth,0,0,0,0]serial:[24010] dur:[65] Ex:[0,0,0,0,0,1,0] Set[0] 380:[0] HO:[0,0] E:[0]
[18:55:59] [alurosu][alurosu] SI[12,Small Wings of Elf,0,0,0,0]serial:[24020] dur:[255] Ex:[0,0,0,0,0,0,0] Set[0] 380:[0] HO:[0,0] E:[0]
[18:55:59] [alurosu][alurosu] SI[15,Small Wings of Satan,0,0,0,0]serial:[24021] dur:[255] Ex:[0,0,0,0,0,0,0] Set[0] 380:[0] HO:[0,0] E:[0]
[18:55:59] [alurosu][alurosu] SI[18,Little Warrior's Cloak,0,0,0,0]serial:[24022] dur:[255] Ex:[0,0,0,0,0,0,0] Set[0] 380:[0] HO:[0,0] E:[0]
[18:55:59] [alurosu][alurosu] CharInfoSave : Class=18 Level=400 LVPoint=218 Exp=-402717296 Str=4000 Dex=295 Vit=300 Energy=300 Leadership:0 Map=3 Pk=3
[18:56:02] [alurosu][alurosu] SI[0,Helical Sword,9,0,1,7]serial:[0] dur:[95] Ex:[1,1,1,1,1,1,0] Set[0] 380:[0] HO:[0,0] E:[0]
[18:56:02] [alurosu][alurosu] SI[7,Small Wings of Heaven,0,0,0,0]serial:[24008] dur:[255] Ex:[0,0,0,0,0,0,0] Set[0] 380:[0] HO:[0,0] E:[0]
[18:56:02] [alurosu][alurosu] SI[8,Imp,0,0,0,0]serial:[24019] dur:[255] Ex:[0,0,0,0,0,0,0] Set[0] 380:[0] HO:[0,0] E:[0]
[18:56:02] [alurosu][alurosu] SI[10,Ring of Earth,0,0,0,0]serial:[24010] dur:[65] Ex:[0,0,0,0,0,1,0] Set[0] 380:[0] HO:[0,0] E:[0]
[18:56:02] [alurosu][alurosu] SI[12,Small Wings of Elf,0,0,0,0]serial:[24020] dur:[255] Ex:[0,0,0,0,0,0,0] Set[0] 380:[0] HO:[0,0] E:[0]
[18:56:02] [alurosu][alurosu] SI[15,Small Wings of Satan,0,0,0,0]serial:[24021] dur:[255] Ex:[0,0,0,0,0,0,0] Set[0] 380:[0] HO:[0,0] E:[0]
[18:56:02] [alurosu][alurosu] SI[18,Little Warrior's Cloak,0,0,0,0]serial:[24022] dur:[255] Ex:[0,0,0,0,0,0,0] Set[0] 380:[0] HO:[0,0] E:[0]
[18:56:02] [alurosu][alurosu] SI[28,Small Cape of Lord,0,0,0,0]serial:[24023] dur:[255] Ex:[0,0,0,0,0,0,0] Set[0] 380:[0] HO:[0,0] E:[0]
[18:56:02] [alurosu][alurosu] CharInfoSave : Class=18 Level=400 LVPoint=218 Exp=-402717296 Str=4000 Dex=295 Vit=300 Energy=300 Leadership:0 Map=3 Pk=3
[18:56:05] [alurosu][alurosu] SI[0,Helical Sword,9,0,1,7]serial:[0] dur:[95] Ex:[1,1,1,1,1,1,0] Set[0] 380:[0] HO:[0,0] E:[0]
[18:56:05] [alurosu][alurosu] SI[7,Small Wings of Heaven,0,0,0,0]serial:[24008] dur:[255] Ex:[0,0,0,0,0,0,0] Set[0] 380:[0] HO:[0,0] E:[0]
[18:56:05] [alurosu][alurosu] SI[8,Imp,0,0,0,0]serial:[24019] dur:[255] Ex:[0,0,0,0,0,0,0] Set[0] 380:[0] HO:[0,0] E:[0]
[18:56:05] [alurosu][alurosu] SI[10,Ring of Earth,0,0,0,0]serial:[24010] dur:[65] Ex:[0,0,0,0,0,1,0] Set[0] 380:[0] HO:[0,0] E:[0]
[18:56:05] [alurosu][alurosu] SI[12,Small Wings of Elf,0,0,0,0]serial:[24020] dur:[255] Ex:[0,0,0,0,0,0,0] Set[0] 380:[0] HO:[0,0] E:[0]
[18:56:05] [alurosu][alurosu] SI[15,Small Wings of Satan,0,0,0,0]serial:[24021] dur:[255] Ex:[0,0,0,0,0,0,0] Set[0] 380:[0] HO:[0,0] E:[0]
[18:56:05] [alurosu][alurosu] SI[18,Little Warrior's Cloak,0,0,0,0]serial:[24022] dur:[255] Ex:[0,0,0,0,0,0,0] Set[0] 380:[0] HO:[0,0] E:[0]
[18:56:05] [alurosu][alurosu] SI[28,Small Cape of Lord,0,0,0,0]serial:[24023] dur:[255] Ex:[0,0,0,0,0,0,0] Set[0] 380:[0] HO:[0,0] E:[0]
[18:56:05] [alurosu][alurosu] SI[30,Small Wing of Curse,0,0,0,0]serial:[24024] dur:[255] Ex:[0,0,0,0,0,0,0] Set[0] 380:[0] HO:[0,0] E:[0]
[18:56:05] [alurosu][alurosu] CharInfoSave : Class=18 Level=400 LVPoint=218 Exp=-402717296 Str=4000 Dex=295 Vit=300 Energy=300 Leadership:0 Map=3 Pk=3
[18:56:55] [alurosu][alurosu] Skill Save Complete 0 44
[18:56:55] [alurosu][alurosu] Skill Save Complete 1 67
[18:56:55] [alurosu][alurosu] Skill Save Complete 2 68
[18:56:55] [alurosu][alurosu] Skill Save Complete 3 69
[18:56:55] [alurosu][alurosu] Skill Save Complete 4 70
[18:56:55] [alurosu][alurosu] Skill Save Complete 5 71
[18:56:55] [alurosu][alurosu] Skill Save Complete 6 72
[18:56:55] [alurosu][alurosu] Skill Save Complete 7 48
[18:56:55] [alurosu][alurosu] SI[0,Helical Sword,9,0,1,7]serial:[0] dur:[95] Ex:[1,1,1,1,1,1,0] Set[0] 380:[0] HO:[0,0] E:[0]
[18:56:55] [alurosu][alurosu] SI[8,Imp,0,0,0,0]serial:[24019] dur:[255] Ex:[0,0,0,0,0,0,0] Set[0] 380:[0] HO:[0,0] E:[0]
[18:56:55] [alurosu][alurosu] SI[10,Ring of Earth,0,0,0,0]serial:[24010] dur:[65] Ex:[0,0,0,0,0,1,0] Set[0] 380:[0] HO:[0,0] E:[0]
[18:56:55] [alurosu][alurosu] SI[12,Small Wings of Elf,0,0,0,0]serial:[24020] dur:[255] Ex:[0,0,0,0,0,0,0] Set[0] 380:[0] HO:[0,0] E:[0]
[18:56:55] [alurosu][alurosu] SI[15,Small Wings of Satan,0,0,0,0]serial:[24021] dur:[255] Ex:[0,0,0,0,0,0,0] Set[0] 380:[0] HO:[0,0] E:[0]
[18:56:55] [alurosu][alurosu] SI[18,Little Warrior's Cloak,0,0,0,0]serial:[24022] dur:[255] Ex:[0,0,0,0,0,0,0] Set[0] 380:[0] HO:[0,0] E:[0]
[18:56:55] [alurosu][alurosu] SI[28,Small Cape of Lord,0,0,0,0]serial:[24023] dur:[255] Ex:[0,0,0,0,0,0,0] Set[0] 380:[0] HO:[0,0] E:[0]
[18:56:55] [alurosu][alurosu] SI[30,Small Wing of Curse,0,0,0,0]serial:[24024] dur:[255] Ex:[0,0,0,0,0,0,0] Set[0] 380:[0] HO:[0,0] E:[0]
[18:56:55] [alurosu][alurosu] SI[33,Small Wings of Heaven,0,0,0,0]serial:[24008] dur:[255] Ex:[0,0,0,0,0,0,0] Set[0] 380:[0] HO:[0,0] E:[0]
[18:56:55] [alurosu][alurosu] CharInfoSave : Class=18 Level=400 LVPoint=218 Exp=-402717296 Str=4000 Dex=295 Vit=300 Energy=300 Leadership:0 Map=3 Pk=3
[19:05:52] [alurosu][alurosu] Skill Save Complete 0 44
[19:05:52] [alurosu][alurosu] Skill Save Complete 1 67
[19:05:52] [alurosu][alurosu] Skill Save Complete 2 68
[19:05:52] [alurosu][alurosu] Skill Save Complete 3 69
[19:05:52] [alurosu][alurosu] Skill Save Complete 4 70
[19:05:52] [alurosu][alurosu] Skill Save Complete 5 71
[19:05:52] [alurosu][alurosu] Skill Save Complete 6 72
[19:05:52] [alurosu][alurosu] Skill Save Complete 7 48
[19:05:52] [alurosu][alurosu] SI[0,Helical Sword,9,0,1,7]serial:[0] dur:[95] Ex:[1,1,1,1,1,1,0] Set[0] 380:[0] HO:[0,0] E:[0]
[19:05:52] [alurosu][alurosu] SI[7,Small Wing of Curse,0,0,0,0]serial:[24024] dur:[255] Ex:[0,0,0,0,0,0,0] Set[0] 380:[0] HO:[0,0] E:[0]
[19:05:52] [alurosu][alurosu] SI[8,Imp,0,0,0,0]serial:[24019] dur:[255] Ex:[0,0,0,0,0,0,0] Set[0] 380:[0] HO:[0,0] E:[0]
[19:05:52] [alurosu][alurosu] SI[10,Ring of Earth,0,0,0,0]serial:[24010] dur:[65] Ex:[0,0,0,0,0,1,0] Set[0] 380:[0] HO:[0,0] E:[0]
[19:05:52] [alurosu][alurosu] SI[12,Small Wings of Elf,0,0,0,0]serial:[24020] dur:[255] Ex:[0,0,0,0,0,0,0] Set[0] 380:[0] HO:[0,0] E:[0]
[19:05:52] [alurosu][alurosu] SI[15,Small Wings of Satan,0,0,0,0]serial:[24021] dur:[255] Ex:[0,0,0,0,0,0,0] Set[0] 380:[0] HO:[0,0] E:[0]
[19:05:52] [alurosu][alurosu] SI[33,Small Wings of Heaven,0,0,0,0]serial:[24008] dur:[255] Ex:[0,0,0,0,0,0,0] Set[0] 380:[0] HO:[0,0] E:[0]
[19:05:52] [alurosu][alurosu] CharInfoSave : Class=18 Level=400 LVPoint=218 Exp=-402717296 Str=4000 Dex=295 Vit=300 Energy=300 Leadership:0 Map=3 Pk=3
