[17:05:15] [alurosu][alurosu] SI[0,Helical Sword,9,0,1,7]serial:[0] dur:[95] Ex:[1,1,1,1,1,1,0] Set[0] 380:[0] HO:[0,0] E:[0]
[17:05:15] [alurosu][alurosu] SI[12,Box of Luck,8,0,0,0]serial:[21001] dur:[255] Ex:[0,0,0,0,0,0,0] Set[0] 380:[0] HO:[0,0] E:[0]
[17:05:15] [alurosu][alurosu] CharInfoSave : Class=18 Level=400 LVPoint=218 Exp=-402717296 Str=4000 Dex=295 Vit=300 Energy=300 Leadership:0 Map=0 Pk=3
[17:05:40] [alurosu][alurosu] Skill Save Complete 0 44
[17:05:40] [alurosu][alurosu] Skill Save Complete 1 67
[17:05:40] [alurosu][alurosu] Skill Save Complete 2 68
[17:05:40] [alurosu][alurosu] Skill Save Complete 3 69
[17:05:40] [alurosu][alurosu] Skill Save Complete 4 70
[17:05:40] [alurosu][alurosu] Skill Save Complete 5 71
[17:05:40] [alurosu][alurosu] Skill Save Complete 6 72
[17:05:40] [alurosu][alurosu] Skill Save Complete 7 48
[17:05:40] [alurosu][alurosu] SI[0,Helical Sword,9,0,1,7]serial:[0] dur:[95] Ex:[1,1,1,1,1,1,0] Set[0] 380:[0] HO:[0,0] E:[0]
[17:05:40] [alurosu][alurosu] SI[12,Plate Gloves,0,0,1,1]serial:[21002] dur:[65] Ex:[0,0,0,1,0,0,0] Set[0] 380:[0] HO:[0,0] E:[0]
[17:05:40] [alurosu][alurosu] CharInfoSave : Class=18 Level=400 LVPoint=218 Exp=-402717296 Str=4000 Dex=295 Vit=300 Energy=300 Leadership:0 Map=0 Pk=3
[17:13:18] [alurosu][alurosu] SI[0,Helical Sword,9,0,1,7]serial:[0] dur:[95] Ex:[1,1,1,1,1,1,0] Set[0] 380:[0] HO:[0,0] E:[0]
[17:13:18] [alurosu][alurosu] SI[12,Plate Gloves,0,0,1,1]serial:[21002] dur:[65] Ex:[0,0,0,1,0,0,0] Set[0] 380:[0] HO:[0,0] E:[0]
[17:13:18] [alurosu][alurosu] SI[14,Box of Luck,8,0,0,0]serial:[21003] dur:[255] Ex:[0,0,0,0,0,0,0] Set[0] 380:[0] HO:[0,0] E:[0]
[17:13:18] [alurosu][alurosu] CharInfoSave : Class=18 Level=400 LVPoint=218 Exp=-402717296 Str=4000 Dex=295 Vit=300 Energy=300 Leadership:0 Map=0 Pk=3
[17:14:38] [alurosu][alurosu] Skill Save Complete 0 44
[17:14:38] [alurosu][alurosu] Skill Save Complete 1 67
[17:14:38] [alurosu][alurosu] Skill Save Complete 2 68
[17:14:38] [alurosu][alurosu] Skill Save Complete 3 69
[17:14:38] [alurosu][alurosu] Skill Save Complete 4 70
[17:14:38] [alurosu][alurosu] Skill Save Complete 5 71
[17:14:38] [alurosu][alurosu] Skill Save Complete 6 72
[17:14:38] [alurosu][alurosu] Skill Save Complete 7 48
[17:14:38] [alurosu][alurosu] SI[0,Helical Sword,9,0,1,7]serial:[0] dur:[95] Ex:[1,1,1,1,1,1,0] Set[0] 380:[0] HO:[0,0] E:[0]
[17:14:38] [alurosu][alurosu] SI[12,Plate Gloves,0,0,1,1]serial:[21002] dur:[65] Ex:[0,0,0,1,0,0,0] Set[0] 380:[0] HO:[0,0] E:[0]
[17:14:38] [alurosu][alurosu] SI[14,Plate Gloves,1,0,1,1]serial:[21004] dur:[66] Ex:[0,0,0,1,0,0,0] Set[0] 380:[0] HO:[0,0] E:[0]
[17:14:38] [alurosu][alurosu] CharInfoSave : Class=18 Level=400 LVPoint=218 Exp=-402717296 Str=4000 Dex=295 Vit=300 Energy=300 Leadership:0 Map=0 Pk=3
[17:24:24] [alurosu][alurosu] Skill Save Complete 0 44
[17:24:24] [alurosu][alurosu] Skill Save Complete 1 67
[17:24:24] [alurosu][alurosu] Skill Save Complete 2 68
[17:24:24] [alurosu][alurosu] Skill Save Complete 3 69
[17:24:24] [alurosu][alurosu] Skill Save Complete 4 70
[17:24:24] [alurosu][alurosu] Skill Save Complete 5 71
[17:24:24] [alurosu][alurosu] Skill Save Complete 6 72
[17:24:24] [alurosu][alurosu] Skill Save Complete 7 48
[17:24:24] [alurosu][alurosu] SI[0,Helical Sword,9,0,1,7]serial:[0] dur:[95] Ex:[1,1,1,1,1,1,0] Set[0] 380:[0] HO:[0,0] E:[0]
[17:24:24] [alurosu][alurosu] SI[12,Plate Gloves,0,0,1,1]serial:[21002] dur:[65] Ex:[0,0,0,1,0,0,0] Set[0] 380:[0] HO:[0,0] E:[0]
[17:24:24] [alurosu][alurosu] SI[14,Plate Gloves,1,0,1,1]serial:[21004] dur:[66] Ex:[0,0,0,1,0,0,0] Set[0] 380:[0] HO:[0,0] E:[0]
[17:24:24] [alurosu][alurosu] CharInfoSave : Class=18 Level=400 LVPoint=218 Exp=-402717296 Str=4000 Dex=295 Vit=300 Energy=300 Leadership:0 Map=0 Pk=3
