[13:40:30] [alurosu][alurosu] Skill Save Complete 0 44
[13:40:30] [alurosu][alurosu] Skill Save Complete 1 67
[13:40:30] [alurosu][alurosu] Skill Save Complete 2 68
[13:40:30] [alurosu][alurosu] Skill Save Complete 3 69
[13:40:30] [alurosu][alurosu] Skill Save Complete 4 70
[13:40:30] [alurosu][alurosu] Skill Save Complete 5 71
[13:40:30] [alurosu][alurosu] Skill Save Complete 6 72
[13:40:30] [alurosu][alurosu] SI[0,Helical Sword,9,0,1,7]serial:[0] dur:[95] Ex:[1,1,1,1,1,1,0] Set[0] 380:[0] HO:[0,0] E:[0]
[13:40:30] [alurosu][alurosu] CharInfoSave : Class=18 Level=400 LVPoint=218 Exp=-402717296 Str=4000 Dex=295 Vit=300 Energy=300 Leadership:0 Map=0 Pk=3
[13:43:09] [alurosu][alurosu] Skill Save Complete 0 44
[13:43:09] [alurosu][alurosu] Skill Save Complete 1 67
[13:43:09] [alurosu][alurosu] Skill Save Complete 2 68
[13:43:09] [alurosu][alurosu] Skill Save Complete 3 69
[13:43:09] [alurosu][alurosu] Skill Save Complete 4 70
[13:43:09] [alurosu][alurosu] Skill Save Complete 5 71
[13:43:09] [alurosu][alurosu] Skill Save Complete 6 72
[13:43:09] [alurosu][alurosu] SI[0,Helical Sword,9,0,1,7]serial:[0] dur:[95] Ex:[1,1,1,1,1,1,0] Set[0] 380:[0] HO:[0,0] E:[0]
[13:43:09] [alurosu][alurosu] CharInfoSave : Class=18 Level=400 LVPoint=218 Exp=-402717296 Str=4000 Dex=295 Vit=300 Energy=300 Leadership:0 Map=0 Pk=3
[13:44:31] [alurosu][alurosu] Skill Save Complete 0 44
[13:44:31] [alurosu][alurosu] Skill Save Complete 1 67
[13:44:31] [alurosu][alurosu] Skill Save Complete 2 68
[13:44:31] [alurosu][alurosu] Skill Save Complete 3 69
[13:44:31] [alurosu][alurosu] Skill Save Complete 4 70
[13:44:31] [alurosu][alurosu] Skill Save Complete 5 71
[13:44:31] [alurosu][alurosu] Skill Save Complete 6 72
[13:44:31] [alurosu][alurosu] Skill Save Complete 7 48
[13:44:31] [alurosu][alurosu] SI[0,Helical Sword,9,0,1,7]serial:[0] dur:[95] Ex:[1,1,1,1,1,1,0] Set[0] 380:[0] HO:[0,0] E:[0]
[13:44:31] [alurosu][alurosu] SI[12,Orb of Greater Fortitude,0,0,0,0]serial:[18003] dur:[0] Ex:[0,0,0,0,0,0,0] Set[0] 380:[0] HO:[0,0] E:[0]
[13:44:31] [alurosu][alurosu] CharInfoSave : Class=18 Level=400 LVPoint=218 Exp=-402717296 Str=4000 Dex=295 Vit=300 Energy=300 Leadership:0 Map=0 Pk=3
[13:55:50] [alurosu][alurosu] Skill Save Complete 0 44
[13:55:50] [alurosu][alurosu] Skill Save Complete 1 67
[13:55:50] [alurosu][alurosu] Skill Save Complete 2 68
[13:55:50] [alurosu][alurosu] Skill Save Complete 3 69
[13:55:50] [alurosu][alurosu] Skill Save Complete 4 70
[13:55:50] [alurosu][alurosu] Skill Save Complete 5 71
[13:55:50] [alurosu][alurosu] Skill Save Complete 6 72
[13:55:50] [alurosu][alurosu] Skill Save Complete 7 48
[13:55:50] [alurosu][alurosu] SI[0,Helical Sword,9,0,1,7]serial:[0] dur:[95] Ex:[1,1,1,1,1,1,0] Set[0] 380:[0] HO:[0,0] E:[0]
[13:55:50] [alurosu][alurosu] SI[12,Orb of Greater Fortitude,0,0,0,0]serial:[18003] dur:[0] Ex:[0,0,0,0,0,0,0] Set[0] 380:[0] HO:[0,0] E:[0]
[13:55:50] [alurosu][alurosu] CharInfoSave : Class=18 Level=400 LVPoint=218 Exp=-402717296 Str=4000 Dex=295 Vit=300 Energy=300 Leadership:0 Map=0 Pk=3
[13:57:27] [alurosu][alurosu] Skill Save Complete 0 44
[13:57:27] [alurosu][alurosu] Skill Save Complete 1 67
[13:57:27] [alurosu][alurosu] Skill Save Complete 2 68
[13:57:27] [alurosu][alurosu] Skill Save Complete 3 69
[13:57:27] [alurosu][alurosu] Skill Save Complete 4 70
[13:57:27] [alurosu][alurosu] Skill Save Complete 5 71
[13:57:27] [alurosu][alurosu] Skill Save Complete 6 72
[13:57:27] [alurosu][alurosu] Skill Save Complete 7 48
[13:57:27] [alurosu][alurosu] SI[0,Helical Sword,9,0,1,7]serial:[0] dur:[95] Ex:[1,1,1,1,1,1,0] Set[0] 380:[0] HO:[0,0] E:[0]
[13:57:27] [alurosu][alurosu] SI[12,Orb of Swell Life,0,0,0,0]serial:[18003] dur:[0] Ex:[0,0,0,0,0,0,0] Set[0] 380:[0] HO:[0,0] E:[0]
[13:57:27] [alurosu][alurosu] CharInfoSave : Class=18 Level=400 LVPoint=218 Exp=-402717296 Str=4000 Dex=295 Vit=300 Energy=300 Leadership:0 Map=0 Pk=3
[14:03:47] [alurosu][alurosu] Skill Save Complete 0 44
[14:03:47] [alurosu][alurosu] Skill Save Complete 1 67
[14:03:47] [alurosu][alurosu] Skill Save Complete 2 68
[14:03:47] [alurosu][alurosu] Skill Save Complete 3 69
[14:03:47] [alurosu][alurosu] Skill Save Complete 4 70
[14:03:47] [alurosu][alurosu] Skill Save Complete 5 71
[14:03:47] [alurosu][alurosu] Skill Save Complete 6 72
[14:03:47] [alurosu][alurosu] Skill Save Complete 7 48
[14:03:47] [alurosu][alurosu] SI[0,Helical Sword,9,0,1,7]serial:[0] dur:[95] Ex:[1,1,1,1,1,1,0] Set[0] 380:[0] HO:[0,0] E:[0]
[14:03:47] [alurosu][alurosu] SI[12,Orb of Swell Life,0,0,0,0]serial:[18003] dur:[0] Ex:[0,0,0,0,0,0,0] Set[0] 380:[0] HO:[0,0] E:[0]
[14:03:47] [alurosu][alurosu] SI[13,Orb of Swell Life,0,0,0,0]serial:[18004] dur:[0] Ex:[0,0,0,0,0,0,0] Set[0] 380:[0] HO:[0,0] E:[0]
[14:03:47] [alurosu][alurosu] SI[14,Orb of Greater Fortitude,0,0,0,0]serial:[18005] dur:[0] Ex:[0,0,0,0,0,0,0] Set[0] 380:[0] HO:[0,0] E:[0]
[14:03:47] [alurosu][alurosu] CharInfoSave : Class=18 Level=400 LVPoint=218 Exp=-402717296 Str=4000 Dex=295 Vit=300 Energy=300 Leadership:0 Map=0 Pk=3
[14:14:04] [alurosu][alurosu] SI[0,Helical Sword,9,0,1,7]serial:[0] dur:[95] Ex:[1,1,1,1,1,1,0] Set[0] 380:[0] HO:[0,0] E:[0]
[14:14:04] [alurosu][alurosu] CharInfoSave : Class=18 Level=400 LVPoint=218 Exp=-402717296 Str=4000 Dex=295 Vit=300 Energy=300 Leadership:0 Map=0 Pk=3
[14:24:05] [alurosu][alurosu] SI[0,Helical Sword,9,0,1,7]serial:[0] dur:[95] Ex:[1,1,1,1,1,1,0] Set[0] 380:[0] HO:[0,0] E:[0]
[14:24:05] [alurosu][alurosu] CharInfoSave : Class=18 Level=400 LVPoint=218 Exp=-402717296 Str=4000 Dex=295 Vit=300 Energy=300 Leadership:0 Map=0 Pk=3
[14:34:06] [alurosu][alurosu] SI[0,Helical Sword,9,0,1,7]serial:[0] dur:[95] Ex:[1,1,1,1,1,1,0] Set[0] 380:[0] HO:[0,0] E:[0]
[14:34:06] [alurosu][alurosu] CharInfoSave : Class=18 Level=400 LVPoint=218 Exp=-402717296 Str=4000 Dex=295 Vit=300 Energy=300 Leadership:0 Map=0 Pk=3
[14:44:07] [alurosu][alurosu] SI[0,Helical Sword,9,0,1,7]serial:[0] dur:[95] Ex:[1,1,1,1,1,1,0] Set[0] 380:[0] HO:[0,0] E:[0]
[14:44:07] [alurosu][alurosu] CharInfoSave : Class=18 Level=400 LVPoint=218 Exp=-402717296 Str=4000 Dex=295 Vit=300 Energy=300 Leadership:0 Map=0 Pk=3
[14:50:06] [alurosu][alurosu] Skill Save Complete 0 44
[14:50:06] [alurosu][alurosu] Skill Save Complete 1 67
[14:50:06] [alurosu][alurosu] Skill Save Complete 2 68
[14:50:06] [alurosu][alurosu] Skill Save Complete 3 69
[14:50:06] [alurosu][alurosu] Skill Save Complete 4 70
[14:50:06] [alurosu][alurosu] Skill Save Complete 5 71
[14:50:06] [alurosu][alurosu] Skill Save Complete 6 72
[14:50:06] [alurosu][alurosu] Skill Save Complete 7 48
[14:50:06] [alurosu][alurosu] SI[0,Helical Sword,9,0,1,7]serial:[0] dur:[95] Ex:[1,1,1,1,1,1,0] Set[0] 380:[0] HO:[0,0] E:[0]
[14:50:06] [alurosu][alurosu] CharInfoSave : Class=18 Level=400 LVPoint=218 Exp=-402717296 Str=4000 Dex=295 Vit=300 Energy=300 Leadership:0 Map=0 Pk=3
[15:12:50] [alurosu][alurosu] Skill Save Complete 0 44
[15:12:50] [alurosu][alurosu] Skill Save Complete 1 67
[15:12:50] [alurosu][alurosu] Skill Save Complete 2 68
[15:12:50] [alurosu][alurosu] Skill Save Complete 3 69
[15:12:50] [alurosu][alurosu] Skill Save Complete 4 70
[15:12:50] [alurosu][alurosu] Skill Save Complete 5 71
[15:12:50] [alurosu][alurosu] Skill Save Complete 6 72
[15:12:50] [alurosu][alurosu] Skill Save Complete 7 48
[15:12:50] [alurosu][alurosu] SI[0,Helical Sword,9,0,1,7]serial:[0] dur:[95] Ex:[1,1,1,1,1,1,0] Set[0] 380:[0] HO:[0,0] E:[0]
[15:12:50] [alurosu][alurosu] CharInfoSave : Class=18 Level=400 LVPoint=218 Exp=-402717296 Str=4000 Dex=295 Vit=300 Energy=300 Leadership:0 Map=0 Pk=3
