[11:36:28] [alurosu][alurosu] Skill Save Complete 0 44
[11:36:28] [alurosu][alurosu] Skill Save Complete 1 67
[11:36:28] [alurosu][alurosu] Skill Save Complete 2 68
[11:36:28] [alurosu][alurosu] Skill Save Complete 3 69
[11:36:28] [alurosu][alurosu] Skill Save Complete 4 70
[11:36:28] [alurosu][alurosu] Skill Save Complete 5 71
[11:36:28] [alurosu][alurosu] Skill Save Complete 6 72
[11:36:28] [alurosu][alurosu] Skill Save Complete 7 48
[11:36:28] [alurosu][alurosu] SI[0,Helical Sword,9,0,1,7]serial:[0] dur:[95] Ex:[1,1,1,1,1,1,0] Set[0] 380:[0] HO:[0,0] E:[0]
[11:36:28] [alurosu][alurosu] SI[7,Small Wing of Curse,0,0,0,0]serial:[24024] dur:[255] Ex:[0,0,0,0,0,0,0] Set[0] 380:[0] HO:[0,0] E:[0]
[11:36:28] [alurosu][alurosu] SI[8,Imp,0,0,0,0]serial:[24019] dur:[255] Ex:[0,0,0,0,0,0,0] Set[0] 380:[0] HO:[0,0] E:[0]
[11:36:28] [alurosu][alurosu] SI[10,Ring of Earth,0,0,0,0]serial:[24010] dur:[65] Ex:[0,0,0,0,0,1,0] Set[0] 380:[0] HO:[0,0] E:[0]
[11:36:28] [alurosu][alurosu] CharInfoSave : Class=18 Level=400 LVPoint=218 Exp=-402717296 Str=4000 Dex=295 Vit=300 Energy=300 Leadership:0 Map=2 Pk=3
[11:46:50] [alurosu][alurosu] SI[0,Helical Sword,9,0,1,7]serial:[0] dur:[95] Ex:[1,1,1,1,1,1,0] Set[0] 380:[0] HO:[0,0] E:[0]
[11:46:50] [alurosu][alurosu] SI[7,Small Wing of Curse,0,0,0,0]serial:[24024] dur:[255] Ex:[0,0,0,0,0,0,0] Set[0] 380:[0] HO:[0,0] E:[0]
[11:46:50] [alurosu][alurosu] SI[8,Imp,0,0,0,0]serial:[24019] dur:[255] Ex:[0,0,0,0,0,0,0] Set[0] 380:[0] HO:[0,0] E:[0]
[11:46:50] [alurosu][alurosu] SI[10,Ring of Earth,0,0,0,0]serial:[24010] dur:[65] Ex:[0,0,0,0,0,1,0] Set[0] 380:[0] HO:[0,0] E:[0]
[11:46:50] [alurosu][alurosu] CharInfoSave : Class=18 Level=400 LVPoint=218 Exp=-402717296 Str=4000 Dex=295 Vit=300 Energy=300 Leadership:0 Map=37 Pk=3
[11:56:51] [alurosu][alurosu] SI[0,Helical Sword,9,0,1,7]serial:[0] dur:[95] Ex:[1,1,1,1,1,1,0] Set[0] 380:[0] HO:[0,0] E:[0]
[11:56:51] [alurosu][alurosu] SI[7,Small Wing of Curse,0,0,0,0]serial:[24024] dur:[255] Ex:[0,0,0,0,0,0,0] Set[0] 380:[0] HO:[0,0] E:[0]
[11:56:51] [alurosu][alurosu] SI[8,Imp,0,0,0,0]serial:[24019] dur:[255] Ex:[0,0,0,0,0,0,0] Set[0] 380:[0] HO:[0,0] E:[0]
[11:56:51] [alurosu][alurosu] SI[10,Ring of Earth,0,0,0,0]serial:[24010] dur:[65] Ex:[0,0,0,0,0,1,0] Set[0] 380:[0] HO:[0,0] E:[0]
[11:56:51] [alurosu][alurosu] CharInfoSave : Class=18 Level=400 LVPoint=218 Exp=-402717296 Str=4000 Dex=295 Vit=300 Energy=300 Leadership:0 Map=2 Pk=3
[12:06:52] [alurosu][alurosu] SI[0,Helical Sword,9,0,1,7]serial:[0] dur:[95] Ex:[1,1,1,1,1,1,0] Set[0] 380:[0] HO:[0,0] E:[0]
[12:06:52] [alurosu][alurosu] SI[7,Small Wing of Curse,0,0,0,0]serial:[24024] dur:[255] Ex:[0,0,0,0,0,0,0] Set[0] 380:[0] HO:[0,0] E:[0]
[12:06:52] [alurosu][alurosu] SI[8,Imp,0,0,0,0]serial:[24019] dur:[255] Ex:[0,0,0,0,0,0,0] Set[0] 380:[0] HO:[0,0] E:[0]
[12:06:52] [alurosu][alurosu] SI[10,Ring of Earth,0,0,0,0]serial:[24010] dur:[65] Ex:[0,0,0,0,0,1,0] Set[0] 380:[0] HO:[0,0] E:[0]
[12:06:52] [alurosu][alurosu] CharInfoSave : Class=18 Level=400 LVPoint=218 Exp=-402717296 Str=4000 Dex=295 Vit=300 Energy=300 Leadership:0 Map=2 Pk=3
