[12:58:19] [alurosu][alurosu] Skill Save Complete 0 44
[12:58:19] [alurosu][alurosu] Skill Save Complete 1 67
[12:58:19] [alurosu][alurosu] Skill Save Complete 2 68
[12:58:19] [alurosu][alurosu] Skill Save Complete 3 69
[12:58:19] [alurosu][alurosu] Skill Save Complete 4 70
[12:58:19] [alurosu][alurosu] Skill Save Complete 5 71
[12:58:19] [alurosu][alurosu] Skill Save Complete 6 72
[12:58:19] [alurosu][alurosu] Skill Save Complete 7 48
[12:58:19] [alurosu][alurosu] SI[0,Helical Sword,9,0,1,7]serial:[0] dur:[95] Ex:[1,1,1,1,1,1,0] Set[0] 380:[0] HO:[0,0] E:[0]
[12:58:19] [alurosu][alurosu] SI[7,Small Wing of Curse,0,0,0,0]serial:[24024] dur:[255] Ex:[0,0,0,0,0,0,0] Set[0] 380:[0] HO:[0,0] E:[0]
[12:58:19] [alurosu][alurosu] SI[8,Imp,0,0,0,0]serial:[24019] dur:[255] Ex:[0,0,0,0,0,0,0] Set[0] 380:[0] HO:[0,0] E:[0]
[12:58:19] [alurosu][alurosu] SI[10,Ring of Earth,0,0,0,0]serial:[24010] dur:[65] Ex:[0,0,0,0,0,1,0] Set[0] 380:[0] HO:[0,0] E:[0]
[12:58:19] [alurosu][alurosu] SI[12,Sphere (Mono),0,0,0,0]serial:[33014] dur:[1] Ex:[0,0,0,0,0,0,0] Set[0] 380:[0] HO:[0,0] E:[0]
[12:58:19] [alurosu][alurosu] CharInfoSave : Class=18 Level=301 LVPoint=223 Exp=389514888 Str=10000 Dex=10000 Vit=10000 Energy=10000 Leadership:0 Map=37 Pk=3
[13:09:21] [alurosu][alurosu] SI[0,Helical Sword,9,0,1,7]serial:[0] dur:[95] Ex:[1,1,1,1,1,1,0] Set[0] 380:[0] HO:[0,0] E:[0]
[13:09:21] [alurosu][alurosu] SI[7,Small Wing of Curse,0,0,0,0]serial:[24024] dur:[255] Ex:[0,0,0,0,0,0,0] Set[0] 380:[0] HO:[0,0] E:[0]
[13:09:21] [alurosu][alurosu] SI[8,Imp,0,0,0,0]serial:[24019] dur:[255] Ex:[0,0,0,0,0,0,0] Set[0] 380:[0] HO:[0,0] E:[0]
[13:09:21] [alurosu][alurosu] SI[10,Ring of Earth,0,0,0,0]serial:[24010] dur:[65] Ex:[0,0,0,0,0,1,0] Set[0] 380:[0] HO:[0,0] E:[0]
[13:09:21] [alurosu][alurosu] SI[12,Sphere (Mono),0,0,0,0]serial:[33014] dur:[1] Ex:[0,0,0,0,0,0,0] Set[0] 380:[0] HO:[0,0] E:[0]
[13:09:21] [alurosu][alurosu] CharInfoSave : Class=18 Level=301 LVPoint=223 Exp=389809872 Str=10000 Dex=10000 Vit=10000 Energy=10000 Leadership:0 Map=37 Pk=3
[13:19:22] [alurosu][alurosu] SI[0,Helical Sword,9,0,1,7]serial:[0] dur:[95] Ex:[1,1,1,1,1,1,0] Set[0] 380:[0] HO:[0,0] E:[0]
[13:19:22] [alurosu][alurosu] SI[7,Small Wing of Curse,0,0,0,0]serial:[24024] dur:[255] Ex:[0,0,0,0,0,0,0] Set[0] 380:[0] HO:[0,0] E:[0]
[13:19:22] [alurosu][alurosu] SI[8,Imp,0,0,0,0]serial:[24019] dur:[255] Ex:[0,0,0,0,0,0,0] Set[0] 380:[0] HO:[0,0] E:[0]
[13:19:22] [alurosu][alurosu] SI[10,Ring of Earth,0,0,0,0]serial:[24010] dur:[65] Ex:[0,0,0,0,0,1,0] Set[0] 380:[0] HO:[0,0] E:[0]
[13:19:22] [alurosu][alurosu] SI[12,Sphere (Mono),0,0,0,0]serial:[33014] dur:[1] Ex:[0,0,0,0,0,0,0] Set[0] 380:[0] HO:[0,0] E:[0]
[13:19:22] [alurosu][alurosu] CharInfoSave : Class=18 Level=301 LVPoint=223 Exp=389809872 Str=10000 Dex=10000 Vit=10000 Energy=10000 Leadership:0 Map=37 Pk=3
[13:29:23] [alurosu][alurosu] SI[0,Helical Sword,9,0,1,7]serial:[0] dur:[95] Ex:[1,1,1,1,1,1,0] Set[0] 380:[0] HO:[0,0] E:[0]
[13:29:23] [alurosu][alurosu] SI[7,Small Wing of Curse,0,0,0,0]serial:[24024] dur:[255] Ex:[0,0,0,0,0,0,0] Set[0] 380:[0] HO:[0,0] E:[0]
[13:29:23] [alurosu][alurosu] SI[8,Imp,0,0,0,0]serial:[24019] dur:[255] Ex:[0,0,0,0,0,0,0] Set[0] 380:[0] HO:[0,0] E:[0]
[13:29:23] [alurosu][alurosu] SI[10,Ring of Earth,0,0,0,0]serial:[24010] dur:[65] Ex:[0,0,0,0,0,1,0] Set[0] 380:[0] HO:[0,0] E:[0]
[13:29:23] [alurosu][alurosu] SI[12,Sphere (Mono),0,0,0,0]serial:[33014] dur:[1] Ex:[0,0,0,0,0,0,0] Set[0] 380:[0] HO:[0,0] E:[0]
[13:29:23] [alurosu][alurosu] CharInfoSave : Class=18 Level=301 LVPoint=223 Exp=389809872 Str=10000 Dex=10000 Vit=10000 Energy=10000 Leadership:0 Map=37 Pk=3
