[13:51:38] [alurosu][alurosu] SI[0,Helical Sword,9,0,1,7]serial:[0] dur:[95] Ex:[1,1,1,1,1,1,0] Set[0] 380:[0] HO:[0,0] E:[0]
[13:51:38] [alurosu][alurosu] SI[7,Small Wing of Curse,0,0,0,0]serial:[24024] dur:[255] Ex:[0,0,0,0,0,0,0] Set[0] 380:[0] HO:[0,0] E:[0]
[13:51:38] [alurosu][alurosu] SI[8,Imp,0,0,0,0]serial:[24019] dur:[254] Ex:[0,0,0,0,0,0,0] Set[0] 380:[0] HO:[0,0] E:[0]
[13:51:38] [alurosu][alurosu] SI[10,Ring of Earth,0,0,0,0]serial:[24010] dur:[65] Ex:[0,0,0,0,0,1,0] Set[0] 380:[0] HO:[0,0] E:[0]
[13:51:38] [alurosu][alurosu] CharInfoSave : Class=18 Level=301 LVPoint=223 Exp=395774622 Str=10000 Dex=10000 Vit=10000 Energy=10000 Leadership:0 Map=37 Pk=3
[14:01:39] [alurosu][alurosu] SI[0,Helical Sword,9,0,1,7]serial:[0] dur:[94] Ex:[1,1,1,1,1,1,0] Set[0] 380:[0] HO:[0,0] E:[0]
[14:01:39] [alurosu][alurosu] SI[7,Small Wing of Curse,0,0,0,0]serial:[24024] dur:[255] Ex:[0,0,0,0,0,0,0] Set[0] 380:[0] HO:[0,0] E:[0]
[14:01:39] [alurosu][alurosu] SI[8,Imp,0,0,0,0]serial:[24019] dur:[253] Ex:[0,0,0,0,0,0,0] Set[0] 380:[0] HO:[0,0] E:[0]
[14:01:39] [alurosu][alurosu] SI[10,Ring of Earth,0,0,0,0]serial:[24010] dur:[65] Ex:[0,0,0,0,0,1,0] Set[0] 380:[0] HO:[0,0] E:[0]
[14:01:39] [alurosu][alurosu] CharInfoSave : Class=18 Level=302 LVPoint=228 Exp=401871100 Str=10000 Dex=10000 Vit=10000 Energy=10000 Leadership:0 Map=95 Pk=3
[14:11:40] [alurosu][alurosu] SI[0,Helical Sword,9,0,1,7]serial:[0] dur:[94] Ex:[1,1,1,1,1,1,0] Set[0] 380:[0] HO:[0,0] E:[0]
[14:11:40] [alurosu][alurosu] SI[7,Small Wing of Curse,0,0,0,0]serial:[24024] dur:[255] Ex:[0,0,0,0,0,0,0] Set[0] 380:[0] HO:[0,0] E:[0]
[14:11:40] [alurosu][alurosu] SI[8,Imp,0,0,0,0]serial:[24019] dur:[253] Ex:[0,0,0,0,0,0,0] Set[0] 380:[0] HO:[0,0] E:[0]
[14:11:40] [alurosu][alurosu] SI[10,Ring of Earth,0,0,0,0]serial:[24010] dur:[65] Ex:[0,0,0,0,0,1,0] Set[0] 380:[0] HO:[0,0] E:[0]
[14:11:40] [alurosu][alurosu] CharInfoSave : Class=18 Level=302 LVPoint=228 Exp=401871100 Str=10000 Dex=10000 Vit=10000 Energy=10000 Leadership:0 Map=95 Pk=3
[14:21:41] [alurosu][alurosu] SI[0,Helical Sword,9,0,1,7]serial:[0] dur:[94] Ex:[1,1,1,1,1,1,0] Set[0] 380:[0] HO:[0,0] E:[0]
[14:21:41] [alurosu][alurosu] SI[7,Small Wing of Curse,0,0,0,0]serial:[24024] dur:[255] Ex:[0,0,0,0,0,0,0] Set[0] 380:[0] HO:[0,0] E:[0]
[14:21:41] [alurosu][alurosu] SI[8,Imp,0,0,0,0]serial:[24019] dur:[253] Ex:[0,0,0,0,0,0,0] Set[0] 380:[0] HO:[0,0] E:[0]
[14:21:41] [alurosu][alurosu] SI[10,Ring of Earth,0,0,0,0]serial:[24010] dur:[65] Ex:[0,0,0,0,0,1,0] Set[0] 380:[0] HO:[0,0] E:[0]
[14:21:41] [alurosu][alurosu] CharInfoSave : Class=18 Level=302 LVPoint=228 Exp=401871100 Str=10000 Dex=10000 Vit=10000 Energy=10000 Leadership:0 Map=95 Pk=3
