[12:11:50] [alurosu][alurosu] Skill Save Complete 0 44
[12:11:50] [alurosu][alurosu] Skill Save Complete 1 67
[12:11:50] [alurosu][alurosu] Skill Save Complete 2 68
[12:11:50] [alurosu][alurosu] Skill Save Complete 3 69
[12:11:50] [alurosu][alurosu] Skill Save Complete 4 70
[12:11:50] [alurosu][alurosu] Skill Save Complete 5 71
[12:11:50] [alurosu][alurosu] Skill Save Complete 6 72
[12:11:50] [alurosu][alurosu] Skill Save Complete 7 48
[12:11:50] [alurosu][alurosu] SI[0,Helical Sword,9,0,1,7]serial:[0] dur:[95] Ex:[1,1,1,1,1,1,0] Set[0] 380:[0] HO:[0,0] E:[0]
[12:11:50] [alurosu][alurosu] SI[7,Small Wing of Curse,0,0,0,0]serial:[24024] dur:[255] Ex:[0,0,0,0,0,0,0] Set[0] 380:[0] HO:[0,0] E:[0]
[12:11:50] [alurosu][alurosu] SI[8,Imp,0,0,0,0]serial:[24019] dur:[255] Ex:[0,0,0,0,0,0,0] Set[0] 380:[0] HO:[0,0] E:[0]
[12:11:50] [alurosu][alurosu] SI[10,Ring of Earth,0,0,0,0]serial:[24010] dur:[65] Ex:[0,0,0,0,0,1,0] Set[0] 380:[0] HO:[0,0] E:[0]
[12:11:50] [alurosu][alurosu] CharInfoSave : Class=18 Level=400 LVPoint=218 Exp=-402717296 Str=4000 Dex=295 Vit=300 Energy=300 Leadership:0 Map=91 Pk=3
[12:13:48] [alurosu][alurosu] Skill Save Complete 0 44
[12:13:48] [alurosu][alurosu] Skill Save Complete 1 67
[12:13:48] [alurosu][alurosu] Skill Save Complete 2 68
[12:13:48] [alurosu][alurosu] Skill Save Complete 3 69
[12:13:48] [alurosu][alurosu] Skill Save Complete 4 70
[12:13:48] [alurosu][alurosu] Skill Save Complete 5 71
[12:13:48] [alurosu][alurosu] Skill Save Complete 6 72
[12:13:48] [alurosu][alurosu] Skill Save Complete 7 48
[12:13:48] [alurosu][alurosu] SI[0,Helical Sword,9,0,1,7]serial:[0] dur:[95] Ex:[1,1,1,1,1,1,0] Set[0] 380:[0] HO:[0,0] E:[0]
[12:13:48] [alurosu][alurosu] SI[7,Small Wing of Curse,0,0,0,0]serial:[24024] dur:[255] Ex:[0,0,0,0,0,0,0] Set[0] 380:[0] HO:[0,0] E:[0]
[12:13:48] [alurosu][alurosu] SI[8,Imp,0,0,0,0]serial:[24019] dur:[255] Ex:[0,0,0,0,0,0,0] Set[0] 380:[0] HO:[0,0] E:[0]
[12:13:48] [alurosu][alurosu] SI[10,Ring of Earth,0,0,0,0]serial:[24010] dur:[65] Ex:[0,0,0,0,0,1,0] Set[0] 380:[0] HO:[0,0] E:[0]
[12:13:48] [alurosu][alurosu] CharInfoSave : Class=18 Level=400 LVPoint=218 Exp=-402717296 Str=4000 Dex=295 Vit=300 Energy=300 Leadership:0 Map=91 Pk=3
[12:14:21] [alurosu][lenuta] Skill Save Complete 0 45
[12:14:21] [alurosu][lenuta] Skill Save Complete 1 67
[12:14:21] [alurosu][lenuta] Skill Save Complete 2 68
[12:14:21] [alurosu][lenuta] Skill Save Complete 3 69
[12:14:21] [alurosu][lenuta] Skill Save Complete 4 70
[12:14:21] [alurosu][lenuta] Skill Save Complete 5 71
[12:14:21] [alurosu][lenuta] Skill Save Complete 6 72
[12:14:21] [alurosu][lenuta] SI[0,Small Axe,0,0,0,0]serial:[0] dur:[18] Ex:[0,0,0,0,0,0,0] Set[0] 380:[0] HO:[0,0] E:[0]
[12:14:21] [alurosu][lenuta] CharInfoSave : Class=80 Level=1 LVPoint=5000 Exp=0 Str=21 Dex=21 Vit=18 Energy=23 Leadership:0 Map=51 Pk=3
[12:16:28] [alurosu][lenuta] SI[0,Small Axe,0,0,0,0]serial:[0] dur:[18] Ex:[0,0,0,0,0,0,0] Set[0] 380:[0] HO:[0,0] E:[0]
[12:16:43] [alurosu][lenuta] Skill Save Complete 0 45
[12:16:43] [alurosu][lenuta] Skill Save Complete 1 67
[12:16:43] [alurosu][lenuta] Skill Save Complete 2 68
[12:16:43] [alurosu][lenuta] Skill Save Complete 3 69
[12:16:43] [alurosu][lenuta] Skill Save Complete 4 70
[12:16:43] [alurosu][lenuta] Skill Save Complete 5 71
[12:16:43] [alurosu][lenuta] Skill Save Complete 6 72
[12:16:43] [alurosu][lenuta] SI[0,Small Axe,0,0,0,0]serial:[0] dur:[18] Ex:[0,0,0,0,0,0,0] Set[0] 380:[0] HO:[0,0] E:[0]
[12:16:43] [alurosu][lenuta] CharInfoSave : Class=80 Level=1 LVPoint=5000 Exp=0 Str=21 Dex=21 Vit=18 Energy=23 Leadership:0 Map=51 Pk=3
[12:16:49] [alurosu][lenuta] Skill Save Complete 0 45
[12:16:49] [alurosu][lenuta] Skill Save Complete 1 67
[12:16:49] [alurosu][lenuta] Skill Save Complete 2 68
[12:16:49] [alurosu][lenuta] Skill Save Complete 3 69
[12:16:49] [alurosu][lenuta] Skill Save Complete 4 70
[12:16:49] [alurosu][lenuta] Skill Save Complete 5 71
[12:16:49] [alurosu][lenuta] Skill Save Complete 6 72
[12:16:49] [alurosu][lenuta] SI[0,Small Axe,0,0,0,0]serial:[0] dur:[18] Ex:[0,0,0,0,0,0,0] Set[0] 380:[0] HO:[0,0] E:[0]
[12:16:49] [alurosu][lenuta] SI[8,Spirit of Guardian,0,0,0,0]serial:[0] dur:[255] Ex:[0,0,0,0,0,0,0] Set[0] 380:[0] HO:[0,0] E:[0]
[12:16:49] [alurosu][lenuta] CharInfoSave : Class=80 Level=1 LVPoint=5000 Exp=0 Str=21 Dex=21 Vit=18 Energy=23 Leadership:0 Map=51 Pk=3
