[12:36:56] [alurosu][lenuta] Skill Save Complete 0 45
[12:36:56] [alurosu][lenuta] Skill Save Complete 1 67
[12:36:56] [alurosu][lenuta] Skill Save Complete 2 68
[12:36:56] [alurosu][lenuta] Skill Save Complete 3 69
[12:36:56] [alurosu][lenuta] Skill Save Complete 4 70
[12:36:56] [alurosu][lenuta] Skill Save Complete 5 71
[12:36:56] [alurosu][lenuta] Skill Save Complete 6 72
[12:36:56] [alurosu][lenuta] SI[0,Small Axe,0,0,0,0]serial:[0] dur:[18] Ex:[0,0,0,0,0,0,0] Set[0] 380:[0] HO:[0,0] E:[0]
[12:36:56] [alurosu][lenuta] SI[8,Spirit of Guardian,0,0,0,0]serial:[0] dur:[255] Ex:[0,0,0,0,0,0,0] Set[0] 380:[0] HO:[0,0] E:[0]
[12:36:56] [alurosu][lenuta] CharInfoSave : Class=80 Level=300 LVPoint=5000 Exp=387450000 Str=21 Dex=21 Vit=18 Energy=23 Leadership:0 Map=37 Pk=3
[12:38:05] [alurosu][alurosu] Skill Save Complete 0 44
[12:38:05] [alurosu][alurosu] Skill Save Complete 1 67
[12:38:05] [alurosu][alurosu] Skill Save Complete 2 68
[12:38:05] [alurosu][alurosu] Skill Save Complete 3 69
[12:38:05] [alurosu][alurosu] Skill Save Complete 4 70
[12:38:05] [alurosu][alurosu] Skill Save Complete 5 71
[12:38:05] [alurosu][alurosu] Skill Save Complete 6 72
[12:38:05] [alurosu][alurosu] Skill Save Complete 7 48
[12:38:05] [alurosu][alurosu] SI[0,Helical Sword,9,0,1,7]serial:[0] dur:[95] Ex:[1,1,1,1,1,1,0] Set[0] 380:[0] HO:[0,0] E:[0]
[12:38:05] [alurosu][alurosu] SI[7,Small Wing of Curse,0,0,0,0]serial:[24024] dur:[255] Ex:[0,0,0,0,0,0,0] Set[0] 380:[0] HO:[0,0] E:[0]
[12:38:05] [alurosu][alurosu] SI[8,Imp,0,0,0,0]serial:[24019] dur:[255] Ex:[0,0,0,0,0,0,0] Set[0] 380:[0] HO:[0,0] E:[0]
[12:38:05] [alurosu][alurosu] SI[10,Ring of Earth,0,0,0,0]serial:[24010] dur:[65] Ex:[0,0,0,0,0,1,0] Set[0] 380:[0] HO:[0,0] E:[0]
[12:38:05] [alurosu][alurosu] CharInfoSave : Class=18 Level=400 LVPoint=218 Exp=-402717296 Str=10000 Dex=10000 Vit=10000 Energy=10000 Leadership:0 Map=37 Pk=3
