[15:15:52] [alurosu][alurosu] Skill Save Complete 0 44
[15:15:52] [alurosu][alurosu] Skill Save Complete 1 67
[15:15:52] [alurosu][alurosu] Skill Save Complete 2 68
[15:15:52] [alurosu][alurosu] Skill Save Complete 3 69
[15:15:52] [alurosu][alurosu] Skill Save Complete 4 70
[15:15:52] [alurosu][alurosu] Skill Save Complete 5 71
[15:15:52] [alurosu][alurosu] Skill Save Complete 6 72
[15:15:52] [alurosu][alurosu] SI[0,Small Axe,0,0,0,0]serial:[0] dur:[18] Ex:[0,0,0,0,0,0,0] Set[0] 380:[0] HO:[0,0] E:[0]
[15:15:52] [alurosu][alurosu] SI[1,Small Shield,0,0,0,0]serial:[0] dur:[22] Ex:[0,0,0,0,0,0,0] Set[0] 380:[0] HO:[0,0] E:[0]
[15:15:52] [alurosu][alurosu] CharInfoSave : Class=16 Level=6 LVPoint=5015 Exp=3500 Str=38 Dex=20 Vit=25 Energy=10 Leadership:0 Map=0 Pk=3
[15:19:19] [alurosu][alurosu] Skill Save Complete 0 44
[15:19:19] [alurosu][alurosu] Skill Save Complete 1 67
[15:19:19] [alurosu][alurosu] Skill Save Complete 2 68
[15:19:19] [alurosu][alurosu] Skill Save Complete 3 69
[15:19:19] [alurosu][alurosu] Skill Save Complete 4 70
[15:19:19] [alurosu][alurosu] Skill Save Complete 5 71
[15:19:19] [alurosu][alurosu] Skill Save Complete 6 72
[15:19:19] [alurosu][alurosu] SI[0,Small Axe,0,0,0,0]serial:[0] dur:[18] Ex:[0,0,0,0,0,0,0] Set[0] 380:[0] HO:[0,0] E:[0]
[15:19:19] [alurosu][alurosu] SI[1,Small Shield,0,0,0,0]serial:[0] dur:[22] Ex:[0,0,0,0,0,0,0] Set[0] 380:[0] HO:[0,0] E:[0]
[15:19:19] [alurosu][alurosu] CharInfoSave : Class=16 Level=7 LVPoint=5020 Exp=5400 Str=38 Dex=20 Vit=25 Energy=10 Leadership:0 Map=0 Pk=3
[15:33:03] [alurosu][alurosu] Skill Save Complete 0 44
[15:33:03] [alurosu][alurosu] Skill Save Complete 1 67
[15:33:03] [alurosu][alurosu] Skill Save Complete 2 68
[15:33:03] [alurosu][alurosu] Skill Save Complete 3 69
[15:33:03] [alurosu][alurosu] Skill Save Complete 4 70
[15:33:03] [alurosu][alurosu] Skill Save Complete 5 71
[15:33:03] [alurosu][alurosu] Skill Save Complete 6 72
[15:33:03] [alurosu][alurosu] SI[0,Small Axe,0,0,0,0]serial:[0] dur:[18] Ex:[0,0,0,0,0,0,0] Set[0] 380:[0] HO:[0,0] E:[0]
[15:33:03] [alurosu][alurosu] SI[1,Small Shield,0,0,0,0]serial:[0] dur:[22] Ex:[0,0,0,0,0,0,0] Set[0] 380:[0] HO:[0,0] E:[0]
[15:33:03] [alurosu][alurosu] CharInfoSave : Class=18 Level=400 LVPoint=218 Exp=-402717296 Str=4000 Dex=295 Vit=300 Energy=300 Leadership:0 Map=0 Pk=3
