[09:12:57] [alurosu][alurosu] SI[0,Small Axe,0,0,0,0]serial:[0] dur:[14] Ex:[0,0,0,0,0,0,0] Set[0] 380:[0] HO:[0,0] E:[0]
[09:12:57] [alurosu][alurosu] SI[1,Small Shield,0,0,0,0]serial:[0] dur:[22] Ex:[0,0,0,0,0,0,0] Set[0] 380:[0] HO:[0,0] E:[0]
[09:12:57] [alurosu][alurosu] SI[12,Horn of Uniria,0,0,0,0]serial:[6003] dur:[250] Ex:[0,0,0,0,0,0,0] Set[0] 380:[0] HO:[0,0] E:[0]
[09:22:31] [alurosu][alurosu] SI[0,Small Axe,0,0,0,0]serial:[0] dur:[11] Ex:[0,0,0,0,0,0,0] Set[0] 380:[0] HO:[0,0] E:[0]
[09:22:31] [alurosu][alurosu] SI[1,Small Shield,0,0,0,0]serial:[0] dur:[22] Ex:[0,0,0,0,0,0,0] Set[0] 380:[0] HO:[0,0] E:[0]
[09:22:31] [alurosu][alurosu] SI[12,Horn of Uniria,0,0,0,0]serial:[6003] dur:[250] Ex:[0,0,0,0,0,0,0] Set[0] 380:[0] HO:[0,0] E:[0]
[09:22:31] [alurosu][alurosu] CharInfoSave : Class=18 Level=400 LVPoint=218 Exp=-402717296 Str=4000 Dex=295 Vit=300 Energy=300 Leadership:0 Map=80 Pk=3
[09:30:53] [test][test] Skill Save Complete 0 44
[09:30:53] [test][test] Skill Save Complete 1 67
[09:30:53] [test][test] Skill Save Complete 2 68
[09:30:53] [test][test] Skill Save Complete 3 69
[09:30:53] [test][test] Skill Save Complete 4 70
[09:30:53] [test][test] Skill Save Complete 5 71
[09:30:53] [test][test] Skill Save Complete 6 72
[09:30:53] [test][test] SI[0,Small Axe,0,0,0,0]serial:[0] dur:[18] Ex:[0,0,0,0,0,0,0] Set[0] 380:[0] HO:[0,0] E:[0]
[09:30:53] [test][test] SI[1,Small Shield,0,0,0,0]serial:[0] dur:[22] Ex:[0,0,0,0,0,0,0] Set[0] 380:[0] HO:[0,0] E:[0]
[09:30:53] [test][test] CharInfoSave : Class=16 Level=1 LVPoint=5000 Exp=0 Str=28 Dex=20 Vit=25 Energy=10 Leadership:0 Map=0 Pk=3
[09:32:32] [alurosu][alurosu] SI[0,Small Axe,0,0,0,0]serial:[0] dur:[11] Ex:[0,0,0,0,0,0,0] Set[0] 380:[0] HO:[0,0] E:[0]
[09:32:32] [alurosu][alurosu] SI[1,Small Shield,0,0,0,0]serial:[0] dur:[22] Ex:[0,0,0,0,0,0,0] Set[0] 380:[0] HO:[0,0] E:[0]
[09:32:32] [alurosu][alurosu] SI[12,Horn of Uniria,0,0,0,0]serial:[6003] dur:[250] Ex:[0,0,0,0,0,0,0] Set[0] 380:[0] HO:[0,0] E:[0]
[09:32:32] [alurosu][alurosu] CharInfoSave : Class=18 Level=400 LVPoint=218 Exp=-402717296 Str=4000 Dex=295 Vit=300 Energy=300 Leadership:0 Map=0 Pk=3
[09:32:58] [test][test] Skill Save Complete 0 44
[09:32:58] [test][test] Skill Save Complete 1 67
[09:32:58] [test][test] Skill Save Complete 2 68
[09:32:58] [test][test] Skill Save Complete 3 69
[09:32:58] [test][test] Skill Save Complete 4 70
[09:32:58] [test][test] Skill Save Complete 5 71
[09:32:58] [test][test] Skill Save Complete 6 72
[09:32:58] [test][test] SI[0,Small Axe,0,0,0,0]serial:[0] dur:[18] Ex:[0,0,0,0,0,0,0] Set[0] 380:[0] HO:[0,0] E:[0]
[09:32:58] [test][test] SI[1,Small Shield,0,0,0,0]serial:[0] dur:[22] Ex:[0,0,0,0,0,0,0] Set[0] 380:[0] HO:[0,0] E:[0]
[09:32:58] [test][test] CharInfoSave : Class=16 Level=1 LVPoint=5000 Exp=0 Str=28 Dex=20 Vit=25 Energy=10 Leadership:0 Map=0 Pk=3
[09:35:10] [test][test] Skill Save Complete 0 44
[09:35:10] [test][test] Skill Save Complete 1 67
[09:35:10] [test][test] Skill Save Complete 2 68
[09:35:10] [test][test] Skill Save Complete 3 69
[09:35:10] [test][test] Skill Save Complete 4 70
[09:35:10] [test][test] Skill Save Complete 5 71
[09:35:10] [test][test] Skill Save Complete 6 72
[09:35:10] [test][test] SI[0,Small Axe,0,0,0,0]serial:[0] dur:[18] Ex:[0,0,0,0,0,0,0] Set[0] 380:[0] HO:[0,0] E:[0]
[09:35:10] [test][test] SI[1,Small Shield,0,0,0,0]serial:[0] dur:[22] Ex:[0,0,0,0,0,0,0] Set[0] 380:[0] HO:[0,0] E:[0]
[09:35:10] [test][test] CharInfoSave : Class=16 Level=200 LVPoint=5000 Exp=0 Str=28 Dex=20 Vit=25 Energy=10 Leadership:0 Map=0 Pk=3
[09:35:14] [alurosu][alurosu] Skill Save Complete 0 44
[09:35:14] [alurosu][alurosu] Skill Save Complete 1 67
[09:35:14] [alurosu][alurosu] Skill Save Complete 2 68
[09:35:14] [alurosu][alurosu] Skill Save Complete 3 69
[09:35:14] [alurosu][alurosu] Skill Save Complete 4 70
[09:35:14] [alurosu][alurosu] Skill Save Complete 5 71
[09:35:14] [alurosu][alurosu] Skill Save Complete 6 72
[09:35:14] [alurosu][alurosu] SI[0,Small Axe,0,0,0,0]serial:[0] dur:[11] Ex:[0,0,0,0,0,0,0] Set[0] 380:[0] HO:[0,0] E:[0]
[09:35:14] [alurosu][alurosu] SI[1,Small Shield,0,0,0,0]serial:[0] dur:[22] Ex:[0,0,0,0,0,0,0] Set[0] 380:[0] HO:[0,0] E:[0]
[09:35:14] [alurosu][alurosu] SI[12,Horn of Uniria,0,0,0,0]serial:[6003] dur:[250] Ex:[0,0,0,0,0,0,0] Set[0] 380:[0] HO:[0,0] E:[0]
[09:35:14] [alurosu][alurosu] CharInfoSave : Class=18 Level=400 LVPoint=218 Exp=-402717296 Str=4000 Dex=295 Vit=300 Energy=300 Leadership:0 Map=0 Pk=3
