[21:05:34] [alurosu][alurosu] Skill Save Complete 0 44
[21:05:34] [alurosu][alurosu] Skill Save Complete 1 67
[21:05:34] [alurosu][alurosu] Skill Save Complete 2 68
[21:05:34] [alurosu][alurosu] Skill Save Complete 3 69
[21:05:34] [alurosu][alurosu] Skill Save Complete 4 70
[21:05:34] [alurosu][alurosu] Skill Save Complete 5 71
[21:05:34] [alurosu][alurosu] Skill Save Complete 6 72
[21:05:34] [alurosu][alurosu] SI[0,Small Axe,0,0,0,0]serial:[0] dur:[11] Ex:[0,0,0,0,0,0,0] Set[0] 380:[0] HO:[0,0] E:[0]
[21:05:34] [alurosu][alurosu] SI[1,Small Shield,0,0,0,0]serial:[0] dur:[22] Ex:[0,0,0,0,0,0,0] Set[0] 380:[0] HO:[0,0] E:[0]
[21:05:34] [alurosu][alurosu] SI[12,Horn of Uniria,0,0,0,0]serial:[6003] dur:[249] Ex:[0,0,0,0,0,0,0] Set[0] 380:[0] HO:[0,0] E:[0]
[21:05:34] [alurosu][alurosu] CharInfoSave : Class=18 Level=400 LVPoint=218 Exp=-402717296 Str=4000 Dex=295 Vit=300 Energy=300 Leadership:0 Map=0 Pk=3
[21:06:55] [alurosu][alurosu] Skill Save Complete 0 44
[21:06:55] [alurosu][alurosu] Skill Save Complete 1 67
[21:06:55] [alurosu][alurosu] Skill Save Complete 2 68
[21:06:55] [alurosu][alurosu] Skill Save Complete 3 69
[21:06:55] [alurosu][alurosu] Skill Save Complete 4 70
[21:06:55] [alurosu][alurosu] Skill Save Complete 5 71
[21:06:55] [alurosu][alurosu] Skill Save Complete 6 72
[21:06:55] [alurosu][alurosu] SI[0,Small Axe,0,0,0,0]serial:[0] dur:[11] Ex:[0,0,0,0,0,0,0] Set[0] 380:[0] HO:[0,0] E:[0]
[21:06:55] [alurosu][alurosu] SI[1,Small Shield,0,0,0,0]serial:[0] dur:[22] Ex:[0,0,0,0,0,0,0] Set[0] 380:[0] HO:[0,0] E:[0]
[21:06:55] [alurosu][alurosu] SI[12,Horn of Uniria,0,0,0,0]serial:[6003] dur:[249] Ex:[0,0,0,0,0,0,0] Set[0] 380:[0] HO:[0,0] E:[0]
[21:06:55] [alurosu][alurosu] CharInfoSave : Class=18 Level=400 LVPoint=218 Exp=-402717296 Str=4000 Dex=295 Vit=300 Energy=300 Leadership:0 Map=0 Pk=3
[21:18:35] [alurosu][alurosu] SI[0,Small Axe,0,0,0,0]serial:[0] dur:[11] Ex:[0,0,0,0,0,0,0] Set[0] 380:[0] HO:[0,0] E:[0]
[21:18:35] [alurosu][alurosu] SI[1,Small Shield,0,0,0,0]serial:[0] dur:[22] Ex:[0,0,0,0,0,0,0] Set[0] 380:[0] HO:[0,0] E:[0]
[21:18:35] [alurosu][alurosu] SI[12,Horn of Uniria,0,0,0,0]serial:[6003] dur:[249] Ex:[0,0,0,0,0,0,0] Set[0] 380:[0] HO:[0,0] E:[0]
[21:18:35] [alurosu][alurosu] CharInfoSave : Class=18 Level=400 LVPoint=218 Exp=-402717296 Str=4000 Dex=295 Vit=300 Energy=300 Leadership:0 Map=0 Pk=3
[21:28:36] [alurosu][alurosu] SI[0,Small Axe,0,0,0,0]serial:[0] dur:[11] Ex:[0,0,0,0,0,0,0] Set[0] 380:[0] HO:[0,0] E:[0]
[21:28:36] [alurosu][alurosu] CharInfoSave : Class=18 Level=400 LVPoint=218 Exp=-402717296 Str=4000 Dex=295 Vit=300 Energy=300 Leadership:0 Map=0 Pk=3
[21:33:49] [alurosu][alurosu] Skill Save Complete 0 44
[21:33:49] [alurosu][alurosu] Skill Save Complete 1 67
[21:33:49] [alurosu][alurosu] Skill Save Complete 2 68
[21:33:49] [alurosu][alurosu] Skill Save Complete 3 69
[21:33:49] [alurosu][alurosu] Skill Save Complete 4 70
[21:33:49] [alurosu][alurosu] Skill Save Complete 5 71
[21:33:49] [alurosu][alurosu] Skill Save Complete 6 72
[21:33:49] [alurosu][alurosu] SI[0,Small Axe,0,0,0,0]serial:[0] dur:[11] Ex:[0,0,0,0,0,0,0] Set[0] 380:[0] HO:[0,0] E:[0]
[21:33:49] [alurosu][alurosu] CharInfoSave : Class=18 Level=400 LVPoint=218 Exp=-402717296 Str=4000 Dex=295 Vit=300 Energy=300 Leadership:0 Map=33 Pk=3
