[20:18:10] [alurosu][alurosu] SI[0,Small Axe,0,0,0,0]serial:[0] dur:[11] Ex:[0,0,0,0,0,0,0] Set[0] 380:[0] HO:[0,0] E:[0]
[20:18:10] [alurosu][alurosu] SI[1,Small Shield,0,0,0,0]serial:[0] dur:[22] Ex:[0,0,0,0,0,0,0] Set[0] 380:[0] HO:[0,0] E:[0]
[20:18:10] [alurosu][alurosu] SI[12,Horn of Uniria,0,0,0,0]serial:[6003] dur:[250] Ex:[0,0,0,0,0,0,0] Set[0] 380:[0] HO:[0,0] E:[0]
[20:18:31] [alurosu][alurosu] SI[0,Small Axe,0,0,0,0]serial:[0] dur:[11] Ex:[0,0,0,0,0,0,0] Set[0] 380:[0] HO:[0,0] E:[0]
[20:18:31] [alurosu][alurosu] SI[1,Small Shield,0,0,0,0]serial:[0] dur:[22] Ex:[0,0,0,0,0,0,0] Set[0] 380:[0] HO:[0,0] E:[0]
[20:18:31] [alurosu][alurosu] SI[12,Horn of Uniria,0,0,0,0]serial:[6003] dur:[250] Ex:[0,0,0,0,0,0,0] Set[0] 380:[0] HO:[0,1] E:[0]
[20:23:19] [alurosu][alurosu] SI[0,Small Axe,0,0,0,0]serial:[0] dur:[11] Ex:[0,0,0,0,0,0,0] Set[0] 380:[0] HO:[0,0] E:[0]
[20:23:19] [alurosu][alurosu] SI[1,Small Shield,0,0,0,0]serial:[0] dur:[22] Ex:[0,0,0,0,0,0,0] Set[0] 380:[0] HO:[0,0] E:[0]
[20:23:19] [alurosu][alurosu] SI[12,Horn of Uniria,0,0,0,0]serial:[6003] dur:[249] Ex:[0,0,0,0,0,0,0] Set[0] 380:[0] HO:[0,0] E:[0]
[20:24:23] [alurosu][alurosu] Skill Save Complete 0 44
[20:24:23] [alurosu][alurosu] Skill Save Complete 1 67
[20:24:23] [alurosu][alurosu] Skill Save Complete 2 68
[20:24:23] [alurosu][alurosu] Skill Save Complete 3 69
[20:24:23] [alurosu][alurosu] Skill Save Complete 4 70
[20:24:23] [alurosu][alurosu] Skill Save Complete 5 71
[20:24:23] [alurosu][alurosu] Skill Save Complete 6 72
[20:24:23] [alurosu][alurosu] SI[0,Small Axe,0,0,0,0]serial:[0] dur:[11] Ex:[0,0,0,0,0,0,0] Set[0] 380:[0] HO:[0,0] E:[0]
[20:24:23] [alurosu][alurosu] SI[1,Small Shield,0,0,0,0]serial:[0] dur:[22] Ex:[0,0,0,0,0,0,0] Set[0] 380:[0] HO:[0,0] E:[0]
[20:24:23] [alurosu][alurosu] SI[12,Horn of Uniria,0,0,0,0]serial:[6003] dur:[249] Ex:[0,0,0,0,0,0,0] Set[0] 380:[0] HO:[0,0] E:[0]
[20:24:23] [alurosu][alurosu] CharInfoSave : Class=18 Level=400 LVPoint=218 Exp=-402717296 Str=4000 Dex=295 Vit=300 Energy=300 Leadership:0 Map=0 Pk=3
[20:29:54] [alurosu][alurosu] Skill Save Complete 0 44
[20:29:54] [alurosu][alurosu] Skill Save Complete 1 67
[20:29:54] [alurosu][alurosu] Skill Save Complete 2 68
[20:29:54] [alurosu][alurosu] Skill Save Complete 3 69
[20:29:54] [alurosu][alurosu] Skill Save Complete 4 70
[20:29:54] [alurosu][alurosu] Skill Save Complete 5 71
[20:29:54] [alurosu][alurosu] Skill Save Complete 6 72
[20:29:54] [alurosu][alurosu] SI[0,Small Axe,0,0,0,0]serial:[0] dur:[11] Ex:[0,0,0,0,0,0,0] Set[0] 380:[0] HO:[0,0] E:[0]
[20:29:54] [alurosu][alurosu] SI[1,Small Shield,0,0,0,0]serial:[0] dur:[22] Ex:[0,0,0,0,0,0,0] Set[0] 380:[0] HO:[0,0] E:[0]
[20:29:54] [alurosu][alurosu] SI[12,Horn of Uniria,0,0,0,0]serial:[6003] dur:[249] Ex:[0,0,0,0,0,0,0] Set[0] 380:[0] HO:[0,0] E:[0]
[20:29:54] [alurosu][alurosu] CharInfoSave : Class=18 Level=400 LVPoint=218 Exp=-402717296 Str=4000 Dex=295 Vit=300 Energy=300 Leadership:0 Map=0 Pk=3
[20:40:15] [alurosu][alurosu] SI[0,Small Axe,0,0,0,0]serial:[0] dur:[11] Ex:[0,0,0,0,0,0,0] Set[0] 380:[0] HO:[0,0] E:[0]
[20:40:15] [alurosu][alurosu] SI[1,Small Shield,0,0,0,0]serial:[0] dur:[22] Ex:[0,0,0,0,0,0,0] Set[0] 380:[0] HO:[0,0] E:[0]
[20:40:15] [alurosu][alurosu] SI[12,Horn of Uniria,0,0,0,0]serial:[6003] dur:[249] Ex:[0,0,0,0,0,0,0] Set[0] 380:[0] HO:[0,0] E:[0]
[20:40:15] [alurosu][alurosu] CharInfoSave : Class=18 Level=400 LVPoint=218 Exp=-402717296 Str=4000 Dex=295 Vit=300 Energy=300 Leadership:0 Map=0 Pk=3
[20:43:11] [alurosu][alurosu] Skill Save Complete 0 44
[20:43:11] [alurosu][alurosu] Skill Save Complete 1 67
[20:43:11] [alurosu][alurosu] Skill Save Complete 2 68
[20:43:11] [alurosu][alurosu] Skill Save Complete 3 69
[20:43:11] [alurosu][alurosu] Skill Save Complete 4 70
[20:43:11] [alurosu][alurosu] Skill Save Complete 5 71
[20:43:11] [alurosu][alurosu] Skill Save Complete 6 72
[20:43:11] [alurosu][alurosu] SI[0,Small Axe,0,0,0,0]serial:[0] dur:[11] Ex:[0,0,0,0,0,0,0] Set[0] 380:[0] HO:[0,0] E:[0]
[20:43:11] [alurosu][alurosu] SI[1,Small Shield,0,0,0,0]serial:[0] dur:[22] Ex:[0,0,0,0,0,0,0] Set[0] 380:[0] HO:[0,0] E:[0]
[20:43:11] [alurosu][alurosu] SI[12,Horn of Uniria,0,0,0,0]serial:[6003] dur:[249] Ex:[0,0,0,0,0,0,0] Set[0] 380:[0] HO:[0,0] E:[0]
[20:43:11] [alurosu][alurosu] CharInfoSave : Class=18 Level=400 LVPoint=218 Exp=-402717296 Str=4000 Dex=295 Vit=300 Energy=300 Leadership:0 Map=0 Pk=3
[20:46:41] [alurosu][alurosu] Skill Save Complete 0 44
[20:46:41] [alurosu][alurosu] Skill Save Complete 1 67
[20:46:41] [alurosu][alurosu] Skill Save Complete 2 68
[20:46:41] [alurosu][alurosu] Skill Save Complete 3 69
[20:46:41] [alurosu][alurosu] Skill Save Complete 4 70
[20:46:41] [alurosu][alurosu] Skill Save Complete 5 71
[20:46:41] [alurosu][alurosu] Skill Save Complete 6 72
[20:46:41] [alurosu][alurosu] SI[0,Small Axe,0,0,0,0]serial:[0] dur:[11] Ex:[0,0,0,0,0,0,0] Set[0] 380:[0] HO:[0,0] E:[0]
[20:46:41] [alurosu][alurosu] SI[1,Small Shield,0,0,0,0]serial:[0] dur:[22] Ex:[0,0,0,0,0,0,0] Set[0] 380:[0] HO:[0,0] E:[0]
[20:46:41] [alurosu][alurosu] SI[12,Horn of Uniria,0,0,0,0]serial:[6003] dur:[249] Ex:[0,0,0,0,0,0,0] Set[0] 380:[0] HO:[0,0] E:[0]
[20:46:41] [alurosu][alurosu] CharInfoSave : Class=18 Level=400 LVPoint=218 Exp=-402717296 Str=4000 Dex=295 Vit=300 Energy=300 Leadership:0 Map=0 Pk=3
[20:48:42] [alurosu][alurosu] Skill Save Complete 0 44
[20:48:42] [alurosu][alurosu] Skill Save Complete 1 67
[20:48:42] [alurosu][alurosu] Skill Save Complete 2 68
[20:48:42] [alurosu][alurosu] Skill Save Complete 3 69
[20:48:42] [alurosu][alurosu] Skill Save Complete 4 70
[20:48:42] [alurosu][alurosu] Skill Save Complete 5 71
[20:48:42] [alurosu][alurosu] Skill Save Complete 6 72
[20:48:42] [alurosu][alurosu] SI[0,Small Axe,0,0,0,0]serial:[0] dur:[11] Ex:[0,0,0,0,0,0,0] Set[0] 380:[0] HO:[0,0] E:[0]
[20:48:42] [alurosu][alurosu] SI[1,Small Shield,0,0,0,0]serial:[0] dur:[22] Ex:[0,0,0,0,0,0,0] Set[0] 380:[0] HO:[0,0] E:[0]
[20:48:42] [alurosu][alurosu] SI[12,Horn of Uniria,0,0,0,0]serial:[6003] dur:[249] Ex:[0,0,0,0,0,0,0] Set[0] 380:[0] HO:[0,0] E:[0]
[20:48:42] [alurosu][alurosu] CharInfoSave : Class=18 Level=400 LVPoint=218 Exp=-402717296 Str=4000 Dex=295 Vit=300 Energy=300 Leadership:0 Map=0 Pk=3
[20:50:25] [alurosu][alurosu] Skill Save Complete 0 44
[20:50:25] [alurosu][alurosu] Skill Save Complete 1 67
[20:50:25] [alurosu][alurosu] Skill Save Complete 2 68
[20:50:25] [alurosu][alurosu] Skill Save Complete 3 69
[20:50:25] [alurosu][alurosu] Skill Save Complete 4 70
[20:50:25] [alurosu][alurosu] Skill Save Complete 5 71
[20:50:25] [alurosu][alurosu] Skill Save Complete 6 72
[20:50:25] [alurosu][alurosu] SI[0,Small Axe,0,0,0,0]serial:[0] dur:[11] Ex:[0,0,0,0,0,0,0] Set[0] 380:[0] HO:[0,0] E:[0]
[20:50:25] [alurosu][alurosu] SI[1,Small Shield,0,0,0,0]serial:[0] dur:[22] Ex:[0,0,0,0,0,0,0] Set[0] 380:[0] HO:[0,0] E:[0]
[20:50:25] [alurosu][alurosu] SI[12,Horn of Uniria,0,0,0,0]serial:[6003] dur:[249] Ex:[0,0,0,0,0,0,0] Set[0] 380:[0] HO:[0,0] E:[0]
[20:50:25] [alurosu][alurosu] CharInfoSave : Class=18 Level=400 LVPoint=218 Exp=-402717296 Str=4000 Dex=295 Vit=300 Energy=300 Leadership:0 Map=0 Pk=3
[20:52:46] [alurosu][alurosu] Skill Save Complete 0 44
[20:52:46] [alurosu][alurosu] Skill Save Complete 1 67
[20:52:46] [alurosu][alurosu] Skill Save Complete 2 68
[20:52:46] [alurosu][alurosu] Skill Save Complete 3 69
[20:52:46] [alurosu][alurosu] Skill Save Complete 4 70
[20:52:46] [alurosu][alurosu] Skill Save Complete 5 71
[20:52:46] [alurosu][alurosu] Skill Save Complete 6 72
[20:52:46] [alurosu][alurosu] SI[0,Small Axe,0,0,0,0]serial:[0] dur:[11] Ex:[0,0,0,0,0,0,0] Set[0] 380:[0] HO:[0,0] E:[0]
[20:52:46] [alurosu][alurosu] SI[1,Small Shield,0,0,0,0]serial:[0] dur:[22] Ex:[0,0,0,0,0,0,0] Set[0] 380:[0] HO:[0,0] E:[0]
[20:52:46] [alurosu][alurosu] SI[12,Horn of Uniria,0,0,0,0]serial:[6003] dur:[249] Ex:[0,0,0,0,0,0,0] Set[0] 380:[0] HO:[0,0] E:[0]
[20:52:46] [alurosu][alurosu] CharInfoSave : Class=18 Level=400 LVPoint=218 Exp=-402717296 Str=4000 Dex=295 Vit=300 Energy=300 Leadership:0 Map=0 Pk=3
[20:59:25] [alurosu][alurosu] Skill Save Complete 0 44
[20:59:25] [alurosu][alurosu] Skill Save Complete 1 67
[20:59:25] [alurosu][alurosu] Skill Save Complete 2 68
[20:59:25] [alurosu][alurosu] Skill Save Complete 3 69
[20:59:25] [alurosu][alurosu] Skill Save Complete 4 70
[20:59:25] [alurosu][alurosu] Skill Save Complete 5 71
[20:59:25] [alurosu][alurosu] Skill Save Complete 6 72
[20:59:25] [alurosu][alurosu] SI[0,Small Axe,0,0,0,0]serial:[0] dur:[11] Ex:[0,0,0,0,0,0,0] Set[0] 380:[0] HO:[0,0] E:[0]
[20:59:25] [alurosu][alurosu] SI[1,Small Shield,0,0,0,0]serial:[0] dur:[22] Ex:[0,0,0,0,0,0,0] Set[0] 380:[0] HO:[0,0] E:[0]
[20:59:25] [alurosu][alurosu] SI[12,Horn of Uniria,0,0,0,0]serial:[6003] dur:[249] Ex:[0,0,0,0,0,0,0] Set[0] 380:[0] HO:[0,0] E:[0]
[20:59:25] [alurosu][alurosu] CharInfoSave : Class=18 Level=400 LVPoint=218 Exp=-402717296 Str=4000 Dex=295 Vit=300 Energy=300 Leadership:0 Map=0 Pk=3
[21:04:04] [alurosu][alurosu] Skill Save Complete 0 44
[21:04:04] [alurosu][alurosu] Skill Save Complete 1 67
[21:04:04] [alurosu][alurosu] Skill Save Complete 2 68
[21:04:04] [alurosu][alurosu] Skill Save Complete 3 69
[21:04:04] [alurosu][alurosu] Skill Save Complete 4 70
[21:04:04] [alurosu][alurosu] Skill Save Complete 5 71
[21:04:04] [alurosu][alurosu] Skill Save Complete 6 72
[21:04:04] [alurosu][alurosu] SI[0,Small Axe,0,0,0,0]serial:[0] dur:[11] Ex:[0,0,0,0,0,0,0] Set[0] 380:[0] HO:[0,0] E:[0]
[21:04:04] [alurosu][alurosu] SI[1,Small Shield,0,0,0,0]serial:[0] dur:[22] Ex:[0,0,0,0,0,0,0] Set[0] 380:[0] HO:[0,0] E:[0]
[21:04:04] [alurosu][alurosu] SI[12,Horn of Uniria,0,0,0,0]serial:[6003] dur:[249] Ex:[0,0,0,0,0,0,0] Set[0] 380:[0] HO:[0,0] E:[0]
[21:04:04] [alurosu][alurosu] CharInfoSave : Class=18 Level=400 LVPoint=218 Exp=-402717296 Str=4000 Dex=295 Vit=300 Energy=300 Leadership:0 Map=0 Pk=3
