[15:13:13] Initializing...
[15:13:13] DataServer(e) version: 9.5.1.20 Compiled at: Nov  4 2018 16:14:39
[15:13:13] ./IGC_AllowedIPList.xml File Loaded successfuly
[15:13:13] IP Address 192.168.0.103 valid, no resolving required
[15:13:13] [SUCCESS] - DATA SERVER CONNECT MSSQL SUCCESS (COUNT: 27)
[15:13:13] [DataServer] ItemCount: 21000
[15:13:13] [SUCCESS] - JOIN SERVER CONNECT MSSQL SUCCESS
[15:13:13] [SUCCESS] - EXDATASERVER CONNECT MSSQL SUCCESS
[15:13:13] [MuOnlineDB] GuildData Loaded in 16 msec
[15:13:13] [SUCCESS] - FRIEND DB CONNECT MSSQL SUCCESS
[15:13:13] [Gens System] Initializing Gens...
[15:13:13] [Gens System] Current Month: 12
[15:13:13] [Gens System] Ranking Making [START]
[15:13:13] [Gens System] RANKING (DUPRIAN): [NAME:alurosu] [CONTRIBUTION:10] [CLASS:14] [RANK:1]
[15:13:13] [Gens System] RANKING (DUPRIAN): [NAME:test] [CONTRIBUTION:10] [CLASS:14] [RANK:2]
[15:13:13] [Gens System] (D:0.00) VS (V:0.00)
[15:13:13] [Gens System] Ranking Making [END]
[15:13:13] Current Global Connections Limit (HWiD) per ServerGroup: 3
[15:13:13] [IOCP] Using normal functionality
[15:13:13] [IOCP] ST_JOINSERVER Start! PORT [ 56970 ]
[15:13:14] [IOCP] ST_DATASERVER Start! PORT [ 56960 ]
[15:13:14] [IOCP] ST_EXDATASERVER Start! PORT [ 56906 ]
[15:13:18] [Server Engine] Connect : Index : 0 - IP : 127.0.0.1 - ServerType : 1
[15:13:18] [Server Engine] Connect : Index : 1 - IP : 127.0.0.1 - ServerType : 2
[15:13:18] [Server Engine] Connect : Index : 2 - IP : 127.0.0.1 - ServerType : 3
[15:13:18] [Join Server] GameServer connected Regular PORT : 56900 CODE : 0 VIP : 0 HWIDCount : 100
[15:13:18] [DataServer] GameServer(0)(1) connect
[15:13:18] [ExDB] GameServer with ServerCode[0] connected.
[15:13:42] [JoinServer] Add User (alurosu) (ServerCode:0) (ServerGroup:1) (Index:11900) (IP:192.168.0.103) (HWID:)
[15:13:42] [alurosu] - characters: [alurosu][][][][]
[15:13:42] [alurosu] - Account Data: [SU:1][RF:1][Expanded WH:0]
[15:13:44] [Friend List Request] Name[alurosu].
[15:13:44] [Friend List Send] Name[alurosu].
[15:13:44] [Friend List Send] Friend Count[0].
[15:13:44] [Mail List Request] Name[alurosu].
[15:13:44] [Mail List Send] Name: [alurosu].
[15:13:44] [Mail List Send] Mail Count: 0.
[15:13:44] [Gens System] [alurosu] Get Data from DB [I:1] [P:10] [C:14] [RANK:1]
[15:13:44] [Guild Member Info Request] Member [alurosu].
[15:13:44] [Send Guild Member Info] No info returned from DB.
[15:23:38] [Gens System] Save Result: OK (Name:alurosu ContributePoint:10 GensClass:14)
[15:33:39] [Gens System] Save Result: OK (Name:alurosu ContributePoint:10 GensClass:14)
[15:43:40] [Gens System] Save Result: OK (Name:alurosu ContributePoint:10 GensClass:14)
[15:53:41] [Gens System] Save Result: OK (Name:alurosu ContributePoint:10 GensClass:14)
[16:03:42] [Gens System] Save Result: OK (Name:alurosu ContributePoint:10 GensClass:14)
[16:10:53] [JoinServer] Delete User (alurosu)
[16:10:53] [Gens System] Save Result: OK (Name:alurosu ContributePoint:10 GensClass:14)
[16:10:57] Connection Closed, dwIoSize == 0 (Index:1)
[16:10:57] Connection Closed, dwIoSize == 0 (Index:0)
[16:10:57] Connection Closed, dwIoSize == 0 (Index:2)
[16:11:11] [Server Engine] Connect : Index : 0 - IP : 127.0.0.1 - ServerType : 1
[16:11:11] [Server Engine] Connect : Index : 1 - IP : 127.0.0.1 - ServerType : 2
[16:11:11] [Join Server] GameServer connected Regular PORT : 56900 CODE : 0 VIP : 0 HWIDCount : 100
[16:11:11] [Server Engine] Connect : Index : 2 - IP : 127.0.0.1 - ServerType : 3
[16:11:11] [DataServer] GameServer(0)(1) connect
[16:11:11] [ExDB] GameServer with ServerCode[0] connected.
[16:11:17] [JoinServer] Add User (alurosu) (ServerCode:0) (ServerGroup:1) (Index:11900) (IP:192.168.0.103) (HWID:)
[16:11:19] [alurosu] - characters: [alurosu][][][][]
[16:11:19] [alurosu] - Account Data: [SU:1][RF:1][Expanded WH:0]
[16:11:21] [Friend List Request] Name[alurosu].
[16:11:21] [Friend List Send] Name[alurosu].
[16:11:21] [Friend List Send] Friend Count[0].
[16:11:21] [Mail List Request] Name[alurosu].
[16:11:21] [Mail List Send] Name: [alurosu].
[16:11:21] [Mail List Send] Mail Count: 0.
[16:11:21] [Gens System] [alurosu] Get Data from DB [I:1] [P:10] [C:14] [RANK:1]
[16:11:21] [Guild Member Info Request] Member [alurosu].
[16:11:21] [Send Guild Member Info] No info returned from DB.
[16:15:47] [JoinServer] Delete User (alurosu)
[16:15:47] [Gens System] Save Result: OK (Name:alurosu ContributePoint:10 GensClass:14)
[17:03:55] Connection Closed, dwIoSize == 0 (Index:0)
[17:03:55] Connection Closed, dwIoSize == 0 (Index:1)
[17:03:55] Connection Closed, dwIoSize == 0 (Index:2)
[17:04:34] [Server Engine] Connect : Index : 0 - IP : 127.0.0.1 - ServerType : 1
[17:04:34] [Server Engine] Connect : Index : 1 - IP : 127.0.0.1 - ServerType : 2
[17:04:34] [DataServer] GameServer(0)(1) connect
[17:04:34] [Server Engine] Connect : Index : 2 - IP : 127.0.0.1 - ServerType : 3
[17:04:34] [ExDB] GameServer with ServerCode[0] connected.
[17:04:34] [Join Server] GameServer connected Regular PORT : 56900 CODE : 0 VIP : 0 HWIDCount : 100
[17:05:01] [JoinServer] Add User (alurosu) (ServerCode:0) (ServerGroup:1) (Index:11900) (IP:192.168.0.103) (HWID:)
[17:05:01] [alurosu] - characters: [alurosu][][][][]
[17:05:01] [alurosu] - Account Data: [SU:1][RF:1][Expanded WH:0]
[17:05:03] [Friend List Request] Name[alurosu].
[17:05:03] [Friend List Send] Name[alurosu].
[17:05:03] [Friend List Send] Friend Count[0].
[17:05:03] [Mail List Request] Name[alurosu].
[17:05:03] [Mail List Send] Name: [alurosu].
[17:05:03] [Mail List Send] Mail Count: 0.
[17:05:03] [Gens System] [alurosu] Get Data from DB [I:1] [P:10] [C:14] [RANK:1]
[17:05:03] [Guild Member Info Request] Member [alurosu].
[17:05:03] [Send Guild Member Info] No info returned from DB.
[17:05:15] [Gens System] Save Result: OK (Name:alurosu ContributePoint:10 GensClass:14)
[17:05:40] [JoinServer] Delete User (alurosu)
[17:05:40] [Gens System] Save Result: OK (Name:alurosu ContributePoint:10 GensClass:14)
[17:11:42] [JoinServer] Add User (alurosu) (ServerCode:0) (ServerGroup:1) (Index:11901) (IP:192.168.0.103) (HWID:)
[17:11:42] [alurosu] - characters: [alurosu][][][][]
[17:11:42] [alurosu] - Account Data: [SU:1][RF:1][Expanded WH:0]
[17:11:44] [Friend List Request] Name[alurosu].
[17:11:44] [Friend List Send] Name[alurosu].
[17:11:44] [Friend List Send] Friend Count[0].
[17:11:44] [Mail List Request] Name[alurosu].
[17:11:44] [Mail List Send] Name: [alurosu].
[17:11:44] [Mail List Send] Mail Count: 0.
[17:11:44] [Gens System] [alurosu] Get Data from DB [I:1] [P:10] [C:14] [RANK:1]
[17:11:44] [Guild Member Info Request] Member [alurosu].
[17:11:44] [Send Guild Member Info] No info returned from DB.
[17:13:18] [Gens System] Save Result: OK (Name:alurosu ContributePoint:10 GensClass:14)
[17:13:23] [Gens System] [alurosu] Get Data from DB [I:1] [P:10] [C:14] [RANK:1]
[17:14:38] [JoinServer] Delete User (alurosu)
[17:14:38] [Gens System] Save Result: OK (Name:alurosu ContributePoint:10 GensClass:14)
[17:22:00] [JoinServer] Add User (alurosu) (ServerCode:0) (ServerGroup:1) (Index:11902) (IP:192.168.0.103) (HWID:)
[17:22:00] [alurosu] - characters: [alurosu][][][][]
[17:22:00] [alurosu] - Account Data: [SU:1][RF:1][Expanded WH:0]
[17:22:01] [Friend List Request] Name[alurosu].
[17:22:01] [Friend List Send] Name[alurosu].
[17:22:01] [Friend List Send] Friend Count[0].
[17:22:02] [Mail List Request] Name[alurosu].
[17:22:02] [Mail List Send] Name: [alurosu].
[17:22:02] [Mail List Send] Mail Count: 0.
[17:22:02] [Gens System] [alurosu] Get Data from DB [I:1] [P:10] [C:14] [RANK:1]
[17:22:02] [Guild Member Info Request] Member [alurosu].
[17:22:02] [Send Guild Member Info] No info returned from DB.
[17:24:24] [Gens System] Save Result: OK (Name:alurosu ContributePoint:10 GensClass:14)
[17:24:24] [JoinServer] Delete User (alurosu)
[17:28:27] Connection Closed, dwIoSize == 0 (Index:0)
[17:28:27] Connection Closed, dwIoSize == 0 (Index:1)
[17:28:27] Connection Closed, dwIoSize == 0 (Index:2)
