[18:30:47] Initializing...
[18:30:47] DataServer(e) version: 9.5.1.20 Compiled at: Nov  4 2018 16:14:39
[18:30:47] ./IGC_AllowedIPList.xml File Loaded successfuly
[18:30:47] IP Address 192.168.0.103 valid, no resolving required
[18:30:47] [SUCCESS] - DATA SERVER CONNECT MSSQL SUCCESS (COUNT: 27)
[18:30:47] [DataServer] ItemCount: 24000
[18:30:47] [SUCCESS] - JOIN SERVER CONNECT MSSQL SUCCESS
[18:30:47] [SUCCESS] - EXDATASERVER CONNECT MSSQL SUCCESS
[18:30:47] [MuOnlineDB] GuildData Loaded in 15 msec
[18:30:47] [SUCCESS] - FRIEND DB CONNECT MSSQL SUCCESS
[18:30:47] [Gens System] Initializing Gens...
[18:30:47] [Gens System] Current Month: 12
[18:30:47] [Gens System] Ranking Making [START]
[18:30:47] [Gens System] RANKING (DUPRIAN): [NAME:alurosu] [CONTRIBUTION:10] [CLASS:14] [RANK:1]
[18:30:47] [Gens System] RANKING (DUPRIAN): [NAME:test] [CONTRIBUTION:10] [CLASS:14] [RANK:2]
[18:30:47] [Gens System] (D:0.00) VS (V:0.00)
[18:30:47] [Gens System] Ranking Making [END]
[18:30:47] Current Global Connections Limit (HWiD) per ServerGroup: 3
[18:30:47] [IOCP] Using normal functionality
[18:30:47] [IOCP] ST_JOINSERVER Start! PORT [ 56970 ]
[18:30:47] [IOCP] ST_DATASERVER Start! PORT [ 56960 ]
[18:30:47] [IOCP] ST_EXDATASERVER Start! PORT [ 56906 ]
[18:30:57] [Server Engine] Connect : Index : 0 - IP : 127.0.0.1 - ServerType : 1
[18:30:57] [Server Engine] Connect : Index : 1 - IP : 127.0.0.1 - ServerType : 2
[18:30:57] [Join Server] GameServer connected Regular PORT : 56900 CODE : 0 VIP : 0 HWIDCount : 100
[18:30:57] [Server Engine] Connect : Index : 2 - IP : 127.0.0.1 - ServerType : 3
[18:30:57] [DataServer] GameServer(0)(1) connect
[18:30:57] [ExDB] GameServer with ServerCode[0] connected.
[18:31:35] [JoinServer] Add User (alurosu) (ServerCode:0) (ServerGroup:1) (Index:11900) (IP:192.168.0.103) (HWID:)
[18:31:35] [alurosu] - characters: [alurosu][][][][]
[18:31:35] [alurosu] - Account Data: [SU:1][RF:1][Expanded WH:0]
[18:31:37] [Friend List Request] Name[alurosu].
[18:31:37] [Friend List Send] Name[alurosu].
[18:31:37] [Friend List Send] Friend Count[0].
[18:31:37] [Mail List Request] Name[alurosu].
[18:31:37] [Mail List Send] Name: [alurosu].
[18:31:37] [Mail List Send] Mail Count: 0.
[18:31:37] [Gens System] [alurosu] Get Data from DB [I:1] [P:10] [C:14] [RANK:1]
[18:31:37] [Guild Member Info Request] Member [alurosu].
[18:31:37] [Send Guild Member Info] No info returned from DB.
[18:31:59] [Gens System] Save Result: OK (Name:alurosu ContributePoint:10 GensClass:14)
[18:38:25] [JoinServer] Delete User (alurosu)
[18:38:25] [Gens System] Save Result: OK (Name:alurosu ContributePoint:10 GensClass:14)
[18:38:39] Connection Closed, dwIoSize == 0 (Index:0)
[18:38:39] Connection Closed, dwIoSize == 0 (Index:1)
[18:38:39] Connection Closed, dwIoSize == 0 (Index:2)
[18:38:54] [Server Engine] Connect : Index : 0 - IP : 127.0.0.1 - ServerType : 1
[18:38:54] [Server Engine] Connect : Index : 1 - IP : 127.0.0.1 - ServerType : 2
[18:38:54] [Join Server] GameServer connected Regular PORT : 56900 CODE : 0 VIP : 0 HWIDCount : 100
[18:38:54] [Server Engine] Connect : Index : 2 - IP : 127.0.0.1 - ServerType : 3
[18:38:54] [DataServer] GameServer(0)(1) connect
[18:38:54] [ExDB] GameServer with ServerCode[0] connected.
[18:39:22] [JoinServer] Add User (alurosu) (ServerCode:0) (ServerGroup:1) (Index:11900) (IP:192.168.0.103) (HWID:)
[18:39:22] [alurosu] - characters: [alurosu][][][][]
[18:39:22] [alurosu] - Account Data: [SU:1][RF:1][Expanded WH:0]
[18:39:24] [Friend List Request] Name[alurosu].
[18:39:24] [Friend List Send] Name[alurosu].
[18:39:24] [Friend List Send] Friend Count[0].
[18:39:24] [Mail List Request] Name[alurosu].
[18:39:24] [Mail List Send] Name: [alurosu].
[18:39:24] [Mail List Send] Mail Count: 0.
[18:39:24] [Gens System] [alurosu] Get Data from DB [I:1] [P:10] [C:14] [RANK:1]
[18:39:24] [Guild Member Info Request] Member [alurosu].
[18:39:24] [Send Guild Member Info] No info returned from DB.
[18:40:00] [Gens System] Save Result: OK (Name:alurosu ContributePoint:10 GensClass:14)
[18:40:05] [Gens System] Save Result: OK (Name:alurosu ContributePoint:10 GensClass:14)
[18:40:09] [Gens System] Save Result: OK (Name:alurosu ContributePoint:10 GensClass:14)
[18:40:13] [Gens System] Save Result: OK (Name:alurosu ContributePoint:10 GensClass:14)
[18:40:16] [Gens System] Save Result: OK (Name:alurosu ContributePoint:10 GensClass:14)
[18:40:23] [Gens System] Save Result: OK (Name:alurosu ContributePoint:10 GensClass:14)
[18:41:13] [Gens System] Save Result: OK (Name:alurosu ContributePoint:10 GensClass:14)
[18:41:26] [Gens System] Save Result: OK (Name:alurosu ContributePoint:10 GensClass:14)
[18:42:25] [Gens System] Save Result: OK (Name:alurosu ContributePoint:10 GensClass:14)
[18:42:28] [Gens System] Save Result: OK (Name:alurosu ContributePoint:10 GensClass:14)
[18:42:31] [Gens System] Save Result: OK (Name:alurosu ContributePoint:10 GensClass:14)
[18:42:37] [Gens System] Save Result: OK (Name:alurosu ContributePoint:10 GensClass:14)
[18:43:37] [Gens System] Save Result: OK (Name:alurosu ContributePoint:10 GensClass:14)
[18:43:37] [JoinServer] Delete User (alurosu)
[18:54:46] [JoinServer] Add User (alurosu) (ServerCode:0) (ServerGroup:1) (Index:11901) (IP:192.168.0.103) (HWID:)
[18:54:46] [alurosu] - characters: [alurosu][][][][]
[18:54:46] [alurosu] - Account Data: [SU:1][RF:1][Expanded WH:0]
[18:54:48] [Friend List Request] Name[alurosu].
[18:54:48] [Friend List Send] Name[alurosu].
[18:54:48] [Friend List Send] Friend Count[0].
[18:54:48] [Mail List Request] Name[alurosu].
[18:54:48] [Mail List Send] Name: [alurosu].
[18:54:48] [Mail List Send] Mail Count: 0.
[18:54:49] [Gens System] [alurosu] Get Data from DB [I:1] [P:10] [C:14] [RANK:1]
[18:54:49] [Guild Member Info Request] Member [alurosu].
[18:54:49] [Send Guild Member Info] No info returned from DB.
[18:55:52] [Gens System] Save Result: OK (Name:alurosu ContributePoint:10 GensClass:14)
[18:55:56] [Gens System] Save Result: OK (Name:alurosu ContributePoint:10 GensClass:14)
[18:55:59] [Gens System] Save Result: OK (Name:alurosu ContributePoint:10 GensClass:14)
[18:56:02] [Gens System] Save Result: OK (Name:alurosu ContributePoint:10 GensClass:14)
[18:56:05] [Gens System] Save Result: OK (Name:alurosu ContributePoint:10 GensClass:14)
[18:56:55] [Gens System] Save Result: OK (Name:alurosu ContributePoint:10 GensClass:14)
[18:56:55] [JoinServer] Delete User (alurosu)
[19:05:01] [JoinServer] Add User (alurosu) (ServerCode:0) (ServerGroup:1) (Index:11902) (IP:192.168.0.103) (HWID:)
[19:05:01] [alurosu] - characters: [alurosu][][][][]
[19:05:01] [alurosu] - Account Data: [SU:1][RF:1][Expanded WH:0]
[19:05:03] [Friend List Request] Name[alurosu].
[19:05:03] [Friend List Send] Name[alurosu].
[19:05:03] [Friend List Send] Friend Count[0].
[19:05:03] [Mail List Request] Name[alurosu].
[19:05:03] [Mail List Send] Name: [alurosu].
[19:05:03] [Mail List Send] Mail Count: 0.
[19:05:03] [Gens System] [alurosu] Get Data from DB [I:1] [P:10] [C:14] [RANK:1]
[19:05:03] [Guild Member Info Request] Member [alurosu].
[19:05:03] [Send Guild Member Info] No info returned from DB.
[19:05:52] [JoinServer] Delete User (alurosu)
[19:05:52] [Gens System] Save Result: OK (Name:alurosu ContributePoint:10 GensClass:14)
[19:14:04] Connection Closed, dwIoSize == 0 (Index:0)
[19:14:04] Connection Closed, dwIoSize == 0 (Index:2)
[19:14:04] Connection Closed, dwIoSize == 0 (Index:1)
[19:14:20] [Server Engine] Connect : Index : 0 - IP : 127.0.0.1 - ServerType : 1
[19:14:20] [Server Engine] Connect : Index : 1 - IP : 127.0.0.1 - ServerType : 2
[19:14:20] [Join Server] GameServer connected Regular PORT : 56900 CODE : 0 VIP : 0 HWIDCount : 100
[19:14:20] [Server Engine] Connect : Index : 2 - IP : 127.0.0.1 - ServerType : 3
[19:14:20] [DataServer] GameServer(0)(1) connect
[19:14:20] [ExDB] GameServer with ServerCode[0] connected.
[19:14:44] [JoinServer] Add User (alurosu) (ServerCode:0) (ServerGroup:1) (Index:11900) (IP:192.168.0.103) (HWID:)
[19:14:44] [alurosu] - characters: [alurosu][][][][]
[19:14:44] [alurosu] - Account Data: [SU:1][RF:1][Expanded WH:0]
[19:14:46] [Friend List Request] Name[alurosu].
[19:14:46] [Friend List Send] Name[alurosu].
[19:14:46] [Friend List Send] Friend Count[0].
[19:14:46] [Mail List Request] Name[alurosu].
[19:14:46] [Mail List Send] Name: [alurosu].
[19:14:46] [Mail List Send] Mail Count: 0.
[19:14:46] [Gens System] [alurosu] Get Data from DB [I:1] [P:10] [C:14] [RANK:1]
[19:14:46] [Guild Member Info Request] Member [alurosu].
[19:14:46] [Send Guild Member Info] No info returned from DB.
[19:15:02] [Gens System] Save Result: OK (Name:alurosu ContributePoint:10 GensClass:14)
[19:15:42] [Gens System] Save Result: OK (Name:alurosu ContributePoint:10 GensClass:14)
[19:20:15] [JoinServer] Delete User (alurosu)
[19:20:15] [Gens System] Save Result: OK (Name:alurosu ContributePoint:10 GensClass:14)
[19:23:13] Connection Closed, dwIoSize == 0 (Index:0)
[19:23:13] Connection Closed, dwIoSize == 0 (Index:2)
[19:23:13] Connection Closed, dwIoSize == 0 (Index:1)
[19:23:18] [Server Engine] Connect : Index : 0 - IP : 127.0.0.1 - ServerType : 1
[19:23:18] [Server Engine] Connect : Index : 1 - IP : 127.0.0.1 - ServerType : 2
[19:23:18] [Join Server] GameServer connected Regular PORT : 56900 CODE : 0 VIP : 0 HWIDCount : 100
[19:23:18] [Server Engine] Connect : Index : 2 - IP : 127.0.0.1 - ServerType : 3
[19:23:18] [DataServer] GameServer(0)(1) connect
[19:23:18] [ExDB] GameServer with ServerCode[0] connected.
[19:23:50] [JoinServer] Add User (alurosu) (ServerCode:0) (ServerGroup:1) (Index:11900) (IP:192.168.0.103) (HWID:)
[19:23:50] [alurosu] - characters: [alurosu][][][][]
[19:23:50] [alurosu] - Account Data: [SU:1][RF:1][Expanded WH:0]
[19:23:52] [Friend List Request] Name[alurosu].
[19:23:52] [Friend List Send] Name[alurosu].
[19:23:52] [Friend List Send] Friend Count[0].
[19:23:52] [Mail List Request] Name[alurosu].
[19:23:52] [Mail List Send] Name: [alurosu].
[19:23:52] [Mail List Send] Mail Count: 0.
[19:23:52] [Gens System] [alurosu] Get Data from DB [I:1] [P:10] [C:14] [RANK:1]
[19:23:52] [Guild Member Info Request] Member [alurosu].
[19:23:52] [Send Guild Member Info] No info returned from DB.
[19:24:03] [Gens System] Save Result: OK (Name:alurosu ContributePoint:10 GensClass:14)
[19:25:05] [JoinServer] Delete User (alurosu)
[19:25:05] [Gens System] Save Result: OK (Name:alurosu ContributePoint:10 GensClass:14)
[19:25:22] Connection Closed, dwIoSize == 0 (Index:0)
[19:25:22] Connection Closed, dwIoSize == 0 (Index:1)
[19:25:22] Connection Closed, dwIoSize == 0 (Index:2)
