[12:51:28] Initializing...
[12:51:28] DataServer(e) version: 9.5.1.20 Compiled at: Nov  4 2018 16:14:39
[12:51:28] ./IGC_AllowedIPList.xml File Loaded successfuly
[12:51:28] IP Address 192.168.0.103 valid, no resolving required
[12:51:28] [SUCCESS] - DATA SERVER CONNECT MSSQL SUCCESS (COUNT: 27)
[12:51:28] [DataServer] ItemCount: 33000
[12:51:28] [SUCCESS] - JOIN SERVER CONNECT MSSQL SUCCESS
[12:51:28] [SUCCESS] - EXDATASERVER CONNECT MSSQL SUCCESS
[12:51:29] [MuOnlineDB] GuildData Loaded in 31 msec
[12:51:29] [SUCCESS] - FRIEND DB CONNECT MSSQL SUCCESS
[12:51:29] [Gens System] Initializing Gens...
[12:51:29] [Gens System] Current Month: 12
[12:51:29] [Gens System] Ranking Making [START]
[12:51:29] [Gens System] RANKING (DUPRIAN): [NAME:alurosu] [CONTRIBUTION:10] [CLASS:14] [RANK:1]
[12:51:29] [Gens System] RANKING (DUPRIAN): [NAME:test] [CONTRIBUTION:10] [CLASS:14] [RANK:2]
[12:51:29] [Gens System] RANKING (VANERT): [NAME:lenuta] [CONTRIBUTION:10] [CLASS:14] [RANK:1]
[12:51:29] [Gens System] (D:0.00) VS (V:0.00)
[12:51:29] [Gens System] Ranking Making [END]
[12:51:29] Current Global Connections Limit (HWiD) per ServerGroup: 3
[12:51:29] [IOCP] Using normal functionality
[12:51:29] [IOCP] ST_JOINSERVER Start! PORT [ 56970 ]
[12:51:29] [IOCP] ST_DATASERVER Start! PORT [ 56960 ]
[12:51:29] [IOCP] ST_EXDATASERVER Start! PORT [ 56906 ]
[12:51:33] [Server Engine] Connect : Index : 0 - IP : 127.0.0.1 - ServerType : 1
[12:51:33] [Server Engine] Connect : Index : 1 - IP : 127.0.0.1 - ServerType : 2
[12:51:33] [Join Server] GameServer connected Regular PORT : 56900 CODE : 0 VIP : 0 HWIDCount : 100
[12:51:33] [Server Engine] Connect : Index : 2 - IP : 127.0.0.1 - ServerType : 3
[12:51:33] [DataServer] GameServer(0)(1) connect
[12:51:33] [ExDB] GameServer with ServerCode[0] connected.
[12:51:52] [JoinServer] Add User (alurosu) (ServerCode:0) (ServerGroup:1) (Index:11900) (IP:192.168.0.103) (HWID:)
[12:51:54] [alurosu] - characters: [alurosu][lenuta][][][]
[12:51:54] [alurosu] - Account Data: [SU:1][RF:1][Expanded WH:0]
[12:51:56] [Friend List Request] Name[alurosu].
[12:51:56] [Friend List Send] Name[alurosu].
[12:51:56] [Friend List Send] Friend Count[0].
[12:51:56] [Mail List Request] Name[alurosu].
[12:51:56] [Mail List Send] Name: [alurosu].
[12:51:56] [Mail List Send] Mail Count: 0.
[12:51:56] [Gens System] [alurosu] Get Data from DB [I:1] [P:10] [C:14] [RANK:1]
[12:51:56] [Guild Member Info Request] Member [alurosu].
[12:51:56] [Send Guild Member Info] No info returned from DB.
[12:54:06] Connection Closed, dwIoSize == 0 (Index:0)
[12:54:06] Connection Closed, dwIoSize == 0 (Index:1)
[12:54:06] [JoinServer] Delete User From Server (Code:0) (Group:1)
[12:54:06] Connection Closed, dwIoSize == 0 (Index:2)
[12:54:08] [Server Engine] Connect : Index : 0 - IP : 127.0.0.1 - ServerType : 1
[12:54:08] [Server Engine] Connect : Index : 1 - IP : 127.0.0.1 - ServerType : 2
[12:54:08] [Join Server] GameServer connected Regular PORT : 56900 CODE : 0 VIP : 0 HWIDCount : 100
[12:54:08] [Server Engine] Connect : Index : 2 - IP : 127.0.0.1 - ServerType : 3
[12:54:08] [ExDB] GameServer with ServerCode[0] connected.
[12:54:08] [DataServer] GameServer(0)(1) connect
[12:54:12] [JoinServer] Add User (alurosu) (ServerCode:0) (ServerGroup:1) (Index:11900) (IP:192.168.0.103) (HWID:)
[12:54:14] [alurosu] - characters: [alurosu][lenuta][][][]
[12:54:14] [alurosu] - Account Data: [SU:1][RF:1][Expanded WH:0]
[12:54:16] [Friend List Request] Name[alurosu].
[12:54:16] [Friend List Send] Name[alurosu].
[12:54:16] [Friend List Send] Friend Count[0].
[12:54:16] [Mail List Request] Name[alurosu].
[12:54:16] [Mail List Send] Name: [alurosu].
[12:54:16] [Mail List Send] Mail Count: 0.
[12:54:16] [Gens System] [alurosu] Get Data from DB [I:1] [P:10] [C:14] [RANK:1]
[12:54:16] [Guild Member Info Request] Member [alurosu].
[12:54:16] [Send Guild Member Info] No info returned from DB.
[12:56:24] Connection Closed, dwIoSize == 0 (Index:0)
[12:56:24] Connection Closed, dwIoSize == 0 (Index:2)
[12:56:24] [JoinServer] Delete User From Server (Code:0) (Group:1)
[12:56:24] Connection Closed, dwIoSize == 0 (Index:1)
[12:56:26] [Server Engine] Connect : Index : 0 - IP : 127.0.0.1 - ServerType : 1
[12:56:26] [Server Engine] Connect : Index : 1 - IP : 127.0.0.1 - ServerType : 2
[12:56:26] [Join Server] GameServer connected Regular PORT : 56900 CODE : 0 VIP : 0 HWIDCount : 100
[12:56:26] [Server Engine] Connect : Index : 2 - IP : 127.0.0.1 - ServerType : 3
[12:56:26] [DataServer] GameServer(0)(1) connect
[12:56:26] [ExDB] GameServer with ServerCode[0] connected.
[12:56:31] [JoinServer] Add User (alurosu) (ServerCode:0) (ServerGroup:1) (Index:11900) (IP:192.168.0.103) (HWID:)
[12:56:33] [alurosu] - characters: [alurosu][lenuta][][][]
[12:56:33] [alurosu] - Account Data: [SU:1][RF:1][Expanded WH:0]
[12:56:35] [Friend List Request] Name[alurosu].
[12:56:35] [Friend List Send] Name[alurosu].
[12:56:35] [Friend List Send] Friend Count[0].
[12:56:35] [Mail List Request] Name[alurosu].
[12:56:35] [Mail List Send] Name: [alurosu].
[12:56:35] [Mail List Send] Mail Count: 0.
[12:56:35] [Gens System] [alurosu] Get Data from DB [I:1] [P:10] [C:14] [RANK:1]
[12:56:35] [Guild Member Info Request] Member [alurosu].
[12:56:35] [Send Guild Member Info] No info returned from DB.
[12:58:19] [Gens System] Save Result: OK (Name:alurosu ContributePoint:10 GensClass:14)
[12:58:19] [JoinServer] Delete User (alurosu)
[12:59:25] [JoinServer] Add User (alurosu) (ServerCode:0) (ServerGroup:1) (Index:11901) (IP:192.168.0.103) (HWID:)
[12:59:25] [alurosu] - characters: [alurosu][lenuta][][][]
[12:59:25] [alurosu] - Account Data: [SU:1][RF:1][Expanded WH:0]
[12:59:27] [Friend List Request] Name[alurosu].
[12:59:27] [Friend List Send] Name[alurosu].
[12:59:27] [Friend List Send] Friend Count[0].
[12:59:27] [Mail List Request] Name[alurosu].
[12:59:27] [Mail List Send] Name: [alurosu].
[12:59:27] [Mail List Send] Mail Count: 0.
[12:59:27] [Gens System] [alurosu] Get Data from DB [I:1] [P:10] [C:14] [RANK:1]
[12:59:27] [Guild Member Info Request] Member [alurosu].
[12:59:27] [Send Guild Member Info] No info returned from DB.
[13:09:21] [Gens System] Save Result: OK (Name:alurosu ContributePoint:10 GensClass:14)
[13:19:22] [Gens System] Save Result: OK (Name:alurosu ContributePoint:10 GensClass:14)
[13:29:23] [Gens System] Save Result: OK (Name:alurosu ContributePoint:10 GensClass:14)
[13:36:20] Connection Closed, dwIoSize == 0 (Index:0)
[13:36:20] Connection Closed, dwIoSize == 0 (Index:2)
[13:36:20] Connection Closed, dwIoSize == 0 (Index:1)
[13:36:20] [JoinServer] Delete User From Server (Code:0) (Group:1)
[13:36:23] [Server Engine] Connect : Index : 0 - IP : 127.0.0.1 - ServerType : 1
[13:36:23] [Server Engine] Connect : Index : 1 - IP : 127.0.0.1 - ServerType : 2
[13:36:23] [Join Server] GameServer connected Regular PORT : 56900 CODE : 0 VIP : 0 HWIDCount : 100
[13:36:23] [Server Engine] Connect : Index : 2 - IP : 127.0.0.1 - ServerType : 3
[13:36:23] [DataServer] GameServer(0)(1) connect
[13:36:23] [ExDB] GameServer with ServerCode[0] connected.
[13:36:24] [JoinServer] Add User (alurosu) (ServerCode:0) (ServerGroup:1) (Index:11900) (IP:192.168.0.103) (HWID:)
[13:36:26] [alurosu] - characters: [alurosu][lenuta][][][]
[13:36:26] [alurosu] - Account Data: [SU:1][RF:1][Expanded WH:0]
[13:36:28] [Friend List Request] Name[alurosu].
[13:36:28] [Friend List Send] Name[alurosu].
[13:36:28] [Friend List Send] Friend Count[0].
[13:36:29] [Mail List Request] Name[alurosu].
[13:36:29] [Mail List Send] Name: [alurosu].
[13:36:29] [Mail List Send] Mail Count: 0.
[13:36:29] [Gens System] [alurosu] Get Data from DB [I:1] [P:10] [C:14] [RANK:1]
[13:36:29] [Guild Member Info Request] Member [alurosu].
[13:36:29] [Send Guild Member Info] No info returned from DB.
[13:40:50] Connection Closed, dwIoSize == 0 (Index:0)
[13:40:50] Connection Closed, dwIoSize == 0 (Index:2)
[13:40:50] [JoinServer] Delete User From Server (Code:0) (Group:1)
[13:40:50] Connection Closed, dwIoSize == 0 (Index:1)
[13:40:52] [Server Engine] Connect : Index : 0 - IP : 127.0.0.1 - ServerType : 1
[13:40:52] [Server Engine] Connect : Index : 1 - IP : 127.0.0.1 - ServerType : 2
[13:40:52] [Join Server] GameServer connected Regular PORT : 56900 CODE : 0 VIP : 0 HWIDCount : 100
[13:40:52] [Server Engine] Connect : Index : 2 - IP : 127.0.0.1 - ServerType : 3
[13:40:52] [DataServer] GameServer(0)(1) connect
[13:40:52] [ExDB] GameServer with ServerCode[0] connected.
[13:40:54] [JoinServer] Add User (alurosu) (ServerCode:0) (ServerGroup:1) (Index:11900) (IP:192.168.0.103) (HWID:)
[13:40:56] [alurosu] - characters: [alurosu][lenuta][][][]
[13:40:56] [alurosu] - Account Data: [SU:1][RF:1][Expanded WH:0]
[13:40:58] [Friend List Request] Name[alurosu].
[13:40:58] [Friend List Send] Name[alurosu].
[13:40:58] [Friend List Send] Friend Count[0].
[13:40:58] [Mail List Request] Name[alurosu].
[13:40:58] [Mail List Send] Name: [alurosu].
[13:40:58] [Mail List Send] Mail Count: 0.
[13:40:58] [Gens System] [alurosu] Get Data from DB [I:1] [P:10] [C:14] [RANK:1]
[13:40:58] [Guild Member Info Request] Member [alurosu].
[13:40:58] [Send Guild Member Info] No info returned from DB.
[13:41:34] Connection Closed, dwIoSize == 0 (Index:0)
[13:41:34] Connection Closed, dwIoSize == 0 (Index:2)
[13:41:34] [JoinServer] Delete User From Server (Code:0) (Group:1)
[13:41:34] Connection Closed, dwIoSize == 0 (Index:1)
[13:41:36] [Server Engine] Connect : Index : 0 - IP : 127.0.0.1 - ServerType : 1
[13:41:36] [Server Engine] Connect : Index : 1 - IP : 127.0.0.1 - ServerType : 2
[13:41:36] [Join Server] GameServer connected Regular PORT : 56900 CODE : 0 VIP : 0 HWIDCount : 100
[13:41:36] [Server Engine] Connect : Index : 2 - IP : 127.0.0.1 - ServerType : 3
[13:41:36] [DataServer] GameServer(0)(1) connect
[13:41:36] [ExDB] GameServer with ServerCode[0] connected.
[13:41:39] [JoinServer] Add User (alurosu) (ServerCode:0) (ServerGroup:1) (Index:11900) (IP:192.168.0.103) (HWID:)
[13:41:41] [alurosu] - characters: [alurosu][lenuta][][][]
[13:41:41] [alurosu] - Account Data: [SU:1][RF:1][Expanded WH:0]
[13:41:43] [Friend List Request] Name[alurosu].
[13:41:43] [Friend List Send] Name[alurosu].
[13:41:43] [Friend List Send] Friend Count[0].
[13:41:43] [Mail List Request] Name[alurosu].
[13:41:43] [Mail List Send] Name: [alurosu].
[13:41:43] [Mail List Send] Mail Count: 0.
[13:41:43] [Gens System] [alurosu] Get Data from DB [I:1] [P:10] [C:14] [RANK:1]
[13:41:43] [Guild Member Info Request] Member [alurosu].
[13:41:43] [Send Guild Member Info] No info returned from DB.
[13:51:38] [Gens System] Save Result: OK (Name:alurosu ContributePoint:10 GensClass:14)
[14:01:39] [Gens System] Save Result: OK (Name:alurosu ContributePoint:10 GensClass:14)
[14:11:40] [Gens System] Save Result: OK (Name:alurosu ContributePoint:10 GensClass:14)
[14:21:41] [Gens System] Save Result: OK (Name:alurosu ContributePoint:10 GensClass:14)
