[10:53:27] Initializing...
[10:53:27] DataServer(e) version: 9.5.1.20 Compiled at: Nov  4 2018 16:14:39
[10:53:27] ./IGC_AllowedIPList.xml File Loaded successfuly
[10:53:27] IP Address 192.168.0.103 valid, no resolving required
[10:53:27] [SUCCESS] - DATA SERVER CONNECT MSSQL SUCCESS (COUNT: 27)
[10:53:27] [DataServer] ItemCount: 27000
[10:53:27] [SUCCESS] - JOIN SERVER CONNECT MSSQL SUCCESS
[10:53:27] [SUCCESS] - EXDATASERVER CONNECT MSSQL SUCCESS
[10:53:27] [MuOnlineDB] GuildData Loaded in 16 msec
[10:53:27] [SUCCESS] - FRIEND DB CONNECT MSSQL SUCCESS
[10:53:27] [Gens System] Initializing Gens...
[10:53:27] [Gens System] Current Month: 12
[10:53:27] [Gens System] Ranking Making [START]
[10:53:27] [Gens System] RANKING (DUPRIAN): [NAME:alurosu] [CONTRIBUTION:10] [CLASS:14] [RANK:1]
[10:53:27] [Gens System] RANKING (DUPRIAN): [NAME:test] [CONTRIBUTION:10] [CLASS:14] [RANK:2]
[10:53:27] [Gens System] (D:0.00) VS (V:0.00)
[10:53:27] [Gens System] Ranking Making [END]
[10:53:27] Current Global Connections Limit (HWiD) per ServerGroup: 3
[10:53:27] [IOCP] Using normal functionality
[10:53:27] [IOCP] ST_JOINSERVER Start! PORT [ 56970 ]
[10:53:27] [IOCP] ST_DATASERVER Start! PORT [ 56960 ]
[10:53:27] [IOCP] ST_EXDATASERVER Start! PORT [ 56906 ]
[10:53:32] [Server Engine] Connect : Index : 0 - IP : 127.0.0.1 - ServerType : 1
[10:53:32] [Server Engine] Connect : Index : 1 - IP : 127.0.0.1 - ServerType : 2
[10:53:32] [Join Server] GameServer connected Regular PORT : 56900 CODE : 0 VIP : 0 HWIDCount : 100
[10:53:32] [Server Engine] Connect : Index : 2 - IP : 127.0.0.1 - ServerType : 3
[10:53:32] [DataServer] GameServer(0)(1) connect
[10:53:32] [ExDB] GameServer with ServerCode[0] connected.
[10:56:29] [JoinServer] Add User (alurosu) (ServerCode:0) (ServerGroup:1) (Index:11900) (IP:192.168.0.103) (HWID:)
[10:56:30] [alurosu] - characters: [alurosu][][][][]
[10:56:30] [alurosu] - Account Data: [SU:1][RF:1][Expanded WH:0]
[10:56:32] [Friend List Request] Name[alurosu].
[10:56:32] [Friend List Send] Name[alurosu].
[10:56:32] [Friend List Send] Friend Count[0].
[10:56:32] [Mail List Request] Name[alurosu].
[10:56:32] [Mail List Send] Name: [alurosu].
[10:56:32] [Mail List Send] Mail Count: 0.
[10:56:32] [Gens System] [alurosu] Get Data from DB [I:1] [P:10] [C:14] [RANK:1]
[10:56:32] [Guild Member Info Request] Member [alurosu].
[10:56:32] [Send Guild Member Info] No info returned from DB.
[11:06:25] [Gens System] Save Result: OK (Name:alurosu ContributePoint:10 GensClass:14)
