[10:40:32] Initializing...
[10:40:32] DataServer(e) version: 9.5.1.20 Compiled at: Nov  4 2018 16:14:39
[10:40:32] ./IGC_AllowedIPList.xml File Loaded successfuly
[10:40:32] IP Address 192.168.0.103 valid, no resolving required
[10:40:32] [SUCCESS] - DATA SERVER CONNECT MSSQL SUCCESS (COUNT: 27)
[10:40:32] [DataServer] ItemCount: 27000
[10:40:32] [SUCCESS] - JOIN SERVER CONNECT MSSQL SUCCESS
[10:40:32] [SUCCESS] - EXDATASERVER CONNECT MSSQL SUCCESS
[10:40:32] [MuOnlineDB] GuildData Loaded in 16 msec
[10:40:32] [SUCCESS] - FRIEND DB CONNECT MSSQL SUCCESS
[10:40:32] [Gens System] Initializing Gens...
[10:40:32] [Gens System] Current Month: 12
[10:40:32] [Gens System] Ranking Making [START]
[10:40:32] [Gens System] RANKING (DUPRIAN): [NAME:alurosu] [CONTRIBUTION:10] [CLASS:14] [RANK:1]
[10:40:32] [Gens System] RANKING (DUPRIAN): [NAME:test] [CONTRIBUTION:10] [CLASS:14] [RANK:2]
[10:40:32] [Gens System] (D:0.00) VS (V:0.00)
[10:40:32] [Gens System] Ranking Making [END]
[10:40:32] Current Global Connections Limit (HWiD) per ServerGroup: 3
[10:40:32] [IOCP] Using normal functionality
[10:40:32] [IOCP] ST_JOINSERVER Start! PORT [ 56970 ]
[10:40:32] [IOCP] ST_DATASERVER Start! PORT [ 56960 ]
[10:40:32] [IOCP] ST_EXDATASERVER Start! PORT [ 56906 ]
[10:40:37] [Server Engine] Connect : Index : 0 - IP : 127.0.0.1 - ServerType : 1
[10:40:37] [Server Engine] Connect : Index : 1 - IP : 127.0.0.1 - ServerType : 2
[10:40:37] [Join Server] GameServer connected Regular PORT : 56900 CODE : 0 VIP : 0 HWIDCount : 100
[10:40:37] [Server Engine] Connect : Index : 2 - IP : 127.0.0.1 - ServerType : 3
[10:40:37] [DataServer] GameServer(0)(1) connect
[10:40:37] [ExDB] GameServer with ServerCode[0] connected.
[10:50:45] Connection Closed, dwIoSize == 0 (Index:0)
[10:50:45] Connection Closed, dwIoSize == 0 (Index:2)
[10:50:45] Connection Closed, dwIoSize == 0 (Index:1)
