[12:26:07] Initializing...
[12:26:07] DataServer(e) version: 9.5.1.20 Compiled at: Nov  4 2018 16:14:39
[12:26:07] ./IGC_AllowedIPList.xml File Loaded successfuly
[12:26:07] IP Address 192.168.0.103 valid, no resolving required
[12:26:07] [SUCCESS] - DATA SERVER CONNECT MSSQL SUCCESS (COUNT: 27)
[12:26:07] [DataServer] ItemCount: 27000
[12:26:07] [SUCCESS] - JOIN SERVER CONNECT MSSQL SUCCESS
[12:26:07] [SUCCESS] - EXDATASERVER CONNECT MSSQL SUCCESS
[12:26:07] [MuOnlineDB] GuildData Loaded in 31 msec
[12:26:07] [SUCCESS] - FRIEND DB CONNECT MSSQL SUCCESS
[12:26:07] [Gens System] Initializing Gens...
[12:26:07] [Gens System] Current Month: 12
[12:26:07] [Gens System] Ranking Making [START]
[12:26:07] [Gens System] RANKING (DUPRIAN): [NAME:alurosu] [CONTRIBUTION:10] [CLASS:14] [RANK:1]
[12:26:07] [Gens System] RANKING (DUPRIAN): [NAME:test] [CONTRIBUTION:10] [CLASS:14] [RANK:2]
[12:26:07] [Gens System] RANKING (VANERT): [NAME:lenuta] [CONTRIBUTION:10] [CLASS:14] [RANK:1]
[12:26:07] [Gens System] (D:0.00) VS (V:0.00)
[12:26:07] [Gens System] Ranking Making [END]
[12:26:07] Current Global Connections Limit (HWiD) per ServerGroup: 3
[12:26:07] [IOCP] Using normal functionality
[12:26:07] [IOCP] ST_JOINSERVER Start! PORT [ 56970 ]
[12:26:07] [IOCP] ST_DATASERVER Start! PORT [ 56960 ]
[12:26:07] [IOCP] ST_EXDATASERVER Start! PORT [ 56906 ]
[12:26:12] [Server Engine] Connect : Index : 0 - IP : 127.0.0.1 - ServerType : 1
[12:26:12] [Server Engine] Connect : Index : 1 - IP : 127.0.0.1 - ServerType : 2
[12:26:12] [Join Server] GameServer connected Regular PORT : 56900 CODE : 0 VIP : 0 HWIDCount : 100
[12:26:12] [DataServer] GameServer(0)(1) connect
[12:26:12] [Server Engine] Connect : Index : 2 - IP : 127.0.0.1 - ServerType : 3
[12:26:12] [ExDB] GameServer with ServerCode[0] connected.
[12:26:30] [JoinServer] Add User (alurosu) (ServerCode:0) (ServerGroup:1) (Index:11900) (IP:192.168.0.103) (HWID:)
[12:26:32] [alurosu] - characters: [alurosu][lenuta][][][]
[12:26:32] [alurosu] - Account Data: [SU:1][RF:1][Expanded WH:0]
[12:26:35] [Friend List Request] Name[lenuta].
[12:26:35] [Friend List Send] Name[lenuta].
[12:26:35] [Friend List Send] Friend Count[0].
[12:26:35] [Mail List Request] Name[lenuta].
[12:26:35] [Mail List Send] Name: [lenuta].
[12:26:35] [Mail List Send] Mail Count: 0.
[12:26:35] [Gens System] [lenuta] Get Data from DB [I:2] [P:10] [C:14] [RANK:1]
[12:26:35] [Guild Member Info Request] Member [lenuta].
[12:26:35] [Send Guild Member Info] No info returned from DB.
