[12:32:58] Initializing...
[12:32:58] DataServer(e) version: 9.5.1.20 Compiled at: Nov  4 2018 16:14:39
[12:32:58] ./IGC_AllowedIPList.xml File Loaded successfuly
[12:32:58] IP Address 192.168.0.103 valid, no resolving required
[12:32:58] [SUCCESS] - DATA SERVER CONNECT MSSQL SUCCESS (COUNT: 27)
[12:32:58] [DataServer] ItemCount: 27000
[12:32:58] [SUCCESS] - JOIN SERVER CONNECT MSSQL SUCCESS
[12:32:58] [SUCCESS] - EXDATASERVER CONNECT MSSQL SUCCESS
[12:32:58] [MuOnlineDB] GuildData Loaded in 15 msec
[12:32:58] [SUCCESS] - FRIEND DB CONNECT MSSQL SUCCESS
[12:32:58] [Gens System] Initializing Gens...
[12:32:58] [Gens System] Current Month: 12
[12:32:58] [Gens System] Ranking Making [START]
[12:32:58] [Gens System] RANKING (DUPRIAN): [NAME:alurosu] [CONTRIBUTION:10] [CLASS:14] [RANK:1]
[12:32:58] [Gens System] RANKING (DUPRIAN): [NAME:test] [CONTRIBUTION:10] [CLASS:14] [RANK:2]
[12:32:58] [Gens System] RANKING (VANERT): [NAME:lenuta] [CONTRIBUTION:10] [CLASS:14] [RANK:1]
[12:32:58] [Gens System] (D:0.00) VS (V:0.00)
[12:32:58] [Gens System] Ranking Making [END]
[12:32:58] Current Global Connections Limit (HWiD) per ServerGroup: 3
[12:32:58] [IOCP] Using normal functionality
[12:32:58] [IOCP] ST_JOINSERVER Start! PORT [ 56970 ]
[12:32:58] [IOCP] ST_DATASERVER Start! PORT [ 56960 ]
[12:32:58] [IOCP] ST_EXDATASERVER Start! PORT [ 56906 ]
[12:33:03] [Server Engine] Connect : Index : 0 - IP : 127.0.0.1 - ServerType : 1
[12:33:03] [Server Engine] Connect : Index : 1 - IP : 127.0.0.1 - ServerType : 2
[12:33:03] [Join Server] GameServer connected Regular PORT : 56900 CODE : 0 VIP : 0 HWIDCount : 100
[12:33:03] [Server Engine] Connect : Index : 2 - IP : 127.0.0.1 - ServerType : 3
[12:33:03] [DataServer] GameServer(0)(1) connect
[12:33:03] [ExDB] GameServer with ServerCode[0] connected.
[12:33:22] [JoinServer] Add User (alurosu) (ServerCode:0) (ServerGroup:1) (Index:11900) (IP:192.168.0.103) (HWID:)
[12:33:24] [alurosu] - characters: [alurosu][lenuta][][][]
[12:33:24] [alurosu] - Account Data: [SU:1][RF:1][Expanded WH:0]
[12:33:26] [Friend List Request] Name[lenuta].
[12:33:26] [Friend List Send] Name[lenuta].
[12:33:26] [Friend List Send] Friend Count[0].
[12:33:26] [Mail List Request] Name[lenuta].
[12:33:26] [Mail List Send] Name: [lenuta].
[12:33:26] [Mail List Send] Mail Count: 0.
[12:33:26] [Gens System] [lenuta] Get Data from DB [I:2] [P:10] [C:14] [RANK:1]
[12:33:26] [Guild Member Info Request] Member [lenuta].
[12:33:26] [Send Guild Member Info] No info returned from DB.
[12:36:56] [JoinServer] Delete User (alurosu)
[12:36:56] [Gens System] Save Result: OK (Name:lenuta ContributePoint:10 GensClass:14)
[12:37:23] [JoinServer] Add User (alurosu) (ServerCode:0) (ServerGroup:1) (Index:11901) (IP:192.168.0.103) (HWID:)
[12:37:24] [alurosu] - characters: [alurosu][lenuta][][][]
[12:37:24] [alurosu] - Account Data: [SU:1][RF:1][Expanded WH:0]
[12:37:26] [Friend List Request] Name[alurosu].
[12:37:26] [Friend List Send] Name[alurosu].
[12:37:26] [Friend List Send] Friend Count[0].
[12:37:26] [Mail List Request] Name[alurosu].
[12:37:26] [Mail List Send] Name: [alurosu].
[12:37:26] [Mail List Send] Mail Count: 0.
[12:37:26] [Gens System] [alurosu] Get Data from DB [I:1] [P:10] [C:14] [RANK:1]
[12:37:26] [Guild Member Info Request] Member [alurosu].
[12:37:26] [Send Guild Member Info] No info returned from DB.
[12:38:05] [Gens System] Save Result: OK (Name:alurosu ContributePoint:10 GensClass:14)
[12:38:05] [JoinServer] Delete User (alurosu)
[12:38:17] [JoinServer] Add User (alurosu) (ServerCode:0) (ServerGroup:1) (Index:11902) (IP:192.168.0.103) (HWID:)
[12:38:17] [alurosu] - characters: [alurosu][lenuta][][][]
[12:38:17] [alurosu] - Account Data: [SU:1][RF:1][Expanded WH:0]
[12:38:19] [Friend List Request] Name[alurosu].
[12:38:19] [Friend List Send] Name[alurosu].
[12:38:19] [Friend List Send] Friend Count[0].
[12:38:19] [Mail List Request] Name[alurosu].
[12:38:19] [Mail List Send] Name: [alurosu].
[12:38:19] [Mail List Send] Mail Count: 0.
[12:38:19] [Gens System] [alurosu] Get Data from DB [I:1] [P:10] [C:14] [RANK:1]
[12:38:19] [Guild Member Info Request] Member [alurosu].
[12:38:19] [Send Guild Member Info] No info returned from DB.
