[11:08:01] Initializing...
[11:08:01] DataServer(e) version: 9.5.1.20 Compiled at: Nov  4 2018 16:14:39
[11:08:01] ./IGC_AllowedIPList.xml File Loaded successfuly
[11:08:01] IP Address 192.168.0.103 valid, no resolving required
[11:08:01] [SUCCESS] - DATA SERVER CONNECT MSSQL SUCCESS (COUNT: 27)
[11:08:01] [DataServer] ItemCount: 27000
[11:08:01] [SUCCESS] - JOIN SERVER CONNECT MSSQL SUCCESS
[11:08:01] [SUCCESS] - EXDATASERVER CONNECT MSSQL SUCCESS
[11:08:01] [MuOnlineDB] GuildData Loaded in 16 msec
[11:08:01] [SUCCESS] - FRIEND DB CONNECT MSSQL SUCCESS
[11:08:01] [Gens System] Initializing Gens...
[11:08:01] [Gens System] Current Month: 12
[11:08:01] [Gens System] Ranking Making [START]
[11:08:01] [Gens System] RANKING (DUPRIAN): [NAME:alurosu] [CONTRIBUTION:10] [CLASS:14] [RANK:1]
[11:08:01] [Gens System] RANKING (DUPRIAN): [NAME:test] [CONTRIBUTION:10] [CLASS:14] [RANK:2]
[11:08:01] [Gens System] (D:0.00) VS (V:0.00)
[11:08:01] [Gens System] Ranking Making [END]
[11:08:01] Current Global Connections Limit (HWiD) per ServerGroup: 3
[11:08:01] [IOCP] Using normal functionality
[11:08:01] [IOCP] ST_JOINSERVER Start! PORT [ 56970 ]
[11:08:01] [IOCP] ST_DATASERVER Start! PORT [ 56960 ]
[11:08:01] [IOCP] ST_EXDATASERVER Start! PORT [ 56906 ]
[11:08:06] [Server Engine] Connect : Index : 0 - IP : 127.0.0.1 - ServerType : 1
[11:08:06] [Server Engine] Connect : Index : 1 - IP : 127.0.0.1 - ServerType : 2
[11:08:06] [Join Server] GameServer connected Regular PORT : 56900 CODE : 0 VIP : 0 HWIDCount : 100
[11:08:06] [Server Engine] Connect : Index : 2 - IP : 127.0.0.1 - ServerType : 3
[11:08:06] [DataServer] GameServer(0)(1) connect
[11:08:06] [ExDB] GameServer with ServerCode[0] connected.
[11:08:12] [JoinServer] Add User (alurosu) (ServerCode:0) (ServerGroup:1) (Index:11900) (IP:192.168.0.103) (HWID:)
[11:08:14] [alurosu] - characters: [alurosu][][][][]
[11:08:14] [alurosu] - Account Data: [SU:1][RF:1][Expanded WH:0]
[11:08:16] [Friend List Request] Name[alurosu].
[11:08:16] [Friend List Send] Name[alurosu].
[11:08:16] [Friend List Send] Friend Count[0].
[11:08:16] [Mail List Request] Name[alurosu].
[11:08:16] [Mail List Send] Name: [alurosu].
[11:08:16] [Mail List Send] Mail Count: 0.
[11:08:16] [Gens System] [alurosu] Get Data from DB [I:1] [P:10] [C:14] [RANK:1]
[11:08:16] [Guild Member Info Request] Member [alurosu].
[11:08:16] [Send Guild Member Info] No info returned from DB.
[11:18:12] [Gens System] Save Result: OK (Name:alurosu ContributePoint:10 GensClass:14)
[11:28:13] [Gens System] Save Result: OK (Name:alurosu ContributePoint:10 GensClass:14)
[11:30:14] Connection Closed, dwIoSize == 0 (Index:0)
[11:30:14] Connection Closed, dwIoSize == 0 (Index:1)
[11:30:14] [JoinServer] Delete User From Server (Code:0) (Group:1)
[11:30:14] Connection Closed, dwIoSize == 0 (Index:2)
[11:30:17] [Server Engine] Connect : Index : 0 - IP : 127.0.0.1 - ServerType : 1
[11:30:17] [Server Engine] Connect : Index : 1 - IP : 127.0.0.1 - ServerType : 2
[11:30:17] [Join Server] GameServer connected Regular PORT : 56900 CODE : 0 VIP : 0 HWIDCount : 100
[11:30:17] [Server Engine] Connect : Index : 2 - IP : 127.0.0.1 - ServerType : 3
[11:30:17] [DataServer] GameServer(0)(1) connect
[11:30:17] [ExDB] GameServer with ServerCode[0] connected.
[11:30:20] [JoinServer] Add User (alurosu) (ServerCode:0) (ServerGroup:1) (Index:11900) (IP:192.168.0.103) (HWID:)
[11:30:22] [alurosu] - characters: [alurosu][][][][]
[11:30:22] [alurosu] - Account Data: [SU:1][RF:1][Expanded WH:0]
[11:30:25] [Friend List Request] Name[alurosu].
[11:30:25] [Friend List Send] Name[alurosu].
[11:30:25] [Friend List Send] Friend Count[0].
[11:30:25] [Mail List Request] Name[alurosu].
[11:30:25] [Mail List Send] Name: [alurosu].
[11:30:25] [Mail List Send] Mail Count: 0.
[11:30:25] [Gens System] [alurosu] Get Data from DB [I:1] [P:10] [C:14] [RANK:1]
[11:30:25] [Guild Member Info Request] Member [alurosu].
[11:30:25] [Send Guild Member Info] No info returned from DB.
[11:36:28] [Gens System] Save Result: OK (Name:alurosu ContributePoint:10 GensClass:14)
[11:36:28] [JoinServer] Delete User (alurosu)
[11:36:55] [JoinServer] Add User (alurosu) (ServerCode:0) (ServerGroup:1) (Index:11901) (IP:192.168.0.103) (HWID:)
[11:36:55] [alurosu] - characters: [alurosu][][][][]
[11:36:55] [alurosu] - Account Data: [SU:1][RF:1][Expanded WH:0]
[11:36:57] [Friend List Request] Name[alurosu].
[11:36:57] [Friend List Send] Name[alurosu].
[11:36:57] [Friend List Send] Friend Count[0].
[11:36:57] [Mail List Request] Name[alurosu].
[11:36:57] [Mail List Send] Name: [alurosu].
[11:36:57] [Mail List Send] Mail Count: 0.
[11:36:57] [Gens System] [alurosu] Get Data from DB [I:1] [P:10] [C:14] [RANK:1]
[11:36:57] [Guild Member Info Request] Member [alurosu].
[11:36:57] [Send Guild Member Info] No info returned from DB.
[11:46:50] [Gens System] Save Result: OK (Name:alurosu ContributePoint:10 GensClass:14)
[11:56:51] [Gens System] Save Result: OK (Name:alurosu ContributePoint:10 GensClass:14)
[12:06:52] [Gens System] Save Result: OK (Name:alurosu ContributePoint:10 GensClass:14)
[12:10:44] Connection Closed, dwIoSize == 0 (Index:0)
[12:10:44] Connection Closed, dwIoSize == 0 (Index:2)
[12:10:44] [JoinServer] Delete User From Server (Code:0) (Group:1)
[12:10:44] Connection Closed, dwIoSize == 0 (Index:1)
[12:10:48] [Server Engine] Connect : Index : 0 - IP : 127.0.0.1 - ServerType : 1
[12:10:48] [Server Engine] Connect : Index : 1 - IP : 127.0.0.1 - ServerType : 2
[12:10:48] [Join Server] GameServer connected Regular PORT : 56900 CODE : 0 VIP : 0 HWIDCount : 100
[12:10:48] [Server Engine] Connect : Index : 2 - IP : 127.0.0.1 - ServerType : 3
[12:10:48] [DataServer] GameServer(0)(1) connect
[12:10:48] [ExDB] GameServer with ServerCode[0] connected.
[12:10:49] [JoinServer] Add User (alurosu) (ServerCode:0) (ServerGroup:1) (Index:11900) (IP:192.168.0.103) (HWID:)
[12:10:51] [alurosu] - characters: [alurosu][][][][]
[12:10:51] [alurosu] - Account Data: [SU:1][RF:1][Expanded WH:0]
[12:10:53] [Friend List Request] Name[alurosu].
[12:10:53] [Friend List Send] Name[alurosu].
[12:10:53] [Friend List Send] Friend Count[0].
[12:10:53] [Mail List Request] Name[alurosu].
[12:10:53] [Mail List Send] Name: [alurosu].
[12:10:53] [Mail List Send] Mail Count: 0.
[12:10:53] [Gens System] [alurosu] Get Data from DB [I:1] [P:10] [C:14] [RANK:1]
[12:10:53] [Guild Member Info Request] Member [alurosu].
[12:10:53] [Send Guild Member Info] No info returned from DB.
[12:11:50] Message copy 410
[12:11:50] [Gens System] Save Result: OK (Name:alurosu ContributePoint:10 GensClass:14)
[12:11:50] [JoinServer] Delete User (alurosu)
[12:13:37] [JoinServer] Add User (alurosu) (ServerCode:0) (ServerGroup:1) (Index:11901) (IP:192.168.0.103) (HWID:)
[12:13:37] [alurosu] - characters: [alurosu][][][][]
[12:13:37] [alurosu] - Account Data: [SU:1][RF:1][Expanded WH:0]
[12:13:39] [Friend List Request] Name[alurosu].
[12:13:39] [Friend List Send] Name[alurosu].
[12:13:39] [Friend List Send] Friend Count[0].
[12:13:39] [Mail List Request] Name[alurosu].
[12:13:39] [Mail List Send] Name: [alurosu].
[12:13:39] [Mail List Send] Mail Count: 0.
[12:13:39] [Gens System] [alurosu] Get Data from DB [I:1] [P:10] [C:14] [RANK:1]
[12:13:39] [Guild Member Info Request] Member [alurosu].
[12:13:39] [Send Guild Member Info] No info returned from DB.
[12:13:48] [alurosu] - characters: [alurosu][][][][]
[12:13:48] [alurosu] - Account Data: [SU:1][RF:1][Expanded WH:0]
[12:14:13] [alurosu] created character -> [lenuta]
[12:14:16] [Friend List Request] Name[lenuta].
[12:14:16] [Friend List Send] Name[lenuta].
[12:14:16] [Friend List Send] Friend Count[0].
[12:14:16] [Mail List Request] Name[lenuta].
[12:14:16] [Mail List Send] Name: [lenuta].
[12:14:16] [Mail List Send] Mail Count: 0.
[12:14:16] [Guild Member Info Request] Member [lenuta].
[12:14:16] [Send Guild Member Info] No info returned from DB.
[12:14:21] [JoinServer] Delete User (alurosu)
[12:16:17] [JoinServer] Add User (alurosu) (ServerCode:0) (ServerGroup:1) (Index:11902) (IP:192.168.0.103) (HWID:)
[12:16:17] [alurosu] - characters: [alurosu][lenuta][][][]
[12:16:17] [alurosu] - Account Data: [SU:1][RF:1][Expanded WH:0]
[12:16:19] [Friend List Request] Name[lenuta].
[12:16:19] [Friend List Send] Name[lenuta].
[12:16:19] [Friend List Send] Friend Count[0].
[12:16:19] [Mail List Request] Name[lenuta].
[12:16:19] [Mail List Send] Name: [lenuta].
[12:16:19] [Mail List Send] Mail Count: 0.
[12:16:19] [Guild Member Info Request] Member [lenuta].
[12:16:19] [Send Guild Member Info] No info returned from DB.
[12:16:43] [alurosu] - characters: [alurosu][lenuta][][][]
[12:16:43] [alurosu] - Account Data: [SU:1][RF:1][Expanded WH:0]
[12:16:45] [Friend List Request] Name[lenuta].
[12:16:45] [Friend List Send] Name[lenuta].
[12:16:45] [Friend List Send] Friend Count[0].
[12:16:45] [Mail List Request] Name[lenuta].
[12:16:45] [Mail List Send] Name: [lenuta].
[12:16:45] [Mail List Send] Mail Count: 0.
[12:16:45] [Guild Member Info Request] Member [lenuta].
[12:16:45] [Send Guild Member Info] No info returned from DB.
[12:16:49] [JoinServer] Delete User (alurosu)
[12:17:56] [JoinServer] Add User (alurosu) (ServerCode:0) (ServerGroup:1) (Index:11903) (IP:192.168.0.103) (HWID:)
[12:17:56] [alurosu] - characters: [alurosu][lenuta][][][]
[12:17:56] [alurosu] - Account Data: [SU:1][RF:1][Expanded WH:0]
[12:17:59] [Friend List Request] Name[lenuta].
[12:17:59] [Friend List Send] Name[lenuta].
[12:17:59] [Friend List Send] Friend Count[0].
[12:17:59] [Mail List Request] Name[lenuta].
[12:17:59] [Mail List Send] Name: [lenuta].
[12:17:59] [Mail List Send] Mail Count: 0.
[12:17:59] [Gens System] [lenuta] Get Data from DB [I:0] [P:0] [C:0] [RANK:-1940717568]
[12:17:59] [Guild Member Info Request] Member [lenuta].
[12:17:59] [Send Guild Member Info] No info returned from DB.
[12:18:35] [Gens System] Request to Register: Name:lenuta Influence:2 -> RESULT: 0
[12:18:35] [Gens System] Add New User (VANERT) (NAME:lenuta)
[12:18:35] [Gens System] Save Result: OK (Name:lenuta ContributePoint:10 GensClass:0)
[12:18:35] [Gens System] [lenuta] Get Data from DB [I:2] [P:10] [C:0] [RANK:0]
[12:19:18] Connection Closed, dwIoSize == 0 (Index:0)
[12:19:18] Connection Closed, dwIoSize == 0 (Index:2)
[12:19:18] Connection Closed, dwIoSize == 0 (Index:1)
[12:19:18] [JoinServer] Delete User From Server (Code:0) (Group:1)
[12:19:20] [Server Engine] Connect : Index : 0 - IP : 127.0.0.1 - ServerType : 1
[12:19:20] [Server Engine] Connect : Index : 1 - IP : 127.0.0.1 - ServerType : 2
[12:19:20] [Join Server] GameServer connected Regular PORT : 56900 CODE : 0 VIP : 0 HWIDCount : 100
[12:19:20] [Server Engine] Connect : Index : 2 - IP : 127.0.0.1 - ServerType : 3
[12:19:20] [DataServer] GameServer(0)(1) connect
[12:19:20] [ExDB] GameServer with ServerCode[0] connected.
[12:19:22] [JoinServer] Add User (alurosu) (ServerCode:0) (ServerGroup:1) (Index:11900) (IP:192.168.0.103) (HWID:)
[12:19:24] [alurosu] - characters: [alurosu][lenuta][][][]
[12:19:24] [alurosu] - Account Data: [SU:1][RF:1][Expanded WH:0]
[12:19:26] [Friend List Request] Name[lenuta].
[12:19:26] [Friend List Send] Name[lenuta].
[12:19:26] [Friend List Send] Friend Count[0].
[12:19:26] [Mail List Request] Name[lenuta].
[12:19:26] [Mail List Send] Name: [lenuta].
[12:19:26] [Mail List Send] Mail Count: 0.
[12:19:26] [Gens System] [lenuta] Get Data from DB [I:2] [P:10] [C:0] [RANK:0]
[12:19:26] [Guild Member Info Request] Member [lenuta].
[12:19:26] [Send Guild Member Info] No info returned from DB.
