[12:38:56] Initializing...
[12:38:56] DataServer(e) version: 9.5.1.20 Compiled at: Nov  4 2018 16:14:39
[12:38:56] ./IGC_AllowedIPList.xml File Loaded successfuly
[12:38:56] IP Address 192.168.0.103 valid, no resolving required
[12:38:56] [SUCCESS] - DATA SERVER CONNECT MSSQL SUCCESS (COUNT: 27)
[12:38:56] [DataServer] ItemCount: 30000
[12:38:56] [SUCCESS] - JOIN SERVER CONNECT MSSQL SUCCESS
[12:38:56] [SUCCESS] - EXDATASERVER CONNECT MSSQL SUCCESS
[12:38:56] [MuOnlineDB] GuildData Loaded in 31 msec
[12:38:56] [SUCCESS] - FRIEND DB CONNECT MSSQL SUCCESS
[12:38:56] [Gens System] Initializing Gens...
[12:38:56] [Gens System] Current Month: 12
[12:38:56] [Gens System] Ranking Making [START]
[12:38:56] [Gens System] RANKING (DUPRIAN): [NAME:alurosu] [CONTRIBUTION:10] [CLASS:14] [RANK:1]
[12:38:56] [Gens System] RANKING (DUPRIAN): [NAME:test] [CONTRIBUTION:10] [CLASS:14] [RANK:2]
[12:38:56] [Gens System] RANKING (VANERT): [NAME:lenuta] [CONTRIBUTION:10] [CLASS:14] [RANK:1]
[12:38:56] [Gens System] (D:0.00) VS (V:0.00)
[12:38:56] [Gens System] Ranking Making [END]
[12:38:56] Current Global Connections Limit (HWiD) per ServerGroup: 3
[12:38:56] [IOCP] Using normal functionality
[12:38:56] [IOCP] ST_JOINSERVER Start! PORT [ 56970 ]
[12:38:56] [IOCP] ST_DATASERVER Start! PORT [ 56960 ]
[12:38:56] [IOCP] ST_EXDATASERVER Start! PORT [ 56906 ]
[12:39:01] [Server Engine] Connect : Index : 0 - IP : 127.0.0.1 - ServerType : 1
[12:39:01] [Server Engine] Connect : Index : 1 - IP : 127.0.0.1 - ServerType : 2
[12:39:01] [Join Server] GameServer connected Regular PORT : 56900 CODE : 0 VIP : 0 HWIDCount : 100
[12:39:01] [Server Engine] Connect : Index : 2 - IP : 127.0.0.1 - ServerType : 3
[12:39:01] [DataServer] GameServer(0)(1) connect
[12:39:01] [ExDB] GameServer with ServerCode[0] connected.
[12:39:20] [JoinServer] Add User (alurosu) (ServerCode:0) (ServerGroup:1) (Index:11900) (IP:192.168.0.103) (HWID:)
[12:39:21] [alurosu] - characters: [alurosu][lenuta][][][]
[12:39:22] [alurosu] - Account Data: [SU:1][RF:1][Expanded WH:0]
[12:39:24] [Friend List Request] Name[alurosu].
[12:39:24] [Friend List Send] Name[alurosu].
[12:39:24] [Friend List Send] Friend Count[0].
[12:39:24] [Mail List Request] Name[alurosu].
[12:39:24] [Mail List Send] Name: [alurosu].
[12:39:24] [Mail List Send] Mail Count: 0.
[12:39:24] [Gens System] [alurosu] Get Data from DB [I:1] [P:10] [C:14] [RANK:1]
[12:39:24] [Guild Member Info Request] Member [alurosu].
[12:39:24] [Send Guild Member Info] No info returned from DB.
[12:46:43] Connection Closed, dwIoSize == 0 (Index:0)
[12:46:43] Connection Closed, dwIoSize == 0 (Index:1)
[12:46:43] Connection Closed, dwIoSize == 0 (Index:2)
[12:46:43] [JoinServer] Delete User From Server (Code:0) (Group:1)
[12:46:45] [Server Engine] Connect : Index : 0 - IP : 127.0.0.1 - ServerType : 1
[12:46:45] [Server Engine] Connect : Index : 1 - IP : 127.0.0.1 - ServerType : 2
[12:46:45] [Join Server] GameServer connected Regular PORT : 56900 CODE : 0 VIP : 0 HWIDCount : 100
[12:46:45] [Server Engine] Connect : Index : 2 - IP : 127.0.0.1 - ServerType : 3
[12:46:45] [DataServer] GameServer(0)(1) connect
[12:46:45] [ExDB] GameServer with ServerCode[0] connected.
[12:46:48] [JoinServer] Add User (alurosu) (ServerCode:0) (ServerGroup:1) (Index:11900) (IP:192.168.0.103) (HWID:)
[12:46:50] [alurosu] - characters: [alurosu][lenuta][][][]
[12:46:50] [alurosu] - Account Data: [SU:1][RF:1][Expanded WH:0]
[12:46:52] [Friend List Request] Name[alurosu].
[12:46:52] [Friend List Send] Name[alurosu].
[12:46:52] [Friend List Send] Friend Count[0].
[12:46:52] [Mail List Request] Name[alurosu].
[12:46:52] [Mail List Send] Name: [alurosu].
[12:46:52] [Mail List Send] Mail Count: 0.
[12:46:52] [Gens System] [alurosu] Get Data from DB [I:1] [P:10] [C:14] [RANK:1]
[12:46:52] [Guild Member Info Request] Member [alurosu].
[12:46:52] [Send Guild Member Info] No info returned from DB.
[12:47:43] [Gens System] Save Result: OK (Name:alurosu ContributePoint:10 GensClass:14)
[12:47:43] [JoinServer] Delete User (alurosu)
[12:48:10] [JoinServer] Add User (alurosu) (ServerCode:0) (ServerGroup:1) (Index:11901) (IP:192.168.0.103) (HWID:)
[12:48:10] [alurosu] - characters: [alurosu][lenuta][][][]
[12:48:10] [alurosu] - Account Data: [SU:1][RF:1][Expanded WH:0]
[12:48:12] [Friend List Request] Name[alurosu].
[12:48:12] [Friend List Send] Name[alurosu].
[12:48:12] [Friend List Send] Friend Count[0].
[12:48:12] [Mail List Request] Name[alurosu].
[12:48:12] [Mail List Send] Name: [alurosu].
[12:48:12] [Mail List Send] Mail Count: 0.
[12:48:12] [Gens System] [alurosu] Get Data from DB [I:1] [P:10] [C:14] [RANK:1]
[12:48:12] [Guild Member Info Request] Member [alurosu].
[12:48:12] [Send Guild Member Info] No info returned from DB.
