[15:13:52] Initializing...
[15:13:52] DataServer(e) version: 9.5.1.20 Compiled at: Nov  4 2018 16:14:39
[15:13:52] ./IGC_AllowedIPList.xml File Loaded successfuly
[15:13:52] IP Address 192.168.0.103 valid, no resolving required
[15:13:52] [SUCCESS] - DATA SERVER CONNECT MSSQL SUCCESS (COUNT: 27)
[15:13:52] [DataServer] ItemCount: 3000
[15:13:52] [SUCCESS] - JOIN SERVER CONNECT MSSQL SUCCESS
[15:13:52] [SUCCESS] - EXDATASERVER CONNECT MSSQL SUCCESS
[15:13:52] [MuOnlineDB] GuildData Loaded in 16 msec
[15:13:52] [SUCCESS] - FRIEND DB CONNECT MSSQL SUCCESS
[15:13:52] [Gens System] Initializing Gens...
[15:13:52] [Gens System] Current Month: 11
[15:13:52] [Gens System] Ranking Making [START]
[15:13:52] [Gens System] (D:0.00) VS (V:0.00)
[15:13:52] [Gens System] Ranking Making [END]
[15:13:52] Current Global Connections Limit (HWiD) per ServerGroup: 3
[15:13:52] [IOCP] Using normal functionality
[15:13:52] [IOCP] ST_JOINSERVER Start! PORT [ 56970 ]
[15:13:52] [IOCP] ST_DATASERVER Start! PORT [ 56960 ]
[15:13:52] [IOCP] ST_EXDATASERVER Start! PORT [ 56906 ]
[15:14:04] [Server Engine] Connect : Index : 0 - IP : 127.0.0.1 - ServerType : 1
[15:14:04] [Server Engine] Connect : Index : 1 - IP : 127.0.0.1 - ServerType : 2
[15:14:04] [Join Server] GameServer connected Regular PORT : 56900 CODE : 0 VIP : 0 HWIDCount : 100
[15:14:04] [Server Engine] Connect : Index : 2 - IP : 127.0.0.1 - ServerType : 3
[15:14:04] [ExDB] GameServer with ServerCode[0] connected.
[15:14:04] [DataServer] GameServer(0)(1) connect
[15:14:13] [JoinServer] Add User (alurosu) (ServerCode:0) (ServerGroup:1) (Index:11900) (IP:192.168.0.103) (HWID:)
[15:14:13] [alurosu] - characters: [alurosu][][][][]
[15:14:13] [alurosu] - Account Data: [SU:1][RF:1][Expanded WH:0]
[15:14:15] [Friend List Request] Name[alurosu].
[15:14:15] [Friend List Send] Name[alurosu].
[15:14:15] [Friend List Send] Friend Count[0].
[15:14:15] [Mail List Request] Name[alurosu].
[15:14:15] [Mail List Send] Name: [alurosu].
[15:14:15] [Mail List Send] Mail Count: 0.
[15:14:15] [Guild Member Info Request] Member [alurosu].
[15:14:15] [Send Guild Member Info] No info returned from DB.
[15:15:52] [JoinServer] Delete User (alurosu)
[15:18:17] [JoinServer] Add User (alurosu) (ServerCode:0) (ServerGroup:1) (Index:11901) (IP:192.168.0.103) (HWID:)
[15:18:17] [alurosu] - characters: [alurosu][][][][]
[15:18:17] [alurosu] - Account Data: [SU:1][RF:1][Expanded WH:0]
[15:18:20] [Friend List Request] Name[alurosu].
[15:18:20] [Friend List Send] Name[alurosu].
[15:18:20] [Friend List Send] Friend Count[0].
[15:18:20] [Mail List Request] Name[alurosu].
[15:18:20] [Mail List Send] Name: [alurosu].
[15:18:20] [Mail List Send] Mail Count: 0.
[15:18:20] [Guild Member Info Request] Member [alurosu].
[15:18:20] [Send Guild Member Info] No info returned from DB.
[15:19:19] [alurosu] - characters: [alurosu][][][][]
[15:19:19] [alurosu] - Account Data: [SU:1][RF:1][Expanded WH:0]
[15:19:28] [JoinServer] Delete User (alurosu)
[15:29:53] [JoinServer] Add User (alurosu) (ServerCode:0) (ServerGroup:1) (Index:11902) (IP:192.168.0.103) (HWID:)
[15:29:53] [alurosu] - characters: [alurosu][][][][]
[15:29:53] [alurosu] - Account Data: [SU:1][RF:1][Expanded WH:0]
[15:29:55] [Friend List Request] Name[alurosu].
[15:29:55] [Friend List Send] Name[alurosu].
[15:29:55] [Friend List Send] Friend Count[0].
[15:29:55] [Mail List Request] Name[alurosu].
[15:29:55] [Mail List Send] Name: [alurosu].
[15:29:55] [Mail List Send] Mail Count: 0.
[15:29:55] [Gens System] [alurosu] Get Data from DB [I:0] [P:0] [C:0] [RANK:316669952]
[15:29:55] [Guild Member Info Request] Member [alurosu].
[15:29:55] [Send Guild Member Info] No info returned from DB.
[15:33:03] [JoinServer] Delete User (alurosu)
[15:33:50] Connection Closed, dwIoSize == 0 (Index:0)
[15:33:50] Connection Closed, dwIoSize == 0 (Index:2)
[15:33:50] Connection Closed, dwIoSize == 0 (Index:1)
