[16:08:23] Initializing...
[16:08:23] DataServer(e) version: 9.5.1.20 Compiled at: Nov  4 2018 16:14:39
[16:08:23] ./IGC_AllowedIPList.xml File Loaded successfuly
[16:08:23] IP Address 192.168.0.103 valid, no resolving required
[16:08:23] [SUCCESS] - DATA SERVER CONNECT MSSQL SUCCESS (COUNT: 27)
[16:08:23] [DataServer] ItemCount: 6000
[16:08:23] [SUCCESS] - JOIN SERVER CONNECT MSSQL SUCCESS
[16:08:23] [SUCCESS] - EXDATASERVER CONNECT MSSQL SUCCESS
[16:08:23] [MuOnlineDB] GuildData Loaded in 31 msec
[16:08:23] [SUCCESS] - FRIEND DB CONNECT MSSQL SUCCESS
[16:08:23] [Gens System] Initializing Gens...
[16:08:23] [Gens System] Current Month: 11
[16:08:23] [Gens System] Ranking Making [START]
[16:08:23] [Gens System] (D:0.00) VS (V:0.00)
[16:08:23] [Gens System] Ranking Making [END]
[16:08:23] Current Global Connections Limit (HWiD) per ServerGroup: 3
[16:08:23] [IOCP] Using normal functionality
[16:08:23] [IOCP] ST_JOINSERVER Start! PORT [ 56970 ]
[16:08:23] [IOCP] ST_DATASERVER Start! PORT [ 56960 ]
[16:08:23] [IOCP] ST_EXDATASERVER Start! PORT [ 56906 ]
[16:08:28] [Server Engine] Connect : Index : 0 - IP : 127.0.0.1 - ServerType : 1
[16:08:28] [Server Engine] Connect : Index : 1 - IP : 127.0.0.1 - ServerType : 2
[16:08:28] [Join Server] GameServer connected Regular PORT : 56900 CODE : 0 VIP : 0 HWIDCount : 100
[16:08:28] [Server Engine] Connect : Index : 2 - IP : 127.0.0.1 - ServerType : 3
[16:08:28] [DataServer] GameServer(0)(1) connect
[16:08:28] [ExDB] GameServer with ServerCode[0] connected.
[16:08:58] [JoinServer] Add User (alurosu) (ServerCode:0) (ServerGroup:1) (Index:11900) (IP:192.168.0.103) (HWID:)
[16:08:58] [alurosu] - characters: [alurosu][][][][]
[16:08:58] [alurosu] - Account Data: [SU:1][RF:1][Expanded WH:0]
[16:09:00] [Friend List Request] Name[alurosu].
[16:09:00] [Friend List Send] Name[alurosu].
[16:09:00] [Friend List Send] Friend Count[0].
[16:09:00] [Mail List Request] Name[alurosu].
[16:09:00] [Mail List Send] Name: [alurosu].
[16:09:00] [Mail List Send] Mail Count: 0.
[16:09:00] [Gens System] [alurosu] Get Data from DB [I:0] [P:0] [C:0] [RANK:17694720]
[16:09:00] [Guild Member Info Request] Member [alurosu].
[16:09:00] [Send Guild Member Info] No info returned from DB.
[16:09:57] [JoinServer] GJReqMapSvrMove() -> ServerIndex = -1 ( cur:0 | dest: 14) Account:(alurosu)
[16:10:03] [JoinServer] GJReqMapSvrMove() -> ServerIndex = -1 ( cur:0 | dest: 14) Account:(alurosu)
[16:11:59] [JoinServer] Delete User (alurosu)
[16:12:54] [JoinServer] Add User (alurosu) (ServerCode:0) (ServerGroup:1) (Index:11901) (IP:192.168.0.103) (HWID:)
[16:12:54] [alurosu] - characters: [alurosu][][][][]
[16:12:54] [alurosu] - Account Data: [SU:1][RF:1][Expanded WH:0]
[16:12:56] [Friend List Request] Name[alurosu].
[16:12:56] [Friend List Send] Name[alurosu].
[16:12:56] [Friend List Send] Friend Count[0].
[16:12:56] [Mail List Request] Name[alurosu].
[16:12:56] [Mail List Send] Name: [alurosu].
[16:12:56] [Mail List Send] Mail Count: 0.
[16:12:56] [Gens System] [alurosu] Get Data from DB [I:0] [P:0] [C:0] [RANK:17694720]
[16:12:56] [Guild Member Info Request] Member [alurosu].
[16:12:56] [Send Guild Member Info] No info returned from DB.
[16:15:06] [Gens System] Request to Register: Name:alurosu Influence:1 -> RESULT: 0
[16:15:06] [Gens System] Add New User (DUPRIAN) (NAME:alurosu)
[16:15:06] [Gens System] Save Result: OK (Name:alurosu ContributePoint:10 GensClass:0)
[16:15:06] [Gens System] [alurosu] Get Data from DB [I:1] [P:10] [C:0] [RANK:0]
[16:15:51] [Server Engine] Connect : Index : 3 - IP : 127.0.0.1 - ServerType : 1
[16:15:51] [Server Engine] Connect : Index : 4 - IP : 127.0.0.1 - ServerType : 2
[16:15:51] [Server Engine] Connect : Index : 5 - IP : 127.0.0.1 - ServerType : 3
[16:15:51] [DataServer] GameServer(14)(1) connect
[16:15:51] [Join Server] GameServer connected Siege PORT : 56914 CODE : 14 VIP : 0 HWIDCount : 10
[16:15:51] [ExDB] GameServer with ServerCode[14] connected.
[16:15:56] [JoinServer] GJReqMapSvrMove -> fResult == SUCCESS, (alurosu)(alurosu) dest:(14) map(34)
[16:15:56] [Gens System] Save Result: OK (Name:alurosu ContributePoint:10 GensClass:0)
[16:16:02] [JoinServer] GJReqMapSvrAuth() -> User(alurosu) Character(alurosu) fResult(0)
[16:16:02] [Friend List Request] Name[alurosu].
[16:16:02] [Friend List Send] Name[alurosu].
[16:16:02] [Friend List Send] Friend Count[0].
[16:16:02] [Mail List Request] Name[alurosu].
[16:16:02] [Mail List Send] Name: [alurosu].
[16:16:02] [Mail List Send] Mail Count: 0.
[16:16:02] [Gens System] [alurosu] Get Data from DB [I:1] [P:10] [C:0] [RANK:0]
[16:16:02] [Guild Member Info Request] Member [alurosu].
[16:16:02] [Send Guild Member Info] No info returned from DB.
[16:16:41] [JoinServer] GJReqMapSvrMove -> fResult == SUCCESS, (alurosu)(alurosu) dest:(0) map(81)
[16:16:41] [Gens System] Save Result: OK (Name:alurosu ContributePoint:10 GensClass:0)
[16:16:46] [JoinServer] GJReqMapSvrAuth() -> User(alurosu) Character(alurosu) fResult(0)
[16:16:46] [Friend List Request] Name[alurosu].
[16:16:46] [Friend List Send] Name[alurosu].
[16:16:46] [Friend List Send] Friend Count[0].
[16:16:46] [Mail List Request] Name[alurosu].
[16:16:46] [Mail List Send] Name: [alurosu].
[16:16:46] [Mail List Send] Mail Count: 0.
[16:16:46] [Gens System] [alurosu] Get Data from DB [I:1] [P:10] [C:0] [RANK:0]
[16:16:46] [Guild Member Info Request] Member [alurosu].
[16:16:46] [Send Guild Member Info] No info returned from DB.
[16:17:20] [JoinServer] Delete User (alurosu)
[16:17:20] [Gens System] Save Result: OK (Name:alurosu ContributePoint:10 GensClass:0)
[16:17:25] Connection Closed, dwIoSize == 0 (Index:3)
[16:17:25] Connection Closed, dwIoSize == 0 (Index:5)
[16:17:25] Connection Closed, dwIoSize == 0 (Index:4)
[16:17:28] Connection Closed, dwIoSize == 0 (Index:0)
[16:17:28] Connection Closed, dwIoSize == 0 (Index:2)
[16:17:28] Connection Closed, dwIoSize == 0 (Index:1)
