[10:49:51] Initializing...
[10:49:51] DataServer(e) version: 9.5.1.20 Compiled at: Nov  4 2018 16:14:39
[10:49:51] ./IGC_AllowedIPList.xml File Loaded successfuly
[10:49:51] IP Address 192.168.0.103 valid, no resolving required
[10:49:51] [SUCCESS] - DATA SERVER CONNECT MSSQL SUCCESS (COUNT: 27)
[10:49:51] [DataServer] ItemCount: 0
[10:49:51] [SUCCESS] - JOIN SERVER CONNECT MSSQL SUCCESS
[10:49:51] [SUCCESS] - EXDATASERVER CONNECT MSSQL SUCCESS
[10:49:51] [MuOnlineDB] GuildData Loaded in 15 msec
[10:49:51] [SUCCESS] - FRIEND DB CONNECT MSSQL SUCCESS
[10:49:51] [Gens System] Initializing Gens...
[10:49:51] [Gens System] Current Month: 11
[10:49:51] [Gens System] Ranking Making [START]
[10:49:51] [Gens System] (D:0.00) VS (V:0.00)
[10:49:51] [Gens System] Ranking Making [END]
[10:49:51] Current Global Connections Limit (HWiD) per ServerGroup: 3
[10:49:51] [IOCP] Using normal functionality
[10:49:51] [IOCP] ST_JOINSERVER Start! PORT [ 56970 ]
[10:49:52] [IOCP] ST_DATASERVER Start! PORT [ 56960 ]
[10:49:52] [IOCP] ST_EXDATASERVER Start! PORT [ 56906 ]
[10:49:56] [Server Engine] Connect : Index : 0 - IP : 127.0.0.1 - ServerType : 1
[10:49:56] [Server Engine] Connect : Index : 1 - IP : 127.0.0.1 - ServerType : 2
[10:49:56] [Join Server] GameServer connected Regular PORT : 56900 CODE : 0 VIP : 0 HWIDCount : 100
[10:49:56] [Server Engine] Connect : Index : 2 - IP : 127.0.0.1 - ServerType : 3
[10:49:56] [DataServer] GameServer(0)(1) connect
[10:49:56] [ExDB] GameServer with ServerCode[0] connected.
[10:50:29] [JoinServer] Add User (alurosu) (ServerCode:0) (ServerGroup:1) (Index:11900) (IP:192.168.0.103) (HWID:)
[10:50:29] [alurosu] - no charactes
[10:50:29] [alurosu] - characters: [][][][][]
[10:50:29] [alurosu] - Account Data: [SU:1][RF:1][Expanded WH:0]
[10:50:38] [alurosu] created character -> [alurosu]
[10:50:41] [Friend List Request] Name[alurosu].
[10:50:41] [Friend List Send] Name[alurosu].
[10:50:41] [Friend List Send] Friend Count[0].
[10:50:41] [Mail List Request] Name[alurosu].
[10:50:41] [Mail List Send] Name: [alurosu].
[10:50:41] [Mail List Send] Mail Count: 0.
[10:50:41] [Guild Member Info Request] Member [alurosu].
[10:50:41] [Send Guild Member Info] No info returned from DB.
[10:51:38] [JoinServer] Delete User (alurosu)
[10:54:08] Connection Closed, dwIoSize == 0 (Index:1)
[10:54:08] Connection Closed, dwIoSize == 0 (Index:0)
[10:54:08] Connection Closed, dwIoSize == 0 (Index:2)
