[21:43:26] Initializing...
[21:43:26] DataServer(e) version: 9.5.1.20 Compiled at: Nov  4 2018 16:14:39
[21:43:26] ./IGC_AllowedIPList.xml File Loaded successfuly
[21:43:26] IP Address 192.168.0.103 valid, no resolving required
[21:43:26] [SUCCESS] - DATA SERVER CONNECT MSSQL SUCCESS (COUNT: 27)
[21:43:26] [DataServer] ItemCount: 12000
[21:43:26] [SUCCESS] - JOIN SERVER CONNECT MSSQL SUCCESS
[21:43:26] [SUCCESS] - EXDATASERVER CONNECT MSSQL SUCCESS
[21:43:26] [MuOnlineDB] GuildData Loaded in 16 msec
[21:43:26] [SUCCESS] - FRIEND DB CONNECT MSSQL SUCCESS
[21:43:26] [Gens System] Initializing Gens...
[21:43:26] [Gens System] Current Month: 11
[21:43:26] [Gens System] Ranking Making [START]
[21:43:26] [Gens System] RANKING (DUPRIAN): [NAME:alurosu] [CONTRIBUTION:10] [CLASS:14] [RANK:1]
[21:43:26] [Gens System] RANKING (DUPRIAN): [NAME:test] [CONTRIBUTION:10] [CLASS:14] [RANK:2]
[21:43:26] [Gens System] (D:0.00) VS (V:0.00)
[21:43:26] [Gens System] Ranking Making [END]
[21:43:26] Current Global Connections Limit (HWiD) per ServerGroup: 3
[21:43:26] [IOCP] Using normal functionality
[21:43:26] [IOCP] ST_JOINSERVER Start! PORT [ 56970 ]
[21:43:26] [IOCP] ST_DATASERVER Start! PORT [ 56960 ]
[21:43:26] [IOCP] ST_EXDATASERVER Start! PORT [ 56906 ]
[21:43:30] [Server Engine] Connect : Index : 0 - IP : 127.0.0.1 - ServerType : 1
[21:43:30] [Server Engine] Connect : Index : 1 - IP : 127.0.0.1 - ServerType : 2
[21:43:30] [Server Engine] Connect : Index : 2 - IP : 127.0.0.1 - ServerType : 3
[21:43:30] [DataServer] GameServer(0)(1) connect
[21:43:30] [Join Server] GameServer connected Regular PORT : 56900 CODE : 0 VIP : 0 HWIDCount : 100
[21:43:30] [ExDB] GameServer with ServerCode[0] connected.
[21:43:56] [JoinServer] Add User (alurosu) (ServerCode:0) (ServerGroup:1) (Index:11900) (IP:192.168.0.103) (HWID:)
[21:43:56] [alurosu] - characters: [alurosu][][][][]
[21:43:56] [alurosu] - Account Data: [SU:1][RF:1][Expanded WH:0]
[21:43:58] [Friend List Request] Name[alurosu].
[21:43:58] [Friend List Send] Name[alurosu].
[21:43:58] [Friend List Send] Friend Count[0].
[21:43:58] [Mail List Request] Name[alurosu].
[21:43:58] [Mail List Send] Name: [alurosu].
[21:43:58] [Mail List Send] Mail Count: 0.
[21:43:58] [Gens System] [alurosu] Get Data from DB [I:1] [P:10] [C:14] [RANK:1]
[21:43:58] [Guild Member Info Request] Member [alurosu].
[21:43:58] [Send Guild Member Info] No info returned from DB.
[21:48:22] [JoinServer] Delete User (alurosu)
[21:48:22] [Gens System] Save Result: OK (Name:alurosu ContributePoint:10 GensClass:14)
[21:48:25] Connection Closed, dwIoSize == 0 (Index:0)
[21:48:25] Connection Closed, dwIoSize == 0 (Index:2)
[21:48:25] Connection Closed, dwIoSize == 0 (Index:1)
[21:48:52] [Server Engine] Connect : Index : 0 - IP : 127.0.0.1 - ServerType : 1
[21:48:52] [Server Engine] Connect : Index : 1 - IP : 127.0.0.1 - ServerType : 2
[21:48:52] [Join Server] GameServer connected Regular PORT : 56900 CODE : 0 VIP : 0 HWIDCount : 100
[21:48:52] [Server Engine] Connect : Index : 2 - IP : 127.0.0.1 - ServerType : 3
[21:48:52] [DataServer] GameServer(0)(1) connect
[21:48:52] [ExDB] GameServer with ServerCode[0] connected.
[21:49:06] [JoinServer] Add User (alurosu) (ServerCode:0) (ServerGroup:1) (Index:11900) (IP:192.168.0.103) (HWID:)
[21:49:08] [alurosu] - characters: [alurosu][][][][]
[21:49:08] [alurosu] - Account Data: [SU:1][RF:1][Expanded WH:0]
[21:49:10] [Friend List Request] Name[alurosu].
[21:49:10] [Friend List Send] Name[alurosu].
[21:49:10] [Friend List Send] Friend Count[0].
[21:49:10] [Mail List Request] Name[alurosu].
[21:49:10] [Mail List Send] Name: [alurosu].
[21:49:10] [Mail List Send] Mail Count: 0.
[21:49:10] [Gens System] [alurosu] Get Data from DB [I:1] [P:10] [C:14] [RANK:1]
[21:49:10] [Guild Member Info Request] Member [alurosu].
[21:49:10] [Send Guild Member Info] No info returned from DB.
[21:59:05] [Gens System] Save Result: OK (Name:alurosu ContributePoint:10 GensClass:14)
[22:00:20] Message copy 354
[22:00:20] [JoinServer] Delete User (alurosu)
[22:00:20] [Gens System] Save Result: OK (Name:alurosu ContributePoint:10 GensClass:14)
[23:15:46] Connection Closed, dwIoSize == 0 (Index:0)
[23:15:46] Connection Closed, dwIoSize == 0 (Index:2)
[23:15:46] Connection Closed, dwIoSize == 0 (Index:1)
